# JRE version: OpenJDK Runtime Environment (8.0_212-b04) (build 1.8.0_212-1-ojdkbuild-b04)
# Java VM: OpenJDK 64-Bit Server VM (25.212-b04 mixed mode windows-amd64 compressed oops)
Heap:
 PSYoungGen      total 20992K, used 1854K [0x00000000feb00000, 0x0000000100000000, 0x0000000100000000)
  eden space 20480K, 9% used [0x00000000feb00000,0x00000000feccf940,0x00000000fff00000)
  from space 512K, 0% used [0x00000000fff80000,0x00000000fff80000,0x0000000100000000)
  to   space 512K, 0% used [0x00000000fff00000,0x00000000fff00000,0x00000000fff80000)
 ParOldGen       total 44032K, used 2233K [0x00000000fc000000, 0x00000000feb00000, 0x00000000feb00000)
  object space 44032K, 5% used [0x00000000fc000000,0x00000000fc22e658,0x00000000feb00000)
 Metaspace       used 12259K, capacity 12568K, committed 12928K, reserved 1067008K
  class space    used 1489K, capacity 1596K, committed 1664K, reserved 1048576K
GC Heap History (250 events):
Event: 2676074.511 GC heap before
{Heap before GC invocations=1621 (full 0):
 PSYoungGen      total 20992K, used 20512K [0x00000000feb00000, 0x0000000100000000, 0x0000000100000000)
  eden space 20480K, 100% used [0x00000000feb00000,0x00000000fff00000,0x00000000fff00000)
  from space 512K, 6% used [0x00000000fff80000,0x00000000fff88000,0x0000000100000000)
  to   space 512K, 0% used [0x00000000fff00000,0x00000000fff00000,0x00000000fff80000)
 ParOldGen       total 44032K, used 5079K [0x00000000fc000000, 0x00000000feb00000, 0x00000000feb00000)
  object space 44032K, 11% used [0x00000000fc000000,0x00000000fc4f5e58,0x00000000feb00000)
 Metaspace       used 11960K, capacity 12300K, committed 12416K, reserved 1060864K
  class space    used 1455K, capacity 1572K, committed 1664K, reserved 1048576K
Event: 2676074.513 GC heap after
Heap after GC invocations=1621 (full 0):
 PSYoungGen      total 20992K, used 64K [0x00000000feb00000, 0x0000000100000000, 0x0000000100000000)
  eden space 20480K, 0% used [0x00000000feb00000,0x00000000feb00000,0x00000000fff00000)
  from space 512K, 12% used [0x00000000fff00000,0x00000000fff10000,0x00000000fff80000)
  to   space 512K, 0% used [0x00000000fff80000,0x00000000fff80000,0x0000000100000000)
 ParOldGen       total 44032K, used 5079K [0x00000000fc000000, 0x00000000feb00000, 0x00000000feb00000)
  object space 44032K, 11% used [0x00000000fc000000,0x00000000fc4f5e58,0x00000000feb00000)
 Metaspace       used 11960K, capacity 12300K, committed 12416K, reserved 1060864K
  class space    used 1455K, capacity 1572K, committed 1664K, reserved 1048576K
}
Event: 2677739.910 GC heap before
{Heap before GC invocations=1622 (full 0):
 PSYoungGen      total 20992K, used 20544K [0x00000000feb00000, 0x0000000100000000, 0x0000000100000000)
  eden space 20480K, 100% used [0x00000000feb00000,0x00000000fff00000,0x00000000fff00000)
  from space 512K, 12% used [0x00000000fff00000,0x00000000fff10000,0x00000000fff80000)
  to   space 512K, 0% used [0x00000000fff80000,0x00000000fff80000,0x0000000100000000)
 ParOldGen       total 44032K, used 5079K [0x00000000fc000000, 0x00000000feb00000, 0x00000000feb00000)
  object space 44032K, 11% used [0x00000000fc000000,0x00000000fc4f5e58,0x00000000feb00000)
 Metaspace       used 11960K, capacity 12300K, committed 12416K, reserved 1060864K
  class space    used 1455K, capacity 1572K, committed 1664K, reserved 1048576K
Event: 2677739.911 GC heap after
Heap after GC invocations=1622 (full 0):
 PSYoungGen      total 20992K, used 64K [0x00000000feb00000, 0x0000000100000000, 0x0000000100000000)
  eden space 20480K, 0% used [0x00000000feb00000,0x00000000feb00000,0x00000000fff00000)
  from space 512K, 12% used [0x00000000fff80000,0x00000000fff90000,0x0000000100000000)
  to   space 512K, 0% used [0x00000000fff00000,0x00000000fff00000,0x00000000fff80000)
 ParOldGen       total 44032K, used 5079K [0x00000000fc000000, 0x00000000feb00000, 0x00000000feb00000)
  object space 44032K, 11% used [0x00000000fc000000,0x00000000fc4f5e58,0x00000000feb00000)
 Metaspace       used 11960K, capacity 12300K, committed 12416K, reserved 1060864K
  class space    used 1455K, capacity 1572K, committed 1664K, reserved 1048576K
}
Event: 2679405.410 GC heap before
{Heap before GC invocations=1623 (full 0):
 PSYoungGen      total 20992K, used 20544K [0x00000000feb00000, 0x0000000100000000, 0x0000000100000000)
  eden space 20480K, 100% used [0x00000000feb00000,0x00000000fff00000,0x00000000fff00000)
  from space 512K, 12% used [0x00000000fff80000,0x00000000fff90000,0x0000000100000000)
  to   space 512K, 0% used [0x00000000fff00000,0x00000000fff00000,0x00000000fff80000)
 ParOldGen       total 44032K, used 5079K [0x00000000fc000000, 0x00000000feb00000, 0x00000000feb00000)
  object space 44032K, 11% used [0x00000000fc000000,0x00000000fc4f5e58,0x00000000feb00000)
 Metaspace       used 11960K, capacity 12300K, committed 12416K, reserved 1060864K
  class space    used 1455K, capacity 1572K, committed 1664K, reserved 1048576K
Event: 2679405.412 GC heap after
Heap after GC invocations=1623 (full 0):
 PSYoungGen      total 20992K, used 64K [0x00000000feb00000, 0x0000000100000000, 0x0000000100000000)
  eden space 20480K, 0% used [0x00000000feb00000,0x00000000feb00000,0x00000000fff00000)
  from space 512K, 12% used [0x00000000fff00000,0x00000000fff10000,0x00000000fff80000)
  to   space 512K, 0% used [0x00000000fff80000,0x00000000fff80000,0x0000000100000000)
 ParOldGen       total 44032K, used 5079K [0x00000000fc000000, 0x00000000feb00000, 0x00000000feb00000)
  object space 44032K, 11% used [0x00000000fc000000,0x00000000fc4f5e58,0x00000000feb00000)
 Metaspace       used 11960K, capacity 12300K, committed 12416K, reserved 1060864K
  class space    used 1455K, capacity 1572K, committed 1664K, reserved 1048576K
}
Event: 2681070.610 GC heap before
{Heap before GC invocations=1624 (full 0):
 PSYoungGen      total 20992K, used 20544K [0x00000000feb00000, 0x0000000100000000, 0x0000000100000000)
  eden space 20480K, 100% used [0x00000000feb00000,0x00000000fff00000,0x00000000fff00000)
  from space 512K, 12% used [0x00000000fff00000,0x00000000fff10000,0x00000000fff80000)
  to   space 512K, 0% used [0x00000000fff80000,0x00000000fff80000,0x0000000100000000)
 ParOldGen       total 44032K, used 5079K [0x00000000fc000000, 0x00000000feb00000, 0x00000000feb00000)
  object space 44032K, 11% used [0x00000000fc000000,0x00000000fc4f5e58,0x00000000feb00000)
 Metaspace       used 11960K, capacity 12300K, committed 12416K, reserved 1060864K
  class space    used 1455K, capacity 1572K, committed 1664K, reserved 1048576K
Event: 2681070.611 GC heap after
Heap after GC invocations=1624 (full 0):
 PSYoungGen      total 20992K, used 64K [0x00000000feb00000, 0x0000000100000000, 0x0000000100000000)
  eden space 20480K, 0% used [0x00000000feb00000,0x00000000feb00000,0x00000000fff00000)
  from space 512K, 12% used [0x00000000fff80000,0x00000000fff90000,0x0000000100000000)
  to   space 512K, 0% used [0x00000000fff00000,0x00000000fff00000,0x00000000fff80000)
 ParOldGen       total 44032K, used 5079K [0x00000000fc000000, 0x00000000feb00000, 0x00000000feb00000)
  object space 44032K, 11% used [0x00000000fc000000,0x00000000fc4f5e58,0x00000000feb00000)
 Metaspace       used 11960K, capacity 12300K, committed 12416K, reserved 1060864K
  class space    used 1455K, capacity 1572K, committed 1664K, reserved 1048576K
}
Event: 2682736.212 GC heap before
{Heap before GC invocations=1625 (full 0):
 PSYoungGen      total 20992K, used 20544K [0x00000000feb00000, 0x0000000100000000, 0x0000000100000000)
  eden space 20480K, 100% used [0x00000000feb00000,0x00000000fff00000,0x00000000fff00000)
  from space 512K, 12% used [0x00000000fff80000,0x00000000fff90000,0x0000000100000000)
  to   space 512K, 0% used [0x00000000fff00000,0x00000000fff00000,0x00000000fff80000)
 ParOldGen       total 44032K, used 5079K [0x00000000fc000000, 0x00000000feb00000, 0x00000000feb00000)
  object space 44032K, 11% used [0x00000000fc000000,0x00000000fc4f5e58,0x00000000feb00000)
 Metaspace       used 11960K, capacity 12300K, committed 12416K, reserved 1060864K
  class space    used 1455K, capacity 1572K, committed 1664K, reserved 1048576K
Event: 2682736.213 GC heap after
Heap after GC invocations=1625 (full 0):
 PSYoungGen      total 20992K, used 32K [0x00000000feb00000, 0x0000000100000000, 0x0000000100000000)
  eden space 20480K, 0% used [0x00000000feb00000,0x00000000feb00000,0x00000000fff00000)
  from space 512K, 6% used [0x00000000fff00000,0x00000000fff08000,0x00000000fff80000)
  to   space 512K, 0% used [0x00000000fff80000,0x00000000fff80000,0x0000000100000000)
 ParOldGen       total 44032K, used 5079K [0x00000000fc000000, 0x00000000feb00000, 0x00000000feb00000)
  object space 44032K, 11% used [0x00000000fc000000,0x00000000fc4f5e58,0x00000000feb00000)
 Metaspace       used 11960K, capacity 12300K, committed 12416K, reserved 1060864K
  class space    used 1455K, capacity 1572K, committed 1664K, reserved 1048576K
}
Event: 2684401.411 GC heap before
{Heap before GC invocations=1626 (full 0):
 PSYoungGen      total 20992K, used 20512K [0x00000000feb00000, 0x0000000100000000, 0x0000000100000000)
  eden space 20480K, 100% used [0x00000000feb00000,0x00000000fff00000,0x00000000fff00000)
  from space 512K, 6% used [0x00000000fff00000,0x00000000fff08000,0x00000000fff80000)
  to   space 512K, 0% used [0x00000000fff80000,0x00000000fff80000,0x0000000100000000)
 ParOldGen       total 44032K, used 5079K [0x00000000fc000000, 0x00000000feb00000, 0x00000000feb00000)
  object space 44032K, 11% used [0x00000000fc000000,0x00000000fc4f5e58,0x00000000feb00000)
 Metaspace       used 11960K, capacity 12300K, committed 12416K, reserved 1060864K
  class space    used 1455K, capacity 1572K, committed 1664K, reserved 1048576K
Event: 2684401.414 GC heap after
Heap after GC invocations=1626 (full 0):
 PSYoungGen      total 20992K, used 64K [0x00000000feb00000, 0x0000000100000000, 0x0000000100000000)
  eden space 20480K, 0% used [0x00000000feb00000,0x00000000feb00000,0x00000000fff00000)
  from space 512K, 12% used [0x00000000fff80000,0x00000000fff90000,0x0000000100000000)
  to   space 512K, 0% used [0x00000000fff00000,0x00000000fff00000,0x00000000fff80000)
 ParOldGen       total 44032K, used 5079K [0x00000000fc000000, 0x00000000feb00000, 0x00000000feb00000)
  object space 44032K, 11% used [0x00000000fc000000,0x00000000fc4f5e58,0x00000000feb00000)
 Metaspace       used 11960K, capacity 12300K, committed 12416K, reserved 1060864K
  class space    used 1455K, capacity 1572K, committed 1664K, reserved 1048576K
}
Event: 2686066.910 GC heap before
{Heap before GC invocations=1627 (full 0):
 PSYoungGen      total 20992K, used 20544K [0x00000000feb00000, 0x0000000100000000, 0x0000000100000000)
  eden space 20480K, 100% used [0x00000000feb00000,0x00000000fff00000,0x00000000fff00000)
  from space 512K, 12% used [0x00000000fff80000,0x00000000fff90000,0x0000000100000000)
  to   space 512K, 0% used [0x00000000fff00000,0x00000000fff00000,0x00000000fff80000)
 ParOldGen       total 44032K, used 5079K [0x00000000fc000000, 0x00000000feb00000, 0x00000000feb00000)
  object space 44032K, 11% used [0x00000000fc000000,0x00000000fc4f5e58,0x00000000feb00000)
 Metaspace       used 11960K, capacity 12300K, committed 12416K, reserved 1060864K
  class space    used 1455K, capacity 1572K, committed 1664K, reserved 1048576K
Event: 2686066.911 GC heap after
Heap after GC invocations=1627 (full 0):
 PSYoungGen      total 20992K, used 32K [0x00000000feb00000, 0x0000000100000000, 0x0000000100000000)
  eden space 20480K, 0% used [0x00000000feb00000,0x00000000feb00000,0x00000000fff00000)
  from space 512K, 6% used [0x00000000fff00000,0x00000000fff08000,0x00000000fff80000)
  to   space 512K, 0% used [0x00000000fff80000,0x00000000fff80000,0x0000000100000000)
 ParOldGen       total 44032K, used 5079K [0x00000000fc000000, 0x00000000feb00000, 0x00000000feb00000)
  object space 44032K, 11% used [0x00000000fc000000,0x00000000fc4f5e58,0x00000000feb00000)
 Metaspace       used 11960K, capacity 12300K, committed 12416K, reserved 1060864K
  class space    used 1455K, capacity 1572K, committed 1664K, reserved 1048576K
}
Event: 2687732.310 GC heap before
{Heap before GC invocations=1628 (full 0):
 PSYoungGen      total 20992K, used 20512K [0x00000000feb00000, 0x0000000100000000, 0x0000000100000000)
  eden space 20480K, 100% used [0x00000000feb00000,0x00000000fff00000,0x00000000fff00000)
  from space 512K, 6% used [0x00000000fff00000,0x00000000fff08000,0x00000000fff80000)
  to   space 512K, 0% used [0x00000000fff80000,0x00000000fff80000,0x0000000100000000)
 ParOldGen       total 44032K, used 5079K [0x00000000fc000000, 0x00000000feb00000, 0x00000000feb00000)
  object space 44032K, 11% used [0x00000000fc000000,0x00000000fc4f5e58,0x00000000feb00000)
 Metaspace       used 11960K, capacity 12300K, committed 12416K, reserved 1060864K
  class space    used 1455K, capacity 1572K, committed 1664K, reserved 1048576K
Event: 2687732.312 GC heap after
Heap after GC invocations=1628 (full 0):
 PSYoungGen      total 20992K, used 64K [0x00000000feb00000, 0x0000000100000000, 0x0000000100000000)
  eden space 20480K, 0% used [0x00000000feb00000,0x00000000feb00000,0x00000000fff00000)
  from space 512K, 12% used [0x00000000fff80000,0x00000000fff90000,0x0000000100000000)
  to   space 512K, 0% used [0x00000000fff00000,0x00000000fff00000,0x00000000fff80000)
 ParOldGen       total 44032K, used 5079K [0x00000000fc000000, 0x00000000feb00000, 0x00000000feb00000)
  object space 44032K, 11% used [0x00000000fc000000,0x00000000fc4f5e58,0x00000000feb00000)
 Metaspace       used 11960K, capacity 12300K, committed 12416K, reserved 1060864K
  class space    used 1455K, capacity 1572K, committed 1664K, reserved 1048576K
}
Event: 2689397.511 GC heap before
{Heap before GC invocations=1629 (full 0):
 PSYoungGen      total 20992K, used 20544K [0x00000000feb00000, 0x0000000100000000, 0x0000000100000000)
  eden space 20480K, 100% used [0x00000000feb00000,0x00000000fff00000,0x00000000fff00000)
  from space 512K, 12% used [0x00000000fff80000,0x00000000fff90000,0x0000000100000000)
  to   space 512K, 0% used [0x00000000fff00000,0x00000000fff00000,0x00000000fff80000)
 ParOldGen       total 44032K, used 5079K [0x00000000fc000000, 0x00000000feb00000, 0x00000000feb00000)
  object space 44032K, 11% used [0x00000000fc000000,0x00000000fc4f5e58,0x00000000feb00000)
 Metaspace       used 11960K, capacity 12300K, committed 12416K, reserved 1060864K
  class space    used 1455K, capacity 1572K, committed 1664K, reserved 1048576K
Event: 2689397.512 GC heap after
Heap after GC invocations=1629 (full 0):
 PSYoungGen      total 20992K, used 64K [0x00000000feb00000, 0x0000000100000000, 0x0000000100000000)
  eden space 20480K, 0% used [0x00000000feb00000,0x00000000feb00000,0x00000000fff00000)
  from space 512K, 12% used [0x00000000fff00000,0x00000000fff10000,0x00000000fff80000)
  to   space 512K, 0% used [0x00000000fff80000,0x00000000fff80000,0x0000000100000000)
 ParOldGen       total 44032K, used 5079K [0x00000000fc000000, 0x00000000feb00000, 0x00000000feb00000)
  object space 44032K, 11% used [0x00000000fc000000,0x00000000fc4f5e58,0x00000000feb00000)
 Metaspace       used 11960K, capacity 12300K, committed 12416K, reserved 1060864K
  class space    used 1455K, capacity 1572K, committed 1664K, reserved 1048576K
}
Event: 2691063.011 GC heap before
{Heap before GC invocations=1630 (full 0):
 PSYoungGen      total 20992K, used 20544K [0x00000000feb00000, 0x0000000100000000, 0x0000000100000000)
  eden space 20480K, 100% used [0x00000000feb00000,0x00000000fff00000,0x00000000fff00000)
  from space 512K, 12% used [0x00000000fff00000,0x00000000fff10000,0x00000000fff80000)
  to   space 512K, 0% used [0x00000000fff80000,0x00000000fff80000,0x0000000100000000)
 ParOldGen       total 44032K, used 5079K [0x00000000fc000000, 0x00000000feb00000, 0x00000000feb00000)
  object space 44032K, 11% used [0x00000000fc000000,0x00000000fc4f5e58,0x00000000feb00000)
 Metaspace       used 11960K, capacity 12300K, committed 12416K, reserved 1060864K
  class space    used 1455K, capacity 1572K, committed 1664K, reserved 1048576K
Event: 2691063.012 GC heap after
Heap after GC invocations=1630 (full 0):
 PSYoungGen      total 20992K, used 64K [0x00000000feb00000, 0x0000000100000000, 0x0000000100000000)
  eden space 20480K, 0% used [0x00000000feb00000,0x00000000feb00000,0x00000000fff00000)
  from space 512K, 12% used [0x00000000fff80000,0x00000000fff90000,0x0000000100000000)
  to   space 512K, 0% used [0x00000000fff00000,0x00000000fff00000,0x00000000fff80000)
 ParOldGen       total 44032K, used 5079K [0x00000000fc000000, 0x00000000feb00000, 0x00000000feb00000)
  object space 44032K, 11% used [0x00000000fc000000,0x00000000fc4f5e58,0x00000000feb00000)
 Metaspace       used 11960K, capacity 12300K, committed 12416K, reserved 1060864K
  class space    used 1455K, capacity 1572K, committed 1664K, reserved 1048576K
}
Event: 2692728.311 GC heap before
{Heap before GC invocations=1631 (full 0):
 PSYoungGen      total 20992K, used 20544K [0x00000000feb00000, 0x0000000100000000, 0x0000000100000000)
  eden space 20480K, 100% used [0x00000000feb00000,0x00000000fff00000,0x00000000fff00000)
  from space 512K, 12% used [0x00000000fff80000,0x00000000fff90000,0x0000000100000000)
  to   space 512K, 0% used [0x00000000fff00000,0x00000000fff00000,0x00000000fff80000)
 ParOldGen       total 44032K, used 5079K [0x00000000fc000000, 0x00000000feb00000, 0x00000000feb00000)
  object space 44032K, 11% used [0x00000000fc000000,0x00000000fc4f5e58,0x00000000feb00000)
 Metaspace       used 11960K, capacity 12300K, committed 12416K, reserved 1060864K
  class space    used 1455K, capacity 1572K, committed 1664K, reserved 1048576K
Event: 2692728.312 GC heap after
Heap after GC invocations=1631 (full 0):
 PSYoungGen      total 20992K, used 64K [0x00000000feb00000, 0x0000000100000000, 0x0000000100000000)
  eden space 20480K, 0% used [0x00000000feb00000,0x00000000feb00000,0x00000000fff00000)
  from space 512K, 12% used [0x00000000fff00000,0x00000000fff10000,0x00000000fff80000)
  to   space 512K, 0% used [0x00000000fff80000,0x00000000fff80000,0x0000000100000000)
 ParOldGen       total 44032K, used 5079K [0x00000000fc000000, 0x00000000feb00000, 0x00000000feb00000)
  object space 44032K, 11% used [0x00000000fc000000,0x00000000fc4f5e58,0x00000000feb00000)
 Metaspace       used 11960K, capacity 12300K, committed 12416K, reserved 1060864K
  class space    used 1455K, capacity 1572K, committed 1664K, reserved 1048576K
}
Event: 2694393.710 GC heap before
{Heap before GC invocations=1632 (full 0):
 PSYoungGen      total 20992K, used 20544K [0x00000000feb00000, 0x0000000100000000, 0x0000000100000000)
  eden space 20480K, 100% used [0x00000000feb00000,0x00000000fff00000,0x00000000fff00000)
  from space 512K, 12% used [0x00000000fff00000,0x00000000fff10000,0x00000000fff80000)
  to   space 512K, 0% used [0x00000000fff80000,0x00000000fff80000,0x0000000100000000)
 ParOldGen       total 44032K, used 5079K [0x00000000fc000000, 0x00000000feb00000, 0x00000000feb00000)
  object space 44032K, 11% used [0x00000000fc000000,0x00000000fc4f5e58,0x00000000feb00000)
 Metaspace       used 11960K, capacity 12300K, committed 12416K, reserved 1060864K
  class space    used 1455K, capacity 1572K, committed 1664K, reserved 1048576K
Event: 2694393.711 GC heap after
Heap after GC invocations=1632 (full 0):
 PSYoungGen      total 20992K, used 64K [0x00000000feb00000, 0x0000000100000000, 0x0000000100000000)
  eden space 20480K, 0% used [0x00000000feb00000,0x00000000feb00000,0x00000000fff00000)
  from space 512K, 12% used [0x00000000fff80000,0x00000000fff90000,0x0000000100000000)
  to   space 512K, 0% used [0x00000000fff00000,0x00000000fff00000,0x00000000fff80000)
 ParOldGen       total 44032K, used 5079K [0x00000000fc000000, 0x00000000feb00000, 0x00000000feb00000)
  object space 44032K, 11% used [0x00000000fc000000,0x00000000fc4f5e58,0x00000000feb00000)
 Metaspace       used 11960K, capacity 12300K, committed 12416K, reserved 1060864K
  class space    used 1455K, capacity 1572K, committed 1664K, reserved 1048576K
}
Event: 2696059.110 GC heap before
{Heap before GC invocations=1633 (full 0):
 PSYoungGen      total 20992K, used 20544K [0x00000000feb00000, 0x0000000100000000, 0x0000000100000000)
  eden space 20480K, 100% used [0x00000000feb00000,0x00000000fff00000,0x00000000fff00000)
  from space 512K, 12% used [0x00000000fff80000,0x00000000fff90000,0x0000000100000000)
  to   space 512K, 0% used [0x00000000fff00000,0x00000000fff00000,0x00000000fff80000)
 ParOldGen       total 44032K, used 5079K [0x00000000fc000000, 0x00000000feb00000, 0x00000000feb00000)
  object space 44032K, 11% used [0x00000000fc000000,0x00000000fc4f5e58,0x00000000feb00000)
 Metaspace       used 11960K, capacity 12300K, committed 12416K, reserved 1060864K
  class space    used 1455K, capacity 1572K, committed 1664K, reserved 1048576K
Event: 2696059.111 GC heap after
Heap after GC invocations=1633 (full 0):
 PSYoungGen      total 20992K, used 64K [0x00000000feb00000, 0x0000000100000000, 0x0000000100000000)
  eden space 20480K, 0% used [0x00000000feb00000,0x00000000feb00000,0x00000000fff00000)
  from space 512K, 12% used [0x00000000fff00000,0x00000000fff10000,0x00000000fff80000)
  to   space 512K, 0% used [0x00000000fff80000,0x00000000fff80000,0x0000000100000000)
 ParOldGen       total 44032K, used 5079K [0x00000000fc000000, 0x00000000feb00000, 0x00000000feb00000)
  object space 44032K, 11% used [0x00000000fc000000,0x00000000fc4f5e58,0x00000000feb00000)
 Metaspace       used 11960K, capacity 12300K, committed 12416K, reserved 1060864K
  class space    used 1455K, capacity 1572K, committed 1664K, reserved 1048576K
}
Event: 2697724.410 GC heap before
{Heap before GC invocations=1634 (full 0):
 PSYoungGen      total 20992K, used 20544K [0x00000000feb00000, 0x0000000100000000, 0x0000000100000000)
  eden space 20480K, 100% used [0x00000000feb00000,0x00000000fff00000,0x00000000fff00000)
  from space 512K, 12% used [0x00000000fff00000,0x00000000fff10000,0x00000000fff80000)
  to   space 512K, 0% used [0x00000000fff80000,0x00000000fff80000,0x0000000100000000)
 ParOldGen       total 44032K, used 5079K [0x00000000fc000000, 0x00000000feb00000, 0x00000000feb00000)
  object space 44032K, 11% used [0x00000000fc000000,0x00000000fc4f5e58,0x00000000feb00000)
 Metaspace       used 11960K, capacity 12300K, committed 12416K, reserved 1060864K
  class space    used 1455K, capacity 1572K, committed 1664K, reserved 1048576K
Event: 2697724.411 GC heap after
Heap after GC invocations=1634 (full 0):
 PSYoungGen      total 20992K, used 32K [0x00000000feb00000, 0x0000000100000000, 0x0000000100000000)
  eden space 20480K, 0% used [0x00000000feb00000,0x00000000feb00000,0x00000000fff00000)
  from space 512K, 6% used [0x00000000fff80000,0x00000000fff88000,0x0000000100000000)
  to   space 512K, 0% used [0x00000000fff00000,0x00000000fff00000,0x00000000fff80000)
 ParOldGen       total 44032K, used 5079K [0x00000000fc000000, 0x00000000feb00000, 0x00000000feb00000)
  object space 44032K, 11% used [0x00000000fc000000,0x00000000fc4f5e58,0x00000000feb00000)
 Metaspace       used 11960K, capacity 12300K, committed 12416K, reserved 1060864K
  class space    used 1455K, capacity 1572K, committed 1664K, reserved 1048576K
}
Event: 2699389.811 GC heap before
{Heap before GC invocations=1635 (full 0):
 PSYoungGen      total 20992K, used 20512K [0x00000000feb00000, 0x0000000100000000, 0x0000000100000000)
  eden space 20480K, 100% used [0x00000000feb00000,0x00000000fff00000,0x00000000fff00000)
  from space 512K, 6% used [0x00000000fff80000,0x00000000fff88000,0x0000000100000000)
  to   space 512K, 0% used [0x00000000fff00000,0x00000000fff00000,0x00000000fff80000)
 ParOldGen       total 44032K, used 5079K [0x00000000fc000000, 0x00000000feb00000, 0x00000000feb00000)
  object space 44032K, 11% used [0x00000000fc000000,0x00000000fc4f5e58,0x00000000feb00000)
 Metaspace       used 11960K, capacity 12300K, committed 12416K, reserved 1060864K
  class space    used 1455K, capacity 1572K, committed 1664K, reserved 1048576K
Event: 2699389.812 GC heap after
Heap after GC invocations=1635 (full 0):
 PSYoungGen      total 20992K, used 64K [0x00000000feb00000, 0x0000000100000000, 0x0000000100000000)
  eden space 20480K, 0% used [0x00000000feb00000,0x00000000feb00000,0x00000000fff00000)
  from space 512K, 12% used [0x00000000fff00000,0x00000000fff10000,0x00000000fff80000)
  to   space 512K, 0% used [0x00000000fff80000,0x00000000fff80000,0x0000000100000000)
 ParOldGen       total 44032K, used 5079K [0x00000000fc000000, 0x00000000feb00000, 0x00000000feb00000)
  object space 44032K, 11% used [0x00000000fc000000,0x00000000fc4f5e58,0x00000000feb00000)
 Metaspace       used 11960K, capacity 12300K, committed 12416K, reserved 1060864K
  class space    used 1455K, capacity 1572K, committed 1664K, reserved 1048576K
}
Event: 2701055.411 GC heap before
{Heap before GC invocations=1636 (full 0):
 PSYoungGen      total 20992K, used 20544K [0x00000000feb00000, 0x0000000100000000, 0x0000000100000000)
  eden space 20480K, 100% used [0x00000000feb00000,0x00000000fff00000,0x00000000fff00000)
  from space 512K, 12% used [0x00000000fff00000,0x00000000fff10000,0x00000000fff80000)
  to   space 512K, 0% used [0x00000000fff80000,0x00000000fff80000,0x0000000100000000)
 ParOldGen       total 44032K, used 5079K [0x00000000fc000000, 0x00000000feb00000, 0x00000000feb00000)
  object space 44032K, 11% used [0x00000000fc000000,0x00000000fc4f5e58,0x00000000feb00000)
 Metaspace       used 11960K, capacity 12300K, committed 12416K, reserved 1060864K
  class space    used 1455K, capacity 1572K, committed 1664K, reserved 1048576K
Event: 2701055.418 GC heap after
Heap after GC invocations=1636 (full 0):
 PSYoungGen      total 20992K, used 64K [0x00000000feb00000, 0x0000000100000000, 0x0000000100000000)
  eden space 20480K, 0% used [0x00000000feb00000,0x00000000feb00000,0x00000000fff00000)
  from space 512K, 12% used [0x00000000fff80000,0x00000000fff90000,0x0000000100000000)
  to   space 512K, 0% used [0x00000000fff00000,0x00000000fff00000,0x00000000fff80000)
 ParOldGen       total 44032K, used 5079K [0x00000000fc000000, 0x00000000feb00000, 0x00000000feb00000)
  object space 44032K, 11% used [0x00000000fc000000,0x00000000fc4f5e58,0x00000000feb00000)
 Metaspace       used 11960K, capacity 12300K, committed 12416K, reserved 1060864K
  class space    used 1455K, capacity 1572K, committed 1664K, reserved 1048576K
}
Event: 2702720.512 GC heap before
{Heap before GC invocations=1637 (full 0):
 PSYoungGen      total 20992K, used 20544K [0x00000000feb00000, 0x0000000100000000, 0x0000000100000000)
  eden space 20480K, 100% used [0x00000000feb00000,0x00000000fff00000,0x00000000fff00000)
  from space 512K, 12% used [0x00000000fff80000,0x00000000fff90000,0x0000000100000000)
  to   space 512K, 0% used [0x00000000fff00000,0x00000000fff00000,0x00000000fff80000)
 ParOldGen       total 44032K, used 5079K [0x00000000fc000000, 0x00000000feb00000, 0x00000000feb00000)
  object space 44032K, 11% used [0x00000000fc000000,0x00000000fc4f5e58,0x00000000feb00000)
 Metaspace       used 11960K, capacity 12300K, committed 12416K, reserved 1060864K
  class space    used 1455K, capacity 1572K, committed 1664K, reserved 1048576K
Event: 2702720.513 GC heap after
Heap after GC invocations=1637 (full 0):
 PSYoungGen      total 20992K, used 64K [0x00000000feb00000, 0x0000000100000000, 0x0000000100000000)
  eden space 20480K, 0% used [0x00000000feb00000,0x00000000feb00000,0x00000000fff00000)
  from space 512K, 12% used [0x00000000fff00000,0x00000000fff10000,0x00000000fff80000)
  to   space 512K, 0% used [0x00000000fff80000,0x00000000fff80000,0x0000000100000000)
 ParOldGen       total 44032K, used 5079K [0x00000000fc000000, 0x00000000feb00000, 0x00000000feb00000)
  object space 44032K, 11% used [0x00000000fc000000,0x00000000fc4f5e58,0x00000000feb00000)
 Metaspace       used 11960K, capacity 12300K, committed 12416K, reserved 1060864K
  class space    used 1455K, capacity 1572K, committed 1664K, reserved 1048576K
}
Event: 2704386.112 GC heap before
{Heap before GC invocations=1638 (full 0):
 PSYoungGen      total 20992K, used 20544K [0x00000000feb00000, 0x0000000100000000, 0x0000000100000000)
  eden space 20480K, 100% used [0x00000000feb00000,0x00000000fff00000,0x00000000fff00000)
  from space 512K, 12% used [0x00000000fff00000,0x00000000fff10000,0x00000000fff80000)
  to   space 512K, 0% used [0x00000000fff80000,0x00000000fff80000,0x0000000100000000)
 ParOldGen       total 44032K, used 5079K [0x00000000fc000000, 0x00000000feb00000, 0x00000000feb00000)
  object space 44032K, 11% used [0x00000000fc000000,0x00000000fc4f5e58,0x00000000feb00000)
 Metaspace       used 11960K, capacity 12300K, committed 12416K, reserved 1060864K
  class space    used 1455K, capacity 1572K, committed 1664K, reserved 1048576K
Event: 2704386.121 GC heap after
Heap after GC invocations=1638 (full 0):
 PSYoungGen      total 20992K, used 32K [0x00000000feb00000, 0x0000000100000000, 0x0000000100000000)
  eden space 20480K, 0% used [0x00000000feb00000,0x00000000feb00000,0x00000000fff00000)
  from space 512K, 6% used [0x00000000fff80000,0x00000000fff88000,0x0000000100000000)
  to   space 512K, 0% used [0x00000000fff00000,0x00000000fff00000,0x00000000fff80000)
 ParOldGen       total 44032K, used 5079K [0x00000000fc000000, 0x00000000feb00000, 0x00000000feb00000)
  object space 44032K, 11% used [0x00000000fc000000,0x00000000fc4f5e58,0x00000000feb00000)
 Metaspace       used 11960K, capacity 12300K, committed 12416K, reserved 1060864K
  class space    used 1455K, capacity 1572K, committed 1664K, reserved 1048576K
}
Event: 2706051.410 GC heap before
{Heap before GC invocations=1639 (full 0):
 PSYoungGen      total 20992K, used 20512K [0x00000000feb00000, 0x0000000100000000, 0x0000000100000000)
  eden space 20480K, 100% used [0x00000000feb00000,0x00000000fff00000,0x00000000fff00000)
  from space 512K, 6% used [0x00000000fff80000,0x00000000fff88000,0x0000000100000000)
  to   space 512K, 0% used [0x00000000fff00000,0x00000000fff00000,0x00000000fff80000)
 ParOldGen       total 44032K, used 5079K [0x00000000fc000000, 0x00000000feb00000, 0x00000000feb00000)
  object space 44032K, 11% used [0x00000000fc000000,0x00000000fc4f5e58,0x00000000feb00000)
 Metaspace       used 11960K, capacity 12300K, committed 12416K, reserved 1060864K
  class space    used 1455K, capacity 1572K, committed 1664K, reserved 1048576K
Event: 2706051.411 GC heap after
Heap after GC invocations=1639 (full 0):
 PSYoungGen      total 20992K, used 64K [0x00000000feb00000, 0x0000000100000000, 0x0000000100000000)
  eden space 20480K, 0% used [0x00000000feb00000,0x00000000feb00000,0x00000000fff00000)
  from space 512K, 12% used [0x00000000fff00000,0x00000000fff10000,0x00000000fff80000)
  to   space 512K, 0% used [0x00000000fff80000,0x00000000fff80000,0x0000000100000000)
 ParOldGen       total 44032K, used 5079K [0x00000000fc000000, 0x00000000feb00000, 0x00000000feb00000)
  object space 44032K, 11% used [0x00000000fc000000,0x00000000fc4f5e58,0x00000000feb00000)
 Metaspace       used 11960K, capacity 12300K, committed 12416K, reserved 1060864K
  class space    used 1455K, capacity 1572K, committed 1664K, reserved 1048576K
}
Event: 2707716.813 GC heap before
{Heap before GC invocations=1640 (full 0):
 PSYoungGen      total 20992K, used 20544K [0x00000000feb00000, 0x0000000100000000, 0x0000000100000000)
  eden space 20480K, 100% used [0x00000000feb00000,0x00000000fff00000,0x00000000fff00000)
  from space 512K, 12% used [0x00000000fff00000,0x00000000fff10000,0x00000000fff80000)
  to   space 512K, 0% used [0x00000000fff80000,0x00000000fff80000,0x0000000100000000)
 ParOldGen       total 44032K, used 5079K [0x00000000fc000000, 0x00000000feb00000, 0x00000000feb00000)
  object space 44032K, 11% used [0x00000000fc000000,0x00000000fc4f5e58,0x00000000feb00000)
 Metaspace       used 11960K, capacity 12300K, committed 12416K, reserved 1060864K
  class space    used 1455K, capacity 1572K, committed 1664K, reserved 1048576K
Event: 2707716.814 GC heap after
Heap after GC invocations=1640 (full 0):
 PSYoungGen      total 20992K, used 64K [0x00000000feb00000, 0x0000000100000000, 0x0000000100000000)
  eden space 20480K, 0% used [0x00000000feb00000,0x00000000feb00000,0x00000000fff00000)
  from space 512K, 12% used [0x00000000fff80000,0x00000000fff90000,0x0000000100000000)
  to   space 512K, 0% used [0x00000000fff00000,0x00000000fff00000,0x00000000fff80000)
 ParOldGen       total 44032K, used 5079K [0x00000000fc000000, 0x00000000feb00000, 0x00000000feb00000)
  object space 44032K, 11% used [0x00000000fc000000,0x00000000fc4f5e58,0x00000000feb00000)
 Metaspace       used 11960K, capacity 12300K, committed 12416K, reserved 1060864K
  class space    used 1455K, capacity 1572K, committed 1664K, reserved 1048576K
}
Event: 2709382.210 GC heap before
{Heap before GC invocations=1641 (full 0):
 PSYoungGen      total 20992K, used 20544K [0x00000000feb00000, 0x0000000100000000, 0x0000000100000000)
  eden space 20480K, 100% used [0x00000000feb00000,0x00000000fff00000,0x00000000fff00000)
  from space 512K, 12% used [0x00000000fff80000,0x00000000fff90000,0x0000000100000000)
  to   space 512K, 0% used [0x00000000fff00000,0x00000000fff00000,0x00000000fff80000)
 ParOldGen       total 44032K, used 5079K [0x00000000fc000000, 0x00000000feb00000, 0x00000000feb00000)
  object space 44032K, 11% used [0x00000000fc000000,0x00000000fc4f5e58,0x00000000feb00000)
 Metaspace       used 11960K, capacity 12300K, committed 12416K, reserved 1060864K
  class space    used 1455K, capacity 1572K, committed 1664K, reserved 1048576K
Event: 2709382.211 GC heap after
Heap after GC invocations=1641 (full 0):
 PSYoungGen      total 20992K, used 64K [0x00000000feb00000, 0x0000000100000000, 0x0000000100000000)
  eden space 20480K, 0% used [0x00000000feb00000,0x00000000feb00000,0x00000000fff00000)
  from space 512K, 12% used [0x00000000fff00000,0x00000000fff10000,0x00000000fff80000)
  to   space 512K, 0% used [0x00000000fff80000,0x00000000fff80000,0x0000000100000000)
 ParOldGen       total 44032K, used 5079K [0x00000000fc000000, 0x00000000feb00000, 0x00000000feb00000)
  object space 44032K, 11% used [0x00000000fc000000,0x00000000fc4f5e58,0x00000000feb00000)
 Metaspace       used 11960K, capacity 12300K, committed 12416K, reserved 1060864K
  class space    used 1455K, capacity 1572K, committed 1664K, reserved 1048576K
}
Event: 2711047.411 GC heap before
{Heap before GC invocations=1642 (full 0):
 PSYoungGen      total 20992K, used 20544K [0x00000000feb00000, 0x0000000100000000, 0x0000000100000000)
  eden space 20480K, 100% used [0x00000000feb00000,0x00000000fff00000,0x00000000fff00000)
  from space 512K, 12% used [0x00000000fff00000,0x00000000fff10000,0x00000000fff80000)
  to   space 512K, 0% used [0x00000000fff80000,0x00000000fff80000,0x0000000100000000)
 ParOldGen       total 44032K, used 5079K [0x00000000fc000000, 0x00000000feb00000, 0x00000000feb00000)
  object space 44032K, 11% used [0x00000000fc000000,0x00000000fc4f5e58,0x00000000feb00000)
 Metaspace       used 11960K, capacity 12300K, committed 12416K, reserved 1060864K
  class space    used 1455K, capacity 1572K, committed 1664K, reserved 1048576K
Event: 2711047.413 GC heap after
Heap after GC invocations=1642 (full 0):
 PSYoungGen      total 20992K, used 64K [0x00000000feb00000, 0x0000000100000000, 0x0000000100000000)
  eden space 20480K, 0% used [0x00000000feb00000,0x00000000feb00000,0x00000000fff00000)
  from space 512K, 12% used [0x00000000fff80000,0x00000000fff90000,0x0000000100000000)
  to   space 512K, 0% used [0x00000000fff00000,0x00000000fff00000,0x00000000fff80000)
 ParOldGen       total 44032K, used 5079K [0x00000000fc000000, 0x00000000feb00000, 0x00000000feb00000)
  object space 44032K, 11% used [0x00000000fc000000,0x00000000fc4f5e58,0x00000000feb00000)
 Metaspace       used 11960K, capacity 12300K, committed 12416K, reserved 1060864K
  class space    used 1455K, capacity 1572K, committed 1664K, reserved 1048576K
}
Event: 2712712.910 GC heap before
{Heap before GC invocations=1643 (full 0):
 PSYoungGen      total 20992K, used 20544K [0x00000000feb00000, 0x0000000100000000, 0x0000000100000000)
  eden space 20480K, 100% used [0x00000000feb00000,0x00000000fff00000,0x00000000fff00000)
  from space 512K, 12% used [0x00000000fff80000,0x00000000fff90000,0x0000000100000000)
  to   space 512K, 0% used [0x00000000fff00000,0x00000000fff00000,0x00000000fff80000)
 ParOldGen       total 44032K, used 5079K [0x00000000fc000000, 0x00000000feb00000, 0x00000000feb00000)
  object space 44032K, 11% used [0x00000000fc000000,0x00000000fc4f5e58,0x00000000feb00000)
 Metaspace       used 11960K, capacity 12300K, committed 12416K, reserved 1060864K
  class space    used 1455K, capacity 1572K, committed 1664K, reserved 1048576K
Event: 2712712.912 GC heap after
Heap after GC invocations=1643 (full 0):
 PSYoungGen      total 20992K, used 32K [0x00000000feb00000, 0x0000000100000000, 0x0000000100000000)
  eden space 20480K, 0% used [0x00000000feb00000,0x00000000feb00000,0x00000000fff00000)
  from space 512K, 6% used [0x00000000fff00000,0x00000000fff08000,0x00000000fff80000)
  to   space 512K, 0% used [0x00000000fff80000,0x00000000fff80000,0x0000000100000000)
 ParOldGen       total 44032K, used 5079K [0x00000000fc000000, 0x00000000feb00000, 0x00000000feb00000)
  object space 44032K, 11% used [0x00000000fc000000,0x00000000fc4f5e58,0x00000000feb00000)
 Metaspace       used 11960K, capacity 12300K, committed 12416K, reserved 1060864K
  class space    used 1455K, capacity 1572K, committed 1664K, reserved 1048576K
}
Event: 2714378.210 GC heap before
{Heap before GC invocations=1644 (full 0):
 PSYoungGen      total 20992K, used 20512K [0x00000000feb00000, 0x0000000100000000, 0x0000000100000000)
  eden space 20480K, 100% used [0x00000000feb00000,0x00000000fff00000,0x00000000fff00000)
  from space 512K, 6% used [0x00000000fff00000,0x00000000fff08000,0x00000000fff80000)
  to   space 512K, 0% used [0x00000000fff80000,0x00000000fff80000,0x0000000100000000)
 ParOldGen       total 44032K, used 5079K [0x00000000fc000000, 0x00000000feb00000, 0x00000000feb00000)
  object space 44032K, 11% used [0x00000000fc000000,0x00000000fc4f5e58,0x00000000feb00000)
 Metaspace       used 11960K, capacity 12300K, committed 12416K, reserved 1060864K
  class space    used 1455K, capacity 1572K, committed 1664K, reserved 1048576K
Event: 2714378.212 GC heap after
Heap after GC invocations=1644 (full 0):
 PSYoungGen      total 20992K, used 32K [0x00000000feb00000, 0x0000000100000000, 0x0000000100000000)
  eden space 20480K, 0% used [0x00000000feb00000,0x00000000feb00000,0x00000000fff00000)
  from space 512K, 6% used [0x00000000fff80000,0x00000000fff88000,0x0000000100000000)
  to   space 512K, 0% used [0x00000000fff00000,0x00000000fff00000,0x00000000fff80000)
 ParOldGen       total 44032K, used 5079K [0x00000000fc000000, 0x00000000feb00000, 0x00000000feb00000)
  object space 44032K, 11% used [0x00000000fc000000,0x00000000fc4f5e58,0x00000000feb00000)
 Metaspace       used 11960K, capacity 12300K, committed 12416K, reserved 1060864K
  class space    used 1455K, capacity 1572K, committed 1664K, reserved 1048576K
}
Event: 2716043.610 GC heap before
{Heap before GC invocations=1645 (full 0):
 PSYoungGen      total 20992K, used 20512K [0x00000000feb00000, 0x0000000100000000, 0x0000000100000000)
  eden space 20480K, 100% used [0x00000000feb00000,0x00000000fff00000,0x00000000fff00000)
  from space 512K, 6% used [0x00000000fff80000,0x00000000fff88000,0x0000000100000000)
  to   space 512K, 0% used [0x00000000fff00000,0x00000000fff00000,0x00000000fff80000)
 ParOldGen       total 44032K, used 5079K [0x00000000fc000000, 0x00000000feb00000, 0x00000000feb00000)
  object space 44032K, 11% used [0x00000000fc000000,0x00000000fc4f5e58,0x00000000feb00000)
 Metaspace       used 11960K, capacity 12300K, committed 12416K, reserved 1060864K
  class space    used 1455K, capacity 1572K, committed 1664K, reserved 1048576K
Event: 2716043.611 GC heap after
Heap after GC invocations=1645 (full 0):
 PSYoungGen      total 20992K, used 64K [0x00000000feb00000, 0x0000000100000000, 0x0000000100000000)
  eden space 20480K, 0% used [0x00000000feb00000,0x00000000feb00000,0x00000000fff00000)
  from space 512K, 12% used [0x00000000fff00000,0x00000000fff10000,0x00000000fff80000)
  to   space 512K, 0% used [0x00000000fff80000,0x00000000fff80000,0x0000000100000000)
 ParOldGen       total 44032K, used 5079K [0x00000000fc000000, 0x00000000feb00000, 0x00000000feb00000)
  object space 44032K, 11% used [0x00000000fc000000,0x00000000fc4f5e58,0x00000000feb00000)
 Metaspace       used 11960K, capacity 12300K, committed 12416K, reserved 1060864K
  class space    used 1455K, capacity 1572K, committed 1664K, reserved 1048576K
}
Event: 2717709.011 GC heap before
{Heap before GC invocations=1646 (full 0):
 PSYoungGen      total 20992K, used 20544K [0x00000000feb00000, 0x0000000100000000, 0x0000000100000000)
  eden space 20480K, 100% used [0x00000000feb00000,0x00000000fff00000,0x00000000fff00000)
  from space 512K, 12% used [0x00000000fff00000,0x00000000fff10000,0x00000000fff80000)
  to   space 512K, 0% used [0x00000000fff80000,0x00000000fff80000,0x0000000100000000)
 ParOldGen       total 44032K, used 5079K [0x00000000fc000000, 0x00000000feb00000, 0x00000000feb00000)
  object space 44032K, 11% used [0x00000000fc000000,0x00000000fc4f5e58,0x00000000feb00000)
 Metaspace       used 11960K, capacity 12300K, committed 12416K, reserved 1060864K
  class space    used 1455K, capacity 1572K, committed 1664K, reserved 1048576K
Event: 2717709.012 GC heap after
Heap after GC invocations=1646 (full 0):
 PSYoungGen      total 20992K, used 64K [0x00000000feb00000, 0x0000000100000000, 0x0000000100000000)
  eden space 20480K, 0% used [0x00000000feb00000,0x00000000feb00000,0x00000000fff00000)
  from space 512K, 12% used [0x00000000fff80000,0x00000000fff90000,0x0000000100000000)
  to   space 512K, 0% used [0x00000000fff00000,0x00000000fff00000,0x00000000fff80000)
 ParOldGen       total 44032K, used 5079K [0x00000000fc000000, 0x00000000feb00000, 0x00000000feb00000)
  object space 44032K, 11% used [0x00000000fc000000,0x00000000fc4f5e58,0x00000000feb00000)
 Metaspace       used 11960K, capacity 12300K, committed 12416K, reserved 1060864K
  class space    used 1455K, capacity 1572K, committed 1664K, reserved 1048576K
}
Event: 2719374.411 GC heap before
{Heap before GC invocations=1647 (full 0):
 PSYoungGen      total 20992K, used 20544K [0x00000000feb00000, 0x0000000100000000, 0x0000000100000000)
  eden space 20480K, 100% used [0x00000000feb00000,0x00000000fff00000,0x00000000fff00000)
  from space 512K, 12% used [0x00000000fff80000,0x00000000fff90000,0x0000000100000000)
  to   space 512K, 0% used [0x00000000fff00000,0x00000000fff00000,0x00000000fff80000)
 ParOldGen       total 44032K, used 5079K [0x00000000fc000000, 0x00000000feb00000, 0x00000000feb00000)
  object space 44032K, 11% used [0x00000000fc000000,0x00000000fc4f5e58,0x00000000feb00000)
 Metaspace       used 11960K, capacity 12300K, committed 12416K, reserved 1060864K
  class space    used 1455K, capacity 1572K, committed 1664K, reserved 1048576K
Event: 2719374.412 GC heap after
Heap after GC invocations=1647 (full 0):
 PSYoungGen      total 20992K, used 64K [0x00000000feb00000, 0x0000000100000000, 0x0000000100000000)
  eden space 20480K, 0% used [0x00000000feb00000,0x00000000feb00000,0x00000000fff00000)
  from space 512K, 12% used [0x00000000fff00000,0x00000000fff10000,0x00000000fff80000)
  to   space 512K, 0% used [0x00000000fff80000,0x00000000fff80000,0x0000000100000000)
 ParOldGen       total 44032K, used 5079K [0x00000000fc000000, 0x00000000feb00000, 0x00000000feb00000)
  object space 44032K, 11% used [0x00000000fc000000,0x00000000fc4f5e58,0x00000000feb00000)
 Metaspace       used 11960K, capacity 12300K, committed 12416K, reserved 1060864K
  class space    used 1455K, capacity 1572K, committed 1664K, reserved 1048576K
}
Event: 2721039.710 GC heap before
{Heap before GC invocations=1648 (full 0):
 PSYoungGen      total 20992K, used 20544K [0x00000000feb00000, 0x0000000100000000, 0x0000000100000000)
  eden space 20480K, 100% used [0x00000000feb00000,0x00000000fff00000,0x00000000fff00000)
  from space 512K, 12% used [0x00000000fff00000,0x00000000fff10000,0x00000000fff80000)
  to   space 512K, 0% used [0x00000000fff80000,0x00000000fff80000,0x0000000100000000)
 ParOldGen       total 44032K, used 5079K [0x00000000fc000000, 0x00000000feb00000, 0x00000000feb00000)
  object space 44032K, 11% used [0x00000000fc000000,0x00000000fc4f5e58,0x00000000feb00000)
 Metaspace       used 11960K, capacity 12300K, committed 12416K, reserved 1060864K
  class space    used 1455K, capacity 1572K, committed 1664K, reserved 1048576K
Event: 2721039.711 GC heap after
Heap after GC invocations=1648 (full 0):
 PSYoungGen      total 20992K, used 64K [0x00000000feb00000, 0x0000000100000000, 0x0000000100000000)
  eden space 20480K, 0% used [0x00000000feb00000,0x00000000feb00000,0x00000000fff00000)
  from space 512K, 12% used [0x00000000fff80000,0x00000000fff90000,0x0000000100000000)
  to   space 512K, 0% used [0x00000000fff00000,0x00000000fff00000,0x00000000fff80000)
 ParOldGen       total 44032K, used 5079K [0x00000000fc000000, 0x00000000feb00000, 0x00000000feb00000)
  object space 44032K, 11% used [0x00000000fc000000,0x00000000fc4f5e58,0x00000000feb00000)
 Metaspace       used 11960K, capacity 12300K, committed 12416K, reserved 1060864K
  class space    used 1455K, capacity 1572K, committed 1664K, reserved 1048576K
}
Event: 2722705.312 GC heap before
{Heap before GC invocations=1649 (full 0):
 PSYoungGen      total 20992K, used 20544K [0x00000000feb00000, 0x0000000100000000, 0x0000000100000000)
  eden space 20480K, 100% used [0x00000000feb00000,0x00000000fff00000,0x00000000fff00000)
  from space 512K, 12% used [0x00000000fff80000,0x00000000fff90000,0x0000000100000000)
  to   space 512K, 0% used [0x00000000fff00000,0x00000000fff00000,0x00000000fff80000)
 ParOldGen       total 44032K, used 5079K [0x00000000fc000000, 0x00000000feb00000, 0x00000000feb00000)
  object space 44032K, 11% used [0x00000000fc000000,0x00000000fc4f5e58,0x00000000feb00000)
 Metaspace       used 11960K, capacity 12300K, committed 12416K, reserved 1060864K
  class space    used 1455K, capacity 1572K, committed 1664K, reserved 1048576K
Event: 2722705.313 GC heap after
Heap after GC invocations=1649 (full 0):
 PSYoungGen      total 20992K, used 64K [0x00000000feb00000, 0x0000000100000000, 0x0000000100000000)
  eden space 20480K, 0% used [0x00000000feb00000,0x00000000feb00000,0x00000000fff00000)
  from space 512K, 12% used [0x00000000fff00000,0x00000000fff10000,0x00000000fff80000)
  to   space 512K, 0% used [0x00000000fff80000,0x00000000fff80000,0x0000000100000000)
 ParOldGen       total 44032K, used 5079K [0x00000000fc000000, 0x00000000feb00000, 0x00000000feb00000)
  object space 44032K, 11% used [0x00000000fc000000,0x00000000fc4f5e58,0x00000000feb00000)
 Metaspace       used 11960K, capacity 12300K, committed 12416K, reserved 1060864K
  class space    used 1455K, capacity 1572K, committed 1664K, reserved 1048576K
}
Event: 2724370.410 GC heap before
{Heap before GC invocations=1650 (full 0):
 PSYoungGen      total 20992K, used 20544K [0x00000000feb00000, 0x0000000100000000, 0x0000000100000000)
  eden space 20480K, 100% used [0x00000000feb00000,0x00000000fff00000,0x00000000fff00000)
  from space 512K, 12% used [0x00000000fff00000,0x00000000fff10000,0x00000000fff80000)
  to   space 512K, 0% used [0x00000000fff80000,0x00000000fff80000,0x0000000100000000)
 ParOldGen       total 44032K, used 5079K [0x00000000fc000000, 0x00000000feb00000, 0x00000000feb00000)
  object space 44032K, 11% used [0x00000000fc000000,0x00000000fc4f5e58,0x00000000feb00000)
 Metaspace       used 11960K, capacity 12300K, committed 12416K, reserved 1060864K
  class space    used 1455K, capacity 1572K, committed 1664K, reserved 1048576K
Event: 2724370.412 GC heap after
Heap after GC invocations=1650 (full 0):
 PSYoungGen      total 20992K, used 64K [0x00000000feb00000, 0x0000000100000000, 0x0000000100000000)
  eden space 20480K, 0% used [0x00000000feb00000,0x00000000feb00000,0x00000000fff00000)
  from space 512K, 12% used [0x00000000fff80000,0x00000000fff90000,0x0000000100000000)
  to   space 512K, 0% used [0x00000000fff00000,0x00000000fff00000,0x00000000fff80000)
 ParOldGen       total 44032K, used 5079K [0x00000000fc000000, 0x00000000feb00000, 0x00000000feb00000)
  object space 44032K, 11% used [0x00000000fc000000,0x00000000fc4f5e58,0x00000000feb00000)
 Metaspace       used 11960K, capacity 12300K, committed 12416K, reserved 1060864K
  class space    used 1455K, capacity 1572K, committed 1664K, reserved 1048576K
}
Event: 2726036.019 GC heap before
{Heap before GC invocations=1651 (full 0):
 PSYoungGen      total 20992K, used 20544K [0x00000000feb00000, 0x0000000100000000, 0x0000000100000000)
  eden space 20480K, 100% used [0x00000000feb00000,0x00000000fff00000,0x00000000fff00000)
  from space 512K, 12% used [0x00000000fff80000,0x00000000fff90000,0x0000000100000000)
  to   space 512K, 0% used [0x00000000fff00000,0x00000000fff00000,0x00000000fff80000)
 ParOldGen       total 44032K, used 5079K [0x00000000fc000000, 0x00000000feb00000, 0x00000000feb00000)
  object space 44032K, 11% used [0x00000000fc000000,0x00000000fc4f5e58,0x00000000feb00000)
 Metaspace       used 11960K, capacity 12300K, committed 12416K, reserved 1060864K
  class space    used 1455K, capacity 1572K, committed 1664K, reserved 1048576K
Event: 2726036.021 GC heap after
Heap after GC invocations=1651 (full 0):
 PSYoungGen      total 20992K, used 64K [0x00000000feb00000, 0x0000000100000000, 0x0000000100000000)
  eden space 20480K, 0% used [0x00000000feb00000,0x00000000feb00000,0x00000000fff00000)
  from space 512K, 12% used [0x00000000fff00000,0x00000000fff10000,0x00000000fff80000)
  to   space 512K, 0% used [0x00000000fff80000,0x00000000fff80000,0x0000000100000000)
 ParOldGen       total 44032K, used 5079K [0x00000000fc000000, 0x00000000feb00000, 0x00000000feb00000)
  object space 44032K, 11% used [0x00000000fc000000,0x00000000fc4f5e58,0x00000000feb00000)
 Metaspace       used 11960K, capacity 12300K, committed 12416K, reserved 1060864K
  class space    used 1455K, capacity 1572K, committed 1664K, reserved 1048576K
}
Event: 2727701.410 GC heap before
{Heap before GC invocations=1652 (full 0):
 PSYoungGen      total 20992K, used 20544K [0x00000000feb00000, 0x0000000100000000, 0x0000000100000000)
  eden space 20480K, 100% used [0x00000000feb00000,0x00000000fff00000,0x00000000fff00000)
  from space 512K, 12% used [0x00000000fff00000,0x00000000fff10000,0x00000000fff80000)
  to   space 512K, 0% used [0x00000000fff80000,0x00000000fff80000,0x0000000100000000)
 ParOldGen       total 44032K, used 5079K [0x00000000fc000000, 0x00000000feb00000, 0x00000000feb00000)
  object space 44032K, 11% used [0x00000000fc000000,0x00000000fc4f5e58,0x00000000feb00000)
 Metaspace       used 11960K, capacity 12300K, committed 12416K, reserved 1060864K
  class space    used 1455K, capacity 1572K, committed 1664K, reserved 1048576K
Event: 2727701.411 GC heap after
Heap after GC invocations=1652 (full 0):
 PSYoungGen      total 20992K, used 64K [0x00000000feb00000, 0x0000000100000000, 0x0000000100000000)
  eden space 20480K, 0% used [0x00000000feb00000,0x00000000feb00000,0x00000000fff00000)
  from space 512K, 12% used [0x00000000fff80000,0x00000000fff90000,0x0000000100000000)
  to   space 512K, 0% used [0x00000000fff00000,0x00000000fff00000,0x00000000fff80000)
 ParOldGen       total 44032K, used 5079K [0x00000000fc000000, 0x00000000feb00000, 0x00000000feb00000)
  object space 44032K, 11% used [0x00000000fc000000,0x00000000fc4f5e58,0x00000000feb00000)
 Metaspace       used 11960K, capacity 12300K, committed 12416K, reserved 1060864K
  class space    used 1455K, capacity 1572K, committed 1664K, reserved 1048576K
}
Event: 2729366.720 GC heap before
{Heap before GC invocations=1653 (full 0):
 PSYoungGen      total 20992K, used 20544K [0x00000000feb00000, 0x0000000100000000, 0x0000000100000000)
  eden space 20480K, 100% used [0x00000000feb00000,0x00000000fff00000,0x00000000fff00000)
  from space 512K, 12% used [0x00000000fff80000,0x00000000fff90000,0x0000000100000000)
  to   space 512K, 0% used [0x00000000fff00000,0x00000000fff00000,0x00000000fff80000)
 ParOldGen       total 44032K, used 5079K [0x00000000fc000000, 0x00000000feb00000, 0x00000000feb00000)
  object space 44032K, 11% used [0x00000000fc000000,0x00000000fc4f5e58,0x00000000feb00000)
 Metaspace       used 11960K, capacity 12300K, committed 12416K, reserved 1060864K
  class space    used 1455K, capacity 1572K, committed 1664K, reserved 1048576K
Event: 2729366.725 GC heap after
Heap after GC invocations=1653 (full 0):
 PSYoungGen      total 20992K, used 32K [0x00000000feb00000, 0x0000000100000000, 0x0000000100000000)
  eden space 20480K, 0% used [0x00000000feb00000,0x00000000feb00000,0x00000000fff00000)
  from space 512K, 6% used [0x00000000fff00000,0x00000000fff08000,0x00000000fff80000)
  to   space 512K, 0% used [0x00000000fff80000,0x00000000fff80000,0x0000000100000000)
 ParOldGen       total 44032K, used 5079K [0x00000000fc000000, 0x00000000feb00000, 0x00000000feb00000)
  object space 44032K, 11% used [0x00000000fc000000,0x00000000fc4f5e58,0x00000000feb00000)
 Metaspace       used 11960K, capacity 12300K, committed 12416K, reserved 1060864K
  class space    used 1455K, capacity 1572K, committed 1664K, reserved 1048576K
}
Event: 2731032.111 GC heap before
{Heap before GC invocations=1654 (full 0):
 PSYoungGen      total 20992K, used 20512K [0x00000000feb00000, 0x0000000100000000, 0x0000000100000000)
  eden space 20480K, 100% used [0x00000000feb00000,0x00000000fff00000,0x00000000fff00000)
  from space 512K, 6% used [0x00000000fff00000,0x00000000fff08000,0x00000000fff80000)
  to   space 512K, 0% used [0x00000000fff80000,0x00000000fff80000,0x0000000100000000)
 ParOldGen       total 44032K, used 5079K [0x00000000fc000000, 0x00000000feb00000, 0x00000000feb00000)
  object space 44032K, 11% used [0x00000000fc000000,0x00000000fc4f5e58,0x00000000feb00000)
 Metaspace       used 11960K, capacity 12300K, committed 12416K, reserved 1060864K
  class space    used 1455K, capacity 1572K, committed 1664K, reserved 1048576K
Event: 2731032.114 GC heap after
Heap after GC invocations=1654 (full 0):
 PSYoungGen      total 20992K, used 32K [0x00000000feb00000, 0x0000000100000000, 0x0000000100000000)
  eden space 20480K, 0% used [0x00000000feb00000,0x00000000feb00000,0x00000000fff00000)
  from space 512K, 6% used [0x00000000fff80000,0x00000000fff88000,0x0000000100000000)
  to   space 512K, 0% used [0x00000000fff00000,0x00000000fff00000,0x00000000fff80000)
 ParOldGen       total 44032K, used 5079K [0x00000000fc000000, 0x00000000feb00000, 0x00000000feb00000)
  object space 44032K, 11% used [0x00000000fc000000,0x00000000fc4f5e58,0x00000000feb00000)
 Metaspace       used 11960K, capacity 12300K, committed 12416K, reserved 1060864K
  class space    used 1455K, capacity 1572K, committed 1664K, reserved 1048576K
}
Event: 2732697.411 GC heap before
{Heap before GC invocations=1655 (full 0):
 PSYoungGen      total 20992K, used 20512K [0x00000000feb00000, 0x0000000100000000, 0x0000000100000000)
  eden space 20480K, 100% used [0x00000000feb00000,0x00000000fff00000,0x00000000fff00000)
  from space 512K, 6% used [0x00000000fff80000,0x00000000fff88000,0x0000000100000000)
  to   space 512K, 0% used [0x00000000fff00000,0x00000000fff00000,0x00000000fff80000)
 ParOldGen       total 44032K, used 5079K [0x00000000fc000000, 0x00000000feb00000, 0x00000000feb00000)
  object space 44032K, 11% used [0x00000000fc000000,0x00000000fc4f5e58,0x00000000feb00000)
 Metaspace       used 11960K, capacity 12300K, committed 12416K, reserved 1060864K
  class space    used 1455K, capacity 1572K, committed 1664K, reserved 1048576K
Event: 2732697.412 GC heap after
Heap after GC invocations=1655 (full 0):
 PSYoungGen      total 20992K, used 32K [0x00000000feb00000, 0x0000000100000000, 0x0000000100000000)
  eden space 20480K, 0% used [0x00000000feb00000,0x00000000feb00000,0x00000000fff00000)
  from space 512K, 6% used [0x00000000fff00000,0x00000000fff08000,0x00000000fff80000)
  to   space 512K, 0% used [0x00000000fff80000,0x00000000fff80000,0x0000000100000000)
 ParOldGen       total 44032K, used 5079K [0x00000000fc000000, 0x00000000feb00000, 0x00000000feb00000)
  object space 44032K, 11% used [0x00000000fc000000,0x00000000fc4f5e58,0x00000000feb00000)
 Metaspace       used 11960K, capacity 12300K, committed 12416K, reserved 1060864K
  class space    used 1455K, capacity 1572K, committed 1664K, reserved 1048576K
}
Event: 2734362.811 GC heap before
{Heap before GC invocations=1656 (full 0):
 PSYoungGen      total 20992K, used 20512K [0x00000000feb00000, 0x0000000100000000, 0x0000000100000000)
  eden space 20480K, 100% used [0x00000000feb00000,0x00000000fff00000,0x00000000fff00000)
  from space 512K, 6% used [0x00000000fff00000,0x00000000fff08000,0x00000000fff80000)
  to   space 512K, 0% used [0x00000000fff80000,0x00000000fff80000,0x0000000100000000)
 ParOldGen       total 44032K, used 5079K [0x00000000fc000000, 0x00000000feb00000, 0x00000000feb00000)
  object space 44032K, 11% used [0x00000000fc000000,0x00000000fc4f5e58,0x00000000feb00000)
 Metaspace       used 11960K, capacity 12300K, committed 12416K, reserved 1060864K
  class space    used 1455K, capacity 1572K, committed 1664K, reserved 1048576K
Event: 2734362.812 GC heap after
Heap after GC invocations=1656 (full 0):
 PSYoungGen      total 20992K, used 32K [0x00000000feb00000, 0x0000000100000000, 0x0000000100000000)
  eden space 20480K, 0% used [0x00000000feb00000,0x00000000feb00000,0x00000000fff00000)
  from space 512K, 6% used [0x00000000fff80000,0x00000000fff88000,0x0000000100000000)
  to   space 512K, 0% used [0x00000000fff00000,0x00000000fff00000,0x00000000fff80000)
 ParOldGen       total 44032K, used 5079K [0x00000000fc000000, 0x00000000feb00000, 0x00000000feb00000)
  object space 44032K, 11% used [0x00000000fc000000,0x00000000fc4f5e58,0x00000000feb00000)
 Metaspace       used 11960K, capacity 12300K, committed 12416K, reserved 1060864K
  class space    used 1455K, capacity 1572K, committed 1664K, reserved 1048576K
}
Event: 2736028.211 GC heap before
{Heap before GC invocations=1657 (full 0):
 PSYoungGen      total 20992K, used 20512K [0x00000000feb00000, 0x0000000100000000, 0x0000000100000000)
  eden space 20480K, 100% used [0x00000000feb00000,0x00000000fff00000,0x00000000fff00000)
  from space 512K, 6% used [0x00000000fff80000,0x00000000fff88000,0x0000000100000000)
  to   space 512K, 0% used [0x00000000fff00000,0x00000000fff00000,0x00000000fff80000)
 ParOldGen       total 44032K, used 5079K [0x00000000fc000000, 0x00000000feb00000, 0x00000000feb00000)
  object space 44032K, 11% used [0x00000000fc000000,0x00000000fc4f5e58,0x00000000feb00000)
 Metaspace       used 11960K, capacity 12300K, committed 12416K, reserved 1060864K
  class space    used 1455K, capacity 1572K, committed 1664K, reserved 1048576K
Event: 2736028.213 GC heap after
Heap after GC invocations=1657 (full 0):
 PSYoungGen      total 20992K, used 32K [0x00000000feb00000, 0x0000000100000000, 0x0000000100000000)
  eden space 20480K, 0% used [0x00000000feb00000,0x00000000feb00000,0x00000000fff00000)
  from space 512K, 6% used [0x00000000fff00000,0x00000000fff08000,0x00000000fff80000)
  to   space 512K, 0% used [0x00000000fff80000,0x00000000fff80000,0x0000000100000000)
 ParOldGen       total 44032K, used 5079K [0x00000000fc000000, 0x00000000feb00000, 0x00000000feb00000)
  object space 44032K, 11% used [0x00000000fc000000,0x00000000fc4f5e58,0x00000000feb00000)
 Metaspace       used 11960K, capacity 12300K, committed 12416K, reserved 1060864K
  class space    used 1455K, capacity 1572K, committed 1664K, reserved 1048576K
}
Event: 2737693.511 GC heap before
{Heap before GC invocations=1658 (full 0):
 PSYoungGen      total 20992K, used 20512K [0x00000000feb00000, 0x0000000100000000, 0x0000000100000000)
  eden space 20480K, 100% used [0x00000000feb00000,0x00000000fff00000,0x00000000fff00000)
  from space 512K, 6% used [0x00000000fff00000,0x00000000fff08000,0x00000000fff80000)
  to   space 512K, 0% used [0x00000000fff80000,0x00000000fff80000,0x0000000100000000)
 ParOldGen       total 44032K, used 5079K [0x00000000fc000000, 0x00000000feb00000, 0x00000000feb00000)
  object space 44032K, 11% used [0x00000000fc000000,0x00000000fc4f5e58,0x00000000feb00000)
 Metaspace       used 11960K, capacity 12300K, committed 12416K, reserved 1060864K
  class space    used 1455K, capacity 1572K, committed 1664K, reserved 1048576K
Event: 2737693.514 GC heap after
Heap after GC invocations=1658 (full 0):
 PSYoungGen      total 20992K, used 32K [0x00000000feb00000, 0x0000000100000000, 0x0000000100000000)
  eden space 20480K, 0% used [0x00000000feb00000,0x00000000feb00000,0x00000000fff00000)
  from space 512K, 6% used [0x00000000fff80000,0x00000000fff88000,0x0000000100000000)
  to   space 512K, 0% used [0x00000000fff00000,0x00000000fff00000,0x00000000fff80000)
 ParOldGen       total 44032K, used 5079K [0x00000000fc000000, 0x00000000feb00000, 0x00000000feb00000)
  object space 44032K, 11% used [0x00000000fc000000,0x00000000fc4f5e58,0x00000000feb00000)
 Metaspace       used 11960K, capacity 12300K, committed 12416K, reserved 1060864K
  class space    used 1455K, capacity 1572K, committed 1664K, reserved 1048576K
}
Event: 2739358.910 GC heap before
{Heap before GC invocations=1659 (full 0):
 PSYoungGen      total 20992K, used 20512K [0x00000000feb00000, 0x0000000100000000, 0x0000000100000000)
  eden space 20480K, 100% used [0x00000000feb00000,0x00000000fff00000,0x00000000fff00000)
  from space 512K, 6% used [0x00000000fff80000,0x00000000fff88000,0x0000000100000000)
  to   space 512K, 0% used [0x00000000fff00000,0x00000000fff00000,0x00000000fff80000)
 ParOldGen       total 44032K, used 5079K [0x00000000fc000000, 0x00000000feb00000, 0x00000000feb00000)
  object space 44032K, 11% used [0x00000000fc000000,0x00000000fc4f5e58,0x00000000feb00000)
 Metaspace       used 11960K, capacity 12300K, committed 12416K, reserved 1060864K
  class space    used 1455K, capacity 1572K, committed 1664K, reserved 1048576K
Event: 2739358.912 GC heap after
Heap after GC invocations=1659 (full 0):
 PSYoungGen      total 20992K, used 32K [0x00000000feb00000, 0x0000000100000000, 0x0000000100000000)
  eden space 20480K, 0% used [0x00000000feb00000,0x00000000feb00000,0x00000000fff00000)
  from space 512K, 6% used [0x00000000fff00000,0x00000000fff08000,0x00000000fff80000)
  to   space 512K, 0% used [0x00000000fff80000,0x00000000fff80000,0x0000000100000000)
 ParOldGen       total 44032K, used 5079K [0x00000000fc000000, 0x00000000feb00000, 0x00000000feb00000)
  object space 44032K, 11% used [0x00000000fc000000,0x00000000fc4f5e58,0x00000000feb00000)
 Metaspace       used 11960K, capacity 12300K, committed 12416K, reserved 1060864K
  class space    used 1455K, capacity 1572K, committed 1664K, reserved 1048576K
}
Event: 2741024.411 GC heap before
{Heap before GC invocations=1660 (full 0):
 PSYoungGen      total 20992K, used 20512K [0x00000000feb00000, 0x0000000100000000, 0x0000000100000000)
  eden space 20480K, 100% used [0x00000000feb00000,0x00000000fff00000,0x00000000fff00000)
  from space 512K, 6% used [0x00000000fff00000,0x00000000fff08000,0x00000000fff80000)
  to   space 512K, 0% used [0x00000000fff80000,0x00000000fff80000,0x0000000100000000)
 ParOldGen       total 44032K, used 5079K [0x00000000fc000000, 0x00000000feb00000, 0x00000000feb00000)
  object space 44032K, 11% used [0x00000000fc000000,0x00000000fc4f5e58,0x00000000feb00000)
 Metaspace       used 11960K, capacity 12300K, committed 12416K, reserved 1060864K
  class space    used 1455K, capacity 1572K, committed 1664K, reserved 1048576K
Event: 2741024.412 GC heap after
Heap after GC invocations=1660 (full 0):
 PSYoungGen      total 20992K, used 64K [0x00000000feb00000, 0x0000000100000000, 0x0000000100000000)
  eden space 20480K, 0% used [0x00000000feb00000,0x00000000feb00000,0x00000000fff00000)
  from space 512K, 12% used [0x00000000fff80000,0x00000000fff90000,0x0000000100000000)
  to   space 512K, 0% used [0x00000000fff00000,0x00000000fff00000,0x00000000fff80000)
 ParOldGen       total 44032K, used 5079K [0x00000000fc000000, 0x00000000feb00000, 0x00000000feb00000)
  object space 44032K, 11% used [0x00000000fc000000,0x00000000fc4f5e58,0x00000000feb00000)
 Metaspace       used 11960K, capacity 12300K, committed 12416K, reserved 1060864K
  class space    used 1455K, capacity 1572K, committed 1664K, reserved 1048576K
}
Event: 2742689.611 GC heap before
{Heap before GC invocations=1661 (full 0):
 PSYoungGen      total 20992K, used 20544K [0x00000000feb00000, 0x0000000100000000, 0x0000000100000000)
  eden space 20480K, 100% used [0x00000000feb00000,0x00000000fff00000,0x00000000fff00000)
  from space 512K, 12% used [0x00000000fff80000,0x00000000fff90000,0x0000000100000000)
  to   space 512K, 0% used [0x00000000fff00000,0x00000000fff00000,0x00000000fff80000)
 ParOldGen       total 44032K, used 5079K [0x00000000fc000000, 0x00000000feb00000, 0x00000000feb00000)
  object space 44032K, 11% used [0x00000000fc000000,0x00000000fc4f5e58,0x00000000feb00000)
 Metaspace       used 11960K, capacity 12300K, committed 12416K, reserved 1060864K
  class space    used 1455K, capacity 1572K, committed 1664K, reserved 1048576K
Event: 2742689.612 GC heap after
Heap after GC invocations=1661 (full 0):
 PSYoungGen      total 20992K, used 64K [0x00000000feb00000, 0x0000000100000000, 0x0000000100000000)
  eden space 20480K, 0% used [0x00000000feb00000,0x00000000feb00000,0x00000000fff00000)
  from space 512K, 12% used [0x00000000fff00000,0x00000000fff10000,0x00000000fff80000)
  to   space 512K, 0% used [0x00000000fff80000,0x00000000fff80000,0x0000000100000000)
 ParOldGen       total 44032K, used 5079K [0x00000000fc000000, 0x00000000feb00000, 0x00000000feb00000)
  object space 44032K, 11% used [0x00000000fc000000,0x00000000fc4f5e58,0x00000000feb00000)
 Metaspace       used 11960K, capacity 12300K, committed 12416K, reserved 1060864K
  class space    used 1455K, capacity 1572K, committed 1664K, reserved 1048576K
}
Event: 2744355.210 GC heap before
{Heap before GC invocations=1662 (full 0):
 PSYoungGen      total 20992K, used 20544K [0x00000000feb00000, 0x0000000100000000, 0x0000000100000000)
  eden space 20480K, 100% used [0x00000000feb00000,0x00000000fff00000,0x00000000fff00000)
  from space 512K, 12% used [0x00000000fff00000,0x00000000fff10000,0x00000000fff80000)
  to   space 512K, 0% used [0x00000000fff80000,0x00000000fff80000,0x0000000100000000)
 ParOldGen       total 44032K, used 5079K [0x00000000fc000000, 0x00000000feb00000, 0x00000000feb00000)
  object space 44032K, 11% used [0x00000000fc000000,0x00000000fc4f5e58,0x00000000feb00000)
 Metaspace       used 11960K, capacity 12300K, committed 12416K, reserved 1060864K
  class space    used 1455K, capacity 1572K, committed 1664K, reserved 1048576K
Event: 2744355.211 GC heap after
Heap after GC invocations=1662 (full 0):
 PSYoungGen      total 20992K, used 32K [0x00000000feb00000, 0x0000000100000000, 0x0000000100000000)
  eden space 20480K, 0% used [0x00000000feb00000,0x00000000feb00000,0x00000000fff00000)
  from space 512K, 6% used [0x00000000fff80000,0x00000000fff88000,0x0000000100000000)
  to   space 512K, 0% used [0x00000000fff00000,0x00000000fff00000,0x00000000fff80000)
 ParOldGen       total 44032K, used 5079K [0x00000000fc000000, 0x00000000feb00000, 0x00000000feb00000)
  object space 44032K, 11% used [0x00000000fc000000,0x00000000fc4f5e58,0x00000000feb00000)
 Metaspace       used 11960K, capacity 12300K, committed 12416K, reserved 1060864K
  class space    used 1455K, capacity 1572K, committed 1664K, reserved 1048576K
}
Event: 2746020.411 GC heap before
{Heap before GC invocations=1663 (full 0):
 PSYoungGen      total 20992K, used 20512K [0x00000000feb00000, 0x0000000100000000, 0x0000000100000000)
  eden space 20480K, 100% used [0x00000000feb00000,0x00000000fff00000,0x00000000fff00000)
  from space 512K, 6% used [0x00000000fff80000,0x00000000fff88000,0x0000000100000000)
  to   space 512K, 0% used [0x00000000fff00000,0x00000000fff00000,0x00000000fff80000)
 ParOldGen       total 44032K, used 5079K [0x00000000fc000000, 0x00000000feb00000, 0x00000000feb00000)
  object space 44032K, 11% used [0x00000000fc000000,0x00000000fc4f5e58,0x00000000feb00000)
 Metaspace       used 11960K, capacity 12300K, committed 12416K, reserved 1060864K
  class space    used 1455K, capacity 1572K, committed 1664K, reserved 1048576K
Event: 2746020.412 GC heap after
Heap after GC invocations=1663 (full 0):
 PSYoungGen      total 20992K, used 64K [0x00000000feb00000, 0x0000000100000000, 0x0000000100000000)
  eden space 20480K, 0% used [0x00000000feb00000,0x00000000feb00000,0x00000000fff00000)
  from space 512K, 12% used [0x00000000fff00000,0x00000000fff10000,0x00000000fff80000)
  to   space 512K, 0% used [0x00000000fff80000,0x00000000fff80000,0x0000000100000000)
 ParOldGen       total 44032K, used 5079K [0x00000000fc000000, 0x00000000feb00000, 0x00000000feb00000)
  object space 44032K, 11% used [0x00000000fc000000,0x00000000fc4f5e58,0x00000000feb00000)
 Metaspace       used 11960K, capacity 12300K, committed 12416K, reserved 1060864K
  class space    used 1455K, capacity 1572K, committed 1664K, reserved 1048576K
}
Event: 2747685.911 GC heap before
{Heap before GC invocations=1664 (full 0):
 PSYoungGen      total 20992K, used 20544K [0x00000000feb00000, 0x0000000100000000, 0x0000000100000000)
  eden space 20480K, 100% used [0x00000000feb00000,0x00000000fff00000,0x00000000fff00000)
  from space 512K, 12% used [0x00000000fff00000,0x00000000fff10000,0x00000000fff80000)
  to   space 512K, 0% used [0x00000000fff80000,0x00000000fff80000,0x0000000100000000)
 ParOldGen       total 44032K, used 5079K [0x00000000fc000000, 0x00000000feb00000, 0x00000000feb00000)
  object space 44032K, 11% used [0x00000000fc000000,0x00000000fc4f5e58,0x00000000feb00000)
 Metaspace       used 11960K, capacity 12300K, committed 12416K, reserved 1060864K
  class space    used 1455K, capacity 1572K, committed 1664K, reserved 1048576K
Event: 2747685.925 GC heap after
Heap after GC invocations=1664 (full 0):
 PSYoungGen      total 20992K, used 64K [0x00000000feb00000, 0x0000000100000000, 0x0000000100000000)
  eden space 20480K, 0% used [0x00000000feb00000,0x00000000feb00000,0x00000000fff00000)
  from space 512K, 12% used [0x00000000fff80000,0x00000000fff90000,0x0000000100000000)
  to   space 512K, 0% used [0x00000000fff00000,0x00000000fff00000,0x00000000fff80000)
 ParOldGen       total 44032K, used 5079K [0x00000000fc000000, 0x00000000feb00000, 0x00000000feb00000)
  object space 44032K, 11% used [0x00000000fc000000,0x00000000fc4f5e58,0x00000000feb00000)
 Metaspace       used 11960K, capacity 12300K, committed 12416K, reserved 1060864K
  class space    used 1455K, capacity 1572K, committed 1664K, reserved 1048576K
}
Event: 2749351.311 GC heap before
{Heap before GC invocations=1665 (full 0):
 PSYoungGen      total 20992K, used 20544K [0x00000000feb00000, 0x0000000100000000, 0x0000000100000000)
  eden space 20480K, 100% used [0x00000000feb00000,0x00000000fff00000,0x00000000fff00000)
  from space 512K, 12% used [0x00000000fff80000,0x00000000fff90000,0x0000000100000000)
  to   space 512K, 0% used [0x00000000fff00000,0x00000000fff00000,0x00000000fff80000)
 ParOldGen       total 44032K, used 5079K [0x00000000fc000000, 0x00000000feb00000, 0x00000000feb00000)
  object space 44032K, 11% used [0x00000000fc000000,0x00000000fc4f5e58,0x00000000feb00000)
 Metaspace       used 11960K, capacity 12300K, committed 12416K, reserved 1060864K
  class space    used 1455K, capacity 1572K, committed 1664K, reserved 1048576K
Event: 2749351.315 GC heap after
Heap after GC invocations=1665 (full 0):
 PSYoungGen      total 20992K, used 32K [0x00000000feb00000, 0x0000000100000000, 0x0000000100000000)
  eden space 20480K, 0% used [0x00000000feb00000,0x00000000feb00000,0x00000000fff00000)
  from space 512K, 6% used [0x00000000fff00000,0x00000000fff08000,0x00000000fff80000)
  to   space 512K, 0% used [0x00000000fff80000,0x00000000fff80000,0x0000000100000000)
 ParOldGen       total 44032K, used 5079K [0x00000000fc000000, 0x00000000feb00000, 0x00000000feb00000)
  object space 44032K, 11% used [0x00000000fc000000,0x00000000fc4f5e58,0x00000000feb00000)
 Metaspace       used 11960K, capacity 12300K, committed 12416K, reserved 1060864K
  class space    used 1455K, capacity 1572K, committed 1664K, reserved 1048576K
}
Event: 2751016.611 GC heap before
{Heap before GC invocations=1666 (full 0):
 PSYoungGen      total 20992K, used 20512K [0x00000000feb00000, 0x0000000100000000, 0x0000000100000000)
  eden space 20480K, 100% used [0x00000000feb00000,0x00000000fff00000,0x00000000fff00000)
  from space 512K, 6% used [0x00000000fff00000,0x00000000fff08000,0x00000000fff80000)
  to   space 512K, 0% used [0x00000000fff80000,0x00000000fff80000,0x0000000100000000)
 ParOldGen       total 44032K, used 5079K [0x00000000fc000000, 0x00000000feb00000, 0x00000000feb00000)
  object space 44032K, 11% used [0x00000000fc000000,0x00000000fc4f5e58,0x00000000feb00000)
 Metaspace       used 11960K, capacity 12300K, committed 12416K, reserved 1060864K
  class space    used 1455K, capacity 1572K, committed 1664K, reserved 1048576K
Event: 2751016.612 GC heap after
Heap after GC invocations=1666 (full 0):
 PSYoungGen      total 20992K, used 64K [0x00000000feb00000, 0x0000000100000000, 0x0000000100000000)
  eden space 20480K, 0% used [0x00000000feb00000,0x00000000feb00000,0x00000000fff00000)
  from space 512K, 12% used [0x00000000fff80000,0x00000000fff90000,0x0000000100000000)
  to   space 512K, 0% used [0x00000000fff00000,0x00000000fff00000,0x00000000fff80000)
 ParOldGen       total 44032K, used 5079K [0x00000000fc000000, 0x00000000feb00000, 0x00000000feb00000)
  object space 44032K, 11% used [0x00000000fc000000,0x00000000fc4f5e58,0x00000000feb00000)
 Metaspace       used 11960K, capacity 12300K, committed 12416K, reserved 1060864K
  class space    used 1455K, capacity 1572K, committed 1664K, reserved 1048576K
}
Event: 2752682.011 GC heap before
{Heap before GC invocations=1667 (full 0):
 PSYoungGen      total 20992K, used 20544K [0x00000000feb00000, 0x0000000100000000, 0x0000000100000000)
  eden space 20480K, 100% used [0x00000000feb00000,0x00000000fff00000,0x00000000fff00000)
  from space 512K, 12% used [0x00000000fff80000,0x00000000fff90000,0x0000000100000000)
  to   space 512K, 0% used [0x00000000fff00000,0x00000000fff00000,0x00000000fff80000)
 ParOldGen       total 44032K, used 5079K [0x00000000fc000000, 0x00000000feb00000, 0x00000000feb00000)
  object space 44032K, 11% used [0x00000000fc000000,0x00000000fc4f5e58,0x00000000feb00000)
 Metaspace       used 11960K, capacity 12300K, committed 12416K, reserved 1060864K
  class space    used 1455K, capacity 1572K, committed 1664K, reserved 1048576K
Event: 2752682.014 GC heap after
Heap after GC invocations=1667 (full 0):
 PSYoungGen      total 20992K, used 32K [0x00000000feb00000, 0x0000000100000000, 0x0000000100000000)
  eden space 20480K, 0% used [0x00000000feb00000,0x00000000feb00000,0x00000000fff00000)
  from space 512K, 6% used [0x00000000fff00000,0x00000000fff08000,0x00000000fff80000)
  to   space 512K, 0% used [0x00000000fff80000,0x00000000fff80000,0x0000000100000000)
 ParOldGen       total 44032K, used 5079K [0x00000000fc000000, 0x00000000feb00000, 0x00000000feb00000)
  object space 44032K, 11% used [0x00000000fc000000,0x00000000fc4f5e58,0x00000000feb00000)
 Metaspace       used 11960K, capacity 12300K, committed 12416K, reserved 1060864K
  class space    used 1455K, capacity 1572K, committed 1664K, reserved 1048576K
}
Event: 2754347.410 GC heap before
{Heap before GC invocations=1668 (full 0):
 PSYoungGen      total 20992K, used 20512K [0x00000000feb00000, 0x0000000100000000, 0x0000000100000000)
  eden space 20480K, 100% used [0x00000000feb00000,0x00000000fff00000,0x00000000fff00000)
  from space 512K, 6% used [0x00000000fff00000,0x00000000fff08000,0x00000000fff80000)
  to   space 512K, 0% used [0x00000000fff80000,0x00000000fff80000,0x0000000100000000)
 ParOldGen       total 44032K, used 5079K [0x00000000fc000000, 0x00000000feb00000, 0x00000000feb00000)
  object space 44032K, 11% used [0x00000000fc000000,0x00000000fc4f5e58,0x00000000feb00000)
 Metaspace       used 11960K, capacity 12300K, committed 12416K, reserved 1060864K
  class space    used 1455K, capacity 1572K, committed 1664K, reserved 1048576K
Event: 2754347.412 GC heap after
Heap after GC invocations=1668 (full 0):
 PSYoungGen      total 20992K, used 64K [0x00000000feb00000, 0x0000000100000000, 0x0000000100000000)
  eden space 20480K, 0% used [0x00000000feb00000,0x00000000feb00000,0x00000000fff00000)
  from space 512K, 12% used [0x00000000fff80000,0x00000000fff90000,0x0000000100000000)
  to   space 512K, 0% used [0x00000000fff00000,0x00000000fff00000,0x00000000fff80000)
 ParOldGen       total 44032K, used 5079K [0x00000000fc000000, 0x00000000feb00000, 0x00000000feb00000)
  object space 44032K, 11% used [0x00000000fc000000,0x00000000fc4f5e58,0x00000000feb00000)
 Metaspace       used 11960K, capacity 12300K, committed 12416K, reserved 1060864K
  class space    used 1455K, capacity 1572K, committed 1664K, reserved 1048576K
}
Event: 2756012.710 GC heap before
{Heap before GC invocations=1669 (full 0):
 PSYoungGen      total 20992K, used 20544K [0x00000000feb00000, 0x0000000100000000, 0x0000000100000000)
  eden space 20480K, 100% used [0x00000000feb00000,0x00000000fff00000,0x00000000fff00000)
  from space 512K, 12% used [0x00000000fff80000,0x00000000fff90000,0x0000000100000000)
  to   space 512K, 0% used [0x00000000fff00000,0x00000000fff00000,0x00000000fff80000)
 ParOldGen       total 44032K, used 5079K [0x00000000fc000000, 0x00000000feb00000, 0x00000000feb00000)
  object space 44032K, 11% used [0x00000000fc000000,0x00000000fc4f5e58,0x00000000feb00000)
 Metaspace       used 11960K, capacity 12300K, committed 12416K, reserved 1060864K
  class space    used 1455K, capacity 1572K, committed 1664K, reserved 1048576K
Event: 2756012.721 GC heap after
Heap after GC invocations=1669 (full 0):
 PSYoungGen      total 20992K, used 64K [0x00000000feb00000, 0x0000000100000000, 0x0000000100000000)
  eden space 20480K, 0% used [0x00000000feb00000,0x00000000feb00000,0x00000000fff00000)
  from space 512K, 12% used [0x00000000fff00000,0x00000000fff10000,0x00000000fff80000)
  to   space 512K, 0% used [0x00000000fff80000,0x00000000fff80000,0x0000000100000000)
 ParOldGen       total 44032K, used 5079K [0x00000000fc000000, 0x00000000feb00000, 0x00000000feb00000)
  object space 44032K, 11% used [0x00000000fc000000,0x00000000fc4f5e58,0x00000000feb00000)
 Metaspace       used 11960K, capacity 12300K, committed 12416K, reserved 1060864K
  class space    used 1455K, capacity 1572K, committed 1664K, reserved 1048576K
}
Event: 2757678.112 GC heap before
{Heap before GC invocations=1670 (full 0):
 PSYoungGen      total 20992K, used 20544K [0x00000000feb00000, 0x0000000100000000, 0x0000000100000000)
  eden space 20480K, 100% used [0x00000000feb00000,0x00000000fff00000,0x00000000fff00000)
  from space 512K, 12% used [0x00000000fff00000,0x00000000fff10000,0x00000000fff80000)
  to   space 512K, 0% used [0x00000000fff80000,0x00000000fff80000,0x0000000100000000)
 ParOldGen       total 44032K, used 5079K [0x00000000fc000000, 0x00000000feb00000, 0x00000000feb00000)
  object space 44032K, 11% used [0x00000000fc000000,0x00000000fc4f5e58,0x00000000feb00000)
 Metaspace       used 11960K, capacity 12300K, committed 12416K, reserved 1060864K
  class space    used 1455K, capacity 1572K, committed 1664K, reserved 1048576K
Event: 2757678.113 GC heap after
Heap after GC invocations=1670 (full 0):
 PSYoungGen      total 20992K, used 32K [0x00000000feb00000, 0x0000000100000000, 0x0000000100000000)
  eden space 20480K, 0% used [0x00000000feb00000,0x00000000feb00000,0x00000000fff00000)
  from space 512K, 6% used [0x00000000fff80000,0x00000000fff88000,0x0000000100000000)
  to   space 512K, 0% used [0x00000000fff00000,0x00000000fff00000,0x00000000fff80000)
 ParOldGen       total 44032K, used 5079K [0x00000000fc000000, 0x00000000feb00000, 0x00000000feb00000)
  object space 44032K, 11% used [0x00000000fc000000,0x00000000fc4f5e58,0x00000000feb00000)
 Metaspace       used 11960K, capacity 12300K, committed 12416K, reserved 1060864K
  class space    used 1455K, capacity 1572K, committed 1664K, reserved 1048576K
}
Event: 2759343.411 GC heap before
{Heap before GC invocations=1671 (full 0):
 PSYoungGen      total 20992K, used 20512K [0x00000000feb00000, 0x0000000100000000, 0x0000000100000000)
  eden space 20480K, 100% used [0x00000000feb00000,0x00000000fff00000,0x00000000fff00000)
  from space 512K, 6% used [0x00000000fff80000,0x00000000fff88000,0x0000000100000000)
  to   space 512K, 0% used [0x00000000fff00000,0x00000000fff00000,0x00000000fff80000)
 ParOldGen       total 44032K, used 5079K [0x00000000fc000000, 0x00000000feb00000, 0x00000000feb00000)
  object space 44032K, 11% used [0x00000000fc000000,0x00000000fc4f5e58,0x00000000feb00000)
 Metaspace       used 11960K, capacity 12300K, committed 12416K, reserved 1060864K
  class space    used 1455K, capacity 1572K, committed 1664K, reserved 1048576K
Event: 2759343.412 GC heap after
Heap after GC invocations=1671 (full 0):
 PSYoungGen      total 20992K, used 32K [0x00000000feb00000, 0x0000000100000000, 0x0000000100000000)
  eden space 20480K, 0% used [0x00000000feb00000,0x00000000feb00000,0x00000000fff00000)
  from space 512K, 6% used [0x00000000fff00000,0x00000000fff08000,0x00000000fff80000)
  to   space 512K, 0% used [0x00000000fff80000,0x00000000fff80000,0x0000000100000000)
 ParOldGen       total 44032K, used 5079K [0x00000000fc000000, 0x00000000feb00000, 0x00000000feb00000)
  object space 44032K, 11% used [0x00000000fc000000,0x00000000fc4f5e58,0x00000000feb00000)
 Metaspace       used 11960K, capacity 12300K, committed 12416K, reserved 1060864K
  class space    used 1455K, capacity 1572K, committed 1664K, reserved 1048576K
}
Event: 2761008.811 GC heap before
{Heap before GC invocations=1672 (full 0):
 PSYoungGen      total 20992K, used 20512K [0x00000000feb00000, 0x0000000100000000, 0x0000000100000000)
  eden space 20480K, 100% used [0x00000000feb00000,0x00000000fff00000,0x00000000fff00000)
  from space 512K, 6% used [0x00000000fff00000,0x00000000fff08000,0x00000000fff80000)
  to   space 512K, 0% used [0x00000000fff80000,0x00000000fff80000,0x0000000100000000)
 ParOldGen       total 44032K, used 5079K [0x00000000fc000000, 0x00000000feb00000, 0x00000000feb00000)
  object space 44032K, 11% used [0x00000000fc000000,0x00000000fc4f5e58,0x00000000feb00000)
 Metaspace       used 11960K, capacity 12300K, committed 12416K, reserved 1060864K
  class space    used 1455K, capacity 1572K, committed 1664K, reserved 1048576K
Event: 2761008.820 GC heap after
Heap after GC invocations=1672 (full 0):
 PSYoungGen      total 20992K, used 32K [0x00000000feb00000, 0x0000000100000000, 0x0000000100000000)
  eden space 20480K, 0% used [0x00000000feb00000,0x00000000feb00000,0x00000000fff00000)
  from space 512K, 6% used [0x00000000fff80000,0x00000000fff88000,0x0000000100000000)
  to   space 512K, 0% used [0x00000000fff00000,0x00000000fff00000,0x00000000fff80000)
 ParOldGen       total 44032K, used 5079K [0x00000000fc000000, 0x00000000feb00000, 0x00000000feb00000)
  object space 44032K, 11% used [0x00000000fc000000,0x00000000fc4f5e58,0x00000000feb00000)
 Metaspace       used 11960K, capacity 12300K, committed 12416K, reserved 1060864K
  class space    used 1455K, capacity 1572K, committed 1664K, reserved 1048576K
}
Event: 2762674.410 GC heap before
{Heap before GC invocations=1673 (full 0):
 PSYoungGen      total 20992K, used 20512K [0x00000000feb00000, 0x0000000100000000, 0x0000000100000000)
  eden space 20480K, 100% used [0x00000000feb00000,0x00000000fff00000,0x00000000fff00000)
  from space 512K, 6% used [0x00000000fff80000,0x00000000fff88000,0x0000000100000000)
  to   space 512K, 0% used [0x00000000fff00000,0x00000000fff00000,0x00000000fff80000)
 ParOldGen       total 44032K, used 5079K [0x00000000fc000000, 0x00000000feb00000, 0x00000000feb00000)
  object space 44032K, 11% used [0x00000000fc000000,0x00000000fc4f5e58,0x00000000feb00000)
 Metaspace       used 11960K, capacity 12300K, committed 12416K, reserved 1060864K
  class space    used 1455K, capacity 1572K, committed 1664K, reserved 1048576K
Event: 2762674.412 GC heap after
Heap after GC invocations=1673 (full 0):
 PSYoungGen      total 20992K, used 32K [0x00000000feb00000, 0x0000000100000000, 0x0000000100000000)
  eden space 20480K, 0% used [0x00000000feb00000,0x00000000feb00000,0x00000000fff00000)
  from space 512K, 6% used [0x00000000fff00000,0x00000000fff08000,0x00000000fff80000)
  to   space 512K, 0% used [0x00000000fff80000,0x00000000fff80000,0x0000000100000000)
 ParOldGen       total 44032K, used 5079K [0x00000000fc000000, 0x00000000feb00000, 0x00000000feb00000)
  object space 44032K, 11% used [0x00000000fc000000,0x00000000fc4f5e58,0x00000000feb00000)
 Metaspace       used 11960K, capacity 12300K, committed 12416K, reserved 1060864K
  class space    used 1455K, capacity 1572K, committed 1664K, reserved 1048576K
}
Event: 2764335.710 GC heap before
{Heap before GC invocations=1674 (full 0):
 PSYoungGen      total 20992K, used 20512K [0x00000000feb00000, 0x0000000100000000, 0x0000000100000000)
  eden space 20480K, 100% used [0x00000000feb00000,0x00000000fff00000,0x00000000fff00000)
  from space 512K, 6% used [0x00000000fff00000,0x00000000fff08000,0x00000000fff80000)
  to   space 512K, 0% used [0x00000000fff80000,0x00000000fff80000,0x0000000100000000)
 ParOldGen       total 44032K, used 5079K [0x00000000fc000000, 0x00000000feb00000, 0x00000000feb00000)
  object space 44032K, 11% used [0x00000000fc000000,0x00000000fc4f5e58,0x00000000feb00000)
 Metaspace       used 11960K, capacity 12300K, committed 12416K, reserved 1060864K
  class space    used 1455K, capacity 1572K, committed 1664K, reserved 1048576K
Event: 2764335.711 GC heap after
Heap after GC invocations=1674 (full 0):
 PSYoungGen      total 20992K, used 64K [0x00000000feb00000, 0x0000000100000000, 0x0000000100000000)
  eden space 20480K, 0% used [0x00000000feb00000,0x00000000feb00000,0x00000000fff00000)
  from space 512K, 12% used [0x00000000fff80000,0x00000000fff90000,0x0000000100000000)
  to   space 512K, 0% used [0x00000000fff00000,0x00000000fff00000,0x00000000fff80000)
 ParOldGen       total 44032K, used 5079K [0x00000000fc000000, 0x00000000feb00000, 0x00000000feb00000)
  object space 44032K, 11% used [0x00000000fc000000,0x00000000fc4f5e58,0x00000000feb00000)
 Metaspace       used 11960K, capacity 12300K, committed 12416K, reserved 1060864K
  class space    used 1455K, capacity 1572K, committed 1664K, reserved 1048576K
}
Event: 2766001.311 GC heap before
{Heap before GC invocations=1675 (full 0):
 PSYoungGen      total 20992K, used 20544K [0x00000000feb00000, 0x0000000100000000, 0x0000000100000000)
  eden space 20480K, 100% used [0x00000000feb00000,0x00000000fff00000,0x00000000fff00000)
  from space 512K, 12% used [0x00000000fff80000,0x00000000fff90000,0x0000000100000000)
  to   space 512K, 0% used [0x00000000fff00000,0x00000000fff00000,0x00000000fff80000)
 ParOldGen       total 44032K, used 5079K [0x00000000fc000000, 0x00000000feb00000, 0x00000000feb00000)
  object space 44032K, 11% used [0x00000000fc000000,0x00000000fc4f5e58,0x00000000feb00000)
 Metaspace       used 11960K, capacity 12300K, committed 12416K, reserved 1060864K
  class space    used 1455K, capacity 1572K, committed 1664K, reserved 1048576K
Event: 2766001.312 GC heap after
Heap after GC invocations=1675 (full 0):
 PSYoungGen      total 20992K, used 64K [0x00000000feb00000, 0x0000000100000000, 0x0000000100000000)
  eden space 20480K, 0% used [0x00000000feb00000,0x00000000feb00000,0x00000000fff00000)
  from space 512K, 12% used [0x00000000fff00000,0x00000000fff10000,0x00000000fff80000)
  to   space 512K, 0% used [0x00000000fff80000,0x00000000fff80000,0x0000000100000000)
 ParOldGen       total 44032K, used 5095K [0x00000000fc000000, 0x00000000feb00000, 0x00000000feb00000)
  object space 44032K, 11% used [0x00000000fc000000,0x00000000fc4f9e58,0x00000000feb00000)
 Metaspace       used 11960K, capacity 12300K, committed 12416K, reserved 1060864K
  class space    used 1455K, capacity 1572K, committed 1664K, reserved 1048576K
}
Event: 2767666.510 GC heap before
{Heap before GC invocations=1676 (full 0):
 PSYoungGen      total 20992K, used 20544K [0x00000000feb00000, 0x0000000100000000, 0x0000000100000000)
  eden space 20480K, 100% used [0x00000000feb00000,0x00000000fff00000,0x00000000fff00000)
  from space 512K, 12% used [0x00000000fff00000,0x00000000fff10000,0x00000000fff80000)
  to   space 512K, 0% used [0x00000000fff80000,0x00000000fff80000,0x0000000100000000)
 ParOldGen       total 44032K, used 5095K [0x00000000fc000000, 0x00000000feb00000, 0x00000000feb00000)
  object space 44032K, 11% used [0x00000000fc000000,0x00000000fc4f9e58,0x00000000feb00000)
 Metaspace       used 11960K, capacity 12300K, committed 12416K, reserved 1060864K
  class space    used 1455K, capacity 1572K, committed 1664K, reserved 1048576K
Event: 2767666.512 GC heap after
Heap after GC invocations=1676 (full 0):
 PSYoungGen      total 20992K, used 64K [0x00000000feb00000, 0x0000000100000000, 0x0000000100000000)
  eden space 20480K, 0% used [0x00000000feb00000,0x00000000feb00000,0x00000000fff00000)
  from space 512K, 12% used [0x00000000fff80000,0x00000000fff90000,0x0000000100000000)
  to   space 512K, 0% used [0x00000000fff00000,0x00000000fff00000,0x00000000fff80000)
 ParOldGen       total 44032K, used 5095K [0x00000000fc000000, 0x00000000feb00000, 0x00000000feb00000)
  object space 44032K, 11% used [0x00000000fc000000,0x00000000fc4f9e58,0x00000000feb00000)
 Metaspace       used 11960K, capacity 12300K, committed 12416K, reserved 1060864K
  class space    used 1455K, capacity 1572K, committed 1664K, reserved 1048576K
}
Event: 2769332.012 GC heap before
{Heap before GC invocations=1677 (full 0):
 PSYoungGen      total 20992K, used 20544K [0x00000000feb00000, 0x0000000100000000, 0x0000000100000000)
  eden space 20480K, 100% used [0x00000000feb00000,0x00000000fff00000,0x00000000fff00000)
  from space 512K, 12% used [0x00000000fff80000,0x00000000fff90000,0x0000000100000000)
  to   space 512K, 0% used [0x00000000fff00000,0x00000000fff00000,0x00000000fff80000)
 ParOldGen       total 44032K, used 5095K [0x00000000fc000000, 0x00000000feb00000, 0x00000000feb00000)
  object space 44032K, 11% used [0x00000000fc000000,0x00000000fc4f9e58,0x00000000feb00000)
 Metaspace       used 11960K, capacity 12300K, committed 12416K, reserved 1060864K
  class space    used 1455K, capacity 1572K, committed 1664K, reserved 1048576K
Event: 2769332.013 GC heap after
Heap after GC invocations=1677 (full 0):
 PSYoungGen      total 20992K, used 32K [0x00000000feb00000, 0x0000000100000000, 0x0000000100000000)
  eden space 20480K, 0% used [0x00000000feb00000,0x00000000feb00000,0x00000000fff00000)
  from space 512K, 6% used [0x00000000fff00000,0x00000000fff08000,0x00000000fff80000)
  to   space 512K, 0% used [0x00000000fff80000,0x00000000fff80000,0x0000000100000000)
 ParOldGen       total 44032K, used 5095K [0x00000000fc000000, 0x00000000feb00000, 0x00000000feb00000)
  object space 44032K, 11% used [0x00000000fc000000,0x00000000fc4f9e58,0x00000000feb00000)
 Metaspace       used 11960K, capacity 12300K, committed 12416K, reserved 1060864K
  class space    used 1455K, capacity 1572K, committed 1664K, reserved 1048576K
}
Event: 2770997.410 GC heap before
{Heap before GC invocations=1678 (full 0):
 PSYoungGen      total 20992K, used 20512K [0x00000000feb00000, 0x0000000100000000, 0x0000000100000000)
  eden space 20480K, 100% used [0x00000000feb00000,0x00000000fff00000,0x00000000fff00000)
  from space 512K, 6% used [0x00000000fff00000,0x00000000fff08000,0x00000000fff80000)
  to   space 512K, 0% used [0x00000000fff80000,0x00000000fff80000,0x0000000100000000)
 ParOldGen       total 44032K, used 5095K [0x00000000fc000000, 0x00000000feb00000, 0x00000000feb00000)
  object space 44032K, 11% used [0x00000000fc000000,0x00000000fc4f9e58,0x00000000feb00000)
 Metaspace       used 11960K, capacity 12300K, committed 12416K, reserved 1060864K
  class space    used 1455K, capacity 1572K, committed 1664K, reserved 1048576K
Event: 2770997.412 GC heap after
Heap after GC invocations=1678 (full 0):
 PSYoungGen      total 20992K, used 64K [0x00000000feb00000, 0x0000000100000000, 0x0000000100000000)
  eden space 20480K, 0% used [0x00000000feb00000,0x00000000feb00000,0x00000000fff00000)
  from space 512K, 12% used [0x00000000fff80000,0x00000000fff90000,0x0000000100000000)
  to   space 512K, 0% used [0x00000000fff00000,0x00000000fff00000,0x00000000fff80000)
 ParOldGen       total 44032K, used 5095K [0x00000000fc000000, 0x00000000feb00000, 0x00000000feb00000)
  object space 44032K, 11% used [0x00000000fc000000,0x00000000fc4f9e58,0x00000000feb00000)
 Metaspace       used 11960K, capacity 12300K, committed 12416K, reserved 1060864K
  class space    used 1455K, capacity 1572K, committed 1664K, reserved 1048576K
}
Event: 2772662.710 GC heap before
{Heap before GC invocations=1679 (full 0):
 PSYoungGen      total 20992K, used 20544K [0x00000000feb00000, 0x0000000100000000, 0x0000000100000000)
  eden space 20480K, 100% used [0x00000000feb00000,0x00000000fff00000,0x00000000fff00000)
  from space 512K, 12% used [0x00000000fff80000,0x00000000fff90000,0x0000000100000000)
  to   space 512K, 0% used [0x00000000fff00000,0x00000000fff00000,0x00000000fff80000)
 ParOldGen       total 44032K, used 5095K [0x00000000fc000000, 0x00000000feb00000, 0x00000000feb00000)
  object space 44032K, 11% used [0x00000000fc000000,0x00000000fc4f9e58,0x00000000feb00000)
 Metaspace       used 11960K, capacity 12300K, committed 12416K, reserved 1060864K
  class space    used 1455K, capacity 1572K, committed 1664K, reserved 1048576K
Event: 2772662.711 GC heap after
Heap after GC invocations=1679 (full 0):
 PSYoungGen      total 20992K, used 32K [0x00000000feb00000, 0x0000000100000000, 0x0000000100000000)
  eden space 20480K, 0% used [0x00000000feb00000,0x00000000feb00000,0x00000000fff00000)
  from space 512K, 6% used [0x00000000fff00000,0x00000000fff08000,0x00000000fff80000)
  to   space 512K, 0% used [0x00000000fff80000,0x00000000fff80000,0x0000000100000000)
 ParOldGen       total 44032K, used 5095K [0x00000000fc000000, 0x00000000feb00000, 0x00000000feb00000)
  object space 44032K, 11% used [0x00000000fc000000,0x00000000fc4f9e58,0x00000000feb00000)
 Metaspace       used 11960K, capacity 12300K, committed 12416K, reserved 1060864K
  class space    used 1455K, capacity 1572K, committed 1664K, reserved 1048576K
}
Event: 2774328.111 GC heap before
{Heap before GC invocations=1680 (full 0):
 PSYoungGen      total 20992K, used 20512K [0x00000000feb00000, 0x0000000100000000, 0x0000000100000000)
  eden space 20480K, 100% used [0x00000000feb00000,0x00000000fff00000,0x00000000fff00000)
  from space 512K, 6% used [0x00000000fff00000,0x00000000fff08000,0x00000000fff80000)
  to   space 512K, 0% used [0x00000000fff80000,0x00000000fff80000,0x0000000100000000)
 ParOldGen       total 44032K, used 5095K [0x00000000fc000000, 0x00000000feb00000, 0x00000000feb00000)
  object space 44032K, 11% used [0x00000000fc000000,0x00000000fc4f9e58,0x00000000feb00000)
 Metaspace       used 11960K, capacity 12300K, committed 12416K, reserved 1060864K
  class space    used 1455K, capacity 1572K, committed 1664K, reserved 1048576K
Event: 2774328.113 GC heap after
Heap after GC invocations=1680 (full 0):
 PSYoungGen      total 20992K, used 64K [0x00000000feb00000, 0x0000000100000000, 0x0000000100000000)
  eden space 20480K, 0% used [0x00000000feb00000,0x00000000feb00000,0x00000000fff00000)
  from space 512K, 12% used [0x00000000fff80000,0x00000000fff90000,0x0000000100000000)
  to   space 512K, 0% used [0x00000000fff00000,0x00000000fff00000,0x00000000fff80000)
 ParOldGen       total 44032K, used 5095K [0x00000000fc000000, 0x00000000feb00000, 0x00000000feb00000)
  object space 44032K, 11% used [0x00000000fc000000,0x00000000fc4f9e58,0x00000000feb00000)
 Metaspace       used 11960K, capacity 12300K, committed 12416K, reserved 1060864K
  class space    used 1455K, capacity 1572K, committed 1664K, reserved 1048576K
}
Event: 2775993.411 GC heap before
{Heap before GC invocations=1681 (full 0):
 PSYoungGen      total 20992K, used 20543K [0x00000000feb00000, 0x0000000100000000, 0x0000000100000000)
  eden space 20480K, 99% used [0x00000000feb00000,0x00000000ffefffe0,0x00000000fff00000)
  from space 512K, 12% used [0x00000000fff80000,0x00000000fff90000,0x0000000100000000)
  to   space 512K, 0% used [0x00000000fff00000,0x00000000fff00000,0x00000000fff80000)
 ParOldGen       total 44032K, used 5095K [0x00000000fc000000, 0x00000000feb00000, 0x00000000feb00000)
  object space 44032K, 11% used [0x00000000fc000000,0x00000000fc4f9e58,0x00000000feb00000)
 Metaspace       used 11960K, capacity 12300K, committed 12416K, reserved 1060864K
  class space    used 1455K, capacity 1572K, committed 1664K, reserved 1048576K
Event: 2775993.413 GC heap after
Heap after GC invocations=1681 (full 0):
 PSYoungGen      total 20992K, used 64K [0x00000000feb00000, 0x0000000100000000, 0x0000000100000000)
  eden space 20480K, 0% used [0x00000000feb00000,0x00000000feb00000,0x00000000fff00000)
  from space 512K, 12% used [0x00000000fff00000,0x00000000fff10000,0x00000000fff80000)
  to   space 512K, 0% used [0x00000000fff80000,0x00000000fff80000,0x0000000100000000)
 ParOldGen       total 44032K, used 5095K [0x00000000fc000000, 0x00000000feb00000, 0x00000000feb00000)
  object space 44032K, 11% used [0x00000000fc000000,0x00000000fc4f9e58,0x00000000feb00000)
 Metaspace       used 11960K, capacity 12300K, committed 12416K, reserved 1060864K
  class space    used 1455K, capacity 1572K, committed 1664K, reserved 1048576K
}
Event: 2777658.810 GC heap before
{Heap before GC invocations=1682 (full 0):
 PSYoungGen      total 20992K, used 20544K [0x00000000feb00000, 0x0000000100000000, 0x0000000100000000)
  eden space 20480K, 100% used [0x00000000feb00000,0x00000000fff00000,0x00000000fff00000)
  from space 512K, 12% used [0x00000000fff00000,0x00000000fff10000,0x00000000fff80000)
  to   space 512K, 0% used [0x00000000fff80000,0x00000000fff80000,0x0000000100000000)
 ParOldGen       total 44032K, used 5095K [0x00000000fc000000, 0x00000000feb00000, 0x00000000feb00000)
  object space 44032K, 11% used [0x00000000fc000000,0x00000000fc4f9e58,0x00000000feb00000)
 Metaspace       used 11960K, capacity 12300K, committed 12416K, reserved 1060864K
  class space    used 1455K, capacity 1572K, committed 1664K, reserved 1048576K
Event: 2777658.813 GC heap after
Heap after GC invocations=1682 (full 0):
 PSYoungGen      total 20992K, used 32K [0x00000000feb00000, 0x0000000100000000, 0x0000000100000000)
  eden space 20480K, 0% used [0x00000000feb00000,0x00000000feb00000,0x00000000fff00000)
  from space 512K, 6% used [0x00000000fff80000,0x00000000fff88000,0x0000000100000000)
  to   space 512K, 0% used [0x00000000fff00000,0x00000000fff00000,0x00000000fff80000)
 ParOldGen       total 44032K, used 5095K [0x00000000fc000000, 0x00000000feb00000, 0x00000000feb00000)
  object space 44032K, 11% used [0x00000000fc000000,0x00000000fc4f9e58,0x00000000feb00000)
 Metaspace       used 11960K, capacity 12300K, committed 12416K, reserved 1060864K
  class space    used 1455K, capacity 1572K, committed 1664K, reserved 1048576K
}
Event: 2779324.311 GC heap before
{Heap before GC invocations=1683 (full 0):
 PSYoungGen      total 20992K, used 20512K [0x00000000feb00000, 0x0000000100000000, 0x0000000100000000)
  eden space 20480K, 100% used [0x00000000feb00000,0x00000000fff00000,0x00000000fff00000)
  from space 512K, 6% used [0x00000000fff80000,0x00000000fff88000,0x0000000100000000)
  to   space 512K, 0% used [0x00000000fff00000,0x00000000fff00000,0x00000000fff80000)
 ParOldGen       total 44032K, used 5095K [0x00000000fc000000, 0x00000000feb00000, 0x00000000feb00000)
  object space 44032K, 11% used [0x00000000fc000000,0x00000000fc4f9e58,0x00000000feb00000)
 Metaspace       used 11960K, capacity 12300K, committed 12416K, reserved 1060864K
  class space    used 1455K, capacity 1572K, committed 1664K, reserved 1048576K
Event: 2779324.319 GC heap after
Heap after GC invocations=1683 (full 0):
 PSYoungGen      total 20992K, used 32K [0x00000000feb00000, 0x0000000100000000, 0x0000000100000000)
  eden space 20480K, 0% used [0x00000000feb00000,0x00000000feb00000,0x00000000fff00000)
  from space 512K, 6% used [0x00000000fff00000,0x00000000fff08000,0x00000000fff80000)
  to   space 512K, 0% used [0x00000000fff80000,0x00000000fff80000,0x0000000100000000)
 ParOldGen       total 44032K, used 5095K [0x00000000fc000000, 0x00000000feb00000, 0x00000000feb00000)
  object space 44032K, 11% used [0x00000000fc000000,0x00000000fc4f9e58,0x00000000feb00000)
 Metaspace       used 11960K, capacity 12300K, committed 12416K, reserved 1060864K
  class space    used 1455K, capacity 1572K, committed 1664K, reserved 1048576K
}
Event: 2780989.712 GC heap before
{Heap before GC invocations=1684 (full 0):
 PSYoungGen      total 20992K, used 20512K [0x00000000feb00000, 0x0000000100000000, 0x0000000100000000)
  eden space 20480K, 100% used [0x00000000feb00000,0x00000000fff00000,0x00000000fff00000)
  from space 512K, 6% used [0x00000000fff00000,0x00000000fff08000,0x00000000fff80000)
  to   space 512K, 0% used [0x00000000fff80000,0x00000000fff80000,0x0000000100000000)
 ParOldGen       total 44032K, used 5095K [0x00000000fc000000, 0x00000000feb00000, 0x00000000feb00000)
  object space 44032K, 11% used [0x00000000fc000000,0x00000000fc4f9e58,0x00000000feb00000)
 Metaspace       used 11960K, capacity 12300K, committed 12416K, reserved 1060864K
  class space    used 1455K, capacity 1572K, committed 1664K, reserved 1048576K
Event: 2780989.713 GC heap after
Heap after GC invocations=1684 (full 0):
 PSYoungGen      total 20992K, used 64K [0x00000000feb00000, 0x0000000100000000, 0x0000000100000000)
  eden space 20480K, 0% used [0x00000000feb00000,0x00000000feb00000,0x00000000fff00000)
  from space 512K, 12% used [0x00000000fff80000,0x00000000fff90000,0x0000000100000000)
  to   space 512K, 0% used [0x00000000fff00000,0x00000000fff00000,0x00000000fff80000)
 ParOldGen       total 44032K, used 5095K [0x00000000fc000000, 0x00000000feb00000, 0x00000000feb00000)
  object space 44032K, 11% used [0x00000000fc000000,0x00000000fc4f9e58,0x00000000feb00000)
 Metaspace       used 11960K, capacity 12300K, committed 12416K, reserved 1060864K
  class space    used 1455K, capacity 1572K, committed 1664K, reserved 1048576K
}
Event: 2782655.411 GC heap before
{Heap before GC invocations=1685 (full 0):
 PSYoungGen      total 20992K, used 20544K [0x00000000feb00000, 0x0000000100000000, 0x0000000100000000)
  eden space 20480K, 100% used [0x00000000feb00000,0x00000000fff00000,0x00000000fff00000)
  from space 512K, 12% used [0x00000000fff80000,0x00000000fff90000,0x0000000100000000)
  to   space 512K, 0% used [0x00000000fff00000,0x00000000fff00000,0x00000000fff80000)
 ParOldGen       total 44032K, used 5095K [0x00000000fc000000, 0x00000000feb00000, 0x00000000feb00000)
  object space 44032K, 11% used [0x00000000fc000000,0x00000000fc4f9e58,0x00000000feb00000)
 Metaspace       used 11960K, capacity 12300K, committed 12416K, reserved 1060864K
  class space    used 1455K, capacity 1572K, committed 1664K, reserved 1048576K
Event: 2782655.413 GC heap after
Heap after GC invocations=1685 (full 0):
 PSYoungGen      total 20992K, used 64K [0x00000000feb00000, 0x0000000100000000, 0x0000000100000000)
  eden space 20480K, 0% used [0x00000000feb00000,0x00000000feb00000,0x00000000fff00000)
  from space 512K, 12% used [0x00000000fff00000,0x00000000fff10000,0x00000000fff80000)
  to   space 512K, 0% used [0x00000000fff80000,0x00000000fff80000,0x0000000100000000)
 ParOldGen       total 44032K, used 5095K [0x00000000fc000000, 0x00000000feb00000, 0x00000000feb00000)
  object space 44032K, 11% used [0x00000000fc000000,0x00000000fc4f9e58,0x00000000feb00000)
 Metaspace       used 11960K, capacity 12300K, committed 12416K, reserved 1060864K
  class space    used 1455K, capacity 1572K, committed 1664K, reserved 1048576K
}
Event: 2784321.110 GC heap before
{Heap before GC invocations=1686 (full 0):
 PSYoungGen      total 20992K, used 20544K [0x00000000feb00000, 0x0000000100000000, 0x0000000100000000)
  eden space 20480K, 100% used [0x00000000feb00000,0x00000000fff00000,0x00000000fff00000)
  from space 512K, 12% used [0x00000000fff00000,0x00000000fff10000,0x00000000fff80000)
  to   space 512K, 0% used [0x00000000fff80000,0x00000000fff80000,0x0000000100000000)
 ParOldGen       total 44032K, used 5095K [0x00000000fc000000, 0x00000000feb00000, 0x00000000feb00000)
  object space 44032K, 11% used [0x00000000fc000000,0x00000000fc4f9e58,0x00000000feb00000)
 Metaspace       used 11960K, capacity 12300K, committed 12416K, reserved 1060864K
  class space    used 1455K, capacity 1572K, committed 1664K, reserved 1048576K
Event: 2784321.112 GC heap after
Heap after GC invocations=1686 (full 0):
 PSYoungGen      total 20992K, used 64K [0x00000000feb00000, 0x0000000100000000, 0x0000000100000000)
  eden space 20480K, 0% used [0x00000000feb00000,0x00000000feb00000,0x00000000fff00000)
  from space 512K, 12% used [0x00000000fff80000,0x00000000fff90000,0x0000000100000000)
  to   space 512K, 0% used [0x00000000fff00000,0x00000000fff00000,0x00000000fff80000)
 ParOldGen       total 44032K, used 5095K [0x00000000fc000000, 0x00000000feb00000, 0x00000000feb00000)
  object space 44032K, 11% used [0x00000000fc000000,0x00000000fc4f9e58,0x00000000feb00000)
 Metaspace       used 11960K, capacity 12300K, committed 12416K, reserved 1060864K
  class space    used 1455K, capacity 1572K, committed 1664K, reserved 1048576K
}
Event: 2785986.411 GC heap before
{Heap before GC invocations=1687 (full 0):
 PSYoungGen      total 20992K, used 20544K [0x00000000feb00000, 0x0000000100000000, 0x0000000100000000)
  eden space 20480K, 100% used [0x00000000feb00000,0x00000000fff00000,0x00000000fff00000)
  from space 512K, 12% used [0x00000000fff80000,0x00000000fff90000,0x0000000100000000)
  to   space 512K, 0% used [0x00000000fff00000,0x00000000fff00000,0x00000000fff80000)
 ParOldGen       total 44032K, used 5095K [0x00000000fc000000, 0x00000000feb00000, 0x00000000feb00000)
  object space 44032K, 11% used [0x00000000fc000000,0x00000000fc4f9e58,0x00000000feb00000)
 Metaspace       used 11960K, capacity 12300K, committed 12416K, reserved 1060864K
  class space    used 1455K, capacity 1572K, committed 1664K, reserved 1048576K
Event: 2785986.412 GC heap after
Heap after GC invocations=1687 (full 0):
 PSYoungGen      total 20992K, used 64K [0x00000000feb00000, 0x0000000100000000, 0x0000000100000000)
  eden space 20480K, 0% used [0x00000000feb00000,0x00000000feb00000,0x00000000fff00000)
  from space 512K, 12% used [0x00000000fff00000,0x00000000fff10000,0x00000000fff80000)
  to   space 512K, 0% used [0x00000000fff80000,0x00000000fff80000,0x0000000100000000)
 ParOldGen       total 44032K, used 5095K [0x00000000fc000000, 0x00000000feb00000, 0x00000000feb00000)
  object space 44032K, 11% used [0x00000000fc000000,0x00000000fc4f9e58,0x00000000feb00000)
 Metaspace       used 11960K, capacity 12300K, committed 12416K, reserved 1060864K
  class space    used 1455K, capacity 1572K, committed 1664K, reserved 1048576K
}
Event: 2787652.110 GC heap before
{Heap before GC invocations=1688 (full 0):
 PSYoungGen      total 20992K, used 20544K [0x00000000feb00000, 0x0000000100000000, 0x0000000100000000)
  eden space 20480K, 100% used [0x00000000feb00000,0x00000000fff00000,0x00000000fff00000)
  from space 512K, 12% used [0x00000000fff00000,0x00000000fff10000,0x00000000fff80000)
  to   space 512K, 0% used [0x00000000fff80000,0x00000000fff80000,0x0000000100000000)
 ParOldGen       total 44032K, used 5095K [0x00000000fc000000, 0x00000000feb00000, 0x00000000feb00000)
  object space 44032K, 11% used [0x00000000fc000000,0x00000000fc4f9e58,0x00000000feb00000)
 Metaspace       used 11960K, capacity 12300K, committed 12416K, reserved 1060864K
  class space    used 1455K, capacity 1572K, committed 1664K, reserved 1048576K
Event: 2787652.111 GC heap after
Heap after GC invocations=1688 (full 0):
 PSYoungGen      total 20992K, used 64K [0x00000000feb00000, 0x0000000100000000, 0x0000000100000000)
  eden space 20480K, 0% used [0x00000000feb00000,0x00000000feb00000,0x00000000fff00000)
  from space 512K, 12% used [0x00000000fff80000,0x00000000fff90000,0x0000000100000000)
  to   space 512K, 0% used [0x00000000fff00000,0x00000000fff00000,0x00000000fff80000)
 ParOldGen       total 44032K, used 5095K [0x00000000fc000000, 0x00000000feb00000, 0x00000000feb00000)
  object space 44032K, 11% used [0x00000000fc000000,0x00000000fc4f9e58,0x00000000feb00000)
 Metaspace       used 11960K, capacity 12300K, committed 12416K, reserved 1060864K
  class space    used 1455K, capacity 1572K, committed 1664K, reserved 1048576K
}
Event: 2789317.510 GC heap before
{Heap before GC invocations=1689 (full 0):
 PSYoungGen      total 20992K, used 20544K [0x00000000feb00000, 0x0000000100000000, 0x0000000100000000)
  eden space 20480K, 100% used [0x00000000feb00000,0x00000000fff00000,0x00000000fff00000)
  from space 512K, 12% used [0x00000000fff80000,0x00000000fff90000,0x0000000100000000)
  to   space 512K, 0% used [0x00000000fff00000,0x00000000fff00000,0x00000000fff80000)
 ParOldGen       total 44032K, used 5095K [0x00000000fc000000, 0x00000000feb00000, 0x00000000feb00000)
  object space 44032K, 11% used [0x00000000fc000000,0x00000000fc4f9e58,0x00000000feb00000)
 Metaspace       used 11960K, capacity 12300K, committed 12416K, reserved 1060864K
  class space    used 1455K, capacity 1572K, committed 1664K, reserved 1048576K
Event: 2789317.511 GC heap after
Heap after GC invocations=1689 (full 0):
 PSYoungGen      total 20992K, used 64K [0x00000000feb00000, 0x0000000100000000, 0x0000000100000000)
  eden space 20480K, 0% used [0x00000000feb00000,0x00000000feb00000,0x00000000fff00000)
  from space 512K, 12% used [0x00000000fff00000,0x00000000fff10000,0x00000000fff80000)
  to   space 512K, 0% used [0x00000000fff80000,0x00000000fff80000,0x0000000100000000)
 ParOldGen       total 44032K, used 5095K [0x00000000fc000000, 0x00000000feb00000, 0x00000000feb00000)
  object space 44032K, 11% used [0x00000000fc000000,0x00000000fc4f9e58,0x00000000feb00000)
 Metaspace       used 11960K, capacity 12300K, committed 12416K, reserved 1060864K
  class space    used 1455K, capacity 1572K, committed 1664K, reserved 1048576K
}
Event: 2790983.410 GC heap before
{Heap before GC invocations=1690 (full 0):
 PSYoungGen      total 20992K, used 20544K [0x00000000feb00000, 0x0000000100000000, 0x0000000100000000)
  eden space 20480K, 100% used [0x00000000feb00000,0x00000000fff00000,0x00000000fff00000)
  from space 512K, 12% used [0x00000000fff00000,0x00000000fff10000,0x00000000fff80000)
  to   space 512K, 0% used [0x00000000fff80000,0x00000000fff80000,0x0000000100000000)
 ParOldGen       total 44032K, used 5095K [0x00000000fc000000, 0x00000000feb00000, 0x00000000feb00000)
  object space 44032K, 11% used [0x00000000fc000000,0x00000000fc4f9e58,0x00000000feb00000)
 Metaspace       used 11960K, capacity 12300K, committed 12416K, reserved 1060864K
  class space    used 1455K, capacity 1572K, committed 1664K, reserved 1048576K
Event: 2790983.412 GC heap after
Heap after GC invocations=1690 (full 0):
 PSYoungGen      total 20992K, used 64K [0x00000000feb00000, 0x0000000100000000, 0x0000000100000000)
  eden space 20480K, 0% used [0x00000000feb00000,0x00000000feb00000,0x00000000fff00000)
  from space 512K, 12% used [0x00000000fff80000,0x00000000fff90000,0x0000000100000000)
  to   space 512K, 0% used [0x00000000fff00000,0x00000000fff00000,0x00000000fff80000)
 ParOldGen       total 44032K, used 5095K [0x00000000fc000000, 0x00000000feb00000, 0x00000000feb00000)
  object space 44032K, 11% used [0x00000000fc000000,0x00000000fc4f9e58,0x00000000feb00000)
 Metaspace       used 11960K, capacity 12300K, committed 12416K, reserved 1060864K
  class space    used 1455K, capacity 1572K, committed 1664K, reserved 1048576K
}
Event: 2792649.012 GC heap before
{Heap before GC invocations=1691 (full 0):
 PSYoungGen      total 20992K, used 20544K [0x00000000feb00000, 0x0000000100000000, 0x0000000100000000)
  eden space 20480K, 100% used [0x00000000feb00000,0x00000000fff00000,0x00000000fff00000)
  from space 512K, 12% used [0x00000000fff80000,0x00000000fff90000,0x0000000100000000)
  to   space 512K, 0% used [0x00000000fff00000,0x00000000fff00000,0x00000000fff80000)
 ParOldGen       total 44032K, used 5095K [0x00000000fc000000, 0x00000000feb00000, 0x00000000feb00000)
  object space 44032K, 11% used [0x00000000fc000000,0x00000000fc4f9e58,0x00000000feb00000)
 Metaspace       used 11960K, capacity 12300K, committed 12416K, reserved 1060864K
  class space    used 1455K, capacity 1572K, committed 1664K, reserved 1048576K
Event: 2792649.013 GC heap after
Heap after GC invocations=1691 (full 0):
 PSYoungGen      total 20992K, used 64K [0x00000000feb00000, 0x0000000100000000, 0x0000000100000000)
  eden space 20480K, 0% used [0x00000000feb00000,0x00000000feb00000,0x00000000fff00000)
  from space 512K, 12% used [0x00000000fff00000,0x00000000fff10000,0x00000000fff80000)
  to   space 512K, 0% used [0x00000000fff80000,0x00000000fff80000,0x0000000100000000)
 ParOldGen       total 44032K, used 5095K [0x00000000fc000000, 0x00000000feb00000, 0x00000000feb00000)
  object space 44032K, 11% used [0x00000000fc000000,0x00000000fc4f9e58,0x00000000feb00000)
 Metaspace       used 11960K, capacity 12300K, committed 12416K, reserved 1060864K
  class space    used 1455K, capacity 1572K, committed 1664K, reserved 1048576K
}
Event: 2794314.710 GC heap before
{Heap before GC invocations=1692 (full 0):
 PSYoungGen      total 20992K, used 20544K [0x00000000feb00000, 0x0000000100000000, 0x0000000100000000)
  eden space 20480K, 100% used [0x00000000feb00000,0x00000000fff00000,0x00000000fff00000)
  from space 512K, 12% used [0x00000000fff00000,0x00000000fff10000,0x00000000fff80000)
  to   space 512K, 0% used [0x00000000fff80000,0x00000000fff80000,0x0000000100000000)
 ParOldGen       total 44032K, used 5095K [0x00000000fc000000, 0x00000000feb00000, 0x00000000feb00000)
  object space 44032K, 11% used [0x00000000fc000000,0x00000000fc4f9e58,0x00000000feb00000)
 Metaspace       used 11960K, capacity 12300K, committed 12416K, reserved 1060864K
  class space    used 1455K, capacity 1572K, committed 1664K, reserved 1048576K
Event: 2794314.716 GC heap after
Heap after GC invocations=1692 (full 0):
 PSYoungGen      total 20992K, used 32K [0x00000000feb00000, 0x0000000100000000, 0x0000000100000000)
  eden space 20480K, 0% used [0x00000000feb00000,0x00000000feb00000,0x00000000fff00000)
  from space 512K, 6% used [0x00000000fff80000,0x00000000fff88000,0x0000000100000000)
  to   space 512K, 0% used [0x00000000fff00000,0x00000000fff00000,0x00000000fff80000)
 ParOldGen       total 44032K, used 5095K [0x00000000fc000000, 0x00000000feb00000, 0x00000000feb00000)
  object space 44032K, 11% used [0x00000000fc000000,0x00000000fc4f9e58,0x00000000feb00000)
 Metaspace       used 11960K, capacity 12300K, committed 12416K, reserved 1060864K
  class space    used 1455K, capacity 1572K, committed 1664K, reserved 1048576K
}
Event: 2795980.410 GC heap before
{Heap before GC invocations=1693 (full 0):
 PSYoungGen      total 20992K, used 20512K [0x00000000feb00000, 0x0000000100000000, 0x0000000100000000)
  eden space 20480K, 100% used [0x00000000feb00000,0x00000000fff00000,0x00000000fff00000)
  from space 512K, 6% used [0x00000000fff80000,0x00000000fff88000,0x0000000100000000)
  to   space 512K, 0% used [0x00000000fff00000,0x00000000fff00000,0x00000000fff80000)
 ParOldGen       total 44032K, used 5095K [0x00000000fc000000, 0x00000000feb00000, 0x00000000feb00000)
  object space 44032K, 11% used [0x00000000fc000000,0x00000000fc4f9e58,0x00000000feb00000)
 Metaspace       used 11960K, capacity 12300K, committed 12416K, reserved 1060864K
  class space    used 1455K, capacity 1572K, committed 1664K, reserved 1048576K
Event: 2795980.411 GC heap after
Heap after GC invocations=1693 (full 0):
 PSYoungGen      total 20992K, used 64K [0x00000000feb00000, 0x0000000100000000, 0x0000000100000000)
  eden space 20480K, 0% used [0x00000000feb00000,0x00000000feb00000,0x00000000fff00000)
  from space 512K, 12% used [0x00000000fff00000,0x00000000fff10000,0x00000000fff80000)
  to   space 512K, 0% used [0x00000000fff80000,0x00000000fff80000,0x0000000100000000)
 ParOldGen       total 44032K, used 5095K [0x00000000fc000000, 0x00000000feb00000, 0x00000000feb00000)
  object space 44032K, 11% used [0x00000000fc000000,0x00000000fc4f9e58,0x00000000feb00000)
 Metaspace       used 11960K, capacity 12300K, committed 12416K, reserved 1060864K
  class space    used 1455K, capacity 1572K, committed 1664K, reserved 1048576K
}
Event: 2797646.310 GC heap before
{Heap before GC invocations=1694 (full 0):
 PSYoungGen      total 20992K, used 20544K [0x00000000feb00000, 0x0000000100000000, 0x0000000100000000)
  eden space 20480K, 100% used [0x00000000feb00000,0x00000000fff00000,0x00000000fff00000)
  from space 512K, 12% used [0x00000000fff00000,0x00000000fff10000,0x00000000fff80000)
  to   space 512K, 0% used [0x00000000fff80000,0x00000000fff80000,0x0000000100000000)
 ParOldGen       total 44032K, used 5095K [0x00000000fc000000, 0x00000000feb00000, 0x00000000feb00000)
  object space 44032K, 11% used [0x00000000fc000000,0x00000000fc4f9e58,0x00000000feb00000)
 Metaspace       used 11960K, capacity 12300K, committed 12416K, reserved 1060864K
  class space    used 1455K, capacity 1572K, committed 1664K, reserved 1048576K
Event: 2797646.311 GC heap after
Heap after GC invocations=1694 (full 0):
 PSYoungGen      total 20992K, used 64K [0x00000000feb00000, 0x0000000100000000, 0x0000000100000000)
  eden space 20480K, 0% used [0x00000000feb00000,0x00000000feb00000,0x00000000fff00000)
  from space 512K, 12% used [0x00000000fff80000,0x00000000fff90000,0x0000000100000000)
  to   space 512K, 0% used [0x00000000fff00000,0x00000000fff00000,0x00000000fff80000)
 ParOldGen       total 44032K, used 5095K [0x00000000fc000000, 0x00000000feb00000, 0x00000000feb00000)
  object space 44032K, 11% used [0x00000000fc000000,0x00000000fc4f9e58,0x00000000feb00000)
 Metaspace       used 11960K, capacity 12300K, committed 12416K, reserved 1060864K
  class space    used 1455K, capacity 1572K, committed 1664K, reserved 1048576K
}
Event: 2799311.910 GC heap before
{Heap before GC invocations=1695 (full 0):
 PSYoungGen      total 20992K, used 20544K [0x00000000feb00000, 0x0000000100000000, 0x0000000100000000)
  eden space 20480K, 100% used [0x00000000feb00000,0x00000000fff00000,0x00000000fff00000)
  from space 512K, 12% used [0x00000000fff80000,0x00000000fff90000,0x0000000100000000)
  to   space 512K, 0% used [0x00000000fff00000,0x00000000fff00000,0x00000000fff80000)
 ParOldGen       total 44032K, used 5095K [0x00000000fc000000, 0x00000000feb00000, 0x00000000feb00000)
  object space 44032K, 11% used [0x00000000fc000000,0x00000000fc4f9e58,0x00000000feb00000)
 Metaspace       used 11960K, capacity 12300K, committed 12416K, reserved 1060864K
  class space    used 1455K, capacity 1572K, committed 1664K, reserved 1048576K
Event: 2799311.911 GC heap after
Heap after GC invocations=1695 (full 0):
 PSYoungGen      total 20992K, used 64K [0x00000000feb00000, 0x0000000100000000, 0x0000000100000000)
  eden space 20480K, 0% used [0x00000000feb00000,0x00000000feb00000,0x00000000fff00000)
  from space 512K, 12% used [0x00000000fff00000,0x00000000fff10000,0x00000000fff80000)
  to   space 512K, 0% used [0x00000000fff80000,0x00000000fff80000,0x0000000100000000)
 ParOldGen       total 44032K, used 5095K [0x00000000fc000000, 0x00000000feb00000, 0x00000000feb00000)
  object space 44032K, 11% used [0x00000000fc000000,0x00000000fc4f9e58,0x00000000feb00000)
 Metaspace       used 11960K, capacity 12300K, committed 12416K, reserved 1060864K
  class space    used 1455K, capacity 1572K, committed 1664K, reserved 1048576K
}
Event: 2799945.946 GC heap before
{Heap before GC invocations=1696 (full 0):
 PSYoungGen      total 20992K, used 8639K [0x00000000feb00000, 0x0000000100000000, 0x0000000100000000)
  eden space 20480K, 41% used [0x00000000feb00000,0x00000000ff35fc60,0x00000000fff00000)
  from space 512K, 12% used [0x00000000fff00000,0x00000000fff10000,0x00000000fff80000)
  to   space 512K, 0% used [0x00000000fff80000,0x00000000fff80000,0x0000000100000000)
 ParOldGen       total 44032K, used 5095K [0x00000000fc000000, 0x00000000feb00000, 0x00000000feb00000)
  object space 44032K, 11% used [0x00000000fc000000,0x00000000fc4f9e58,0x00000000feb00000)
 Metaspace       used 12222K, capacity 12538K, committed 12672K, reserved 1064960K
  class space    used 1484K, capacity 1609K, committed 1664K, reserved 1048576K
Event: 2799945.949 GC heap after
Heap after GC invocations=1696 (full 0):
 PSYoungGen      total 20992K, used 96K [0x00000000feb00000, 0x0000000100000000, 0x0000000100000000)
  eden space 20480K, 0% used [0x00000000feb00000,0x00000000feb00000,0x00000000fff00000)
  from space 512K, 18% used [0x00000000fff80000,0x00000000fff98000,0x0000000100000000)
  to   space 512K, 0% used [0x00000000fff00000,0x00000000fff00000,0x00000000fff80000)
 ParOldGen       total 44032K, used 5095K [0x00000000fc000000, 0x00000000feb00000, 0x00000000feb00000)
  object space 44032K, 11% used [0x00000000fc000000,0x00000000fc4f9e58,0x00000000feb00000)
 Metaspace       used 12222K, capacity 12538K, committed 12672K, reserved 1064960K
  class space    used 1484K, capacity 1609K, committed 1664K, reserved 1048576K
}
Event: 2799945.950 GC heap before
{Heap before GC invocations=1697 (full 1):
 PSYoungGen      total 20992K, used 96K [0x00000000feb00000, 0x0000000100000000, 0x0000000100000000)
  eden space 20480K, 0% used [0x00000000feb00000,0x00000000feb00000,0x00000000fff00000)
  from space 512K, 18% used [0x00000000fff80000,0x00000000fff98000,0x0000000100000000)
  to   space 512K, 0% used [0x00000000fff00000,0x00000000fff00000,0x00000000fff80000)
 ParOldGen       total 44032K, used 5095K [0x00000000fc000000, 0x00000000feb00000, 0x00000000feb00000)
  object space 44032K, 11% used [0x00000000fc000000,0x00000000fc4f9e58,0x00000000feb00000)
 Metaspace       used 12222K, capacity 12538K, committed 12672K, reserved 1064960K
  class space    used 1484K, capacity 1609K, committed 1664K, reserved 1048576K
Event: 2799946.220 GC heap after
Heap after GC invocations=1697 (full 1):
 PSYoungGen      total 20992K, used 0K [0x00000000feb00000, 0x0000000100000000, 0x0000000100000000)
  eden space 20480K, 0% used [0x00000000feb00000,0x00000000feb00000,0x00000000fff00000)
  from space 512K, 0% used [0x00000000fff80000,0x00000000fff80000,0x0000000100000000)
  to   space 512K, 0% used [0x00000000fff00000,0x00000000fff00000,0x00000000fff80000)
 ParOldGen       total 44032K, used 2276K [0x00000000fc000000, 0x00000000feb00000, 0x00000000feb00000)
  object space 44032K, 5% used [0x00000000fc000000,0x00000000fc239280,0x00000000feb00000)
 Metaspace       used 12206K, capacity 12510K, committed 12672K, reserved 1062912K
  class space    used 1477K, capacity 1597K, committed 1664K, reserved 1048576K
}
Event: 2799946.234 GC heap before
{Heap before GC invocations=1698 (full 1):
 PSYoungGen      total 20992K, used 451K [0x00000000feb00000, 0x0000000100000000, 0x0000000100000000)
  eden space 20480K, 2% used [0x00000000feb00000,0x00000000feb70c80,0x00000000fff00000)
  from space 512K, 0% used [0x00000000fff80000,0x00000000fff80000,0x0000000100000000)
  to   space 512K, 0% used [0x00000000fff00000,0x00000000fff00000,0x00000000fff80000)
 ParOldGen       total 44032K, used 2276K [0x00000000fc000000, 0x00000000feb00000, 0x00000000feb00000)
  object space 44032K, 5% used [0x00000000fc000000,0x00000000fc239280,0x00000000feb00000)
 Metaspace       used 12210K, capacity 12516K, committed 12672K, reserved 1067008K
  class space    used 1478K, capacity 1598K, committed 1664K, reserved 1048576K
Event: 2799946.236 GC heap after
Heap after GC invocations=1698 (full 1):
 PSYoungGen      total 20992K, used 64K [0x00000000feb00000, 0x0000000100000000, 0x0000000100000000)
  eden space 20480K, 0% used [0x00000000feb00000,0x00000000feb00000,0x00000000fff00000)
  from space 512K, 12% used [0x00000000fff00000,0x00000000fff10000,0x00000000fff80000)
  to   space 512K, 0% used [0x00000000fff80000,0x00000000fff80000,0x0000000100000000)
 ParOldGen       total 44032K, used 2276K [0x00000000fc000000, 0x00000000feb00000, 0x00000000feb00000)
  object space 44032K, 5% used [0x00000000fc000000,0x00000000fc239280,0x00000000feb00000)
 Metaspace       used 12210K, capacity 12516K, committed 12672K, reserved 1067008K
  class space    used 1478K, capacity 1598K, committed 1664K, reserved 1048576K
}
Event: 2799946.236 GC heap before
{Heap before GC invocations=1699 (full 2):
 PSYoungGen      total 20992K, used 64K [0x00000000feb00000, 0x0000000100000000, 0x0000000100000000)
  eden space 20480K, 0% used [0x00000000feb00000,0x00000000feb00000,0x00000000fff00000)
  from space 512K, 12% used [0x00000000fff00000,0x00000000fff10000,0x00000000fff80000)
  to   space 512K, 0% used [0x00000000fff80000,0x00000000fff80000,0x0000000100000000)
 ParOldGen       total 44032K, used 2276K [0x00000000fc000000, 0x00000000feb00000, 0x00000000feb00000)
  object space 44032K, 5% used [0x00000000fc000000,0x00000000fc239280,0x00000000feb00000)
 Metaspace       used 12210K, capacity 12516K, committed 12672K, reserved 1067008K
  class space    used 1478K, capacity 1598K, committed 1664K, reserved 1048576K
Event: 2799946.246 GC heap after
Heap after GC invocations=1699 (full 2):
 PSYoungGen      total 20992K, used 0K [0x00000000feb00000, 0x0000000100000000, 0x0000000100000000)
  eden space 20480K, 0% used [0x00000000feb00000,0x00000000feb00000,0x00000000fff00000)
  from space 512K, 0% used [0x00000000fff00000,0x00000000fff00000,0x00000000fff80000)
  to   space 512K, 0% used [0x00000000fff80000,0x00000000fff80000,0x0000000100000000)
 ParOldGen       total 44032K, used 2252K [0x00000000fc000000, 0x00000000feb00000, 0x00000000feb00000)
  object space 44032K, 5% used [0x00000000fc000000,0x00000000fc233310,0x00000000feb00000)
 Metaspace       used 12210K, capacity 12516K, committed 12672K, reserved 1062912K
  class space    used 1478K, capacity 1598K, committed 1664K, reserved 1048576K
}
Event: 2799946.246 GC heap before
{Heap before GC invocations=1700 (full 2):
 PSYoungGen      total 20992K, used 0K [0x00000000feb00000, 0x0000000100000000, 0x0000000100000000)
  eden space 20480K, 0% used [0x00000000feb00000,0x00000000feb00000,0x00000000fff00000)
  from space 512K, 0% used [0x00000000fff00000,0x00000000fff00000,0x00000000fff80000)
  to   space 512K, 0% used [0x00000000fff80000,0x00000000fff80000,0x0000000100000000)
 ParOldGen       total 44032K, used 2252K [0x00000000fc000000, 0x00000000feb00000, 0x00000000feb00000)
  object space 44032K, 5% used [0x00000000fc000000,0x00000000fc233310,0x00000000feb00000)
 Metaspace       used 12210K, capacity 12516K, committed 12672K, reserved 1067008K
  class space    used 1478K, capacity 1598K, committed 1664K, reserved 1048576K
Event: 2799946.247 GC heap after
Heap after GC invocations=1700 (full 2):
 PSYoungGen      total 20992K, used 0K [0x00000000feb00000, 0x0000000100000000, 0x0000000100000000)
  eden space 20480K, 0% used [0x00000000feb00000,0x00000000feb00000,0x00000000fff00000)
  from space 512K, 0% used [0x00000000fff80000,0x00000000fff80000,0x0000000100000000)
  to   space 512K, 0% used [0x00000000fff00000,0x00000000fff00000,0x00000000fff80000)
 ParOldGen       total 44032K, used 2252K [0x00000000fc000000, 0x00000000feb00000, 0x00000000feb00000)
  object space 44032K, 5% used [0x00000000fc000000,0x00000000fc233310,0x00000000feb00000)
 Metaspace       used 12210K, capacity 12516K, committed 12672K, reserved 1067008K
  class space    used 1478K, capacity 1598K, committed 1664K, reserved 1048576K
}
Event: 2799946.247 GC heap before
{Heap before GC invocations=1701 (full 3):
 PSYoungGen      total 20992K, used 0K [0x00000000feb00000, 0x0000000100000000, 0x0000000100000000)
  eden space 20480K, 0% used [0x00000000feb00000,0x00000000feb00000,0x00000000fff00000)
  from space 512K, 0% used [0x00000000fff80000,0x00000000fff80000,0x0000000100000000)
  to   space 512K, 0% used [0x00000000fff00000,0x00000000fff00000,0x00000000fff80000)
 ParOldGen       total 44032K, used 2252K [0x00000000fc000000, 0x00000000feb00000, 0x00000000feb00000)
  object space 44032K, 5% used [0x00000000fc000000,0x00000000fc233310,0x00000000feb00000)
 Metaspace       used 12210K, capacity 12516K, committed 12672K, reserved 1067008K
  class space    used 1478K, capacity 1598K, committed 1664K, reserved 1048576K
Event: 2799946.261 GC heap after
Heap after GC invocations=1701 (full 3):
 PSYoungGen      total 20992K, used 0K [0x00000000feb00000, 0x0000000100000000, 0x0000000100000000)
  eden space 20480K, 0% used [0x00000000feb00000,0x00000000feb00000,0x00000000fff00000)
  from space 512K, 0% used [0x00000000fff80000,0x00000000fff80000,0x0000000100000000)
  to   space 512K, 0% used [0x00000000fff00000,0x00000000fff00000,0x00000000fff80000)
 ParOldGen       total 44032K, used 2247K [0x00000000fc000000, 0x00000000feb00000, 0x00000000feb00000)
  object space 44032K, 5% used [0x00000000fc000000,0x00000000fc231f60,0x00000000feb00000)
 Metaspace       used 12210K, capacity 12516K, committed 12672K, reserved 1062912K
  class space    used 1478K, capacity 1598K, committed 1664K, reserved 1048576K
}
Event: 2799946.262 GC heap before
{Heap before GC invocations=1702 (full 3):
 PSYoungGen      total 20992K, used 0K [0x00000000feb00000, 0x0000000100000000, 0x0000000100000000)
  eden space 20480K, 0% used [0x00000000feb00000,0x00000000feb00000,0x00000000fff00000)
  from space 512K, 0% used [0x00000000fff80000,0x00000000fff80000,0x0000000100000000)
  to   space 512K, 0% used [0x00000000fff00000,0x00000000fff00000,0x00000000fff80000)
 ParOldGen       total 44032K, used 2247K [0x00000000fc000000, 0x00000000feb00000, 0x00000000feb00000)
  object space 44032K, 5% used [0x00000000fc000000,0x00000000fc231f60,0x00000000feb00000)
 Metaspace       used 12210K, capacity 12516K, committed 12672K, reserved 1071104K
  class space    used 1478K, capacity 1598K, committed 1664K, reserved 1048576K
Event: 2799946.263 GC heap after
Heap after GC invocations=1702 (full 3):
 PSYoungGen      total 20992K, used 0K [0x00000000feb00000, 0x0000000100000000, 0x0000000100000000)
  eden space 20480K, 0% used [0x00000000feb00000,0x00000000feb00000,0x00000000fff00000)
  from space 512K, 0% used [0x00000000fff00000,0x00000000fff00000,0x00000000fff80000)
  to   space 512K, 0% used [0x00000000fff80000,0x00000000fff80000,0x0000000100000000)
 ParOldGen       total 44032K, used 2247K [0x00000000fc000000, 0x00000000feb00000, 0x00000000feb00000)
  object space 44032K, 5% used [0x00000000fc000000,0x00000000fc231f60,0x00000000feb00000)
 Metaspace       used 12210K, capacity 12516K, committed 12672K, reserved 1071104K
  class space    used 1478K, capacity 1598K, committed 1664K, reserved 1048576K
}
Event: 2799946.263 GC heap before
{Heap before GC invocations=1703 (full 4):
 PSYoungGen      total 20992K, used 0K [0x00000000feb00000, 0x0000000100000000, 0x0000000100000000)
  eden space 20480K, 0% used [0x00000000feb00000,0x00000000feb00000,0x00000000fff00000)
  from space 512K, 0% used [0x00000000fff00000,0x00000000fff00000,0x00000000fff80000)
  to   space 512K, 0% used [0x00000000fff80000,0x00000000fff80000,0x0000000100000000)
 ParOldGen       total 44032K, used 2247K [0x00000000fc000000, 0x00000000feb00000, 0x00000000feb00000)
  object space 44032K, 5% used [0x00000000fc000000,0x00000000fc231f60,0x00000000feb00000)
 Metaspace       used 12210K, capacity 12516K, committed 12672K, reserved 1071104K
  class space    used 1478K, capacity 1598K, committed 1664K, reserved 1048576K
Event: 2799946.279 GC heap after
Heap after GC invocations=1703 (full 4):
 PSYoungGen      total 20992K, used 0K [0x00000000feb00000, 0x0000000100000000, 0x0000000100000000)
  eden space 20480K, 0% used [0x00000000feb00000,0x00000000feb00000,0x00000000fff00000)
  from space 512K, 0% used [0x00000000fff00000,0x00000000fff00000,0x00000000fff80000)
  to   space 512K, 0% used [0x00000000fff80000,0x00000000fff80000,0x0000000100000000)
 ParOldGen       total 44032K, used 2247K [0x00000000fc000000, 0x00000000feb00000, 0x00000000feb00000)
  object space 44032K, 5% used [0x00000000fc000000,0x00000000fc231c80,0x00000000feb00000)
 Metaspace       used 12210K, capacity 12516K, committed 12672K, reserved 1062912K
  class space    used 1478K, capacity 1598K, committed 1664K, reserved 1048576K
}
Event: 2799946.279 GC heap before
{Heap before GC invocations=1704 (full 4):
 PSYoungGen      total 20992K, used 0K [0x00000000feb00000, 0x0000000100000000, 0x0000000100000000)
  eden space 20480K, 0% used [0x00000000feb00000,0x00000000feb00000,0x00000000fff00000)
  from space 512K, 0% used [0x00000000fff00000,0x00000000fff00000,0x00000000fff80000)
  to   space 512K, 0% used [0x00000000fff80000,0x00000000fff80000,0x0000000100000000)
 ParOldGen       total 44032K, used 2247K [0x00000000fc000000, 0x00000000feb00000, 0x00000000feb00000)
  object space 44032K, 5% used [0x00000000fc000000,0x00000000fc231c80,0x00000000feb00000)
 Metaspace       used 12210K, capacity 12516K, committed 12672K, reserved 1067008K
  class space    used 1478K, capacity 1598K, committed 1664K, reserved 1048576K
Event: 2799946.280 GC heap after
Heap after GC invocations=1704 (full 4):
 PSYoungGen      total 20992K, used 0K [0x00000000feb00000, 0x0000000100000000, 0x0000000100000000)
  eden space 20480K, 0% used [0x00000000feb00000,0x00000000feb00000,0x00000000fff00000)
  from space 512K, 0% used [0x00000000fff80000,0x00000000fff80000,0x0000000100000000)
  to   space 512K, 0% used [0x00000000fff00000,0x00000000fff00000,0x00000000fff80000)
 ParOldGen       total 44032K, used 2247K [0x00000000fc000000, 0x00000000feb00000, 0x00000000feb00000)
  object space 44032K, 5% used [0x00000000fc000000,0x00000000fc231c80,0x00000000feb00000)
 Metaspace       used 12210K, capacity 12516K, committed 12672K, reserved 1067008K
  class space    used 1478K, capacity 1598K, committed 1664K, reserved 1048576K
}
Event: 2799946.280 GC heap before
{Heap before GC invocations=1705 (full 5):
 PSYoungGen      total 20992K, used 0K [0x00000000feb00000, 0x0000000100000000, 0x0000000100000000)
  eden space 20480K, 0% used [0x00000000feb00000,0x00000000feb00000,0x00000000fff00000)
  from space 512K, 0% used [0x00000000fff80000,0x00000000fff80000,0x0000000100000000)
  to   space 512K, 0% used [0x00000000fff00000,0x00000000fff00000,0x00000000fff80000)
 ParOldGen       total 44032K, used 2247K [0x00000000fc000000, 0x00000000feb00000, 0x00000000feb00000)
  object space 44032K, 5% used [0x00000000fc000000,0x00000000fc231c80,0x00000000feb00000)
 Metaspace       used 12210K, capacity 12516K, committed 12672K, reserved 1067008K
  class space    used 1478K, capacity 1598K, committed 1664K, reserved 1048576K
Event: 2799946.291 GC heap after
Heap after GC invocations=1705 (full 5):
 PSYoungGen      total 20992K, used 0K [0x00000000feb00000, 0x0000000100000000, 0x0000000100000000)
  eden space 20480K, 0% used [0x00000000feb00000,0x00000000feb00000,0x00000000fff00000)
  from space 512K, 0% used [0x00000000fff80000,0x00000000fff80000,0x0000000100000000)
  to   space 512K, 0% used [0x00000000fff00000,0x00000000fff00000,0x00000000fff80000)
 ParOldGen       total 44032K, used 2247K [0x00000000fc000000, 0x00000000feb00000, 0x00000000feb00000)
  object space 44032K, 5% used [0x00000000fc000000,0x00000000fc231c80,0x00000000feb00000)
 Metaspace       used 12210K, capacity 12516K, committed 12672K, reserved 1062912K
  class space    used 1478K, capacity 1598K, committed 1664K, reserved 1048576K
}
Event: 2799946.291 GC heap before
{Heap before GC invocations=1706 (full 5):
 PSYoungGen      total 20992K, used 0K [0x00000000feb00000, 0x0000000100000000, 0x0000000100000000)
  eden space 20480K, 0% used [0x00000000feb00000,0x00000000feb00000,0x00000000fff00000)
  from space 512K, 0% used [0x00000000fff80000,0x00000000fff80000,0x0000000100000000)
  to   space 512K, 0% used [0x00000000fff00000,0x00000000fff00000,0x00000000fff80000)
 ParOldGen       total 44032K, used 2247K [0x00000000fc000000, 0x00000000feb00000, 0x00000000feb00000)
  object space 44032K, 5% used [0x00000000fc000000,0x00000000fc231c80,0x00000000feb00000)
 Metaspace       used 12210K, capacity 12516K, committed 12672K, reserved 1067008K
  class space    used 1478K, capacity 1598K, committed 1664K, reserved 1048576K
Event: 2799946.292 GC heap after
Heap after GC invocations=1706 (full 5):
 PSYoungGen      total 20992K, used 0K [0x00000000feb00000, 0x0000000100000000, 0x0000000100000000)
  eden space 20480K, 0% used [0x00000000feb00000,0x00000000feb00000,0x00000000fff00000)
  from space 512K, 0% used [0x00000000fff00000,0x00000000fff00000,0x00000000fff80000)
  to   space 512K, 0% used [0x00000000fff80000,0x00000000fff80000,0x0000000100000000)
 ParOldGen       total 44032K, used 2247K [0x00000000fc000000, 0x00000000feb00000, 0x00000000feb00000)
  object space 44032K, 5% used [0x00000000fc000000,0x00000000fc231c80,0x00000000feb00000)
 Metaspace       used 12210K, capacity 12516K, committed 12672K, reserved 1067008K
  class space    used 1478K, capacity 1598K, committed 1664K, reserved 1048576K
}
Event: 2799946.292 GC heap before
{Heap before GC invocations=1707 (full 6):
 PSYoungGen      total 20992K, used 0K [0x00000000feb00000, 0x0000000100000000, 0x0000000100000000)
  eden space 20480K, 0% used [0x00000000feb00000,0x00000000feb00000,0x00000000fff00000)
  from space 512K, 0% used [0x00000000fff00000,0x00000000fff00000,0x00000000fff80000)
  to   space 512K, 0% used [0x00000000fff80000,0x00000000fff80000,0x0000000100000000)
 ParOldGen       total 44032K, used 2247K [0x00000000fc000000, 0x00000000feb00000, 0x00000000feb00000)
  object space 44032K, 5% used [0x00000000fc000000,0x00000000fc231c80,0x00000000feb00000)
 Metaspace       used 12210K, capacity 12516K, committed 12672K, reserved 1067008K
  class space    used 1478K, capacity 1598K, committed 1664K, reserved 1048576K
Event: 2799946.303 GC heap after
Heap after GC invocations=1707 (full 6):
 PSYoungGen      total 20992K, used 0K [0x00000000feb00000, 0x0000000100000000, 0x0000000100000000)
  eden space 20480K, 0% used [0x00000000feb00000,0x00000000feb00000,0x00000000fff00000)
  from space 512K, 0% used [0x00000000fff00000,0x00000000fff00000,0x00000000fff80000)
  to   space 512K, 0% used [0x00000000fff80000,0x00000000fff80000,0x0000000100000000)
 ParOldGen       total 44032K, used 2246K [0x00000000fc000000, 0x00000000feb00000, 0x00000000feb00000)
  object space 44032K, 5% used [0x00000000fc000000,0x00000000fc231a78,0x00000000feb00000)
 Metaspace       used 12210K, capacity 12516K, committed 12672K, reserved 1062912K
  class space    used 1478K, capacity 1598K, committed 1664K, reserved 1048576K
}
Event: 2799946.303 GC heap before
{Heap before GC invocations=1708 (full 6):
 PSYoungGen      total 20992K, used 0K [0x00000000feb00000, 0x0000000100000000, 0x0000000100000000)
  eden space 20480K, 0% used [0x00000000feb00000,0x00000000feb00000,0x00000000fff00000)
  from space 512K, 0% used [0x00000000fff00000,0x00000000fff00000,0x00000000fff80000)
  to   space 512K, 0% used [0x00000000fff80000,0x00000000fff80000,0x0000000100000000)
 ParOldGen       total 44032K, used 2246K [0x00000000fc000000, 0x00000000feb00000, 0x00000000feb00000)
  object space 44032K, 5% used [0x00000000fc000000,0x00000000fc231a78,0x00000000feb00000)
 Metaspace       used 12210K, capacity 12516K, committed 12672K, reserved 1067008K
  class space    used 1478K, capacity 1598K, committed 1664K, reserved 1048576K
Event: 2799946.303 GC heap after
Heap after GC invocations=1708 (full 6):
 PSYoungGen      total 20992K, used 0K [0x00000000feb00000, 0x0000000100000000, 0x0000000100000000)
  eden space 20480K, 0% used [0x00000000feb00000,0x00000000feb00000,0x00000000fff00000)
  from space 512K, 0% used [0x00000000fff80000,0x00000000fff80000,0x0000000100000000)
  to   space 512K, 0% used [0x00000000fff00000,0x00000000fff00000,0x00000000fff80000)
 ParOldGen       total 44032K, used 2246K [0x00000000fc000000, 0x00000000feb00000, 0x00000000feb00000)
  object space 44032K, 5% used [0x00000000fc000000,0x00000000fc231a78,0x00000000feb00000)
 Metaspace       used 12210K, capacity 12516K, committed 12672K, reserved 1067008K
  class space    used 1478K, capacity 1598K, committed 1664K, reserved 1048576K
}
Event: 2799946.304 GC heap before
{Heap before GC invocations=1709 (full 7):
 PSYoungGen      total 20992K, used 0K [0x00000000feb00000, 0x0000000100000000, 0x0000000100000000)
  eden space 20480K, 0% used [0x00000000feb00000,0x00000000feb00000,0x00000000fff00000)
  from space 512K, 0% used [0x00000000fff80000,0x00000000fff80000,0x0000000100000000)
  to   space 512K, 0% used [0x00000000fff00000,0x00000000fff00000,0x00000000fff80000)
 ParOldGen       total 44032K, used 2246K [0x00000000fc000000, 0x00000000feb00000, 0x00000000feb00000)
  object space 44032K, 5% used [0x00000000fc000000,0x00000000fc231a78,0x00000000feb00000)
 Metaspace       used 12210K, capacity 12516K, committed 12672K, reserved 1067008K
  class space    used 1478K, capacity 1598K, committed 1664K, reserved 1048576K
Event: 2799946.313 GC heap after
Heap after GC invocations=1709 (full 7):
 PSYoungGen      total 20992K, used 0K [0x00000000feb00000, 0x0000000100000000, 0x0000000100000000)
  eden space 20480K, 0% used [0x00000000feb00000,0x00000000feb00000,0x00000000fff00000)
  from space 512K, 0% used [0x00000000fff80000,0x00000000fff80000,0x0000000100000000)
  to   space 512K, 0% used [0x00000000fff00000,0x00000000fff00000,0x00000000fff80000)
 ParOldGen       total 44032K, used 2246K [0x00000000fc000000, 0x00000000feb00000, 0x00000000feb00000)
  object space 44032K, 5% used [0x00000000fc000000,0x00000000fc231a78,0x00000000feb00000)
 Metaspace       used 12210K, capacity 12516K, committed 12672K, reserved 1062912K
  class space    used 1478K, capacity 1598K, committed 1664K, reserved 1048576K
}
Event: 2799946.314 GC heap before
{Heap before GC invocations=1710 (full 7):
 PSYoungGen      total 20992K, used 411K [0x00000000feb00000, 0x0000000100000000, 0x0000000100000000)
  eden space 20480K, 2% used [0x00000000feb00000,0x00000000feb66e88,0x00000000fff00000)
  from space 512K, 0% used [0x00000000fff80000,0x00000000fff80000,0x0000000100000000)
  to   space 512K, 0% used [0x00000000fff00000,0x00000000fff00000,0x00000000fff80000)
 ParOldGen       total 44032K, used 2246K [0x00000000fc000000, 0x00000000feb00000, 0x00000000feb00000)
  object space 44032K, 5% used [0x00000000fc000000,0x00000000fc231a78,0x00000000feb00000)
 Metaspace       used 12210K, capacity 12516K, committed 12672K, reserved 1069056K
  class space    used 1478K, capacity 1598K, committed 1664K, reserved 1048576K
Event: 2799946.316 GC heap after
Heap after GC invocations=1710 (full 7):
 PSYoungGen      total 20992K, used 64K [0x00000000feb00000, 0x0000000100000000, 0x0000000100000000)
  eden space 20480K, 0% used [0x00000000feb00000,0x00000000feb00000,0x00000000fff00000)
  from space 512K, 12% used [0x00000000fff00000,0x00000000fff10000,0x00000000fff80000)
  to   space 512K, 0% used [0x00000000fff80000,0x00000000fff80000,0x0000000100000000)
 ParOldGen       total 44032K, used 2246K [0x00000000fc000000, 0x00000000feb00000, 0x00000000feb00000)
  object space 44032K, 5% used [0x00000000fc000000,0x00000000fc231a78,0x00000000feb00000)
 Metaspace       used 12210K, capacity 12516K, committed 12672K, reserved 1069056K
  class space    used 1478K, capacity 1598K, committed 1664K, reserved 1048576K
}
Event: 2799946.316 GC heap before
{Heap before GC invocations=1711 (full 8):
 PSYoungGen      total 20992K, used 64K [0x00000000feb00000, 0x0000000100000000, 0x0000000100000000)
  eden space 20480K, 0% used [0x00000000feb00000,0x00000000feb00000,0x00000000fff00000)
  from space 512K, 12% used [0x00000000fff00000,0x00000000fff10000,0x00000000fff80000)
  to   space 512K, 0% used [0x00000000fff80000,0x00000000fff80000,0x0000000100000000)
 ParOldGen       total 44032K, used 2246K [0x00000000fc000000, 0x00000000feb00000, 0x00000000feb00000)
  object space 44032K, 5% used [0x00000000fc000000,0x00000000fc231a78,0x00000000feb00000)
 Metaspace       used 12210K, capacity 12516K, committed 12672K, reserved 1069056K
  class space    used 1478K, capacity 1598K, committed 1664K, reserved 1048576K
Event: 2799946.331 GC heap after
Heap after GC invocations=1711 (full 8):
 PSYoungGen      total 20992K, used 0K [0x00000000feb00000, 0x0000000100000000, 0x0000000100000000)
  eden space 20480K, 0% used [0x00000000feb00000,0x00000000feb00000,0x00000000fff00000)
  from space 512K, 0% used [0x00000000fff00000,0x00000000fff00000,0x00000000fff80000)
  to   space 512K, 0% used [0x00000000fff80000,0x00000000fff80000,0x0000000100000000)
 ParOldGen       total 44032K, used 2242K [0x00000000fc000000, 0x00000000feb00000, 0x00000000feb00000)
  object space 44032K, 5% used [0x00000000fc000000,0x00000000fc230a60,0x00000000feb00000)
 Metaspace       used 12210K, capacity 12516K, committed 12672K, reserved 1062912K
  class space    used 1478K, capacity 1598K, committed 1664K, reserved 1048576K
}
Event: 2799946.331 GC heap before
{Heap before GC invocations=1712 (full 8):
 PSYoungGen      total 20992K, used 0K [0x00000000feb00000, 0x0000000100000000, 0x0000000100000000)
  eden space 20480K, 0% used [0x00000000feb00000,0x00000000feb00000,0x00000000fff00000)
  from space 512K, 0% used [0x00000000fff00000,0x00000000fff00000,0x00000000fff80000)
  to   space 512K, 0% used [0x00000000fff80000,0x00000000fff80000,0x0000000100000000)
 ParOldGen       total 44032K, used 2242K [0x00000000fc000000, 0x00000000feb00000, 0x00000000feb00000)
  object space 44032K, 5% used [0x00000000fc000000,0x00000000fc230a60,0x00000000feb00000)
 Metaspace       used 12210K, capacity 12516K, committed 12672K, reserved 1067008K
  class space    used 1478K, capacity 1598K, committed 1664K, reserved 1048576K
Event: 2799946.332 GC heap after
Heap after GC invocations=1712 (full 8):
 PSYoungGen      total 20992K, used 0K [0x00000000feb00000, 0x0000000100000000, 0x0000000100000000)
  eden space 20480K, 0% used [0x00000000feb00000,0x00000000feb00000,0x00000000fff00000)
  from space 512K, 0% used [0x00000000fff80000,0x00000000fff80000,0x0000000100000000)
  to   space 512K, 0% used [0x00000000fff00000,0x00000000fff00000,0x00000000fff80000)
 ParOldGen       total 44032K, used 2242K [0x00000000fc000000, 0x00000000feb00000, 0x00000000feb00000)
  object space 44032K, 5% used [0x00000000fc000000,0x00000000fc230a60,0x00000000feb00000)
 Metaspace       used 12210K, capacity 12516K, committed 12672K, reserved 1067008K
  class space    used 1478K, capacity 1598K, committed 1664K, reserved 1048576K
}
Event: 2799946.332 GC heap before
{Heap before GC invocations=1713 (full 9):
 PSYoungGen      total 20992K, used 0K [0x00000000feb00000, 0x0000000100000000, 0x0000000100000000)
  eden space 20480K, 0% used [0x00000000feb00000,0x00000000feb00000,0x00000000fff00000)
  from space 512K, 0% used [0x00000000fff80000,0x00000000fff80000,0x0000000100000000)
  to   space 512K, 0% used [0x00000000fff00000,0x00000000fff00000,0x00000000fff80000)
 ParOldGen       total 44032K, used 2242K [0x00000000fc000000, 0x00000000feb00000, 0x00000000feb00000)
  object space 44032K, 5% used [0x00000000fc000000,0x00000000fc230a60,0x00000000feb00000)
 Metaspace       used 12210K, capacity 12516K, committed 12672K, reserved 1067008K
  class space    used 1478K, capacity 1598K, committed 1664K, reserved 1048576K
Event: 2799946.341 GC heap after
Heap after GC invocations=1713 (full 9):
 PSYoungGen      total 20992K, used 0K [0x00000000feb00000, 0x0000000100000000, 0x0000000100000000)
  eden space 20480K, 0% used [0x00000000feb00000,0x00000000feb00000,0x00000000fff00000)
  from space 512K, 0% used [0x00000000fff80000,0x00000000fff80000,0x0000000100000000)
  to   space 512K, 0% used [0x00000000fff00000,0x00000000fff00000,0x00000000fff80000)
 ParOldGen       total 44032K, used 2236K [0x00000000fc000000, 0x00000000feb00000, 0x00000000feb00000)
  object space 44032K, 5% used [0x00000000fc000000,0x00000000fc22f338,0x00000000feb00000)
 Metaspace       used 12203K, capacity 12504K, committed 12672K, reserved 1062912K
  class space    used 1477K, capacity 1596K, committed 1664K, reserved 1048576K
}
Event: 2799946.342 GC heap before
{Heap before GC invocations=1714 (full 9):
 PSYoungGen      total 20992K, used 2K [0x00000000feb00000, 0x0000000100000000, 0x0000000100000000)
  eden space 20480K, 0% used [0x00000000feb00000,0x00000000feb00858,0x00000000fff00000)
  from space 512K, 0% used [0x00000000fff80000,0x00000000fff80000,0x0000000100000000)
  to   space 512K, 0% used [0x00000000fff00000,0x00000000fff00000,0x00000000fff80000)
 ParOldGen       total 44032K, used 2236K [0x00000000fc000000, 0x00000000feb00000, 0x00000000feb00000)
  object space 44032K, 5% used [0x00000000fc000000,0x00000000fc22f338,0x00000000feb00000)
 Metaspace       used 12203K, capacity 12504K, committed 12672K, reserved 1069056K
  class space    used 1477K, capacity 1596K, committed 1664K, reserved 1048576K
Event: 2799946.342 GC heap after
Heap after GC invocations=1714 (full 9):
 PSYoungGen      total 20992K, used 32K [0x00000000feb00000, 0x0000000100000000, 0x0000000100000000)
  eden space 20480K, 0% used [0x00000000feb00000,0x00000000feb00000,0x00000000fff00000)
  from space 512K, 6% used [0x00000000fff00000,0x00000000fff08000,0x00000000fff80000)
  to   space 512K, 0% used [0x00000000fff80000,0x00000000fff80000,0x0000000100000000)
 ParOldGen       total 44032K, used 2236K [0x00000000fc000000, 0x00000000feb00000, 0x00000000feb00000)
  object space 44032K, 5% used [0x00000000fc000000,0x00000000fc22f338,0x00000000feb00000)
 Metaspace       used 12203K, capacity 12504K, committed 12672K, reserved 1069056K
  class space    used 1477K, capacity 1596K, committed 1664K, reserved 1048576K
}
Event: 2799946.342 GC heap before
{Heap before GC invocations=1715 (full 10):
 PSYoungGen      total 20992K, used 32K [0x00000000feb00000, 0x0000000100000000, 0x0000000100000000)
  eden space 20480K, 0% used [0x00000000feb00000,0x00000000feb00000,0x00000000fff00000)
  from space 512K, 6% used [0x00000000fff00000,0x00000000fff08000,0x00000000fff80000)
  to   space 512K, 0% used [0x00000000fff80000,0x00000000fff80000,0x0000000100000000)
 ParOldGen       total 44032K, used 2236K [0x00000000fc000000, 0x00000000feb00000, 0x00000000feb00000)
  object space 44032K, 5% used [0x00000000fc000000,0x00000000fc22f338,0x00000000feb00000)
 Metaspace       used 12203K, capacity 12504K, committed 12672K, reserved 1069056K
  class space    used 1477K, capacity 1596K, committed 1664K, reserved 1048576K
Event: 2799946.357 GC heap after
Heap after GC invocations=1715 (full 10):
 PSYoungGen      total 20992K, used 0K [0x00000000feb00000, 0x0000000100000000, 0x0000000100000000)
  eden space 20480K, 0% used [0x00000000feb00000,0x00000000feb00000,0x00000000fff00000)
  from space 512K, 0% used [0x00000000fff00000,0x00000000fff00000,0x00000000fff80000)
  to   space 512K, 0% used [0x00000000fff80000,0x00000000fff80000,0x0000000100000000)
 ParOldGen       total 44032K, used 2236K [0x00000000fc000000, 0x00000000feb00000, 0x00000000feb00000)
  object space 44032K, 5% used [0x00000000fc000000,0x00000000fc22f2e8,0x00000000feb00000)
 Metaspace       used 12203K, capacity 12504K, committed 12672K, reserved 1062912K
  class space    used 1477K, capacity 1596K, committed 1664K, reserved 1048576K
}
Event: 2799946.357 GC heap before
{Heap before GC invocations=1716 (full 10):
 PSYoungGen      total 20992K, used 0K [0x00000000feb00000, 0x0000000100000000, 0x0000000100000000)
  eden space 20480K, 0% used [0x00000000feb00000,0x00000000feb00000,0x00000000fff00000)
  from space 512K, 0% used [0x00000000fff00000,0x00000000fff00000,0x00000000fff80000)
  to   space 512K, 0% used [0x00000000fff80000,0x00000000fff80000,0x0000000100000000)
 ParOldGen       total 44032K, used 2236K [0x00000000fc000000, 0x00000000feb00000, 0x00000000feb00000)
  object space 44032K, 5% used [0x00000000fc000000,0x00000000fc22f2e8,0x00000000feb00000)
 Metaspace       used 12203K, capacity 12504K, committed 12672K, reserved 1067008K
  class space    used 1477K, capacity 1596K, committed 1664K, reserved 1048576K
Event: 2799946.358 GC heap after
Heap after GC invocations=1716 (full 10):
 PSYoungGen      total 20992K, used 0K [0x00000000feb00000, 0x0000000100000000, 0x0000000100000000)
  eden space 20480K, 0% used [0x00000000feb00000,0x00000000feb00000,0x00000000fff00000)
  from space 512K, 0% used [0x00000000fff80000,0x00000000fff80000,0x0000000100000000)
  to   space 512K, 0% used [0x00000000fff00000,0x00000000fff00000,0x00000000fff80000)
 ParOldGen       total 44032K, used 2236K [0x00000000fc000000, 0x00000000feb00000, 0x00000000feb00000)
  object space 44032K, 5% used [0x00000000fc000000,0x00000000fc22f2e8,0x00000000feb00000)
 Metaspace       used 12203K, capacity 12504K, committed 12672K, reserved 1067008K
  class space    used 1477K, capacity 1596K, committed 1664K, reserved 1048576K
}
Event: 2799946.358 GC heap before
{Heap before GC invocations=1717 (full 11):
 PSYoungGen      total 20992K, used 0K [0x00000000feb00000, 0x0000000100000000, 0x0000000100000000)
  eden space 20480K, 0% used [0x00000000feb00000,0x00000000feb00000,0x00000000fff00000)
  from space 512K, 0% used [0x00000000fff80000,0x00000000fff80000,0x0000000100000000)
  to   space 512K, 0% used [0x00000000fff00000,0x00000000fff00000,0x00000000fff80000)
 ParOldGen       total 44032K, used 2236K [0x00000000fc000000, 0x00000000feb00000, 0x00000000feb00000)
  object space 44032K, 5% used [0x00000000fc000000,0x00000000fc22f2e8,0x00000000feb00000)
 Metaspace       used 12203K, capacity 12504K, committed 12672K, reserved 1067008K
  class space    used 1477K, capacity 1596K, committed 1664K, reserved 1048576K
Event: 2799946.366 GC heap after
Heap after GC invocations=1717 (full 11):
 PSYoungGen      total 20992K, used 0K [0x00000000feb00000, 0x0000000100000000, 0x0000000100000000)
  eden space 20480K, 0% used [0x00000000feb00000,0x00000000feb00000,0x00000000fff00000)
  from space 512K, 0% used [0x00000000fff80000,0x00000000fff80000,0x0000000100000000)
  to   space 512K, 0% used [0x00000000fff00000,0x00000000fff00000,0x00000000fff80000)
 ParOldGen       total 44032K, used 2236K [0x00000000fc000000, 0x00000000feb00000, 0x00000000feb00000)
  object space 44032K, 5% used [0x00000000fc000000,0x00000000fc22f2e8,0x00000000feb00000)
 Metaspace       used 12203K, capacity 12504K, committed 12672K, reserved 1062912K
  class space    used 1477K, capacity 1596K, committed 1664K, reserved 1048576K
}
Event: 2799946.367 GC heap before
{Heap before GC invocations=1718 (full 11):
 PSYoungGen      total 20992K, used 0K [0x00000000feb00000, 0x0000000100000000, 0x0000000100000000)
  eden space 20480K, 0% used [0x00000000feb00000,0x00000000feb00018,0x00000000fff00000)
  from space 512K, 0% used [0x00000000fff80000,0x00000000fff80000,0x0000000100000000)
  to   space 512K, 0% used [0x00000000fff00000,0x00000000fff00000,0x00000000fff80000)
 ParOldGen       total 44032K, used 2236K [0x00000000fc000000, 0x00000000feb00000, 0x00000000feb00000)
  object space 44032K, 5% used [0x00000000fc000000,0x00000000fc22f2e8,0x00000000feb00000)
 Metaspace       used 12203K, capacity 12504K, committed 12672K, reserved 1069056K
  class space    used 1477K, capacity 1596K, committed 1664K, reserved 1048576K
Event: 2799946.367 GC heap after
Heap after GC invocations=1718 (full 11):
 PSYoungGen      total 20992K, used 32K [0x00000000feb00000, 0x0000000100000000, 0x0000000100000000)
  eden space 20480K, 0% used [0x00000000feb00000,0x00000000feb00000,0x00000000fff00000)
  from space 512K, 6% used [0x00000000fff00000,0x00000000fff08000,0x00000000fff80000)
  to   space 512K, 0% used [0x00000000fff80000,0x00000000fff80000,0x0000000100000000)
 ParOldGen       total 44032K, used 2236K [0x00000000fc000000, 0x00000000feb00000, 0x00000000feb00000)
  object space 44032K, 5% used [0x00000000fc000000,0x00000000fc22f2e8,0x00000000feb00000)
 Metaspace       used 12203K, capacity 12504K, committed 12672K, reserved 1069056K
  class space    used 1477K, capacity 1596K, committed 1664K, reserved 1048576K
}
Event: 2799946.367 GC heap before
{Heap before GC invocations=1719 (full 12):
 PSYoungGen      total 20992K, used 32K [0x00000000feb00000, 0x0000000100000000, 0x0000000100000000)
  eden space 20480K, 0% used [0x00000000feb00000,0x00000000feb00000,0x00000000fff00000)
  from space 512K, 6% used [0x00000000fff00000,0x00000000fff08000,0x00000000fff80000)
  to   space 512K, 0% used [0x00000000fff80000,0x00000000fff80000,0x0000000100000000)
 ParOldGen       total 44032K, used 2236K [0x00000000fc000000, 0x00000000feb00000, 0x00000000feb00000)
  object space 44032K, 5% used [0x00000000fc000000,0x00000000fc22f2e8,0x00000000feb00000)
 Metaspace       used 12203K, capacity 12504K, committed 12672K, reserved 1069056K
  class space    used 1477K, capacity 1596K, committed 1664K, reserved 1048576K
Event: 2799946.381 GC heap after
Heap after GC invocations=1719 (full 12):
 PSYoungGen      total 20992K, used 0K [0x00000000feb00000, 0x0000000100000000, 0x0000000100000000)
  eden space 20480K, 0% used [0x00000000feb00000,0x00000000feb00000,0x00000000fff00000)
  from space 512K, 0% used [0x00000000fff00000,0x00000000fff00000,0x00000000fff80000)
  to   space 512K, 0% used [0x00000000fff80000,0x00000000fff80000,0x0000000100000000)
 ParOldGen       total 44032K, used 2236K [0x00000000fc000000, 0x00000000feb00000, 0x00000000feb00000)
  object space 44032K, 5% used [0x00000000fc000000,0x00000000fc22f028,0x00000000feb00000)
 Metaspace       used 12203K, capacity 12504K, committed 12672K, reserved 1062912K
  class space    used 1477K, capacity 1596K, committed 1664K, reserved 1048576K
}
Event: 2799946.381 GC heap before
{Heap before GC invocations=1720 (full 12):
 PSYoungGen      total 20992K, used 0K [0x00000000feb00000, 0x0000000100000000, 0x0000000100000000)
  eden space 20480K, 0% used [0x00000000feb00000,0x00000000feb00000,0x00000000fff00000)
  from space 512K, 0% used [0x00000000fff00000,0x00000000fff00000,0x00000000fff80000)
  to   space 512K, 0% used [0x00000000fff80000,0x00000000fff80000,0x0000000100000000)
 ParOldGen       total 44032K, used 2236K [0x00000000fc000000, 0x00000000feb00000, 0x00000000feb00000)
  object space 44032K, 5% used [0x00000000fc000000,0x00000000fc22f028,0x00000000feb00000)
 Metaspace       used 12203K, capacity 12504K, committed 12672K, reserved 1067008K
  class space    used 1477K, capacity 1596K, committed 1664K, reserved 1048576K
Event: 2799946.382 GC heap after
Heap after GC invocations=1720 (full 12):
 PSYoungGen      total 20992K, used 0K [0x00000000feb00000, 0x0000000100000000, 0x0000000100000000)
  eden space 20480K, 0% used [0x00000000feb00000,0x00000000feb00000,0x00000000fff00000)
  from space 512K, 0% used [0x00000000fff80000,0x00000000fff80000,0x0000000100000000)
  to   space 512K, 0% used [0x00000000fff00000,0x00000000fff00000,0x00000000fff80000)
 ParOldGen       total 44032K, used 2236K [0x00000000fc000000, 0x00000000feb00000, 0x00000000feb00000)
  object space 44032K, 5% used [0x00000000fc000000,0x00000000fc22f028,0x00000000feb00000)
 Metaspace       used 12203K, capacity 12504K, committed 12672K, reserved 1067008K
  class space    used 1477K, capacity 1596K, committed 1664K, reserved 1048576K
}
Event: 2799946.382 GC heap before
{Heap before GC invocations=1721 (full 13):
 PSYoungGen      total 20992K, used 0K [0x00000000feb00000, 0x0000000100000000, 0x0000000100000000)
  eden space 20480K, 0% used [0x00000000feb00000,0x00000000feb00000,0x00000000fff00000)
  from space 512K, 0% used [0x00000000fff80000,0x00000000fff80000,0x0000000100000000)
  to   space 512K, 0% used [0x00000000fff00000,0x00000000fff00000,0x00000000fff80000)
 ParOldGen       total 44032K, used 2236K [0x00000000fc000000, 0x00000000feb00000, 0x00000000feb00000)
  object space 44032K, 5% used [0x00000000fc000000,0x00000000fc22f028,0x00000000feb00000)
 Metaspace       used 12203K, capacity 12504K, committed 12672K, reserved 1067008K
  class space    used 1477K, capacity 1596K, committed 1664K, reserved 1048576K
Event: 2799946.390 GC heap after
Heap after GC invocations=1721 (full 13):
 PSYoungGen      total 20992K, used 0K [0x00000000feb00000, 0x0000000100000000, 0x0000000100000000)
  eden space 20480K, 0% used [0x00000000feb00000,0x00000000feb00000,0x00000000fff00000)
  from space 512K, 0% used [0x00000000fff80000,0x00000000fff80000,0x0000000100000000)
  to   space 512K, 0% used [0x00000000fff00000,0x00000000fff00000,0x00000000fff80000)
 ParOldGen       total 44032K, used 2236K [0x00000000fc000000, 0x00000000feb00000, 0x00000000feb00000)
  object space 44032K, 5% used [0x00000000fc000000,0x00000000fc22f028,0x00000000feb00000)
 Metaspace       used 12203K, capacity 12504K, committed 12672K, reserved 1062912K
  class space    used 1477K, capacity 1596K, committed 1664K, reserved 1048576K
}
Event: 2799946.392 GC heap before
{Heap before GC invocations=1722 (full 13):
 PSYoungGen      total 20992K, used 2K [0x00000000feb00000, 0x0000000100000000, 0x0000000100000000)
  eden space 20480K, 0% used [0x00000000feb00000,0x00000000feb00910,0x00000000fff00000)
  from space 512K, 0% used [0x00000000fff80000,0x00000000fff80000,0x0000000100000000)
  to   space 512K, 0% used [0x00000000fff00000,0x00000000fff00000,0x00000000fff80000)
 ParOldGen       total 44032K, used 2236K [0x00000000fc000000, 0x00000000feb00000, 0x00000000feb00000)
  object space 44032K, 5% used [0x00000000fc000000,0x00000000fc22f028,0x00000000feb00000)
 Metaspace       used 12203K, capacity 12504K, committed 12672K, reserved 1069056K
  class space    used 1477K, capacity 1596K, committed 1664K, reserved 1048576K
Event: 2799946.393 GC heap after
Heap after GC invocations=1722 (full 13):
 PSYoungGen      total 20992K, used 32K [0x00000000feb00000, 0x0000000100000000, 0x0000000100000000)
  eden space 20480K, 0% used [0x00000000feb00000,0x00000000feb00000,0x00000000fff00000)
  from space 512K, 6% used [0x00000000fff00000,0x00000000fff08000,0x00000000fff80000)
  to   space 512K, 0% used [0x00000000fff80000,0x00000000fff80000,0x0000000100000000)
 ParOldGen       total 44032K, used 2236K [0x00000000fc000000, 0x00000000feb00000, 0x00000000feb00000)
  object space 44032K, 5% used [0x00000000fc000000,0x00000000fc22f028,0x00000000feb00000)
 Metaspace       used 12203K, capacity 12504K, committed 12672K, reserved 1069056K
  class space    used 1477K, capacity 1596K, committed 1664K, reserved 1048576K
}
Event: 2799946.394 GC heap before
{Heap before GC invocations=1723 (full 14):
 PSYoungGen      total 20992K, used 32K [0x00000000feb00000, 0x0000000100000000, 0x0000000100000000)
  eden space 20480K, 0% used [0x00000000feb00000,0x00000000feb00000,0x00000000fff00000)
  from space 512K, 6% used [0x00000000fff00000,0x00000000fff08000,0x00000000fff80000)
  to   space 512K, 0% used [0x00000000fff80000,0x00000000fff80000,0x0000000100000000)
 ParOldGen       total 44032K, used 2236K [0x00000000fc000000, 0x00000000feb00000, 0x00000000feb00000)
  object space 44032K, 5% used [0x00000000fc000000,0x00000000fc22f028,0x00000000feb00000)
 Metaspace       used 12203K, capacity 12504K, committed 12672K, reserved 1069056K
  class space    used 1477K, capacity 1596K, committed 1664K, reserved 1048576K
Event: 2799946.409 GC heap after
Heap after GC invocations=1723 (full 14):
 PSYoungGen      total 20992K, used 0K [0x00000000feb00000, 0x0000000100000000, 0x0000000100000000)
  eden space 20480K, 0% used [0x00000000feb00000,0x00000000feb00000,0x00000000fff00000)
  from space 512K, 0% used [0x00000000fff00000,0x00000000fff00000,0x00000000fff80000)
  to   space 512K, 0% used [0x00000000fff80000,0x00000000fff80000,0x0000000100000000)
 ParOldGen       total 44032K, used 2235K [0x00000000fc000000, 0x00000000feb00000, 0x00000000feb00000)
  object space 44032K, 5% used [0x00000000fc000000,0x00000000fc22efd8,0x00000000feb00000)
 Metaspace       used 12203K, capacity 12504K, committed 12672K, reserved 1062912K
  class space    used 1477K, capacity 1596K, committed 1664K, reserved 1048576K
}
Event: 2799946.409 GC heap before
{Heap before GC invocations=1724 (full 14):
 PSYoungGen      total 20992K, used 0K [0x00000000feb00000, 0x0000000100000000, 0x0000000100000000)
  eden space 20480K, 0% used [0x00000000feb00000,0x00000000feb00000,0x00000000fff00000)
  from space 512K, 0% used [0x00000000fff00000,0x00000000fff00000,0x00000000fff80000)
  to   space 512K, 0% used [0x00000000fff80000,0x00000000fff80000,0x0000000100000000)
 ParOldGen       total 44032K, used 2235K [0x00000000fc000000, 0x00000000feb00000, 0x00000000feb00000)
  object space 44032K, 5% used [0x00000000fc000000,0x00000000fc22efd8,0x00000000feb00000)
 Metaspace       used 12203K, capacity 12504K, committed 12672K, reserved 1067008K
  class space    used 1477K, capacity 1596K, committed 1664K, reserved 1048576K
Event: 2799946.410 GC heap after
Heap after GC invocations=1724 (full 14):
 PSYoungGen      total 20992K, used 0K [0x00000000feb00000, 0x0000000100000000, 0x0000000100000000)
  eden space 20480K, 0% used [0x00000000feb00000,0x00000000feb00000,0x00000000fff00000)
  from space 512K, 0% used [0x00000000fff80000,0x00000000fff80000,0x0000000100000000)
  to   space 512K, 0% used [0x00000000fff00000,0x00000000fff00000,0x00000000fff80000)
 ParOldGen       total 44032K, used 2235K [0x00000000fc000000, 0x00000000feb00000, 0x00000000feb00000)
  object space 44032K, 5% used [0x00000000fc000000,0x00000000fc22efd8,0x00000000feb00000)
 Metaspace       used 12203K, capacity 12504K, committed 12672K, reserved 1067008K
  class space    used 1477K, capacity 1596K, committed 1664K, reserved 1048576K
}
Event: 2799946.410 GC heap before
{Heap before GC invocations=1725 (full 15):
 PSYoungGen      total 20992K, used 0K [0x00000000feb00000, 0x0000000100000000, 0x0000000100000000)
  eden space 20480K, 0% used [0x00000000feb00000,0x00000000feb00000,0x00000000fff00000)
  from space 512K, 0% used [0x00000000fff80000,0x00000000fff80000,0x0000000100000000)
  to   space 512K, 0% used [0x00000000fff00000,0x00000000fff00000,0x00000000fff80000)
 ParOldGen       total 44032K, used 2235K [0x00000000fc000000, 0x00000000feb00000, 0x00000000feb00000)
  object space 44032K, 5% used [0x00000000fc000000,0x00000000fc22efd8,0x00000000feb00000)
 Metaspace       used 12203K, capacity 12504K, committed 12672K, reserved 1067008K
  class space    used 1477K, capacity 1596K, committed 1664K, reserved 1048576K
Event: 2799946.420 GC heap after
Heap after GC invocations=1725 (full 15):
 PSYoungGen      total 20992K, used 0K [0x00000000feb00000, 0x0000000100000000, 0x0000000100000000)
  eden space 20480K, 0% used [0x00000000feb00000,0x00000000feb00000,0x00000000fff00000)
  from space 512K, 0% used [0x00000000fff80000,0x00000000fff80000,0x0000000100000000)
  to   space 512K, 0% used [0x00000000fff00000,0x00000000fff00000,0x00000000fff80000)
 ParOldGen       total 44032K, used 2235K [0x00000000fc000000, 0x00000000feb00000, 0x00000000feb00000)
  object space 44032K, 5% used [0x00000000fc000000,0x00000000fc22ef70,0x00000000feb00000)
 Metaspace       used 12203K, capacity 12504K, committed 12672K, reserved 1062912K
  class space    used 1477K, capacity 1596K, committed 1664K, reserved 1048576K
}
Event: 2799946.421 GC heap before
{Heap before GC invocations=1726 (full 15):
 PSYoungGen      total 20992K, used 409K [0x00000000feb00000, 0x0000000100000000, 0x0000000100000000)
  eden space 20480K, 1% used [0x00000000feb00000,0x00000000feb66658,0x00000000fff00000)
  from space 512K, 0% used [0x00000000fff80000,0x00000000fff80000,0x0000000100000000)
  to   space 512K, 0% used [0x00000000fff00000,0x00000000fff00000,0x00000000fff80000)
 ParOldGen       total 44032K, used 2235K [0x00000000fc000000, 0x00000000feb00000, 0x00000000feb00000)
  object space 44032K, 5% used [0x00000000fc000000,0x00000000fc22ef70,0x00000000feb00000)
 Metaspace       used 12203K, capacity 12504K, committed 12672K, reserved 1069056K
  class space    used 1477K, capacity 1596K, committed 1664K, reserved 1048576K
Event: 2799946.422 GC heap after
Heap after GC invocations=1726 (full 15):
 PSYoungGen      total 20992K, used 32K [0x00000000feb00000, 0x0000000100000000, 0x0000000100000000)
  eden space 20480K, 0% used [0x00000000feb00000,0x00000000feb00000,0x00000000fff00000)
  from space 512K, 6% used [0x00000000fff00000,0x00000000fff08000,0x00000000fff80000)
  to   space 512K, 0% used [0x00000000fff80000,0x00000000fff80000,0x0000000100000000)
 ParOldGen       total 44032K, used 2235K [0x00000000fc000000, 0x00000000feb00000, 0x00000000feb00000)
  object space 44032K, 5% used [0x00000000fc000000,0x00000000fc22ef70,0x00000000feb00000)
 Metaspace       used 12203K, capacity 12504K, committed 12672K, reserved 1069056K
  class space    used 1477K, capacity 1596K, committed 1664K, reserved 1048576K
}
Event: 2799946.423 GC heap before
{Heap before GC invocations=1727 (full 16):
 PSYoungGen      total 20992K, used 32K [0x00000000feb00000, 0x0000000100000000, 0x0000000100000000)
  eden space 20480K, 0% used [0x00000000feb00000,0x00000000feb00000,0x00000000fff00000)
  from space 512K, 6% used [0x00000000fff00000,0x00000000fff08000,0x00000000fff80000)
  to   space 512K, 0% used [0x00000000fff80000,0x00000000fff80000,0x0000000100000000)
 ParOldGen       total 44032K, used 2235K [0x00000000fc000000, 0x00000000feb00000, 0x00000000feb00000)
  object space 44032K, 5% used [0x00000000fc000000,0x00000000fc22ef70,0x00000000feb00000)
 Metaspace       used 12203K, capacity 12504K, committed 12672K, reserved 1069056K
  class space    used 1477K, capacity 1596K, committed 1664K, reserved 1048576K
Event: 2799946.442 GC heap after
Heap after GC invocations=1727 (full 16):
 PSYoungGen      total 20992K, used 0K [0x00000000feb00000, 0x0000000100000000, 0x0000000100000000)
  eden space 20480K, 0% used [0x00000000feb00000,0x00000000feb00000,0x00000000fff00000)
  from space 512K, 0% used [0x00000000fff00000,0x00000000fff00000,0x00000000fff80000)
  to   space 512K, 0% used [0x00000000fff80000,0x00000000fff80000,0x0000000100000000)
 ParOldGen       total 44032K, used 2234K [0x00000000fc000000, 0x00000000feb00000, 0x00000000feb00000)
  object space 44032K, 5% used [0x00000000fc000000,0x00000000fc22e878,0x00000000feb00000)
 Metaspace       used 12203K, capacity 12504K, committed 12672K, reserved 1062912K
  class space    used 1477K, capacity 1596K, committed 1664K, reserved 1048576K
}
Event: 2799946.442 GC heap before
{Heap before GC invocations=1728 (full 16):
 PSYoungGen      total 20992K, used 0K [0x00000000feb00000, 0x0000000100000000, 0x0000000100000000)
  eden space 20480K, 0% used [0x00000000feb00000,0x00000000feb00000,0x00000000fff00000)
  from space 512K, 0% used [0x00000000fff00000,0x00000000fff00000,0x00000000fff80000)
  to   space 512K, 0% used [0x00000000fff80000,0x00000000fff80000,0x0000000100000000)
 ParOldGen       total 44032K, used 2234K [0x00000000fc000000, 0x00000000feb00000, 0x00000000feb00000)
  object space 44032K, 5% used [0x00000000fc000000,0x00000000fc22e878,0x00000000feb00000)
 Metaspace       used 12203K, capacity 12504K, committed 12672K, reserved 1067008K
  class space    used 1477K, capacity 1596K, committed 1664K, reserved 1048576K
Event: 2799946.443 GC heap after
Heap after GC invocations=1728 (full 16):
 PSYoungGen      total 20992K, used 0K [0x00000000feb00000, 0x0000000100000000, 0x0000000100000000)
  eden space 20480K, 0% used [0x00000000feb00000,0x00000000feb00000,0x00000000fff00000)
  from space 512K, 0% used [0x00000000fff80000,0x00000000fff80000,0x0000000100000000)
  to   space 512K, 0% used [0x00000000fff00000,0x00000000fff00000,0x00000000fff80000)
 ParOldGen       total 44032K, used 2234K [0x00000000fc000000, 0x00000000feb00000, 0x00000000feb00000)
  object space 44032K, 5% used [0x00000000fc000000,0x00000000fc22e878,0x00000000feb00000)
 Metaspace       used 12203K, capacity 12504K, committed 12672K, reserved 1067008K
  class space    used 1477K, capacity 1596K, committed 1664K, reserved 1048576K
}
Event: 2799946.444 GC heap before
{Heap before GC invocations=1729 (full 17):
 PSYoungGen      total 20992K, used 0K [0x00000000feb00000, 0x0000000100000000, 0x0000000100000000)
  eden space 20480K, 0% used [0x00000000feb00000,0x00000000feb00000,0x00000000fff00000)
  from space 512K, 0% used [0x00000000fff80000,0x00000000fff80000,0x0000000100000000)
  to   space 512K, 0% used [0x00000000fff00000,0x00000000fff00000,0x00000000fff80000)
 ParOldGen       total 44032K, used 2234K [0x00000000fc000000, 0x00000000feb00000, 0x00000000feb00000)
  object space 44032K, 5% used [0x00000000fc000000,0x00000000fc22e878,0x00000000feb00000)
 Metaspace       used 12203K, capacity 12504K, committed 12672K, reserved 1067008K
  class space    used 1477K, capacity 1596K, committed 1664K, reserved 1048576K
Event: 2799946.454 GC heap after
Heap after GC invocations=1729 (full 17):
 PSYoungGen      total 20992K, used 0K [0x00000000feb00000, 0x0000000100000000, 0x0000000100000000)
  eden space 20480K, 0% used [0x00000000feb00000,0x00000000feb00000,0x00000000fff00000)
  from space 512K, 0% used [0x00000000fff80000,0x00000000fff80000,0x0000000100000000)
  to   space 512K, 0% used [0x00000000fff00000,0x00000000fff00000,0x00000000fff80000)
 ParOldGen       total 44032K, used 2234K [0x00000000fc000000, 0x00000000feb00000, 0x00000000feb00000)
  object space 44032K, 5% used [0x00000000fc000000,0x00000000fc22e878,0x00000000feb00000)
 Metaspace       used 12203K, capacity 12504K, committed 12672K, reserved 1062912K
  class space    used 1477K, capacity 1596K, committed 1664K, reserved 1048576K
}
Event: 2799946.455 GC heap before
{Heap before GC invocations=1730 (full 17):
 PSYoungGen      total 20992K, used 409K [0x00000000feb00000, 0x0000000100000000, 0x0000000100000000)
  eden space 20480K, 1% used [0x00000000feb00000,0x00000000feb66660,0x00000000fff00000)
  from space 512K, 0% used [0x00000000fff80000,0x00000000fff80000,0x0000000100000000)
  to   space 512K, 0% used [0x00000000fff00000,0x00000000fff00000,0x00000000fff80000)
 ParOldGen       total 44032K, used 2234K [0x00000000fc000000, 0x00000000feb00000, 0x00000000feb00000)
  object space 44032K, 5% used [0x00000000fc000000,0x00000000fc22e878,0x00000000feb00000)
 Metaspace       used 12203K, capacity 12504K, committed 12672K, reserved 1069056K
  class space    used 1477K, capacity 1596K, committed 1664K, reserved 1048576K
Event: 2799946.456 GC heap after
Heap after GC invocations=1730 (full 17):
 PSYoungGen      total 20992K, used 32K [0x00000000feb00000, 0x0000000100000000, 0x0000000100000000)
  eden space 20480K, 0% used [0x00000000feb00000,0x00000000feb00000,0x00000000fff00000)
  from space 512K, 6% used [0x00000000fff00000,0x00000000fff08000,0x00000000fff80000)
  to   space 512K, 0% used [0x00000000fff80000,0x00000000fff80000,0x0000000100000000)
 ParOldGen       total 44032K, used 2234K [0x00000000fc000000, 0x00000000feb00000, 0x00000000feb00000)
  object space 44032K, 5% used [0x00000000fc000000,0x00000000fc22e878,0x00000000feb00000)
 Metaspace       used 12203K, capacity 12504K, committed 12672K, reserved 1069056K
  class space    used 1477K, capacity 1596K, committed 1664K, reserved 1048576K
}
Event: 2799946.456 GC heap before
{Heap before GC invocations=1731 (full 18):
 PSYoungGen      total 20992K, used 32K [0x00000000feb00000, 0x0000000100000000, 0x0000000100000000)
  eden space 20480K, 0% used [0x00000000feb00000,0x00000000feb00000,0x00000000fff00000)
  from space 512K, 6% used [0x00000000fff00000,0x00000000fff08000,0x00000000fff80000)
  to   space 512K, 0% used [0x00000000fff80000,0x00000000fff80000,0x0000000100000000)
 ParOldGen       total 44032K, used 2234K [0x00000000fc000000, 0x00000000feb00000, 0x00000000feb00000)
  object space 44032K, 5% used [0x00000000fc000000,0x00000000fc22e878,0x00000000feb00000)
 Metaspace       used 12203K, capacity 12504K, committed 12672K, reserved 1069056K
  class space    used 1477K, capacity 1596K, committed 1664K, reserved 1048576K
Event: 2799946.471 GC heap after
Heap after GC invocations=1731 (full 18):
 PSYoungGen      total 20992K, used 0K [0x00000000feb00000, 0x0000000100000000, 0x0000000100000000)
  eden space 20480K, 0% used [0x00000000feb00000,0x00000000feb00000,0x00000000fff00000)
  from space 512K, 0% used [0x00000000fff00000,0x00000000fff00000,0x00000000fff80000)
  to   space 512K, 0% used [0x00000000fff80000,0x00000000fff80000,0x0000000100000000)
 ParOldGen       total 44032K, used 2233K [0x00000000fc000000, 0x00000000feb00000, 0x00000000feb00000)
  object space 44032K, 5% used [0x00000000fc000000,0x00000000fc22e7d8,0x00000000feb00000)
 Metaspace       used 12203K, capacity 12504K, committed 12672K, reserved 1062912K
  class space    used 1477K, capacity 1596K, committed 1664K, reserved 1048576K
}
Event: 2799946.471 GC heap before
{Heap before GC invocations=1732 (full 18):
 PSYoungGen      total 20992K, used 0K [0x00000000feb00000, 0x0000000100000000, 0x0000000100000000)
  eden space 20480K, 0% used [0x00000000feb00000,0x00000000feb00000,0x00000000fff00000)
  from space 512K, 0% used [0x00000000fff00000,0x00000000fff00000,0x00000000fff80000)
  to   space 512K, 0% used [0x00000000fff80000,0x00000000fff80000,0x0000000100000000)
 ParOldGen       total 44032K, used 2233K [0x00000000fc000000, 0x00000000feb00000, 0x00000000feb00000)
  object space 44032K, 5% used [0x00000000fc000000,0x00000000fc22e7d8,0x00000000feb00000)
 Metaspace       used 12203K, capacity 12504K, committed 12672K, reserved 1067008K
  class space    used 1477K, capacity 1596K, committed 1664K, reserved 1048576K
Event: 2799946.472 GC heap after
Heap after GC invocations=1732 (full 18):
 PSYoungGen      total 20992K, used 0K [0x00000000feb00000, 0x0000000100000000, 0x0000000100000000)
  eden space 20480K, 0% used [0x00000000feb00000,0x00000000feb00000,0x00000000fff00000)
  from space 512K, 0% used [0x00000000fff80000,0x00000000fff80000,0x0000000100000000)
  to   space 512K, 0% used [0x00000000fff00000,0x00000000fff00000,0x00000000fff80000)
 ParOldGen       total 44032K, used 2233K [0x00000000fc000000, 0x00000000feb00000, 0x00000000feb00000)
  object space 44032K, 5% used [0x00000000fc000000,0x00000000fc22e7d8,0x00000000feb00000)
 Metaspace       used 12203K, capacity 12504K, committed 12672K, reserved 1067008K
  class space    used 1477K, capacity 1596K, committed 1664K, reserved 1048576K
}
Event: 2799946.472 GC heap before
{Heap before GC invocations=1733 (full 19):
 PSYoungGen      total 20992K, used 0K [0x00000000feb00000, 0x0000000100000000, 0x0000000100000000)
  eden space 20480K, 0% used [0x00000000feb00000,0x00000000feb00000,0x00000000fff00000)
  from space 512K, 0% used [0x00000000fff80000,0x00000000fff80000,0x0000000100000000)
  to   space 512K, 0% used [0x00000000fff00000,0x00000000fff00000,0x00000000fff80000)
 ParOldGen       total 44032K, used 2233K [0x00000000fc000000, 0x00000000feb00000, 0x00000000feb00000)
  object space 44032K, 5% used [0x00000000fc000000,0x00000000fc22e7d8,0x00000000feb00000)
 Metaspace       used 12203K, capacity 12504K, committed 12672K, reserved 1067008K
  class space    used 1477K, capacity 1596K, committed 1664K, reserved 1048576K
Event: 2799946.482 GC heap after
Heap after GC invocations=1733 (full 19):
 PSYoungGen      total 20992K, used 0K [0x00000000feb00000, 0x0000000100000000, 0x0000000100000000)
  eden space 20480K, 0% used [0x00000000feb00000,0x00000000feb00000,0x00000000fff00000)
  from space 512K, 0% used [0x00000000fff80000,0x00000000fff80000,0x0000000100000000)
  to   space 512K, 0% used [0x00000000fff00000,0x00000000fff00000,0x00000000fff80000)
 ParOldGen       total 44032K, used 2233K [0x00000000fc000000, 0x00000000feb00000, 0x00000000feb00000)
  object space 44032K, 5% used [0x00000000fc000000,0x00000000fc22e7d8,0x00000000feb00000)
 Metaspace       used 12203K, capacity 12504K, committed 12672K, reserved 1062912K
  class space    used 1477K, capacity 1596K, committed 1664K, reserved 1048576K
}
Event: 2799946.483 GC heap before
{Heap before GC invocations=1734 (full 19):
 PSYoungGen      total 20992K, used 0K [0x00000000feb00000, 0x0000000100000000, 0x0000000100000000)
  eden space 20480K, 0% used [0x00000000feb00000,0x00000000feb00000,0x00000000fff00000)
  from space 512K, 0% used [0x00000000fff80000,0x00000000fff80000,0x0000000100000000)
  to   space 512K, 0% used [0x00000000fff00000,0x00000000fff00000,0x00000000fff80000)
 ParOldGen       total 44032K, used 2233K [0x00000000fc000000, 0x00000000feb00000, 0x00000000feb00000)
  object space 44032K, 5% used [0x00000000fc000000,0x00000000fc22e7d8,0x00000000feb00000)
 Metaspace       used 12203K, capacity 12504K, committed 12672K, reserved 1069056K
  class space    used 1477K, capacity 1596K, committed 1664K, reserved 1048576K
Event: 2799946.483 GC heap after
Heap after GC invocations=1734 (full 19):
 PSYoungGen      total 20992K, used 0K [0x00000000feb00000, 0x0000000100000000, 0x0000000100000000)
  eden space 20480K, 0% used [0x00000000feb00000,0x00000000feb00000,0x00000000fff00000)
  from space 512K, 0% used [0x00000000fff00000,0x00000000fff00000,0x00000000fff80000)
  to   space 512K, 0% used [0x00000000fff80000,0x00000000fff80000,0x0000000100000000)
 ParOldGen       total 44032K, used 2233K [0x00000000fc000000, 0x00000000feb00000, 0x00000000feb00000)
  object space 44032K, 5% used [0x00000000fc000000,0x00000000fc22e7d8,0x00000000feb00000)
 Metaspace       used 12203K, capacity 12504K, committed 12672K, reserved 1069056K
  class space    used 1477K, capacity 1596K, committed 1664K, reserved 1048576K
}
Event: 2799946.484 GC heap before
{Heap before GC invocations=1735 (full 20):
 PSYoungGen      total 20992K, used 0K [0x00000000feb00000, 0x0000000100000000, 0x0000000100000000)
  eden space 20480K, 0% used [0x00000000feb00000,0x00000000feb00000,0x00000000fff00000)
  from space 512K, 0% used [0x00000000fff00000,0x00000000fff00000,0x00000000fff80000)
  to   space 512K, 0% used [0x00000000fff80000,0x00000000fff80000,0x0000000100000000)
 ParOldGen       total 44032K, used 2233K [0x00000000fc000000, 0x00000000feb00000, 0x00000000feb00000)
  object space 44032K, 5% used [0x00000000fc000000,0x00000000fc22e7d8,0x00000000feb00000)
 Metaspace       used 12203K, capacity 12504K, committed 12672K, reserved 1069056K
  class space    used 1477K, capacity 1596K, committed 1664K, reserved 1048576K
Event: 2799946.496 GC heap after
Heap after GC invocations=1735 (full 20):
 PSYoungGen      total 20992K, used 0K [0x00000000feb00000, 0x0000000100000000, 0x0000000100000000)
  eden space 20480K, 0% used [0x00000000feb00000,0x00000000feb00000,0x00000000fff00000)
  from space 512K, 0% used [0x00000000fff00000,0x00000000fff00000,0x00000000fff80000)
  to   space 512K, 0% used [0x00000000fff80000,0x00000000fff80000,0x0000000100000000)
 ParOldGen       total 44032K, used 2233K [0x00000000fc000000, 0x00000000feb00000, 0x00000000feb00000)
  object space 44032K, 5% used [0x00000000fc000000,0x00000000fc22e730,0x00000000feb00000)
 Metaspace       used 12203K, capacity 12504K, committed 12672K, reserved 1062912K
  class space    used 1477K, capacity 1596K, committed 1664K, reserved 1048576K
}
Event: 2799946.496 GC heap before
{Heap before GC invocations=1736 (full 20):
 PSYoungGen      total 20992K, used 0K [0x00000000feb00000, 0x0000000100000000, 0x0000000100000000)
  eden space 20480K, 0% used [0x00000000feb00000,0x00000000feb00000,0x00000000fff00000)
  from space 512K, 0% used [0x00000000fff00000,0x00000000fff00000,0x00000000fff80000)
  to   space 512K, 0% used [0x00000000fff80000,0x00000000fff80000,0x0000000100000000)
 ParOldGen       total 44032K, used 2233K [0x00000000fc000000, 0x00000000feb00000, 0x00000000feb00000)
  object space 44032K, 5% used [0x00000000fc000000,0x00000000fc22e730,0x00000000feb00000)
 Metaspace       used 12203K, capacity 12504K, committed 12672K, reserved 1067008K
  class space    used 1477K, capacity 1596K, committed 1664K, reserved 1048576K
Event: 2799946.497 GC heap after
Heap after GC invocations=1736 (full 20):
 PSYoungGen      total 20992K, used 0K [0x00000000feb00000, 0x0000000100000000, 0x0000000100000000)
  eden space 20480K, 0% used [0x00000000feb00000,0x00000000feb00000,0x00000000fff00000)
  from space 512K, 0% used [0x00000000fff80000,0x00000000fff80000,0x0000000100000000)
  to   space 512K, 0% used [0x00000000fff00000,0x00000000fff00000,0x00000000fff80000)
 ParOldGen       total 44032K, used 2233K [0x00000000fc000000, 0x00000000feb00000, 0x00000000feb00000)
  object space 44032K, 5% used [0x00000000fc000000,0x00000000fc22e730,0x00000000feb00000)
 Metaspace       used 12203K, capacity 12504K, committed 12672K, reserved 1067008K
  class space    used 1477K, capacity 1596K, committed 1664K, reserved 1048576K
}
Event: 2799946.497 GC heap before
{Heap before GC invocations=1737 (full 21):
 PSYoungGen      total 20992K, used 0K [0x00000000feb00000, 0x0000000100000000, 0x0000000100000000)
  eden space 20480K, 0% used [0x00000000feb00000,0x00000000feb00000,0x00000000fff00000)
  from space 512K, 0% used [0x00000000fff80000,0x00000000fff80000,0x0000000100000000)
  to   space 512K, 0% used [0x00000000fff00000,0x00000000fff00000,0x00000000fff80000)
 ParOldGen       total 44032K, used 2233K [0x00000000fc000000, 0x00000000feb00000, 0x00000000feb00000)
  object space 44032K, 5% used [0x00000000fc000000,0x00000000fc22e730,0x00000000feb00000)
 Metaspace       used 12203K, capacity 12504K, committed 12672K, reserved 1067008K
  class space    used 1477K, capacity 1596K, committed 1664K, reserved 1048576K
Event: 2799946.509 GC heap after
Heap after GC invocations=1737 (full 21):
 PSYoungGen      total 20992K, used 0K [0x00000000feb00000, 0x0000000100000000, 0x0000000100000000)
  eden space 20480K, 0% used [0x00000000feb00000,0x00000000feb00000,0x00000000fff00000)
  from space 512K, 0% used [0x00000000fff80000,0x00000000fff80000,0x0000000100000000)
  to   space 512K, 0% used [0x00000000fff00000,0x00000000fff00000,0x00000000fff80000)
 ParOldGen       total 44032K, used 2233K [0x00000000fc000000, 0x00000000feb00000, 0x00000000feb00000)
  object space 44032K, 5% used [0x00000000fc000000,0x00000000fc22e730,0x00000000feb00000)
 Metaspace       used 12203K, capacity 12504K, committed 12672K, reserved 1062912K
  class space    used 1477K, capacity 1596K, committed 1664K, reserved 1048576K
}
Event: 2799946.509 GC heap before
{Heap before GC invocations=1738 (full 21):
 PSYoungGen      total 20992K, used 0K [0x00000000feb00000, 0x0000000100000000, 0x0000000100000000)
  eden space 20480K, 0% used [0x00000000feb00000,0x00000000feb00000,0x00000000fff00000)
  from space 512K, 0% used [0x00000000fff80000,0x00000000fff80000,0x0000000100000000)
  to   space 512K, 0% used [0x00000000fff00000,0x00000000fff00000,0x00000000fff80000)
 ParOldGen       total 44032K, used 2233K [0x00000000fc000000, 0x00000000feb00000, 0x00000000feb00000)
  object space 44032K, 5% used [0x00000000fc000000,0x00000000fc22e730,0x00000000feb00000)
 Metaspace       used 12203K, capacity 12504K, committed 12672K, reserved 1069056K
  class space    used 1477K, capacity 1596K, committed 1664K, reserved 1048576K
Event: 2799946.510 GC heap after
Heap after GC invocations=1738 (full 21):
 PSYoungGen      total 20992K, used 0K [0x00000000feb00000, 0x0000000100000000, 0x0000000100000000)
  eden space 20480K, 0% used [0x00000000feb00000,0x00000000feb00000,0x00000000fff00000)
  from space 512K, 0% used [0x00000000fff00000,0x00000000fff00000,0x00000000fff80000)
  to   space 512K, 0% used [0x00000000fff80000,0x00000000fff80000,0x0000000100000000)
 ParOldGen       total 44032K, used 2233K [0x00000000fc000000, 0x00000000feb00000, 0x00000000feb00000)
  object space 44032K, 5% used [0x00000000fc000000,0x00000000fc22e730,0x00000000feb00000)
 Metaspace       used 12203K, capacity 12504K, committed 12672K, reserved 1069056K
  class space    used 1477K, capacity 1596K, committed 1664K, reserved 1048576K
}
Event: 2799946.510 GC heap before
{Heap before GC invocations=1739 (full 22):
 PSYoungGen      total 20992K, used 0K [0x00000000feb00000, 0x0000000100000000, 0x0000000100000000)
  eden space 20480K, 0% used [0x00000000feb00000,0x00000000feb00000,0x00000000fff00000)
  from space 512K, 0% used [0x00000000fff00000,0x00000000fff00000,0x00000000fff80000)
  to   space 512K, 0% used [0x00000000fff80000,0x00000000fff80000,0x0000000100000000)
 ParOldGen       total 44032K, used 2233K [0x00000000fc000000, 0x00000000feb00000, 0x00000000feb00000)
  object space 44032K, 5% used [0x00000000fc000000,0x00000000fc22e730,0x00000000feb00000)
 Metaspace       used 12203K, capacity 12504K, committed 12672K, reserved 1069056K
  class space    used 1477K, capacity 1596K, committed 1664K, reserved 1048576K
Event: 2799946.522 GC heap after
Heap after GC invocations=1739 (full 22):
 PSYoungGen      total 20992K, used 0K [0x00000000feb00000, 0x0000000100000000, 0x0000000100000000)
  eden space 20480K, 0% used [0x00000000feb00000,0x00000000feb00000,0x00000000fff00000)
  from space 512K, 0% used [0x00000000fff00000,0x00000000fff00000,0x00000000fff80000)
  to   space 512K, 0% used [0x00000000fff80000,0x00000000fff80000,0x0000000100000000)
 ParOldGen       total 44032K, used 2233K [0x00000000fc000000, 0x00000000feb00000, 0x00000000feb00000)
  object space 44032K, 5% used [0x00000000fc000000,0x00000000fc22e688,0x00000000feb00000)
 Metaspace       used 12203K, capacity 12504K, committed 12672K, reserved 1062912K
  class space    used 1477K, capacity 1596K, committed 1664K, reserved 1048576K
}
Event: 2799946.522 GC heap before
{Heap before GC invocations=1740 (full 22):
 PSYoungGen      total 20992K, used 0K [0x00000000feb00000, 0x0000000100000000, 0x0000000100000000)
  eden space 20480K, 0% used [0x00000000feb00000,0x00000000feb00000,0x00000000fff00000)
  from space 512K, 0% used [0x00000000fff00000,0x00000000fff00000,0x00000000fff80000)
  to   space 512K, 0% used [0x00000000fff80000,0x00000000fff80000,0x0000000100000000)
 ParOldGen       total 44032K, used 2233K [0x00000000fc000000, 0x00000000feb00000, 0x00000000feb00000)
  object space 44032K, 5% used [0x00000000fc000000,0x00000000fc22e688,0x00000000feb00000)
 Metaspace       used 12203K, capacity 12504K, committed 12672K, reserved 1067008K
  class space    used 1477K, capacity 1596K, committed 1664K, reserved 1048576K
Event: 2799946.523 GC heap after
Heap after GC invocations=1740 (full 22):
 PSYoungGen      total 20992K, used 0K [0x00000000feb00000, 0x0000000100000000, 0x0000000100000000)
  eden space 20480K, 0% used [0x00000000feb00000,0x00000000feb00000,0x00000000fff00000)
  from space 512K, 0% used [0x00000000fff80000,0x00000000fff80000,0x0000000100000000)
  to   space 512K, 0% used [0x00000000fff00000,0x00000000fff00000,0x00000000fff80000)
 ParOldGen       total 44032K, used 2233K [0x00000000fc000000, 0x00000000feb00000, 0x00000000feb00000)
  object space 44032K, 5% used [0x00000000fc000000,0x00000000fc22e688,0x00000000feb00000)
 Metaspace       used 12203K, capacity 12504K, committed 12672K, reserved 1067008K
  class space    used 1477K, capacity 1596K, committed 1664K, reserved 1048576K
}
Event: 2799946.523 GC heap before
{Heap before GC invocations=1741 (full 23):
 PSYoungGen      total 20992K, used 0K [0x00000000feb00000, 0x0000000100000000, 0x0000000100000000)
  eden space 20480K, 0% used [0x00000000feb00000,0x00000000feb00000,0x00000000fff00000)
  from space 512K, 0% used [0x00000000fff80000,0x00000000fff80000,0x0000000100000000)
  to   space 512K, 0% used [0x00000000fff00000,0x00000000fff00000,0x00000000fff80000)
 ParOldGen       total 44032K, used 2233K [0x00000000fc000000, 0x00000000feb00000, 0x00000000feb00000)
  object space 44032K, 5% used [0x00000000fc000000,0x00000000fc22e688,0x00000000feb00000)
 Metaspace       used 12203K, capacity 12504K, committed 12672K, reserved 1067008K
  class space    used 1477K, capacity 1596K, committed 1664K, reserved 1048576K
Event: 2799946.535 GC heap after
Heap after GC invocations=1741 (full 23):
 PSYoungGen      total 20992K, used 0K [0x00000000feb00000, 0x0000000100000000, 0x0000000100000000)
  eden space 20480K, 0% used [0x00000000feb00000,0x00000000feb00000,0x00000000fff00000)
  from space 512K, 0% used [0x00000000fff80000,0x00000000fff80000,0x0000000100000000)
  to   space 512K, 0% used [0x00000000fff00000,0x00000000fff00000,0x00000000fff80000)
 ParOldGen       total 44032K, used 2233K [0x00000000fc000000, 0x00000000feb00000, 0x00000000feb00000)
  object space 44032K, 5% used [0x00000000fc000000,0x00000000fc22e688,0x00000000feb00000)
 Metaspace       used 12203K, capacity 12504K, committed 12672K, reserved 1062912K
  class space    used 1477K, capacity 1596K, committed 1664K, reserved 1048576K
}
Event: 2799946.536 GC heap before
{Heap before GC invocations=1742 (full 23):
 PSYoungGen      total 20992K, used 409K [0x00000000feb00000, 0x0000000100000000, 0x0000000100000000)
  eden space 20480K, 1% used [0x00000000feb00000,0x00000000feb66658,0x00000000fff00000)
  from space 512K, 0% used [0x00000000fff80000,0x00000000fff80000,0x0000000100000000)
  to   space 512K, 0% used [0x00000000fff00000,0x00000000fff00000,0x00000000fff80000)
 ParOldGen       total 44032K, used 2233K [0x00000000fc000000, 0x00000000feb00000, 0x00000000feb00000)
  object space 44032K, 5% used [0x00000000fc000000,0x00000000fc22e688,0x00000000feb00000)
 Metaspace       used 12203K, capacity 12504K, committed 12672K, reserved 1069056K
  class space    used 1477K, capacity 1596K, committed 1664K, reserved 1048576K
Event: 2799946.537 GC heap after
Heap after GC invocations=1742 (full 23):
 PSYoungGen      total 20992K, used 32K [0x00000000feb00000, 0x0000000100000000, 0x0000000100000000)
  eden space 20480K, 0% used [0x00000000feb00000,0x00000000feb00000,0x00000000fff00000)
  from space 512K, 6% used [0x00000000fff00000,0x00000000fff08000,0x00000000fff80000)
  to   space 512K, 0% used [0x00000000fff80000,0x00000000fff80000,0x0000000100000000)
 ParOldGen       total 44032K, used 2233K [0x00000000fc000000, 0x00000000feb00000, 0x00000000feb00000)
  object space 44032K, 5% used [0x00000000fc000000,0x00000000fc22e688,0x00000000feb00000)
 Metaspace       used 12203K, capacity 12504K, committed 12672K, reserved 1069056K
  class space    used 1477K, capacity 1596K, committed 1664K, reserved 1048576K
}
Event: 2799946.537 GC heap before
{Heap before GC invocations=1743 (full 24):
 PSYoungGen      total 20992K, used 32K [0x00000000feb00000, 0x0000000100000000, 0x0000000100000000)
  eden space 20480K, 0% used [0x00000000feb00000,0x00000000feb00000,0x00000000fff00000)
  from space 512K, 6% used [0x00000000fff00000,0x00000000fff08000,0x00000000fff80000)
  to   space 512K, 0% used [0x00000000fff80000,0x00000000fff80000,0x0000000100000000)
 ParOldGen       total 44032K, used 2233K [0x00000000fc000000, 0x00000000feb00000, 0x00000000feb00000)
  object space 44032K, 5% used [0x00000000fc000000,0x00000000fc22e688,0x00000000feb00000)
 Metaspace       used 12203K, capacity 12504K, committed 12672K, reserved 1069056K
  class space    used 1477K, capacity 1596K, committed 1664K, reserved 1048576K
Event: 2799946.552 GC heap after
Heap after GC invocations=1743 (full 24):
 PSYoungGen      total 20992K, used 0K [0x00000000feb00000, 0x0000000100000000, 0x0000000100000000)
  eden space 20480K, 0% used [0x00000000feb00000,0x00000000feb00000,0x00000000fff00000)
  from space 512K, 0% used [0x00000000fff00000,0x00000000fff00000,0x00000000fff80000)
  to   space 512K, 0% used [0x00000000fff80000,0x00000000fff80000,0x0000000100000000)
 ParOldGen       total 44032K, used 2233K [0x00000000fc000000, 0x00000000feb00000, 0x00000000feb00000)
  object space 44032K, 5% used [0x00000000fc000000,0x00000000fc22e658,0x00000000feb00000)
 Metaspace       used 12203K, capacity 12504K, committed 12672K, reserved 1062912K
  class space    used 1477K, capacity 1596K, committed 1664K, reserved 1048576K
}
Event: 2799946.552 GC heap before
{Heap before GC invocations=1744 (full 24):
 PSYoungGen      total 20992K, used 0K [0x00000000feb00000, 0x0000000100000000, 0x0000000100000000)
  eden space 20480K, 0% used [0x00000000feb00000,0x00000000feb00000,0x00000000fff00000)
  from space 512K, 0% used [0x00000000fff00000,0x00000000fff00000,0x00000000fff80000)
  to   space 512K, 0% used [0x00000000fff80000,0x00000000fff80000,0x0000000100000000)
 ParOldGen       total 44032K, used 2233K [0x00000000fc000000, 0x00000000feb00000, 0x00000000feb00000)
  object space 44032K, 5% used [0x00000000fc000000,0x00000000fc22e658,0x00000000feb00000)
 Metaspace       used 12203K, capacity 12504K, committed 12672K, reserved 1067008K
  class space    used 1477K, capacity 1596K, committed 1664K, reserved 1048576K
Event: 2799946.553 GC heap after
Heap after GC invocations=1744 (full 24):
 PSYoungGen      total 20992K, used 0K [0x00000000feb00000, 0x0000000100000000, 0x0000000100000000)
  eden space 20480K, 0% used [0x00000000feb00000,0x00000000feb00000,0x00000000fff00000)
  from space 512K, 0% used [0x00000000fff80000,0x00000000fff80000,0x0000000100000000)
  to   space 512K, 0% used [0x00000000fff00000,0x00000000fff00000,0x00000000fff80000)
 ParOldGen       total 44032K, used 2233K [0x00000000fc000000, 0x00000000feb00000, 0x00000000feb00000)
  object space 44032K, 5% used [0x00000000fc000000,0x00000000fc22e658,0x00000000feb00000)
 Metaspace       used 12203K, capacity 12504K, committed 12672K, reserved 1067008K
  class space    used 1477K, capacity 1596K, committed 1664K, reserved 1048576K
}
Event: 2799946.553 GC heap before
{Heap before GC invocations=1745 (full 25):
 PSYoungGen      total 20992K, used 0K [0x00000000feb00000, 0x0000000100000000, 0x0000000100000000)
  eden space 20480K, 0% used [0x00000000feb00000,0x00000000feb00000,0x00000000fff00000)
  from space 512K, 0% used [0x00000000fff80000,0x00000000fff80000,0x0000000100000000)
  to   space 512K, 0% used [0x00000000fff00000,0x00000000fff00000,0x00000000fff80000)
 ParOldGen       total 44032K, used 2233K [0x00000000fc000000, 0x00000000feb00000, 0x00000000feb00000)
  object space 44032K, 5% used [0x00000000fc000000,0x00000000fc22e658,0x00000000feb00000)
 Metaspace       used 12203K, capacity 12504K, committed 12672K, reserved 1067008K
  class space    used 1477K, capacity 1596K, committed 1664K, reserved 1048576K
Event: 2799946.570 GC heap after
Heap after GC invocations=1745 (full 25):
 PSYoungGen      total 20992K, used 0K [0x00000000feb00000, 0x0000000100000000, 0x0000000100000000)
  eden space 20480K, 0% used [0x00000000feb00000,0x00000000feb00000,0x00000000fff00000)
  from space 512K, 0% used [0x00000000fff80000,0x00000000fff80000,0x0000000100000000)
  to   space 512K, 0% used [0x00000000fff00000,0x00000000fff00000,0x00000000fff80000)
 ParOldGen       total 44032K, used 2233K [0x00000000fc000000, 0x00000000feb00000, 0x00000000feb00000)
  object space 44032K, 5% used [0x00000000fc000000,0x00000000fc22e658,0x00000000feb00000)
 Metaspace       used 12203K, capacity 12504K, committed 12672K, reserved 1062912K
  class space    used 1477K, capacity 1596K, committed 1664K, reserved 1048576K
}

