# JRE version: OpenJDK Runtime Environment (8.0_212-b04) (build 1.8.0_212-1-ojdkbuild-b04)
# Java VM: OpenJDK 64-Bit Server VM (25.212-b04 mixed mode windows-amd64 compressed oops)
Heap:
 PSYoungGen      total 86528K, used 43039K [0x00000000f5580000, 0x00000000faa80000, 0x0000000100000000)
  eden space 86016K, 49% used [0x00000000f5580000,0x00000000f7f2fc38,0x00000000fa980000)
  from space 512K, 68% used [0x00000000faa00000,0x00000000faa58000,0x00000000faa80000)
  to   space 512K, 0% used [0x00000000fa980000,0x00000000fa980000,0x00000000faa00000)
 ParOldGen       total 208896K, used 133759K [0x00000000e0000000, 0x00000000ecc00000, 0x00000000f5580000)
  object space 208896K, 64% used [0x00000000e0000000,0x00000000e829fdb8,0x00000000ecc00000)
 Metaspace       used 56658K, capacity 59454K, committed 60052K, reserved 1101824K
  class space    used 7070K, capacity 7622K, committed 7680K, reserved 1048576K
GC Heap History (250 events):
Event: 3878780.264 GC heap before
{Heap before GC invocations=303 (full 3):
 PSYoungGen      total 86528K, used 86368K [0x00000000f5580000, 0x00000000faa80000, 0x0000000100000000)
  eden space 86016K, 100% used [0x00000000f5580000,0x00000000fa980000,0x00000000fa980000)
  from space 512K, 68% used [0x00000000fa980000,0x00000000fa9d8000,0x00000000faa00000)
  to   space 512K, 0% used [0x00000000faa00000,0x00000000faa00000,0x00000000faa80000)
 ParOldGen       total 208896K, used 133759K [0x00000000e0000000, 0x00000000ecc00000, 0x00000000f5580000)
  object space 208896K, 64% used [0x00000000e0000000,0x00000000e829fdb8,0x00000000ecc00000)
 Metaspace       used 56645K, capacity 59384K, committed 59796K, reserved 1101824K
  class space    used 7069K, capacity 7621K, committed 7680K, reserved 1048576K
Event: 3878781.217 GC heap after
Heap after GC invocations=303 (full 3):
 PSYoungGen      total 86528K, used 384K [0x00000000f5580000, 0x00000000faa80000, 0x0000000100000000)
  eden space 86016K, 0% used [0x00000000f5580000,0x00000000f5580000,0x00000000fa980000)
  from space 512K, 75% used [0x00000000faa00000,0x00000000faa60000,0x00000000faa80000)
  to   space 512K, 0% used [0x00000000fa980000,0x00000000fa980000,0x00000000faa00000)
 ParOldGen       total 208896K, used 133759K [0x00000000e0000000, 0x00000000ecc00000, 0x00000000f5580000)
  object space 208896K, 64% used [0x00000000e0000000,0x00000000e829fdb8,0x00000000ecc00000)
 Metaspace       used 56645K, capacity 59384K, committed 59796K, reserved 1101824K
  class space    used 7069K, capacity 7621K, committed 7680K, reserved 1048576K
}
Event: 3891193.322 GC heap before
{Heap before GC invocations=304 (full 3):
 PSYoungGen      total 86528K, used 86400K [0x00000000f5580000, 0x00000000faa80000, 0x0000000100000000)
  eden space 86016K, 100% used [0x00000000f5580000,0x00000000fa980000,0x00000000fa980000)
  from space 512K, 75% used [0x00000000faa00000,0x00000000faa60000,0x00000000faa80000)
  to   space 512K, 0% used [0x00000000fa980000,0x00000000fa980000,0x00000000faa00000)
 ParOldGen       total 208896K, used 133759K [0x00000000e0000000, 0x00000000ecc00000, 0x00000000f5580000)
  object space 208896K, 64% used [0x00000000e0000000,0x00000000e829fdb8,0x00000000ecc00000)
 Metaspace       used 56645K, capacity 59384K, committed 59796K, reserved 1101824K
  class space    used 7069K, capacity 7621K, committed 7680K, reserved 1048576K
Event: 3891194.367 GC heap after
Heap after GC invocations=304 (full 3):
 PSYoungGen      total 86528K, used 352K [0x00000000f5580000, 0x00000000faa80000, 0x0000000100000000)
  eden space 86016K, 0% used [0x00000000f5580000,0x00000000f5580000,0x00000000fa980000)
  from space 512K, 68% used [0x00000000fa980000,0x00000000fa9d8000,0x00000000faa00000)
  to   space 512K, 0% used [0x00000000faa00000,0x00000000faa00000,0x00000000faa80000)
 ParOldGen       total 208896K, used 133759K [0x00000000e0000000, 0x00000000ecc00000, 0x00000000f5580000)
  object space 208896K, 64% used [0x00000000e0000000,0x00000000e829fdb8,0x00000000ecc00000)
 Metaspace       used 56645K, capacity 59384K, committed 59796K, reserved 1101824K
  class space    used 7069K, capacity 7621K, committed 7680K, reserved 1048576K
}
Event: 3903563.992 GC heap before
{Heap before GC invocations=305 (full 3):
 PSYoungGen      total 86528K, used 86368K [0x00000000f5580000, 0x00000000faa80000, 0x0000000100000000)
  eden space 86016K, 100% used [0x00000000f5580000,0x00000000fa980000,0x00000000fa980000)
  from space 512K, 68% used [0x00000000fa980000,0x00000000fa9d8000,0x00000000faa00000)
  to   space 512K, 0% used [0x00000000faa00000,0x00000000faa00000,0x00000000faa80000)
 ParOldGen       total 208896K, used 133759K [0x00000000e0000000, 0x00000000ecc00000, 0x00000000f5580000)
  object space 208896K, 64% used [0x00000000e0000000,0x00000000e829fdb8,0x00000000ecc00000)
 Metaspace       used 56645K, capacity 59384K, committed 59796K, reserved 1101824K
  class space    used 7069K, capacity 7621K, committed 7680K, reserved 1048576K
Event: 3903564.023 GC heap after
Heap after GC invocations=305 (full 3):
 PSYoungGen      total 86528K, used 352K [0x00000000f5580000, 0x00000000faa80000, 0x0000000100000000)
  eden space 86016K, 0% used [0x00000000f5580000,0x00000000f5580000,0x00000000fa980000)
  from space 512K, 68% used [0x00000000faa00000,0x00000000faa58000,0x00000000faa80000)
  to   space 512K, 0% used [0x00000000fa980000,0x00000000fa980000,0x00000000faa00000)
 ParOldGen       total 208896K, used 133759K [0x00000000e0000000, 0x00000000ecc00000, 0x00000000f5580000)
  object space 208896K, 64% used [0x00000000e0000000,0x00000000e829fdb8,0x00000000ecc00000)
 Metaspace       used 56645K, capacity 59384K, committed 59796K, reserved 1101824K
  class space    used 7069K, capacity 7621K, committed 7680K, reserved 1048576K
}
Event: 3915889.238 GC heap before
{Heap before GC invocations=306 (full 3):
 PSYoungGen      total 86528K, used 86368K [0x00000000f5580000, 0x00000000faa80000, 0x0000000100000000)
  eden space 86016K, 100% used [0x00000000f5580000,0x00000000fa980000,0x00000000fa980000)
  from space 512K, 68% used [0x00000000faa00000,0x00000000faa58000,0x00000000faa80000)
  to   space 512K, 0% used [0x00000000fa980000,0x00000000fa980000,0x00000000faa00000)
 ParOldGen       total 208896K, used 133759K [0x00000000e0000000, 0x00000000ecc00000, 0x00000000f5580000)
  object space 208896K, 64% used [0x00000000e0000000,0x00000000e829fdb8,0x00000000ecc00000)
 Metaspace       used 56645K, capacity 59384K, committed 59796K, reserved 1101824K
  class space    used 7069K, capacity 7621K, committed 7680K, reserved 1048576K
Event: 3915889.246 GC heap after
Heap after GC invocations=306 (full 3):
 PSYoungGen      total 86528K, used 352K [0x00000000f5580000, 0x00000000faa80000, 0x0000000100000000)
  eden space 86016K, 0% used [0x00000000f5580000,0x00000000f5580000,0x00000000fa980000)
  from space 512K, 68% used [0x00000000fa980000,0x00000000fa9d8000,0x00000000faa00000)
  to   space 512K, 0% used [0x00000000faa00000,0x00000000faa00000,0x00000000faa80000)
 ParOldGen       total 208896K, used 133759K [0x00000000e0000000, 0x00000000ecc00000, 0x00000000f5580000)
  object space 208896K, 64% used [0x00000000e0000000,0x00000000e829fdb8,0x00000000ecc00000)
 Metaspace       used 56645K, capacity 59384K, committed 59796K, reserved 1101824K
  class space    used 7069K, capacity 7621K, committed 7680K, reserved 1048576K
}
Event: 3928263.988 GC heap before
{Heap before GC invocations=307 (full 3):
 PSYoungGen      total 86528K, used 86368K [0x00000000f5580000, 0x00000000faa80000, 0x0000000100000000)
  eden space 86016K, 100% used [0x00000000f5580000,0x00000000fa980000,0x00000000fa980000)
  from space 512K, 68% used [0x00000000fa980000,0x00000000fa9d8000,0x00000000faa00000)
  to   space 512K, 0% used [0x00000000faa00000,0x00000000faa00000,0x00000000faa80000)
 ParOldGen       total 208896K, used 133759K [0x00000000e0000000, 0x00000000ecc00000, 0x00000000f5580000)
  object space 208896K, 64% used [0x00000000e0000000,0x00000000e829fdb8,0x00000000ecc00000)
 Metaspace       used 56645K, capacity 59384K, committed 59796K, reserved 1101824K
  class space    used 7069K, capacity 7621K, committed 7680K, reserved 1048576K
Event: 3928263.997 GC heap after
Heap after GC invocations=307 (full 3):
 PSYoungGen      total 86528K, used 352K [0x00000000f5580000, 0x00000000faa80000, 0x0000000100000000)
  eden space 86016K, 0% used [0x00000000f5580000,0x00000000f5580000,0x00000000fa980000)
  from space 512K, 68% used [0x00000000faa00000,0x00000000faa58000,0x00000000faa80000)
  to   space 512K, 0% used [0x00000000fa980000,0x00000000fa980000,0x00000000faa00000)
 ParOldGen       total 208896K, used 133759K [0x00000000e0000000, 0x00000000ecc00000, 0x00000000f5580000)
  object space 208896K, 64% used [0x00000000e0000000,0x00000000e829fdb8,0x00000000ecc00000)
 Metaspace       used 56645K, capacity 59384K, committed 59796K, reserved 1101824K
  class space    used 7069K, capacity 7621K, committed 7680K, reserved 1048576K
}
Event: 3940671.546 GC heap before
{Heap before GC invocations=308 (full 3):
 PSYoungGen      total 86528K, used 86368K [0x00000000f5580000, 0x00000000faa80000, 0x0000000100000000)
  eden space 86016K, 100% used [0x00000000f5580000,0x00000000fa980000,0x00000000fa980000)
  from space 512K, 68% used [0x00000000faa00000,0x00000000faa58000,0x00000000faa80000)
  to   space 512K, 0% used [0x00000000fa980000,0x00000000fa980000,0x00000000faa00000)
 ParOldGen       total 208896K, used 133759K [0x00000000e0000000, 0x00000000ecc00000, 0x00000000f5580000)
  object space 208896K, 64% used [0x00000000e0000000,0x00000000e829fdb8,0x00000000ecc00000)
 Metaspace       used 56645K, capacity 59384K, committed 59796K, reserved 1101824K
  class space    used 7069K, capacity 7621K, committed 7680K, reserved 1048576K
Event: 3940672.036 GC heap after
Heap after GC invocations=308 (full 3):
 PSYoungGen      total 86528K, used 352K [0x00000000f5580000, 0x00000000faa80000, 0x0000000100000000)
  eden space 86016K, 0% used [0x00000000f5580000,0x00000000f5580000,0x00000000fa980000)
  from space 512K, 68% used [0x00000000fa980000,0x00000000fa9d8000,0x00000000faa00000)
  to   space 512K, 0% used [0x00000000faa00000,0x00000000faa00000,0x00000000faa80000)
 ParOldGen       total 208896K, used 133759K [0x00000000e0000000, 0x00000000ecc00000, 0x00000000f5580000)
  object space 208896K, 64% used [0x00000000e0000000,0x00000000e829fdb8,0x00000000ecc00000)
 Metaspace       used 56645K, capacity 59384K, committed 59796K, reserved 1101824K
  class space    used 7069K, capacity 7621K, committed 7680K, reserved 1048576K
}
Event: 3953044.004 GC heap before
{Heap before GC invocations=309 (full 3):
 PSYoungGen      total 86528K, used 86368K [0x00000000f5580000, 0x00000000faa80000, 0x0000000100000000)
  eden space 86016K, 100% used [0x00000000f5580000,0x00000000fa980000,0x00000000fa980000)
  from space 512K, 68% used [0x00000000fa980000,0x00000000fa9d8000,0x00000000faa00000)
  to   space 512K, 0% used [0x00000000faa00000,0x00000000faa00000,0x00000000faa80000)
 ParOldGen       total 208896K, used 133759K [0x00000000e0000000, 0x00000000ecc00000, 0x00000000f5580000)
  object space 208896K, 64% used [0x00000000e0000000,0x00000000e829fdb8,0x00000000ecc00000)
 Metaspace       used 56645K, capacity 59384K, committed 59796K, reserved 1101824K
  class space    used 7069K, capacity 7621K, committed 7680K, reserved 1048576K
Event: 3953044.090 GC heap after
Heap after GC invocations=309 (full 3):
 PSYoungGen      total 86528K, used 384K [0x00000000f5580000, 0x00000000faa80000, 0x0000000100000000)
  eden space 86016K, 0% used [0x00000000f5580000,0x00000000f5580000,0x00000000fa980000)
  from space 512K, 75% used [0x00000000faa00000,0x00000000faa60000,0x00000000faa80000)
  to   space 512K, 0% used [0x00000000fa980000,0x00000000fa980000,0x00000000faa00000)
 ParOldGen       total 208896K, used 133759K [0x00000000e0000000, 0x00000000ecc00000, 0x00000000f5580000)
  object space 208896K, 64% used [0x00000000e0000000,0x00000000e829fdb8,0x00000000ecc00000)
 Metaspace       used 56645K, capacity 59384K, committed 59796K, reserved 1101824K
  class space    used 7069K, capacity 7621K, committed 7680K, reserved 1048576K
}
Event: 3965381.325 GC heap before
{Heap before GC invocations=310 (full 3):
 PSYoungGen      total 86528K, used 86400K [0x00000000f5580000, 0x00000000faa80000, 0x0000000100000000)
  eden space 86016K, 100% used [0x00000000f5580000,0x00000000fa980000,0x00000000fa980000)
  from space 512K, 75% used [0x00000000faa00000,0x00000000faa60000,0x00000000faa80000)
  to   space 512K, 0% used [0x00000000fa980000,0x00000000fa980000,0x00000000faa00000)
 ParOldGen       total 208896K, used 133759K [0x00000000e0000000, 0x00000000ecc00000, 0x00000000f5580000)
  object space 208896K, 64% used [0x00000000e0000000,0x00000000e829fdb8,0x00000000ecc00000)
 Metaspace       used 56645K, capacity 59384K, committed 59796K, reserved 1101824K
  class space    used 7069K, capacity 7621K, committed 7680K, reserved 1048576K
Event: 3965382.020 GC heap after
Heap after GC invocations=310 (full 3):
 PSYoungGen      total 86528K, used 352K [0x00000000f5580000, 0x00000000faa80000, 0x0000000100000000)
  eden space 86016K, 0% used [0x00000000f5580000,0x00000000f5580000,0x00000000fa980000)
  from space 512K, 68% used [0x00000000fa980000,0x00000000fa9d8000,0x00000000faa00000)
  to   space 512K, 0% used [0x00000000faa00000,0x00000000faa00000,0x00000000faa80000)
 ParOldGen       total 208896K, used 133759K [0x00000000e0000000, 0x00000000ecc00000, 0x00000000f5580000)
  object space 208896K, 64% used [0x00000000e0000000,0x00000000e829fdb8,0x00000000ecc00000)
 Metaspace       used 56645K, capacity 59384K, committed 59796K, reserved 1101824K
  class space    used 7069K, capacity 7621K, committed 7680K, reserved 1048576K
}
Event: 3977754.072 GC heap before
{Heap before GC invocations=311 (full 3):
 PSYoungGen      total 86528K, used 86368K [0x00000000f5580000, 0x00000000faa80000, 0x0000000100000000)
  eden space 86016K, 100% used [0x00000000f5580000,0x00000000fa980000,0x00000000fa980000)
  from space 512K, 68% used [0x00000000fa980000,0x00000000fa9d8000,0x00000000faa00000)
  to   space 512K, 0% used [0x00000000faa00000,0x00000000faa00000,0x00000000faa80000)
 ParOldGen       total 208896K, used 133759K [0x00000000e0000000, 0x00000000ecc00000, 0x00000000f5580000)
  object space 208896K, 64% used [0x00000000e0000000,0x00000000e829fdb8,0x00000000ecc00000)
 Metaspace       used 56645K, capacity 59384K, committed 59796K, reserved 1101824K
  class space    used 7069K, capacity 7621K, committed 7680K, reserved 1048576K
Event: 3977755.140 GC heap after
Heap after GC invocations=311 (full 3):
 PSYoungGen      total 86528K, used 352K [0x00000000f5580000, 0x00000000faa80000, 0x0000000100000000)
  eden space 86016K, 0% used [0x00000000f5580000,0x00000000f5580000,0x00000000fa980000)
  from space 512K, 68% used [0x00000000faa00000,0x00000000faa58000,0x00000000faa80000)
  to   space 512K, 0% used [0x00000000fa980000,0x00000000fa980000,0x00000000faa00000)
 ParOldGen       total 208896K, used 133759K [0x00000000e0000000, 0x00000000ecc00000, 0x00000000f5580000)
  object space 208896K, 64% used [0x00000000e0000000,0x00000000e829fdb8,0x00000000ecc00000)
 Metaspace       used 56645K, capacity 59384K, committed 59796K, reserved 1101824K
  class space    used 7069K, capacity 7621K, committed 7680K, reserved 1048576K
}
Event: 3990083.239 GC heap before
{Heap before GC invocations=312 (full 3):
 PSYoungGen      total 86528K, used 86368K [0x00000000f5580000, 0x00000000faa80000, 0x0000000100000000)
  eden space 86016K, 100% used [0x00000000f5580000,0x00000000fa980000,0x00000000fa980000)
  from space 512K, 68% used [0x00000000faa00000,0x00000000faa58000,0x00000000faa80000)
  to   space 512K, 0% used [0x00000000fa980000,0x00000000fa980000,0x00000000faa00000)
 ParOldGen       total 208896K, used 133759K [0x00000000e0000000, 0x00000000ecc00000, 0x00000000f5580000)
  object space 208896K, 64% used [0x00000000e0000000,0x00000000e829fdb8,0x00000000ecc00000)
 Metaspace       used 56645K, capacity 59384K, committed 59796K, reserved 1101824K
  class space    used 7069K, capacity 7621K, committed 7680K, reserved 1048576K
Event: 3990083.253 GC heap after
Heap after GC invocations=312 (full 3):
 PSYoungGen      total 86528K, used 352K [0x00000000f5580000, 0x00000000faa80000, 0x0000000100000000)
  eden space 86016K, 0% used [0x00000000f5580000,0x00000000f5580000,0x00000000fa980000)
  from space 512K, 68% used [0x00000000fa980000,0x00000000fa9d8000,0x00000000faa00000)
  to   space 512K, 0% used [0x00000000faa00000,0x00000000faa00000,0x00000000faa80000)
 ParOldGen       total 208896K, used 133759K [0x00000000e0000000, 0x00000000ecc00000, 0x00000000f5580000)
  object space 208896K, 64% used [0x00000000e0000000,0x00000000e829fdb8,0x00000000ecc00000)
 Metaspace       used 56645K, capacity 59384K, committed 59796K, reserved 1101824K
  class space    used 7069K, capacity 7621K, committed 7680K, reserved 1048576K
}
Event: 4002451.605 GC heap before
{Heap before GC invocations=313 (full 3):
 PSYoungGen      total 86528K, used 86368K [0x00000000f5580000, 0x00000000faa80000, 0x0000000100000000)
  eden space 86016K, 100% used [0x00000000f5580000,0x00000000fa980000,0x00000000fa980000)
  from space 512K, 68% used [0x00000000fa980000,0x00000000fa9d8000,0x00000000faa00000)
  to   space 512K, 0% used [0x00000000faa00000,0x00000000faa00000,0x00000000faa80000)
 ParOldGen       total 208896K, used 133759K [0x00000000e0000000, 0x00000000ecc00000, 0x00000000f5580000)
  object space 208896K, 64% used [0x00000000e0000000,0x00000000e829fdb8,0x00000000ecc00000)
 Metaspace       used 56645K, capacity 59384K, committed 59796K, reserved 1101824K
  class space    used 7069K, capacity 7621K, committed 7680K, reserved 1048576K
Event: 4002452.229 GC heap after
Heap after GC invocations=313 (full 3):
 PSYoungGen      total 86528K, used 352K [0x00000000f5580000, 0x00000000faa80000, 0x0000000100000000)
  eden space 86016K, 0% used [0x00000000f5580000,0x00000000f5580000,0x00000000fa980000)
  from space 512K, 68% used [0x00000000faa00000,0x00000000faa58000,0x00000000faa80000)
  to   space 512K, 0% used [0x00000000fa980000,0x00000000fa980000,0x00000000faa00000)
 ParOldGen       total 208896K, used 133759K [0x00000000e0000000, 0x00000000ecc00000, 0x00000000f5580000)
  object space 208896K, 64% used [0x00000000e0000000,0x00000000e829fdb8,0x00000000ecc00000)
 Metaspace       used 56645K, capacity 59384K, committed 59796K, reserved 1101824K
  class space    used 7069K, capacity 7621K, committed 7680K, reserved 1048576K
}
Event: 4014786.784 GC heap before
{Heap before GC invocations=314 (full 3):
 PSYoungGen      total 86528K, used 86368K [0x00000000f5580000, 0x00000000faa80000, 0x0000000100000000)
  eden space 86016K, 100% used [0x00000000f5580000,0x00000000fa980000,0x00000000fa980000)
  from space 512K, 68% used [0x00000000faa00000,0x00000000faa58000,0x00000000faa80000)
  to   space 512K, 0% used [0x00000000fa980000,0x00000000fa980000,0x00000000faa00000)
 ParOldGen       total 208896K, used 133759K [0x00000000e0000000, 0x00000000ecc00000, 0x00000000f5580000)
  object space 208896K, 64% used [0x00000000e0000000,0x00000000e829fdb8,0x00000000ecc00000)
 Metaspace       used 56645K, capacity 59384K, committed 59796K, reserved 1101824K
  class space    used 7069K, capacity 7621K, committed 7680K, reserved 1048576K
Event: 4014786.795 GC heap after
Heap after GC invocations=314 (full 3):
 PSYoungGen      total 86528K, used 352K [0x00000000f5580000, 0x00000000faa80000, 0x0000000100000000)
  eden space 86016K, 0% used [0x00000000f5580000,0x00000000f5580000,0x00000000fa980000)
  from space 512K, 68% used [0x00000000fa980000,0x00000000fa9d8000,0x00000000faa00000)
  to   space 512K, 0% used [0x00000000faa00000,0x00000000faa00000,0x00000000faa80000)
 ParOldGen       total 208896K, used 133759K [0x00000000e0000000, 0x00000000ecc00000, 0x00000000f5580000)
  object space 208896K, 64% used [0x00000000e0000000,0x00000000e829fdb8,0x00000000ecc00000)
 Metaspace       used 56645K, capacity 59384K, committed 59796K, reserved 1101824K
  class space    used 7069K, capacity 7621K, committed 7680K, reserved 1048576K
}
Event: 4027101.595 GC heap before
{Heap before GC invocations=315 (full 3):
 PSYoungGen      total 86528K, used 86368K [0x00000000f5580000, 0x00000000faa80000, 0x0000000100000000)
  eden space 86016K, 100% used [0x00000000f5580000,0x00000000fa980000,0x00000000fa980000)
  from space 512K, 68% used [0x00000000fa980000,0x00000000fa9d8000,0x00000000faa00000)
  to   space 512K, 0% used [0x00000000faa00000,0x00000000faa00000,0x00000000faa80000)
 ParOldGen       total 208896K, used 133759K [0x00000000e0000000, 0x00000000ecc00000, 0x00000000f5580000)
  object space 208896K, 64% used [0x00000000e0000000,0x00000000e829fdb8,0x00000000ecc00000)
 Metaspace       used 56645K, capacity 59384K, committed 59796K, reserved 1101824K
  class space    used 7069K, capacity 7621K, committed 7680K, reserved 1048576K
Event: 4027102.023 GC heap after
Heap after GC invocations=315 (full 3):
 PSYoungGen      total 86528K, used 352K [0x00000000f5580000, 0x00000000faa80000, 0x0000000100000000)
  eden space 86016K, 0% used [0x00000000f5580000,0x00000000f5580000,0x00000000fa980000)
  from space 512K, 68% used [0x00000000faa00000,0x00000000faa58000,0x00000000faa80000)
  to   space 512K, 0% used [0x00000000fa980000,0x00000000fa980000,0x00000000faa00000)
 ParOldGen       total 208896K, used 133759K [0x00000000e0000000, 0x00000000ecc00000, 0x00000000f5580000)
  object space 208896K, 64% used [0x00000000e0000000,0x00000000e829fdb8,0x00000000ecc00000)
 Metaspace       used 56645K, capacity 59384K, committed 59796K, reserved 1101824K
  class space    used 7069K, capacity 7621K, committed 7680K, reserved 1048576K
}
Event: 4039411.285 GC heap before
{Heap before GC invocations=316 (full 3):
 PSYoungGen      total 86528K, used 86368K [0x00000000f5580000, 0x00000000faa80000, 0x0000000100000000)
  eden space 86016K, 100% used [0x00000000f5580000,0x00000000fa980000,0x00000000fa980000)
  from space 512K, 68% used [0x00000000faa00000,0x00000000faa58000,0x00000000faa80000)
  to   space 512K, 0% used [0x00000000fa980000,0x00000000fa980000,0x00000000faa00000)
 ParOldGen       total 208896K, used 133759K [0x00000000e0000000, 0x00000000ecc00000, 0x00000000f5580000)
  object space 208896K, 64% used [0x00000000e0000000,0x00000000e829fdb8,0x00000000ecc00000)
 Metaspace       used 56645K, capacity 59384K, committed 59796K, reserved 1101824K
  class space    used 7069K, capacity 7621K, committed 7680K, reserved 1048576K
Event: 4039411.544 GC heap after
Heap after GC invocations=316 (full 3):
 PSYoungGen      total 86528K, used 384K [0x00000000f5580000, 0x00000000faa80000, 0x0000000100000000)
  eden space 86016K, 0% used [0x00000000f5580000,0x00000000f5580000,0x00000000fa980000)
  from space 512K, 75% used [0x00000000fa980000,0x00000000fa9e0000,0x00000000faa00000)
  to   space 512K, 0% used [0x00000000faa00000,0x00000000faa00000,0x00000000faa80000)
 ParOldGen       total 208896K, used 133759K [0x00000000e0000000, 0x00000000ecc00000, 0x00000000f5580000)
  object space 208896K, 64% used [0x00000000e0000000,0x00000000e829fdb8,0x00000000ecc00000)
 Metaspace       used 56645K, capacity 59384K, committed 59796K, reserved 1101824K
  class space    used 7069K, capacity 7621K, committed 7680K, reserved 1048576K
}
Event: 4051779.538 GC heap before
{Heap before GC invocations=317 (full 3):
 PSYoungGen      total 86528K, used 86400K [0x00000000f5580000, 0x00000000faa80000, 0x0000000100000000)
  eden space 86016K, 100% used [0x00000000f5580000,0x00000000fa980000,0x00000000fa980000)
  from space 512K, 75% used [0x00000000fa980000,0x00000000fa9e0000,0x00000000faa00000)
  to   space 512K, 0% used [0x00000000faa00000,0x00000000faa00000,0x00000000faa80000)
 ParOldGen       total 208896K, used 133759K [0x00000000e0000000, 0x00000000ecc00000, 0x00000000f5580000)
  object space 208896K, 64% used [0x00000000e0000000,0x00000000e829fdb8,0x00000000ecc00000)
 Metaspace       used 56645K, capacity 59384K, committed 59796K, reserved 1101824K
  class space    used 7069K, capacity 7621K, committed 7680K, reserved 1048576K
Event: 4051780.463 GC heap after
Heap after GC invocations=317 (full 3):
 PSYoungGen      total 86528K, used 352K [0x00000000f5580000, 0x00000000faa80000, 0x0000000100000000)
  eden space 86016K, 0% used [0x00000000f5580000,0x00000000f5580000,0x00000000fa980000)
  from space 512K, 68% used [0x00000000faa00000,0x00000000faa58000,0x00000000faa80000)
  to   space 512K, 0% used [0x00000000fa980000,0x00000000fa980000,0x00000000faa00000)
 ParOldGen       total 208896K, used 133759K [0x00000000e0000000, 0x00000000ecc00000, 0x00000000f5580000)
  object space 208896K, 64% used [0x00000000e0000000,0x00000000e829fdb8,0x00000000ecc00000)
 Metaspace       used 56645K, capacity 59384K, committed 59796K, reserved 1101824K
  class space    used 7069K, capacity 7621K, committed 7680K, reserved 1048576K
}
Event: 4064178.198 GC heap before
{Heap before GC invocations=318 (full 3):
 PSYoungGen      total 86528K, used 86368K [0x00000000f5580000, 0x00000000faa80000, 0x0000000100000000)
  eden space 86016K, 100% used [0x00000000f5580000,0x00000000fa980000,0x00000000fa980000)
  from space 512K, 68% used [0x00000000faa00000,0x00000000faa58000,0x00000000faa80000)
  to   space 512K, 0% used [0x00000000fa980000,0x00000000fa980000,0x00000000faa00000)
 ParOldGen       total 208896K, used 133759K [0x00000000e0000000, 0x00000000ecc00000, 0x00000000f5580000)
  object space 208896K, 64% used [0x00000000e0000000,0x00000000e829fdb8,0x00000000ecc00000)
 Metaspace       used 56645K, capacity 59384K, committed 59796K, reserved 1101824K
  class space    used 7069K, capacity 7621K, committed 7680K, reserved 1048576K
Event: 4064179.356 GC heap after
Heap after GC invocations=318 (full 3):
 PSYoungGen      total 86528K, used 352K [0x00000000f5580000, 0x00000000faa80000, 0x0000000100000000)
  eden space 86016K, 0% used [0x00000000f5580000,0x00000000f5580000,0x00000000fa980000)
  from space 512K, 68% used [0x00000000fa980000,0x00000000fa9d8000,0x00000000faa00000)
  to   space 512K, 0% used [0x00000000faa00000,0x00000000faa00000,0x00000000faa80000)
 ParOldGen       total 208896K, used 133759K [0x00000000e0000000, 0x00000000ecc00000, 0x00000000f5580000)
  object space 208896K, 64% used [0x00000000e0000000,0x00000000e829fdb8,0x00000000ecc00000)
 Metaspace       used 56645K, capacity 59384K, committed 59796K, reserved 1101824K
  class space    used 7069K, capacity 7621K, committed 7680K, reserved 1048576K
}
Event: 4076545.240 GC heap before
{Heap before GC invocations=319 (full 3):
 PSYoungGen      total 86528K, used 86368K [0x00000000f5580000, 0x00000000faa80000, 0x0000000100000000)
  eden space 86016K, 100% used [0x00000000f5580000,0x00000000fa980000,0x00000000fa980000)
  from space 512K, 68% used [0x00000000fa980000,0x00000000fa9d8000,0x00000000faa00000)
  to   space 512K, 0% used [0x00000000faa00000,0x00000000faa00000,0x00000000faa80000)
 ParOldGen       total 208896K, used 133759K [0x00000000e0000000, 0x00000000ecc00000, 0x00000000f5580000)
  object space 208896K, 64% used [0x00000000e0000000,0x00000000e829fdb8,0x00000000ecc00000)
 Metaspace       used 56645K, capacity 59384K, committed 59796K, reserved 1101824K
  class space    used 7069K, capacity 7621K, committed 7680K, reserved 1048576K
Event: 4076545.260 GC heap after
Heap after GC invocations=319 (full 3):
 PSYoungGen      total 86528K, used 352K [0x00000000f5580000, 0x00000000faa80000, 0x0000000100000000)
  eden space 86016K, 0% used [0x00000000f5580000,0x00000000f5580000,0x00000000fa980000)
  from space 512K, 68% used [0x00000000faa00000,0x00000000faa58000,0x00000000faa80000)
  to   space 512K, 0% used [0x00000000fa980000,0x00000000fa980000,0x00000000faa00000)
 ParOldGen       total 208896K, used 133759K [0x00000000e0000000, 0x00000000ecc00000, 0x00000000f5580000)
  object space 208896K, 64% used [0x00000000e0000000,0x00000000e829fdb8,0x00000000ecc00000)
 Metaspace       used 56645K, capacity 59384K, committed 59796K, reserved 1101824K
  class space    used 7069K, capacity 7621K, committed 7680K, reserved 1048576K
}
Event: 4088924.091 GC heap before
{Heap before GC invocations=320 (full 3):
 PSYoungGen      total 86528K, used 86368K [0x00000000f5580000, 0x00000000faa80000, 0x0000000100000000)
  eden space 86016K, 100% used [0x00000000f5580000,0x00000000fa980000,0x00000000fa980000)
  from space 512K, 68% used [0x00000000faa00000,0x00000000faa58000,0x00000000faa80000)
  to   space 512K, 0% used [0x00000000fa980000,0x00000000fa980000,0x00000000faa00000)
 ParOldGen       total 208896K, used 133759K [0x00000000e0000000, 0x00000000ecc00000, 0x00000000f5580000)
  object space 208896K, 64% used [0x00000000e0000000,0x00000000e829fdb8,0x00000000ecc00000)
 Metaspace       used 56645K, capacity 59384K, committed 59796K, reserved 1101824K
  class space    used 7069K, capacity 7621K, committed 7680K, reserved 1048576K
Event: 4088924.859 GC heap after
Heap after GC invocations=320 (full 3):
 PSYoungGen      total 86528K, used 352K [0x00000000f5580000, 0x00000000faa80000, 0x0000000100000000)
  eden space 86016K, 0% used [0x00000000f5580000,0x00000000f5580000,0x00000000fa980000)
  from space 512K, 68% used [0x00000000fa980000,0x00000000fa9d8000,0x00000000faa00000)
  to   space 512K, 0% used [0x00000000faa00000,0x00000000faa00000,0x00000000faa80000)
 ParOldGen       total 208896K, used 133759K [0x00000000e0000000, 0x00000000ecc00000, 0x00000000f5580000)
  object space 208896K, 64% used [0x00000000e0000000,0x00000000e829fdb8,0x00000000ecc00000)
 Metaspace       used 56645K, capacity 59384K, committed 59796K, reserved 1101824K
  class space    used 7069K, capacity 7621K, committed 7680K, reserved 1048576K
}
Event: 4101244.240 GC heap before
{Heap before GC invocations=321 (full 3):
 PSYoungGen      total 86528K, used 86368K [0x00000000f5580000, 0x00000000faa80000, 0x0000000100000000)
  eden space 86016K, 100% used [0x00000000f5580000,0x00000000fa980000,0x00000000fa980000)
  from space 512K, 68% used [0x00000000fa980000,0x00000000fa9d8000,0x00000000faa00000)
  to   space 512K, 0% used [0x00000000faa00000,0x00000000faa00000,0x00000000faa80000)
 ParOldGen       total 208896K, used 133759K [0x00000000e0000000, 0x00000000ecc00000, 0x00000000f5580000)
  object space 208896K, 64% used [0x00000000e0000000,0x00000000e829fdb8,0x00000000ecc00000)
 Metaspace       used 56645K, capacity 59384K, committed 59796K, reserved 1101824K
  class space    used 7069K, capacity 7621K, committed 7680K, reserved 1048576K
Event: 4101244.256 GC heap after
Heap after GC invocations=321 (full 3):
 PSYoungGen      total 86528K, used 352K [0x00000000f5580000, 0x00000000faa80000, 0x0000000100000000)
  eden space 86016K, 0% used [0x00000000f5580000,0x00000000f5580000,0x00000000fa980000)
  from space 512K, 68% used [0x00000000faa00000,0x00000000faa58000,0x00000000faa80000)
  to   space 512K, 0% used [0x00000000fa980000,0x00000000fa980000,0x00000000faa00000)
 ParOldGen       total 208896K, used 133759K [0x00000000e0000000, 0x00000000ecc00000, 0x00000000f5580000)
  object space 208896K, 64% used [0x00000000e0000000,0x00000000e829fdb8,0x00000000ecc00000)
 Metaspace       used 56645K, capacity 59384K, committed 59796K, reserved 1101824K
  class space    used 7069K, capacity 7621K, committed 7680K, reserved 1048576K
}
Event: 4113531.562 GC heap before
{Heap before GC invocations=322 (full 3):
 PSYoungGen      total 86528K, used 86368K [0x00000000f5580000, 0x00000000faa80000, 0x0000000100000000)
  eden space 86016K, 100% used [0x00000000f5580000,0x00000000fa980000,0x00000000fa980000)
  from space 512K, 68% used [0x00000000faa00000,0x00000000faa58000,0x00000000faa80000)
  to   space 512K, 0% used [0x00000000fa980000,0x00000000fa980000,0x00000000faa00000)
 ParOldGen       total 208896K, used 133759K [0x00000000e0000000, 0x00000000ecc00000, 0x00000000f5580000)
  object space 208896K, 64% used [0x00000000e0000000,0x00000000e829fdb8,0x00000000ecc00000)
 Metaspace       used 56645K, capacity 59384K, committed 59796K, reserved 1101824K
  class space    used 7069K, capacity 7621K, committed 7680K, reserved 1048576K
Event: 4113532.002 GC heap after
Heap after GC invocations=322 (full 3):
 PSYoungGen      total 86528K, used 352K [0x00000000f5580000, 0x00000000faa80000, 0x0000000100000000)
  eden space 86016K, 0% used [0x00000000f5580000,0x00000000f5580000,0x00000000fa980000)
  from space 512K, 68% used [0x00000000fa980000,0x00000000fa9d8000,0x00000000faa00000)
  to   space 512K, 0% used [0x00000000faa00000,0x00000000faa00000,0x00000000faa80000)
 ParOldGen       total 208896K, used 133759K [0x00000000e0000000, 0x00000000ecc00000, 0x00000000f5580000)
  object space 208896K, 64% used [0x00000000e0000000,0x00000000e829fdb8,0x00000000ecc00000)
 Metaspace       used 56645K, capacity 59384K, committed 59796K, reserved 1101824K
  class space    used 7069K, capacity 7621K, committed 7680K, reserved 1048576K
}
Event: 4125882.582 GC heap before
{Heap before GC invocations=323 (full 3):
 PSYoungGen      total 86528K, used 86368K [0x00000000f5580000, 0x00000000faa80000, 0x0000000100000000)
  eden space 86016K, 100% used [0x00000000f5580000,0x00000000fa980000,0x00000000fa980000)
  from space 512K, 68% used [0x00000000fa980000,0x00000000fa9d8000,0x00000000faa00000)
  to   space 512K, 0% used [0x00000000faa00000,0x00000000faa00000,0x00000000faa80000)
 ParOldGen       total 208896K, used 133759K [0x00000000e0000000, 0x00000000ecc00000, 0x00000000f5580000)
  object space 208896K, 64% used [0x00000000e0000000,0x00000000e829fdb8,0x00000000ecc00000)
 Metaspace       used 56645K, capacity 59384K, committed 59796K, reserved 1101824K
  class space    used 7069K, capacity 7621K, committed 7680K, reserved 1048576K
Event: 4125883.039 GC heap after
Heap after GC invocations=323 (full 3):
 PSYoungGen      total 86528K, used 352K [0x00000000f5580000, 0x00000000faa80000, 0x0000000100000000)
  eden space 86016K, 0% used [0x00000000f5580000,0x00000000f5580000,0x00000000fa980000)
  from space 512K, 68% used [0x00000000faa00000,0x00000000faa58000,0x00000000faa80000)
  to   space 512K, 0% used [0x00000000fa980000,0x00000000fa980000,0x00000000faa00000)
 ParOldGen       total 208896K, used 133759K [0x00000000e0000000, 0x00000000ecc00000, 0x00000000f5580000)
  object space 208896K, 64% used [0x00000000e0000000,0x00000000e829fdb8,0x00000000ecc00000)
 Metaspace       used 56645K, capacity 59384K, committed 59796K, reserved 1101824K
  class space    used 7069K, capacity 7621K, committed 7680K, reserved 1048576K
}
Event: 4138264.090 GC heap before
{Heap before GC invocations=324 (full 3):
 PSYoungGen      total 86528K, used 86368K [0x00000000f5580000, 0x00000000faa80000, 0x0000000100000000)
  eden space 86016K, 100% used [0x00000000f5580000,0x00000000fa980000,0x00000000fa980000)
  from space 512K, 68% used [0x00000000faa00000,0x00000000faa58000,0x00000000faa80000)
  to   space 512K, 0% used [0x00000000fa980000,0x00000000fa980000,0x00000000faa00000)
 ParOldGen       total 208896K, used 133759K [0x00000000e0000000, 0x00000000ecc00000, 0x00000000f5580000)
  object space 208896K, 64% used [0x00000000e0000000,0x00000000e829fdb8,0x00000000ecc00000)
 Metaspace       used 56645K, capacity 59384K, committed 59796K, reserved 1101824K
  class space    used 7069K, capacity 7621K, committed 7680K, reserved 1048576K
Event: 4138265.104 GC heap after
Heap after GC invocations=324 (full 3):
 PSYoungGen      total 86528K, used 384K [0x00000000f5580000, 0x00000000faa80000, 0x0000000100000000)
  eden space 86016K, 0% used [0x00000000f5580000,0x00000000f5580000,0x00000000fa980000)
  from space 512K, 75% used [0x00000000fa980000,0x00000000fa9e0000,0x00000000faa00000)
  to   space 512K, 0% used [0x00000000faa00000,0x00000000faa00000,0x00000000faa80000)
 ParOldGen       total 208896K, used 133759K [0x00000000e0000000, 0x00000000ecc00000, 0x00000000f5580000)
  object space 208896K, 64% used [0x00000000e0000000,0x00000000e829fdb8,0x00000000ecc00000)
 Metaspace       used 56645K, capacity 59384K, committed 59796K, reserved 1101824K
  class space    used 7069K, capacity 7621K, committed 7680K, reserved 1048576K
}
Event: 4150626.542 GC heap before
{Heap before GC invocations=325 (full 3):
 PSYoungGen      total 86528K, used 86400K [0x00000000f5580000, 0x00000000faa80000, 0x0000000100000000)
  eden space 86016K, 100% used [0x00000000f5580000,0x00000000fa980000,0x00000000fa980000)
  from space 512K, 75% used [0x00000000fa980000,0x00000000fa9e0000,0x00000000faa00000)
  to   space 512K, 0% used [0x00000000faa00000,0x00000000faa00000,0x00000000faa80000)
 ParOldGen       total 208896K, used 133759K [0x00000000e0000000, 0x00000000ecc00000, 0x00000000f5580000)
  object space 208896K, 64% used [0x00000000e0000000,0x00000000e829fdb8,0x00000000ecc00000)
 Metaspace       used 56645K, capacity 59384K, committed 59796K, reserved 1101824K
  class space    used 7069K, capacity 7621K, committed 7680K, reserved 1048576K
Event: 4150626.563 GC heap after
Heap after GC invocations=325 (full 3):
 PSYoungGen      total 86528K, used 352K [0x00000000f5580000, 0x00000000faa80000, 0x0000000100000000)
  eden space 86016K, 0% used [0x00000000f5580000,0x00000000f5580000,0x00000000fa980000)
  from space 512K, 68% used [0x00000000faa00000,0x00000000faa58000,0x00000000faa80000)
  to   space 512K, 0% used [0x00000000fa980000,0x00000000fa980000,0x00000000faa00000)
 ParOldGen       total 208896K, used 133759K [0x00000000e0000000, 0x00000000ecc00000, 0x00000000f5580000)
  object space 208896K, 64% used [0x00000000e0000000,0x00000000e829fdb8,0x00000000ecc00000)
 Metaspace       used 56645K, capacity 59384K, committed 59796K, reserved 1101824K
  class space    used 7069K, capacity 7621K, committed 7680K, reserved 1048576K
}
Event: 4163001.723 GC heap before
{Heap before GC invocations=326 (full 3):
 PSYoungGen      total 86528K, used 86368K [0x00000000f5580000, 0x00000000faa80000, 0x0000000100000000)
  eden space 86016K, 100% used [0x00000000f5580000,0x00000000fa980000,0x00000000fa980000)
  from space 512K, 68% used [0x00000000faa00000,0x00000000faa58000,0x00000000faa80000)
  to   space 512K, 0% used [0x00000000fa980000,0x00000000fa980000,0x00000000faa00000)
 ParOldGen       total 208896K, used 133759K [0x00000000e0000000, 0x00000000ecc00000, 0x00000000f5580000)
  object space 208896K, 64% used [0x00000000e0000000,0x00000000e829fdb8,0x00000000ecc00000)
 Metaspace       used 56645K, capacity 59384K, committed 59796K, reserved 1101824K
  class space    used 7069K, capacity 7621K, committed 7680K, reserved 1048576K
Event: 4163002.226 GC heap after
Heap after GC invocations=326 (full 3):
 PSYoungGen      total 86528K, used 384K [0x00000000f5580000, 0x00000000faa80000, 0x0000000100000000)
  eden space 86016K, 0% used [0x00000000f5580000,0x00000000f5580000,0x00000000fa980000)
  from space 512K, 75% used [0x00000000fa980000,0x00000000fa9e0000,0x00000000faa00000)
  to   space 512K, 0% used [0x00000000faa00000,0x00000000faa00000,0x00000000faa80000)
 ParOldGen       total 208896K, used 133759K [0x00000000e0000000, 0x00000000ecc00000, 0x00000000f5580000)
  object space 208896K, 64% used [0x00000000e0000000,0x00000000e829fdb8,0x00000000ecc00000)
 Metaspace       used 56645K, capacity 59384K, committed 59796K, reserved 1101824K
  class space    used 7069K, capacity 7621K, committed 7680K, reserved 1048576K
}
Event: 4175363.104 GC heap before
{Heap before GC invocations=327 (full 3):
 PSYoungGen      total 86528K, used 86400K [0x00000000f5580000, 0x00000000faa80000, 0x0000000100000000)
  eden space 86016K, 100% used [0x00000000f5580000,0x00000000fa980000,0x00000000fa980000)
  from space 512K, 75% used [0x00000000fa980000,0x00000000fa9e0000,0x00000000faa00000)
  to   space 512K, 0% used [0x00000000faa00000,0x00000000faa00000,0x00000000faa80000)
 ParOldGen       total 208896K, used 133759K [0x00000000e0000000, 0x00000000ecc00000, 0x00000000f5580000)
  object space 208896K, 64% used [0x00000000e0000000,0x00000000e829fdb8,0x00000000ecc00000)
 Metaspace       used 56645K, capacity 59384K, committed 59796K, reserved 1101824K
  class space    used 7069K, capacity 7621K, committed 7680K, reserved 1048576K
Event: 4175363.462 GC heap after
Heap after GC invocations=327 (full 3):
 PSYoungGen      total 86528K, used 352K [0x00000000f5580000, 0x00000000faa80000, 0x0000000100000000)
  eden space 86016K, 0% used [0x00000000f5580000,0x00000000f5580000,0x00000000fa980000)
  from space 512K, 68% used [0x00000000faa00000,0x00000000faa58000,0x00000000faa80000)
  to   space 512K, 0% used [0x00000000fa980000,0x00000000fa980000,0x00000000faa00000)
 ParOldGen       total 208896K, used 133759K [0x00000000e0000000, 0x00000000ecc00000, 0x00000000f5580000)
  object space 208896K, 64% used [0x00000000e0000000,0x00000000e829fdb8,0x00000000ecc00000)
 Metaspace       used 56645K, capacity 59384K, committed 59796K, reserved 1101824K
  class space    used 7069K, capacity 7621K, committed 7680K, reserved 1048576K
}
Event: 4187735.188 GC heap before
{Heap before GC invocations=328 (full 3):
 PSYoungGen      total 86528K, used 86368K [0x00000000f5580000, 0x00000000faa80000, 0x0000000100000000)
  eden space 86016K, 100% used [0x00000000f5580000,0x00000000fa980000,0x00000000fa980000)
  from space 512K, 68% used [0x00000000faa00000,0x00000000faa58000,0x00000000faa80000)
  to   space 512K, 0% used [0x00000000fa980000,0x00000000fa980000,0x00000000faa00000)
 ParOldGen       total 208896K, used 133759K [0x00000000e0000000, 0x00000000ecc00000, 0x00000000f5580000)
  object space 208896K, 64% used [0x00000000e0000000,0x00000000e829fdb8,0x00000000ecc00000)
 Metaspace       used 56645K, capacity 59384K, committed 59796K, reserved 1101824K
  class space    used 7069K, capacity 7621K, committed 7680K, reserved 1048576K
Event: 4187735.204 GC heap after
Heap after GC invocations=328 (full 3):
 PSYoungGen      total 86528K, used 352K [0x00000000f5580000, 0x00000000faa80000, 0x0000000100000000)
  eden space 86016K, 0% used [0x00000000f5580000,0x00000000f5580000,0x00000000fa980000)
  from space 512K, 68% used [0x00000000fa980000,0x00000000fa9d8000,0x00000000faa00000)
  to   space 512K, 0% used [0x00000000faa00000,0x00000000faa00000,0x00000000faa80000)
 ParOldGen       total 208896K, used 133759K [0x00000000e0000000, 0x00000000ecc00000, 0x00000000f5580000)
  object space 208896K, 64% used [0x00000000e0000000,0x00000000e829fdb8,0x00000000ecc00000)
 Metaspace       used 56645K, capacity 59384K, committed 59796K, reserved 1101824K
  class space    used 7069K, capacity 7621K, committed 7680K, reserved 1048576K
}
Event: 4199991.618 GC heap before
{Heap before GC invocations=329 (full 3):
 PSYoungGen      total 86528K, used 86368K [0x00000000f5580000, 0x00000000faa80000, 0x0000000100000000)
  eden space 86016K, 100% used [0x00000000f5580000,0x00000000fa980000,0x00000000fa980000)
  from space 512K, 68% used [0x00000000fa980000,0x00000000fa9d8000,0x00000000faa00000)
  to   space 512K, 0% used [0x00000000faa00000,0x00000000faa00000,0x00000000faa80000)
 ParOldGen       total 208896K, used 133759K [0x00000000e0000000, 0x00000000ecc00000, 0x00000000f5580000)
  object space 208896K, 64% used [0x00000000e0000000,0x00000000e829fdb8,0x00000000ecc00000)
 Metaspace       used 56645K, capacity 59384K, committed 59796K, reserved 1101824K
  class space    used 7069K, capacity 7621K, committed 7680K, reserved 1048576K
Event: 4199992.260 GC heap after
Heap after GC invocations=329 (full 3):
 PSYoungGen      total 86528K, used 352K [0x00000000f5580000, 0x00000000faa80000, 0x0000000100000000)
  eden space 86016K, 0% used [0x00000000f5580000,0x00000000f5580000,0x00000000fa980000)
  from space 512K, 68% used [0x00000000faa00000,0x00000000faa58000,0x00000000faa80000)
  to   space 512K, 0% used [0x00000000fa980000,0x00000000fa980000,0x00000000faa00000)
 ParOldGen       total 208896K, used 133759K [0x00000000e0000000, 0x00000000ecc00000, 0x00000000f5580000)
  object space 208896K, 64% used [0x00000000e0000000,0x00000000e829fdb8,0x00000000ecc00000)
 Metaspace       used 56645K, capacity 59384K, committed 59796K, reserved 1101824K
  class space    used 7069K, capacity 7621K, committed 7680K, reserved 1048576K
}
Event: 4212316.551 GC heap before
{Heap before GC invocations=330 (full 3):
 PSYoungGen      total 86528K, used 86368K [0x00000000f5580000, 0x00000000faa80000, 0x0000000100000000)
  eden space 86016K, 100% used [0x00000000f5580000,0x00000000fa980000,0x00000000fa980000)
  from space 512K, 68% used [0x00000000faa00000,0x00000000faa58000,0x00000000faa80000)
  to   space 512K, 0% used [0x00000000fa980000,0x00000000fa980000,0x00000000faa00000)
 ParOldGen       total 208896K, used 133759K [0x00000000e0000000, 0x00000000ecc00000, 0x00000000f5580000)
  object space 208896K, 64% used [0x00000000e0000000,0x00000000e829fdb8,0x00000000ecc00000)
 Metaspace       used 56645K, capacity 59384K, committed 59796K, reserved 1101824K
  class space    used 7069K, capacity 7621K, committed 7680K, reserved 1048576K
Event: 4212316.966 GC heap after
Heap after GC invocations=330 (full 3):
 PSYoungGen      total 86528K, used 352K [0x00000000f5580000, 0x00000000faa80000, 0x0000000100000000)
  eden space 86016K, 0% used [0x00000000f5580000,0x00000000f5580000,0x00000000fa980000)
  from space 512K, 68% used [0x00000000fa980000,0x00000000fa9d8000,0x00000000faa00000)
  to   space 512K, 0% used [0x00000000faa00000,0x00000000faa00000,0x00000000faa80000)
 ParOldGen       total 208896K, used 133759K [0x00000000e0000000, 0x00000000ecc00000, 0x00000000f5580000)
  object space 208896K, 64% used [0x00000000e0000000,0x00000000e829fdb8,0x00000000ecc00000)
 Metaspace       used 56645K, capacity 59384K, committed 59796K, reserved 1101824K
  class space    used 7069K, capacity 7621K, committed 7680K, reserved 1048576K
}
Event: 4224641.641 GC heap before
{Heap before GC invocations=331 (full 3):
 PSYoungGen      total 86528K, used 86368K [0x00000000f5580000, 0x00000000faa80000, 0x0000000100000000)
  eden space 86016K, 100% used [0x00000000f5580000,0x00000000fa980000,0x00000000fa980000)
  from space 512K, 68% used [0x00000000fa980000,0x00000000fa9d8000,0x00000000faa00000)
  to   space 512K, 0% used [0x00000000faa00000,0x00000000faa00000,0x00000000faa80000)
 ParOldGen       total 208896K, used 133759K [0x00000000e0000000, 0x00000000ecc00000, 0x00000000f5580000)
  object space 208896K, 64% used [0x00000000e0000000,0x00000000e829fdb8,0x00000000ecc00000)
 Metaspace       used 56645K, capacity 59384K, committed 59796K, reserved 1101824K
  class space    used 7069K, capacity 7621K, committed 7680K, reserved 1048576K
Event: 4224642.464 GC heap after
Heap after GC invocations=331 (full 3):
 PSYoungGen      total 86528K, used 352K [0x00000000f5580000, 0x00000000faa80000, 0x0000000100000000)
  eden space 86016K, 0% used [0x00000000f5580000,0x00000000f5580000,0x00000000fa980000)
  from space 512K, 68% used [0x00000000faa00000,0x00000000faa58000,0x00000000faa80000)
  to   space 512K, 0% used [0x00000000fa980000,0x00000000fa980000,0x00000000faa00000)
 ParOldGen       total 208896K, used 133759K [0x00000000e0000000, 0x00000000ecc00000, 0x00000000f5580000)
  object space 208896K, 64% used [0x00000000e0000000,0x00000000e829fdb8,0x00000000ecc00000)
 Metaspace       used 56645K, capacity 59384K, committed 59796K, reserved 1101824K
  class space    used 7069K, capacity 7621K, committed 7680K, reserved 1048576K
}
Event: 4236966.540 GC heap before
{Heap before GC invocations=332 (full 3):
 PSYoungGen      total 86528K, used 86368K [0x00000000f5580000, 0x00000000faa80000, 0x0000000100000000)
  eden space 86016K, 100% used [0x00000000f5580000,0x00000000fa980000,0x00000000fa980000)
  from space 512K, 68% used [0x00000000faa00000,0x00000000faa58000,0x00000000faa80000)
  to   space 512K, 0% used [0x00000000fa980000,0x00000000fa980000,0x00000000faa00000)
 ParOldGen       total 208896K, used 133759K [0x00000000e0000000, 0x00000000ecc00000, 0x00000000f5580000)
  object space 208896K, 64% used [0x00000000e0000000,0x00000000e829fdb8,0x00000000ecc00000)
 Metaspace       used 56645K, capacity 59384K, committed 59796K, reserved 1101824K
  class space    used 7069K, capacity 7621K, committed 7680K, reserved 1048576K
Event: 4236966.698 GC heap after
Heap after GC invocations=332 (full 3):
 PSYoungGen      total 86528K, used 352K [0x00000000f5580000, 0x00000000faa80000, 0x0000000100000000)
  eden space 86016K, 0% used [0x00000000f5580000,0x00000000f5580000,0x00000000fa980000)
  from space 512K, 68% used [0x00000000fa980000,0x00000000fa9d8000,0x00000000faa00000)
  to   space 512K, 0% used [0x00000000faa00000,0x00000000faa00000,0x00000000faa80000)
 ParOldGen       total 208896K, used 133759K [0x00000000e0000000, 0x00000000ecc00000, 0x00000000f5580000)
  object space 208896K, 64% used [0x00000000e0000000,0x00000000e829fdb8,0x00000000ecc00000)
 Metaspace       used 56645K, capacity 59384K, committed 59796K, reserved 1101824K
  class space    used 7069K, capacity 7621K, committed 7680K, reserved 1048576K
}
Event: 4249296.613 GC heap before
{Heap before GC invocations=333 (full 3):
 PSYoungGen      total 86528K, used 86368K [0x00000000f5580000, 0x00000000faa80000, 0x0000000100000000)
  eden space 86016K, 100% used [0x00000000f5580000,0x00000000fa980000,0x00000000fa980000)
  from space 512K, 68% used [0x00000000fa980000,0x00000000fa9d8000,0x00000000faa00000)
  to   space 512K, 0% used [0x00000000faa00000,0x00000000faa00000,0x00000000faa80000)
 ParOldGen       total 208896K, used 133759K [0x00000000e0000000, 0x00000000ecc00000, 0x00000000f5580000)
  object space 208896K, 64% used [0x00000000e0000000,0x00000000e829fdb8,0x00000000ecc00000)
 Metaspace       used 56645K, capacity 59384K, committed 59796K, reserved 1101824K
  class space    used 7069K, capacity 7621K, committed 7680K, reserved 1048576K
Event: 4249296.940 GC heap after
Heap after GC invocations=333 (full 3):
 PSYoungGen      total 86528K, used 384K [0x00000000f5580000, 0x00000000faa80000, 0x0000000100000000)
  eden space 86016K, 0% used [0x00000000f5580000,0x00000000f5580000,0x00000000fa980000)
  from space 512K, 75% used [0x00000000faa00000,0x00000000faa60000,0x00000000faa80000)
  to   space 512K, 0% used [0x00000000fa980000,0x00000000fa980000,0x00000000faa00000)
 ParOldGen       total 208896K, used 133759K [0x00000000e0000000, 0x00000000ecc00000, 0x00000000f5580000)
  object space 208896K, 64% used [0x00000000e0000000,0x00000000e829fdb8,0x00000000ecc00000)
 Metaspace       used 56645K, capacity 59384K, committed 59796K, reserved 1101824K
  class space    used 7069K, capacity 7621K, committed 7680K, reserved 1048576K
}
Event: 4261621.621 GC heap before
{Heap before GC invocations=334 (full 3):
 PSYoungGen      total 86528K, used 86400K [0x00000000f5580000, 0x00000000faa80000, 0x0000000100000000)
  eden space 86016K, 100% used [0x00000000f5580000,0x00000000fa980000,0x00000000fa980000)
  from space 512K, 75% used [0x00000000faa00000,0x00000000faa60000,0x00000000faa80000)
  to   space 512K, 0% used [0x00000000fa980000,0x00000000fa980000,0x00000000faa00000)
 ParOldGen       total 208896K, used 133759K [0x00000000e0000000, 0x00000000ecc00000, 0x00000000f5580000)
  object space 208896K, 64% used [0x00000000e0000000,0x00000000e829fdb8,0x00000000ecc00000)
 Metaspace       used 56645K, capacity 59384K, committed 59796K, reserved 1101824K
  class space    used 7069K, capacity 7621K, committed 7680K, reserved 1048576K
Event: 4261622.030 GC heap after
Heap after GC invocations=334 (full 3):
 PSYoungGen      total 86528K, used 352K [0x00000000f5580000, 0x00000000faa80000, 0x0000000100000000)
  eden space 86016K, 0% used [0x00000000f5580000,0x00000000f5580000,0x00000000fa980000)
  from space 512K, 68% used [0x00000000fa980000,0x00000000fa9d8000,0x00000000faa00000)
  to   space 512K, 0% used [0x00000000faa00000,0x00000000faa00000,0x00000000faa80000)
 ParOldGen       total 208896K, used 133759K [0x00000000e0000000, 0x00000000ecc00000, 0x00000000f5580000)
  object space 208896K, 64% used [0x00000000e0000000,0x00000000e829fdb8,0x00000000ecc00000)
 Metaspace       used 56645K, capacity 59384K, committed 59796K, reserved 1101824K
  class space    used 7069K, capacity 7621K, committed 7680K, reserved 1048576K
}
Event: 4273945.780 GC heap before
{Heap before GC invocations=335 (full 3):
 PSYoungGen      total 86528K, used 86368K [0x00000000f5580000, 0x00000000faa80000, 0x0000000100000000)
  eden space 86016K, 100% used [0x00000000f5580000,0x00000000fa980000,0x00000000fa980000)
  from space 512K, 68% used [0x00000000fa980000,0x00000000fa9d8000,0x00000000faa00000)
  to   space 512K, 0% used [0x00000000faa00000,0x00000000faa00000,0x00000000faa80000)
 ParOldGen       total 208896K, used 133759K [0x00000000e0000000, 0x00000000ecc00000, 0x00000000f5580000)
  object space 208896K, 64% used [0x00000000e0000000,0x00000000e829fdb8,0x00000000ecc00000)
 Metaspace       used 56645K, capacity 59384K, committed 59796K, reserved 1101824K
  class space    used 7069K, capacity 7621K, committed 7680K, reserved 1048576K
Event: 4273945.852 GC heap after
Heap after GC invocations=335 (full 3):
 PSYoungGen      total 86528K, used 352K [0x00000000f5580000, 0x00000000faa80000, 0x0000000100000000)
  eden space 86016K, 0% used [0x00000000f5580000,0x00000000f5580000,0x00000000fa980000)
  from space 512K, 68% used [0x00000000faa00000,0x00000000faa58000,0x00000000faa80000)
  to   space 512K, 0% used [0x00000000fa980000,0x00000000fa980000,0x00000000faa00000)
 ParOldGen       total 208896K, used 133759K [0x00000000e0000000, 0x00000000ecc00000, 0x00000000f5580000)
  object space 208896K, 64% used [0x00000000e0000000,0x00000000e829fdb8,0x00000000ecc00000)
 Metaspace       used 56645K, capacity 59384K, committed 59796K, reserved 1101824K
  class space    used 7069K, capacity 7621K, committed 7680K, reserved 1048576K
}
Event: 4286308.310 GC heap before
{Heap before GC invocations=336 (full 3):
 PSYoungGen      total 86528K, used 86368K [0x00000000f5580000, 0x00000000faa80000, 0x0000000100000000)
  eden space 86016K, 100% used [0x00000000f5580000,0x00000000fa980000,0x00000000fa980000)
  from space 512K, 68% used [0x00000000faa00000,0x00000000faa58000,0x00000000faa80000)
  to   space 512K, 0% used [0x00000000fa980000,0x00000000fa980000,0x00000000faa00000)
 ParOldGen       total 208896K, used 133759K [0x00000000e0000000, 0x00000000ecc00000, 0x00000000f5580000)
  object space 208896K, 64% used [0x00000000e0000000,0x00000000e829fdb8,0x00000000ecc00000)
 Metaspace       used 56645K, capacity 59384K, committed 59796K, reserved 1101824K
  class space    used 7069K, capacity 7621K, committed 7680K, reserved 1048576K
Event: 4286308.906 GC heap after
Heap after GC invocations=336 (full 3):
 PSYoungGen      total 86528K, used 352K [0x00000000f5580000, 0x00000000faa80000, 0x0000000100000000)
  eden space 86016K, 0% used [0x00000000f5580000,0x00000000f5580000,0x00000000fa980000)
  from space 512K, 68% used [0x00000000fa980000,0x00000000fa9d8000,0x00000000faa00000)
  to   space 512K, 0% used [0x00000000faa00000,0x00000000faa00000,0x00000000faa80000)
 ParOldGen       total 208896K, used 133759K [0x00000000e0000000, 0x00000000ecc00000, 0x00000000f5580000)
  object space 208896K, 64% used [0x00000000e0000000,0x00000000e829fdb8,0x00000000ecc00000)
 Metaspace       used 56645K, capacity 59384K, committed 59796K, reserved 1101824K
  class space    used 7069K, capacity 7621K, committed 7680K, reserved 1048576K
}
Event: 4298636.627 GC heap before
{Heap before GC invocations=337 (full 3):
 PSYoungGen      total 86528K, used 86368K [0x00000000f5580000, 0x00000000faa80000, 0x0000000100000000)
  eden space 86016K, 100% used [0x00000000f5580000,0x00000000fa980000,0x00000000fa980000)
  from space 512K, 68% used [0x00000000fa980000,0x00000000fa9d8000,0x00000000faa00000)
  to   space 512K, 0% used [0x00000000faa00000,0x00000000faa00000,0x00000000faa80000)
 ParOldGen       total 208896K, used 133759K [0x00000000e0000000, 0x00000000ecc00000, 0x00000000f5580000)
  object space 208896K, 64% used [0x00000000e0000000,0x00000000e829fdb8,0x00000000ecc00000)
 Metaspace       used 56645K, capacity 59384K, committed 59796K, reserved 1101824K
  class space    used 7069K, capacity 7621K, committed 7680K, reserved 1048576K
Event: 4298637.303 GC heap after
Heap after GC invocations=337 (full 3):
 PSYoungGen      total 86528K, used 384K [0x00000000f5580000, 0x00000000faa80000, 0x0000000100000000)
  eden space 86016K, 0% used [0x00000000f5580000,0x00000000f5580000,0x00000000fa980000)
  from space 512K, 75% used [0x00000000faa00000,0x00000000faa60000,0x00000000faa80000)
  to   space 512K, 0% used [0x00000000fa980000,0x00000000fa980000,0x00000000faa00000)
 ParOldGen       total 208896K, used 133759K [0x00000000e0000000, 0x00000000ecc00000, 0x00000000f5580000)
  object space 208896K, 64% used [0x00000000e0000000,0x00000000e829fdb8,0x00000000ecc00000)
 Metaspace       used 56645K, capacity 59384K, committed 59796K, reserved 1101824K
  class space    used 7069K, capacity 7621K, committed 7680K, reserved 1048576K
}
Event: 4310926.326 GC heap before
{Heap before GC invocations=338 (full 3):
 PSYoungGen      total 86528K, used 86400K [0x00000000f5580000, 0x00000000faa80000, 0x0000000100000000)
  eden space 86016K, 100% used [0x00000000f5580000,0x00000000fa980000,0x00000000fa980000)
  from space 512K, 75% used [0x00000000faa00000,0x00000000faa60000,0x00000000faa80000)
  to   space 512K, 0% used [0x00000000fa980000,0x00000000fa980000,0x00000000faa00000)
 ParOldGen       total 208896K, used 133759K [0x00000000e0000000, 0x00000000ecc00000, 0x00000000f5580000)
  object space 208896K, 64% used [0x00000000e0000000,0x00000000e829fdb8,0x00000000ecc00000)
 Metaspace       used 56645K, capacity 59384K, committed 59796K, reserved 1101824K
  class space    used 7069K, capacity 7621K, committed 7680K, reserved 1048576K
Event: 4310927.207 GC heap after
Heap after GC invocations=338 (full 3):
 PSYoungGen      total 86528K, used 352K [0x00000000f5580000, 0x00000000faa80000, 0x0000000100000000)
  eden space 86016K, 0% used [0x00000000f5580000,0x00000000f5580000,0x00000000fa980000)
  from space 512K, 68% used [0x00000000fa980000,0x00000000fa9d8000,0x00000000faa00000)
  to   space 512K, 0% used [0x00000000faa00000,0x00000000faa00000,0x00000000faa80000)
 ParOldGen       total 208896K, used 133759K [0x00000000e0000000, 0x00000000ecc00000, 0x00000000f5580000)
  object space 208896K, 64% used [0x00000000e0000000,0x00000000e829fdb8,0x00000000ecc00000)
 Metaspace       used 56645K, capacity 59384K, committed 59796K, reserved 1101824K
  class space    used 7069K, capacity 7621K, committed 7680K, reserved 1048576K
}
Event: 4323274.417 GC heap before
{Heap before GC invocations=339 (full 3):
 PSYoungGen      total 86528K, used 86368K [0x00000000f5580000, 0x00000000faa80000, 0x0000000100000000)
  eden space 86016K, 100% used [0x00000000f5580000,0x00000000fa980000,0x00000000fa980000)
  from space 512K, 68% used [0x00000000fa980000,0x00000000fa9d8000,0x00000000faa00000)
  to   space 512K, 0% used [0x00000000faa00000,0x00000000faa00000,0x00000000faa80000)
 ParOldGen       total 208896K, used 133759K [0x00000000e0000000, 0x00000000ecc00000, 0x00000000f5580000)
  object space 208896K, 64% used [0x00000000e0000000,0x00000000e829fdb8,0x00000000ecc00000)
 Metaspace       used 56645K, capacity 59384K, committed 59796K, reserved 1101824K
  class space    used 7069K, capacity 7621K, committed 7680K, reserved 1048576K
Event: 4323274.434 GC heap after
Heap after GC invocations=339 (full 3):
 PSYoungGen      total 86528K, used 352K [0x00000000f5580000, 0x00000000faa80000, 0x0000000100000000)
  eden space 86016K, 0% used [0x00000000f5580000,0x00000000f5580000,0x00000000fa980000)
  from space 512K, 68% used [0x00000000faa00000,0x00000000faa58000,0x00000000faa80000)
  to   space 512K, 0% used [0x00000000fa980000,0x00000000fa980000,0x00000000faa00000)
 ParOldGen       total 208896K, used 133759K [0x00000000e0000000, 0x00000000ecc00000, 0x00000000f5580000)
  object space 208896K, 64% used [0x00000000e0000000,0x00000000e829fdb8,0x00000000ecc00000)
 Metaspace       used 56645K, capacity 59384K, committed 59796K, reserved 1101824K
  class space    used 7069K, capacity 7621K, committed 7680K, reserved 1048576K
}
Event: 4335654.065 GC heap before
{Heap before GC invocations=340 (full 3):
 PSYoungGen      total 86528K, used 86368K [0x00000000f5580000, 0x00000000faa80000, 0x0000000100000000)
  eden space 86016K, 100% used [0x00000000f5580000,0x00000000fa980000,0x00000000fa980000)
  from space 512K, 68% used [0x00000000faa00000,0x00000000faa58000,0x00000000faa80000)
  to   space 512K, 0% used [0x00000000fa980000,0x00000000fa980000,0x00000000faa00000)
 ParOldGen       total 208896K, used 133759K [0x00000000e0000000, 0x00000000ecc00000, 0x00000000f5580000)
  object space 208896K, 64% used [0x00000000e0000000,0x00000000e829fdb8,0x00000000ecc00000)
 Metaspace       used 56645K, capacity 59384K, committed 59796K, reserved 1101824K
  class space    used 7069K, capacity 7621K, committed 7680K, reserved 1048576K
Event: 4335654.749 GC heap after
Heap after GC invocations=340 (full 3):
 PSYoungGen      total 86528K, used 352K [0x00000000f5580000, 0x00000000faa80000, 0x0000000100000000)
  eden space 86016K, 0% used [0x00000000f5580000,0x00000000f5580000,0x00000000fa980000)
  from space 512K, 68% used [0x00000000fa980000,0x00000000fa9d8000,0x00000000faa00000)
  to   space 512K, 0% used [0x00000000faa00000,0x00000000faa00000,0x00000000faa80000)
 ParOldGen       total 208896K, used 133759K [0x00000000e0000000, 0x00000000ecc00000, 0x00000000f5580000)
  object space 208896K, 64% used [0x00000000e0000000,0x00000000e829fdb8,0x00000000ecc00000)
 Metaspace       used 56645K, capacity 59384K, committed 59796K, reserved 1101824K
  class space    used 7069K, capacity 7621K, committed 7680K, reserved 1048576K
}
Event: 4348011.240 GC heap before
{Heap before GC invocations=341 (full 3):
 PSYoungGen      total 86528K, used 86368K [0x00000000f5580000, 0x00000000faa80000, 0x0000000100000000)
  eden space 86016K, 100% used [0x00000000f5580000,0x00000000fa980000,0x00000000fa980000)
  from space 512K, 68% used [0x00000000fa980000,0x00000000fa9d8000,0x00000000faa00000)
  to   space 512K, 0% used [0x00000000faa00000,0x00000000faa00000,0x00000000faa80000)
 ParOldGen       total 208896K, used 133759K [0x00000000e0000000, 0x00000000ecc00000, 0x00000000f5580000)
  object space 208896K, 64% used [0x00000000e0000000,0x00000000e829fdb8,0x00000000ecc00000)
 Metaspace       used 56645K, capacity 59384K, committed 59796K, reserved 1101824K
  class space    used 7069K, capacity 7621K, committed 7680K, reserved 1048576K
Event: 4348011.257 GC heap after
Heap after GC invocations=341 (full 3):
 PSYoungGen      total 86528K, used 352K [0x00000000f5580000, 0x00000000faa80000, 0x0000000100000000)
  eden space 86016K, 0% used [0x00000000f5580000,0x00000000f5580000,0x00000000fa980000)
  from space 512K, 68% used [0x00000000faa00000,0x00000000faa58000,0x00000000faa80000)
  to   space 512K, 0% used [0x00000000fa980000,0x00000000fa980000,0x00000000faa00000)
 ParOldGen       total 208896K, used 133759K [0x00000000e0000000, 0x00000000ecc00000, 0x00000000f5580000)
  object space 208896K, 64% used [0x00000000e0000000,0x00000000e829fdb8,0x00000000ecc00000)
 Metaspace       used 56645K, capacity 59384K, committed 59796K, reserved 1101824K
  class space    used 7069K, capacity 7621K, committed 7680K, reserved 1048576K
}
Event: 4360375.376 GC heap before
{Heap before GC invocations=342 (full 3):
 PSYoungGen      total 86528K, used 86368K [0x00000000f5580000, 0x00000000faa80000, 0x0000000100000000)
  eden space 86016K, 100% used [0x00000000f5580000,0x00000000fa980000,0x00000000fa980000)
  from space 512K, 68% used [0x00000000faa00000,0x00000000faa58000,0x00000000faa80000)
  to   space 512K, 0% used [0x00000000fa980000,0x00000000fa980000,0x00000000faa00000)
 ParOldGen       total 208896K, used 133759K [0x00000000e0000000, 0x00000000ecc00000, 0x00000000f5580000)
  object space 208896K, 64% used [0x00000000e0000000,0x00000000e829fdb8,0x00000000ecc00000)
 Metaspace       used 56645K, capacity 59384K, committed 59796K, reserved 1101824K
  class space    used 7069K, capacity 7621K, committed 7680K, reserved 1048576K
Event: 4360375.384 GC heap after
Heap after GC invocations=342 (full 3):
 PSYoungGen      total 86528K, used 352K [0x00000000f5580000, 0x00000000faa80000, 0x0000000100000000)
  eden space 86016K, 0% used [0x00000000f5580000,0x00000000f5580000,0x00000000fa980000)
  from space 512K, 68% used [0x00000000fa980000,0x00000000fa9d8000,0x00000000faa00000)
  to   space 512K, 0% used [0x00000000faa00000,0x00000000faa00000,0x00000000faa80000)
 ParOldGen       total 208896K, used 133759K [0x00000000e0000000, 0x00000000ecc00000, 0x00000000f5580000)
  object space 208896K, 64% used [0x00000000e0000000,0x00000000e829fdb8,0x00000000ecc00000)
 Metaspace       used 56645K, capacity 59384K, committed 59796K, reserved 1101824K
  class space    used 7069K, capacity 7621K, committed 7680K, reserved 1048576K
}
Event: 4372738.278 GC heap before
{Heap before GC invocations=343 (full 3):
 PSYoungGen      total 86528K, used 86368K [0x00000000f5580000, 0x00000000faa80000, 0x0000000100000000)
  eden space 86016K, 100% used [0x00000000f5580000,0x00000000fa980000,0x00000000fa980000)
  from space 512K, 68% used [0x00000000fa980000,0x00000000fa9d8000,0x00000000faa00000)
  to   space 512K, 0% used [0x00000000faa00000,0x00000000faa00000,0x00000000faa80000)
 ParOldGen       total 208896K, used 133759K [0x00000000e0000000, 0x00000000ecc00000, 0x00000000f5580000)
  object space 208896K, 64% used [0x00000000e0000000,0x00000000e829fdb8,0x00000000ecc00000)
 Metaspace       used 56645K, capacity 59384K, committed 59796K, reserved 1101824K
  class space    used 7069K, capacity 7621K, committed 7680K, reserved 1048576K
Event: 4372738.859 GC heap after
Heap after GC invocations=343 (full 3):
 PSYoungGen      total 86528K, used 352K [0x00000000f5580000, 0x00000000faa80000, 0x0000000100000000)
  eden space 86016K, 0% used [0x00000000f5580000,0x00000000f5580000,0x00000000fa980000)
  from space 512K, 68% used [0x00000000faa00000,0x00000000faa58000,0x00000000faa80000)
  to   space 512K, 0% used [0x00000000fa980000,0x00000000fa980000,0x00000000faa00000)
 ParOldGen       total 208896K, used 133759K [0x00000000e0000000, 0x00000000ecc00000, 0x00000000f5580000)
  object space 208896K, 64% used [0x00000000e0000000,0x00000000e829fdb8,0x00000000ecc00000)
 Metaspace       used 56645K, capacity 59384K, committed 59796K, reserved 1101824K
  class space    used 7069K, capacity 7621K, committed 7680K, reserved 1048576K
}
Event: 4385081.553 GC heap before
{Heap before GC invocations=344 (full 3):
 PSYoungGen      total 86528K, used 86368K [0x00000000f5580000, 0x00000000faa80000, 0x0000000100000000)
  eden space 86016K, 100% used [0x00000000f5580000,0x00000000fa980000,0x00000000fa980000)
  from space 512K, 68% used [0x00000000faa00000,0x00000000faa58000,0x00000000faa80000)
  to   space 512K, 0% used [0x00000000fa980000,0x00000000fa980000,0x00000000faa00000)
 ParOldGen       total 208896K, used 133759K [0x00000000e0000000, 0x00000000ecc00000, 0x00000000f5580000)
  object space 208896K, 64% used [0x00000000e0000000,0x00000000e829fdb8,0x00000000ecc00000)
 Metaspace       used 56645K, capacity 59384K, committed 59796K, reserved 1101824K
  class space    used 7069K, capacity 7621K, committed 7680K, reserved 1048576K
Event: 4385081.762 GC heap after
Heap after GC invocations=344 (full 3):
 PSYoungGen      total 86528K, used 384K [0x00000000f5580000, 0x00000000faa80000, 0x0000000100000000)
  eden space 86016K, 0% used [0x00000000f5580000,0x00000000f5580000,0x00000000fa980000)
  from space 512K, 75% used [0x00000000fa980000,0x00000000fa9e0000,0x00000000faa00000)
  to   space 512K, 0% used [0x00000000faa00000,0x00000000faa00000,0x00000000faa80000)
 ParOldGen       total 208896K, used 133759K [0x00000000e0000000, 0x00000000ecc00000, 0x00000000f5580000)
  object space 208896K, 64% used [0x00000000e0000000,0x00000000e829fdb8,0x00000000ecc00000)
 Metaspace       used 56645K, capacity 59384K, committed 59796K, reserved 1101824K
  class space    used 7069K, capacity 7621K, committed 7680K, reserved 1048576K
}
Event: 4397393.957 GC heap before
{Heap before GC invocations=345 (full 3):
 PSYoungGen      total 86528K, used 86400K [0x00000000f5580000, 0x00000000faa80000, 0x0000000100000000)
  eden space 86016K, 100% used [0x00000000f5580000,0x00000000fa980000,0x00000000fa980000)
  from space 512K, 75% used [0x00000000fa980000,0x00000000fa9e0000,0x00000000faa00000)
  to   space 512K, 0% used [0x00000000faa00000,0x00000000faa00000,0x00000000faa80000)
 ParOldGen       total 208896K, used 133759K [0x00000000e0000000, 0x00000000ecc00000, 0x00000000f5580000)
  object space 208896K, 64% used [0x00000000e0000000,0x00000000e829fdb8,0x00000000ecc00000)
 Metaspace       used 56645K, capacity 59384K, committed 59796K, reserved 1101824K
  class space    used 7069K, capacity 7621K, committed 7680K, reserved 1048576K
Event: 4397394.650 GC heap after
Heap after GC invocations=345 (full 3):
 PSYoungGen      total 86528K, used 352K [0x00000000f5580000, 0x00000000faa80000, 0x0000000100000000)
  eden space 86016K, 0% used [0x00000000f5580000,0x00000000f5580000,0x00000000fa980000)
  from space 512K, 68% used [0x00000000faa00000,0x00000000faa58000,0x00000000faa80000)
  to   space 512K, 0% used [0x00000000fa980000,0x00000000fa980000,0x00000000faa00000)
 ParOldGen       total 208896K, used 133759K [0x00000000e0000000, 0x00000000ecc00000, 0x00000000f5580000)
  object space 208896K, 64% used [0x00000000e0000000,0x00000000e829fdb8,0x00000000ecc00000)
 Metaspace       used 56645K, capacity 59384K, committed 59796K, reserved 1101824K
  class space    used 7069K, capacity 7621K, committed 7680K, reserved 1048576K
}
Event: 4409771.165 GC heap before
{Heap before GC invocations=346 (full 3):
 PSYoungGen      total 86528K, used 86368K [0x00000000f5580000, 0x00000000faa80000, 0x0000000100000000)
  eden space 86016K, 100% used [0x00000000f5580000,0x00000000fa980000,0x00000000fa980000)
  from space 512K, 68% used [0x00000000faa00000,0x00000000faa58000,0x00000000faa80000)
  to   space 512K, 0% used [0x00000000fa980000,0x00000000fa980000,0x00000000faa00000)
 ParOldGen       total 208896K, used 133759K [0x00000000e0000000, 0x00000000ecc00000, 0x00000000f5580000)
  object space 208896K, 64% used [0x00000000e0000000,0x00000000e829fdb8,0x00000000ecc00000)
 Metaspace       used 56645K, capacity 59384K, committed 59796K, reserved 1101824K
  class space    used 7069K, capacity 7621K, committed 7680K, reserved 1048576K
Event: 4409771.191 GC heap after
Heap after GC invocations=346 (full 3):
 PSYoungGen      total 86528K, used 352K [0x00000000f5580000, 0x00000000faa80000, 0x0000000100000000)
  eden space 86016K, 0% used [0x00000000f5580000,0x00000000f5580000,0x00000000fa980000)
  from space 512K, 68% used [0x00000000fa980000,0x00000000fa9d8000,0x00000000faa00000)
  to   space 512K, 0% used [0x00000000faa00000,0x00000000faa00000,0x00000000faa80000)
 ParOldGen       total 208896K, used 133759K [0x00000000e0000000, 0x00000000ecc00000, 0x00000000f5580000)
  object space 208896K, 64% used [0x00000000e0000000,0x00000000e829fdb8,0x00000000ecc00000)
 Metaspace       used 56645K, capacity 59384K, committed 59796K, reserved 1101824K
  class space    used 7069K, capacity 7621K, committed 7680K, reserved 1048576K
}
Event: 4422158.272 GC heap before
{Heap before GC invocations=347 (full 3):
 PSYoungGen      total 86528K, used 86368K [0x00000000f5580000, 0x00000000faa80000, 0x0000000100000000)
  eden space 86016K, 100% used [0x00000000f5580000,0x00000000fa980000,0x00000000fa980000)
  from space 512K, 68% used [0x00000000fa980000,0x00000000fa9d8000,0x00000000faa00000)
  to   space 512K, 0% used [0x00000000faa00000,0x00000000faa00000,0x00000000faa80000)
 ParOldGen       total 208896K, used 133759K [0x00000000e0000000, 0x00000000ecc00000, 0x00000000f5580000)
  object space 208896K, 64% used [0x00000000e0000000,0x00000000e829fdb8,0x00000000ecc00000)
 Metaspace       used 56645K, capacity 59384K, committed 59796K, reserved 1101824K
  class space    used 7069K, capacity 7621K, committed 7680K, reserved 1048576K
Event: 4422158.951 GC heap after
Heap after GC invocations=347 (full 3):
 PSYoungGen      total 86528K, used 352K [0x00000000f5580000, 0x00000000faa80000, 0x0000000100000000)
  eden space 86016K, 0% used [0x00000000f5580000,0x00000000f5580000,0x00000000fa980000)
  from space 512K, 68% used [0x00000000faa00000,0x00000000faa58000,0x00000000faa80000)
  to   space 512K, 0% used [0x00000000fa980000,0x00000000fa980000,0x00000000faa00000)
 ParOldGen       total 208896K, used 133759K [0x00000000e0000000, 0x00000000ecc00000, 0x00000000f5580000)
  object space 208896K, 64% used [0x00000000e0000000,0x00000000e829fdb8,0x00000000ecc00000)
 Metaspace       used 56645K, capacity 59384K, committed 59796K, reserved 1101824K
  class space    used 7069K, capacity 7621K, committed 7680K, reserved 1048576K
}
Event: 4434521.545 GC heap before
{Heap before GC invocations=348 (full 3):
 PSYoungGen      total 86528K, used 86368K [0x00000000f5580000, 0x00000000faa80000, 0x0000000100000000)
  eden space 86016K, 100% used [0x00000000f5580000,0x00000000fa980000,0x00000000fa980000)
  from space 512K, 68% used [0x00000000faa00000,0x00000000faa58000,0x00000000faa80000)
  to   space 512K, 0% used [0x00000000fa980000,0x00000000fa980000,0x00000000faa00000)
 ParOldGen       total 208896K, used 133759K [0x00000000e0000000, 0x00000000ecc00000, 0x00000000f5580000)
  object space 208896K, 64% used [0x00000000e0000000,0x00000000e829fdb8,0x00000000ecc00000)
 Metaspace       used 56645K, capacity 59384K, committed 59796K, reserved 1101824K
  class space    used 7069K, capacity 7621K, committed 7680K, reserved 1048576K
Event: 4434521.565 GC heap after
Heap after GC invocations=348 (full 3):
 PSYoungGen      total 86528K, used 352K [0x00000000f5580000, 0x00000000faa80000, 0x0000000100000000)
  eden space 86016K, 0% used [0x00000000f5580000,0x00000000f5580000,0x00000000fa980000)
  from space 512K, 68% used [0x00000000fa980000,0x00000000fa9d8000,0x00000000faa00000)
  to   space 512K, 0% used [0x00000000faa00000,0x00000000faa00000,0x00000000faa80000)
 ParOldGen       total 208896K, used 133759K [0x00000000e0000000, 0x00000000ecc00000, 0x00000000f5580000)
  object space 208896K, 64% used [0x00000000e0000000,0x00000000e829fdb8,0x00000000ecc00000)
 Metaspace       used 56645K, capacity 59384K, committed 59796K, reserved 1101824K
  class space    used 7069K, capacity 7621K, committed 7680K, reserved 1048576K
}
Event: 4446814.553 GC heap before
{Heap before GC invocations=349 (full 3):
 PSYoungGen      total 86528K, used 86368K [0x00000000f5580000, 0x00000000faa80000, 0x0000000100000000)
  eden space 86016K, 100% used [0x00000000f5580000,0x00000000fa980000,0x00000000fa980000)
  from space 512K, 68% used [0x00000000fa980000,0x00000000fa9d8000,0x00000000faa00000)
  to   space 512K, 0% used [0x00000000faa00000,0x00000000faa00000,0x00000000faa80000)
 ParOldGen       total 208896K, used 133759K [0x00000000e0000000, 0x00000000ecc00000, 0x00000000f5580000)
  object space 208896K, 64% used [0x00000000e0000000,0x00000000e829fdb8,0x00000000ecc00000)
 Metaspace       used 56645K, capacity 59384K, committed 59796K, reserved 1101824K
  class space    used 7069K, capacity 7621K, committed 7680K, reserved 1048576K
Event: 4446814.561 GC heap after
Heap after GC invocations=349 (full 3):
 PSYoungGen      total 86528K, used 352K [0x00000000f5580000, 0x00000000faa80000, 0x0000000100000000)
  eden space 86016K, 0% used [0x00000000f5580000,0x00000000f5580000,0x00000000fa980000)
  from space 512K, 68% used [0x00000000faa00000,0x00000000faa58000,0x00000000faa80000)
  to   space 512K, 0% used [0x00000000fa980000,0x00000000fa980000,0x00000000faa00000)
 ParOldGen       total 208896K, used 133759K [0x00000000e0000000, 0x00000000ecc00000, 0x00000000f5580000)
  object space 208896K, 64% used [0x00000000e0000000,0x00000000e829fdb8,0x00000000ecc00000)
 Metaspace       used 56645K, capacity 59384K, committed 59796K, reserved 1101824K
  class space    used 7069K, capacity 7621K, committed 7680K, reserved 1048576K
}
Event: 4459194.001 GC heap before
{Heap before GC invocations=350 (full 3):
 PSYoungGen      total 86528K, used 86368K [0x00000000f5580000, 0x00000000faa80000, 0x0000000100000000)
  eden space 86016K, 100% used [0x00000000f5580000,0x00000000fa980000,0x00000000fa980000)
  from space 512K, 68% used [0x00000000faa00000,0x00000000faa58000,0x00000000faa80000)
  to   space 512K, 0% used [0x00000000fa980000,0x00000000fa980000,0x00000000faa00000)
 ParOldGen       total 208896K, used 133759K [0x00000000e0000000, 0x00000000ecc00000, 0x00000000f5580000)
  object space 208896K, 64% used [0x00000000e0000000,0x00000000e829fdb8,0x00000000ecc00000)
 Metaspace       used 56645K, capacity 59384K, committed 59796K, reserved 1101824K
  class space    used 7069K, capacity 7621K, committed 7680K, reserved 1048576K
Event: 4459194.223 GC heap after
Heap after GC invocations=350 (full 3):
 PSYoungGen      total 86528K, used 352K [0x00000000f5580000, 0x00000000faa80000, 0x0000000100000000)
  eden space 86016K, 0% used [0x00000000f5580000,0x00000000f5580000,0x00000000fa980000)
  from space 512K, 68% used [0x00000000fa980000,0x00000000fa9d8000,0x00000000faa00000)
  to   space 512K, 0% used [0x00000000faa00000,0x00000000faa00000,0x00000000faa80000)
 ParOldGen       total 208896K, used 133759K [0x00000000e0000000, 0x00000000ecc00000, 0x00000000f5580000)
  object space 208896K, 64% used [0x00000000e0000000,0x00000000e829fdb8,0x00000000ecc00000)
 Metaspace       used 56645K, capacity 59384K, committed 59796K, reserved 1101824K
  class space    used 7069K, capacity 7621K, committed 7680K, reserved 1048576K
}
Event: 4471558.551 GC heap before
{Heap before GC invocations=351 (full 3):
 PSYoungGen      total 86528K, used 86368K [0x00000000f5580000, 0x00000000faa80000, 0x0000000100000000)
  eden space 86016K, 100% used [0x00000000f5580000,0x00000000fa980000,0x00000000fa980000)
  from space 512K, 68% used [0x00000000fa980000,0x00000000fa9d8000,0x00000000faa00000)
  to   space 512K, 0% used [0x00000000faa00000,0x00000000faa00000,0x00000000faa80000)
 ParOldGen       total 208896K, used 133759K [0x00000000e0000000, 0x00000000ecc00000, 0x00000000f5580000)
  object space 208896K, 64% used [0x00000000e0000000,0x00000000e829fdb8,0x00000000ecc00000)
 Metaspace       used 56645K, capacity 59384K, committed 59796K, reserved 1101824K
  class space    used 7069K, capacity 7621K, committed 7680K, reserved 1048576K
Event: 4471558.915 GC heap after
Heap after GC invocations=351 (full 3):
 PSYoungGen      total 86528K, used 352K [0x00000000f5580000, 0x00000000faa80000, 0x0000000100000000)
  eden space 86016K, 0% used [0x00000000f5580000,0x00000000f5580000,0x00000000fa980000)
  from space 512K, 68% used [0x00000000faa00000,0x00000000faa58000,0x00000000faa80000)
  to   space 512K, 0% used [0x00000000fa980000,0x00000000fa980000,0x00000000faa00000)
 ParOldGen       total 208896K, used 133759K [0x00000000e0000000, 0x00000000ecc00000, 0x00000000f5580000)
  object space 208896K, 64% used [0x00000000e0000000,0x00000000e829fdb8,0x00000000ecc00000)
 Metaspace       used 56645K, capacity 59384K, committed 59796K, reserved 1101824K
  class space    used 7069K, capacity 7621K, committed 7680K, reserved 1048576K
}
Event: 4483954.001 GC heap before
{Heap before GC invocations=352 (full 3):
 PSYoungGen      total 86528K, used 86368K [0x00000000f5580000, 0x00000000faa80000, 0x0000000100000000)
  eden space 86016K, 100% used [0x00000000f5580000,0x00000000fa980000,0x00000000fa980000)
  from space 512K, 68% used [0x00000000faa00000,0x00000000faa58000,0x00000000faa80000)
  to   space 512K, 0% used [0x00000000fa980000,0x00000000fa980000,0x00000000faa00000)
 ParOldGen       total 208896K, used 133759K [0x00000000e0000000, 0x00000000ecc00000, 0x00000000f5580000)
  object space 208896K, 64% used [0x00000000e0000000,0x00000000e829fdb8,0x00000000ecc00000)
 Metaspace       used 56645K, capacity 59384K, committed 59796K, reserved 1101824K
  class space    used 7069K, capacity 7621K, committed 7680K, reserved 1048576K
Event: 4483954.940 GC heap after
Heap after GC invocations=352 (full 3):
 PSYoungGen      total 86528K, used 384K [0x00000000f5580000, 0x00000000faa80000, 0x0000000100000000)
  eden space 86016K, 0% used [0x00000000f5580000,0x00000000f5580000,0x00000000fa980000)
  from space 512K, 75% used [0x00000000fa980000,0x00000000fa9e0000,0x00000000faa00000)
  to   space 512K, 0% used [0x00000000faa00000,0x00000000faa00000,0x00000000faa80000)
 ParOldGen       total 208896K, used 133759K [0x00000000e0000000, 0x00000000ecc00000, 0x00000000f5580000)
  object space 208896K, 64% used [0x00000000e0000000,0x00000000e829fdb8,0x00000000ecc00000)
 Metaspace       used 56645K, capacity 59384K, committed 59796K, reserved 1101824K
  class space    used 7069K, capacity 7621K, committed 7680K, reserved 1048576K
}
Event: 4496301.632 GC heap before
{Heap before GC invocations=353 (full 3):
 PSYoungGen      total 86528K, used 86400K [0x00000000f5580000, 0x00000000faa80000, 0x0000000100000000)
  eden space 86016K, 100% used [0x00000000f5580000,0x00000000fa980000,0x00000000fa980000)
  from space 512K, 75% used [0x00000000fa980000,0x00000000fa9e0000,0x00000000faa00000)
  to   space 512K, 0% used [0x00000000faa00000,0x00000000faa00000,0x00000000faa80000)
 ParOldGen       total 208896K, used 133759K [0x00000000e0000000, 0x00000000ecc00000, 0x00000000f5580000)
  object space 208896K, 64% used [0x00000000e0000000,0x00000000e829fdb8,0x00000000ecc00000)
 Metaspace       used 56645K, capacity 59384K, committed 59796K, reserved 1101824K
  class space    used 7069K, capacity 7621K, committed 7680K, reserved 1048576K
Event: 4496302.306 GC heap after
Heap after GC invocations=353 (full 3):
 PSYoungGen      total 86528K, used 352K [0x00000000f5580000, 0x00000000faa80000, 0x0000000100000000)
  eden space 86016K, 0% used [0x00000000f5580000,0x00000000f5580000,0x00000000fa980000)
  from space 512K, 68% used [0x00000000faa00000,0x00000000faa58000,0x00000000faa80000)
  to   space 512K, 0% used [0x00000000fa980000,0x00000000fa980000,0x00000000faa00000)
 ParOldGen       total 208896K, used 133759K [0x00000000e0000000, 0x00000000ecc00000, 0x00000000f5580000)
  object space 208896K, 64% used [0x00000000e0000000,0x00000000e829fdb8,0x00000000ecc00000)
 Metaspace       used 56645K, capacity 59384K, committed 59796K, reserved 1101824K
  class space    used 7069K, capacity 7621K, committed 7680K, reserved 1048576K
}
Event: 4508684.079 GC heap before
{Heap before GC invocations=354 (full 3):
 PSYoungGen      total 86528K, used 86368K [0x00000000f5580000, 0x00000000faa80000, 0x0000000100000000)
  eden space 86016K, 100% used [0x00000000f5580000,0x00000000fa980000,0x00000000fa980000)
  from space 512K, 68% used [0x00000000faa00000,0x00000000faa58000,0x00000000faa80000)
  to   space 512K, 0% used [0x00000000fa980000,0x00000000fa980000,0x00000000faa00000)
 ParOldGen       total 208896K, used 133759K [0x00000000e0000000, 0x00000000ecc00000, 0x00000000f5580000)
  object space 208896K, 64% used [0x00000000e0000000,0x00000000e829fdb8,0x00000000ecc00000)
 Metaspace       used 56645K, capacity 59384K, committed 59796K, reserved 1101824K
  class space    used 7069K, capacity 7621K, committed 7680K, reserved 1048576K
Event: 4508685.062 GC heap after
Heap after GC invocations=354 (full 3):
 PSYoungGen      total 86528K, used 352K [0x00000000f5580000, 0x00000000faa80000, 0x0000000100000000)
  eden space 86016K, 0% used [0x00000000f5580000,0x00000000f5580000,0x00000000fa980000)
  from space 512K, 68% used [0x00000000fa980000,0x00000000fa9d8000,0x00000000faa00000)
  to   space 512K, 0% used [0x00000000faa00000,0x00000000faa00000,0x00000000faa80000)
 ParOldGen       total 208896K, used 133759K [0x00000000e0000000, 0x00000000ecc00000, 0x00000000f5580000)
  object space 208896K, 64% used [0x00000000e0000000,0x00000000e829fdb8,0x00000000ecc00000)
 Metaspace       used 56645K, capacity 59384K, committed 59796K, reserved 1101824K
  class space    used 7069K, capacity 7621K, committed 7680K, reserved 1048576K
}
Event: 4520978.350 GC heap before
{Heap before GC invocations=355 (full 3):
 PSYoungGen      total 86528K, used 86368K [0x00000000f5580000, 0x00000000faa80000, 0x0000000100000000)
  eden space 86016K, 100% used [0x00000000f5580000,0x00000000fa980000,0x00000000fa980000)
  from space 512K, 68% used [0x00000000fa980000,0x00000000fa9d8000,0x00000000faa00000)
  to   space 512K, 0% used [0x00000000faa00000,0x00000000faa00000,0x00000000faa80000)
 ParOldGen       total 208896K, used 133759K [0x00000000e0000000, 0x00000000ecc00000, 0x00000000f5580000)
  object space 208896K, 64% used [0x00000000e0000000,0x00000000e829fdb8,0x00000000ecc00000)
 Metaspace       used 56645K, capacity 59384K, committed 59796K, reserved 1101824K
  class space    used 7069K, capacity 7621K, committed 7680K, reserved 1048576K
Event: 4520978.372 GC heap after
Heap after GC invocations=355 (full 3):
 PSYoungGen      total 86528K, used 384K [0x00000000f5580000, 0x00000000faa80000, 0x0000000100000000)
  eden space 86016K, 0% used [0x00000000f5580000,0x00000000f5580000,0x00000000fa980000)
  from space 512K, 75% used [0x00000000faa00000,0x00000000faa60000,0x00000000faa80000)
  to   space 512K, 0% used [0x00000000fa980000,0x00000000fa980000,0x00000000faa00000)
 ParOldGen       total 208896K, used 133759K [0x00000000e0000000, 0x00000000ecc00000, 0x00000000f5580000)
  object space 208896K, 64% used [0x00000000e0000000,0x00000000e829fdb8,0x00000000ecc00000)
 Metaspace       used 56645K, capacity 59384K, committed 59796K, reserved 1101824K
  class space    used 7069K, capacity 7621K, committed 7680K, reserved 1048576K
}
Event: 4533353.987 GC heap before
{Heap before GC invocations=356 (full 3):
 PSYoungGen      total 86528K, used 86400K [0x00000000f5580000, 0x00000000faa80000, 0x0000000100000000)
  eden space 86016K, 100% used [0x00000000f5580000,0x00000000fa980000,0x00000000fa980000)
  from space 512K, 75% used [0x00000000faa00000,0x00000000faa60000,0x00000000faa80000)
  to   space 512K, 0% used [0x00000000fa980000,0x00000000fa980000,0x00000000faa00000)
 ParOldGen       total 208896K, used 133759K [0x00000000e0000000, 0x00000000ecc00000, 0x00000000f5580000)
  object space 208896K, 64% used [0x00000000e0000000,0x00000000e829fdb8,0x00000000ecc00000)
 Metaspace       used 56645K, capacity 59384K, committed 59796K, reserved 1101824K
  class space    used 7069K, capacity 7621K, committed 7680K, reserved 1048576K
Event: 4533353.995 GC heap after
Heap after GC invocations=356 (full 3):
 PSYoungGen      total 86528K, used 352K [0x00000000f5580000, 0x00000000faa80000, 0x0000000100000000)
  eden space 86016K, 0% used [0x00000000f5580000,0x00000000f5580000,0x00000000fa980000)
  from space 512K, 68% used [0x00000000fa980000,0x00000000fa9d8000,0x00000000faa00000)
  to   space 512K, 0% used [0x00000000faa00000,0x00000000faa00000,0x00000000faa80000)
 ParOldGen       total 208896K, used 133759K [0x00000000e0000000, 0x00000000ecc00000, 0x00000000f5580000)
  object space 208896K, 64% used [0x00000000e0000000,0x00000000e829fdb8,0x00000000ecc00000)
 Metaspace       used 56645K, capacity 59384K, committed 59796K, reserved 1101824K
  class space    used 7069K, capacity 7621K, committed 7680K, reserved 1048576K
}
Event: 4545737.253 GC heap before
{Heap before GC invocations=357 (full 3):
 PSYoungGen      total 86528K, used 86368K [0x00000000f5580000, 0x00000000faa80000, 0x0000000100000000)
  eden space 86016K, 100% used [0x00000000f5580000,0x00000000fa980000,0x00000000fa980000)
  from space 512K, 68% used [0x00000000fa980000,0x00000000fa9d8000,0x00000000faa00000)
  to   space 512K, 0% used [0x00000000faa00000,0x00000000faa00000,0x00000000faa80000)
 ParOldGen       total 208896K, used 133759K [0x00000000e0000000, 0x00000000ecc00000, 0x00000000f5580000)
  object space 208896K, 64% used [0x00000000e0000000,0x00000000e829fdb8,0x00000000ecc00000)
 Metaspace       used 56645K, capacity 59384K, committed 59796K, reserved 1101824K
  class space    used 7069K, capacity 7621K, committed 7680K, reserved 1048576K
Event: 4545737.498 GC heap after
Heap after GC invocations=357 (full 3):
 PSYoungGen      total 86528K, used 352K [0x00000000f5580000, 0x00000000faa80000, 0x0000000100000000)
  eden space 86016K, 0% used [0x00000000f5580000,0x00000000f5580000,0x00000000fa980000)
  from space 512K, 68% used [0x00000000faa00000,0x00000000faa58000,0x00000000faa80000)
  to   space 512K, 0% used [0x00000000fa980000,0x00000000fa980000,0x00000000faa00000)
 ParOldGen       total 208896K, used 133759K [0x00000000e0000000, 0x00000000ecc00000, 0x00000000f5580000)
  object space 208896K, 64% used [0x00000000e0000000,0x00000000e829fdb8,0x00000000ecc00000)
 Metaspace       used 56645K, capacity 59384K, committed 59796K, reserved 1101824K
  class space    used 7069K, capacity 7621K, committed 7680K, reserved 1048576K
}
Event: 4558076.550 GC heap before
{Heap before GC invocations=358 (full 3):
 PSYoungGen      total 86528K, used 86368K [0x00000000f5580000, 0x00000000faa80000, 0x0000000100000000)
  eden space 86016K, 100% used [0x00000000f5580000,0x00000000fa980000,0x00000000fa980000)
  from space 512K, 68% used [0x00000000faa00000,0x00000000faa58000,0x00000000faa80000)
  to   space 512K, 0% used [0x00000000fa980000,0x00000000fa980000,0x00000000faa00000)
 ParOldGen       total 208896K, used 133759K [0x00000000e0000000, 0x00000000ecc00000, 0x00000000f5580000)
  object space 208896K, 64% used [0x00000000e0000000,0x00000000e829fdb8,0x00000000ecc00000)
 Metaspace       used 56645K, capacity 59384K, committed 59796K, reserved 1101824K
  class space    used 7069K, capacity 7621K, committed 7680K, reserved 1048576K
Event: 4558076.578 GC heap after
Heap after GC invocations=358 (full 3):
 PSYoungGen      total 86528K, used 352K [0x00000000f5580000, 0x00000000faa80000, 0x0000000100000000)
  eden space 86016K, 0% used [0x00000000f5580000,0x00000000f5580000,0x00000000fa980000)
  from space 512K, 68% used [0x00000000fa980000,0x00000000fa9d8000,0x00000000faa00000)
  to   space 512K, 0% used [0x00000000faa00000,0x00000000faa00000,0x00000000faa80000)
 ParOldGen       total 208896K, used 133759K [0x00000000e0000000, 0x00000000ecc00000, 0x00000000f5580000)
  object space 208896K, 64% used [0x00000000e0000000,0x00000000e829fdb8,0x00000000ecc00000)
 Metaspace       used 56645K, capacity 59384K, committed 59796K, reserved 1101824K
  class space    used 7069K, capacity 7621K, committed 7680K, reserved 1048576K
}
Event: 4570436.633 GC heap before
{Heap before GC invocations=359 (full 3):
 PSYoungGen      total 86528K, used 86368K [0x00000000f5580000, 0x00000000faa80000, 0x0000000100000000)
  eden space 86016K, 100% used [0x00000000f5580000,0x00000000fa980000,0x00000000fa980000)
  from space 512K, 68% used [0x00000000fa980000,0x00000000fa9d8000,0x00000000faa00000)
  to   space 512K, 0% used [0x00000000faa00000,0x00000000faa00000,0x00000000faa80000)
 ParOldGen       total 208896K, used 133759K [0x00000000e0000000, 0x00000000ecc00000, 0x00000000f5580000)
  object space 208896K, 64% used [0x00000000e0000000,0x00000000e829fdb8,0x00000000ecc00000)
 Metaspace       used 56645K, capacity 59384K, committed 59796K, reserved 1101824K
  class space    used 7069K, capacity 7621K, committed 7680K, reserved 1048576K
Event: 4570437.660 GC heap after
Heap after GC invocations=359 (full 3):
 PSYoungGen      total 86528K, used 352K [0x00000000f5580000, 0x00000000faa80000, 0x0000000100000000)
  eden space 86016K, 0% used [0x00000000f5580000,0x00000000f5580000,0x00000000fa980000)
  from space 512K, 68% used [0x00000000faa00000,0x00000000faa58000,0x00000000faa80000)
  to   space 512K, 0% used [0x00000000fa980000,0x00000000fa980000,0x00000000faa00000)
 ParOldGen       total 208896K, used 133759K [0x00000000e0000000, 0x00000000ecc00000, 0x00000000f5580000)
  object space 208896K, 64% used [0x00000000e0000000,0x00000000e829fdb8,0x00000000ecc00000)
 Metaspace       used 56645K, capacity 59384K, committed 59796K, reserved 1101824K
  class space    used 7069K, capacity 7621K, committed 7680K, reserved 1048576K
}
Event: 4582816.336 GC heap before
{Heap before GC invocations=360 (full 3):
 PSYoungGen      total 86528K, used 86368K [0x00000000f5580000, 0x00000000faa80000, 0x0000000100000000)
  eden space 86016K, 100% used [0x00000000f5580000,0x00000000fa980000,0x00000000fa980000)
  from space 512K, 68% used [0x00000000faa00000,0x00000000faa58000,0x00000000faa80000)
  to   space 512K, 0% used [0x00000000fa980000,0x00000000fa980000,0x00000000faa00000)
 ParOldGen       total 208896K, used 133759K [0x00000000e0000000, 0x00000000ecc00000, 0x00000000f5580000)
  object space 208896K, 64% used [0x00000000e0000000,0x00000000e829fdb8,0x00000000ecc00000)
 Metaspace       used 56645K, capacity 59384K, committed 59796K, reserved 1101824K
  class space    used 7069K, capacity 7621K, committed 7680K, reserved 1048576K
Event: 4582817.058 GC heap after
Heap after GC invocations=360 (full 3):
 PSYoungGen      total 86528K, used 352K [0x00000000f5580000, 0x00000000faa80000, 0x0000000100000000)
  eden space 86016K, 0% used [0x00000000f5580000,0x00000000f5580000,0x00000000fa980000)
  from space 512K, 68% used [0x00000000fa980000,0x00000000fa9d8000,0x00000000faa00000)
  to   space 512K, 0% used [0x00000000faa00000,0x00000000faa00000,0x00000000faa80000)
 ParOldGen       total 208896K, used 133759K [0x00000000e0000000, 0x00000000ecc00000, 0x00000000f5580000)
  object space 208896K, 64% used [0x00000000e0000000,0x00000000e829fdb8,0x00000000ecc00000)
 Metaspace       used 56645K, capacity 59384K, committed 59796K, reserved 1101824K
  class space    used 7069K, capacity 7621K, committed 7680K, reserved 1048576K
}
Event: 4595159.075 GC heap before
{Heap before GC invocations=361 (full 3):
 PSYoungGen      total 86528K, used 86368K [0x00000000f5580000, 0x00000000faa80000, 0x0000000100000000)
  eden space 86016K, 100% used [0x00000000f5580000,0x00000000fa980000,0x00000000fa980000)
  from space 512K, 68% used [0x00000000fa980000,0x00000000fa9d8000,0x00000000faa00000)
  to   space 512K, 0% used [0x00000000faa00000,0x00000000faa00000,0x00000000faa80000)
 ParOldGen       total 208896K, used 133759K [0x00000000e0000000, 0x00000000ecc00000, 0x00000000f5580000)
  object space 208896K, 64% used [0x00000000e0000000,0x00000000e829fdb8,0x00000000ecc00000)
 Metaspace       used 56645K, capacity 59384K, committed 59796K, reserved 1101824K
  class space    used 7069K, capacity 7621K, committed 7680K, reserved 1048576K
Event: 4595159.912 GC heap after
Heap after GC invocations=361 (full 3):
 PSYoungGen      total 86528K, used 352K [0x00000000f5580000, 0x00000000faa80000, 0x0000000100000000)
  eden space 86016K, 0% used [0x00000000f5580000,0x00000000f5580000,0x00000000fa980000)
  from space 512K, 68% used [0x00000000faa00000,0x00000000faa58000,0x00000000faa80000)
  to   space 512K, 0% used [0x00000000fa980000,0x00000000fa980000,0x00000000faa00000)
 ParOldGen       total 208896K, used 133759K [0x00000000e0000000, 0x00000000ecc00000, 0x00000000f5580000)
  object space 208896K, 64% used [0x00000000e0000000,0x00000000e829fdb8,0x00000000ecc00000)
 Metaspace       used 56645K, capacity 59384K, committed 59796K, reserved 1101824K
  class space    used 7069K, capacity 7621K, committed 7680K, reserved 1048576K
}
Event: 4607533.993 GC heap before
{Heap before GC invocations=362 (full 3):
 PSYoungGen      total 86528K, used 86368K [0x00000000f5580000, 0x00000000faa80000, 0x0000000100000000)
  eden space 86016K, 100% used [0x00000000f5580000,0x00000000fa980000,0x00000000fa980000)
  from space 512K, 68% used [0x00000000faa00000,0x00000000faa58000,0x00000000faa80000)
  to   space 512K, 0% used [0x00000000fa980000,0x00000000fa980000,0x00000000faa00000)
 ParOldGen       total 208896K, used 133759K [0x00000000e0000000, 0x00000000ecc00000, 0x00000000f5580000)
  object space 208896K, 64% used [0x00000000e0000000,0x00000000e829fdb8,0x00000000ecc00000)
 Metaspace       used 56645K, capacity 59384K, committed 59796K, reserved 1101824K
  class space    used 7069K, capacity 7621K, committed 7680K, reserved 1048576K
Event: 4607534.009 GC heap after
Heap after GC invocations=362 (full 3):
 PSYoungGen      total 86528K, used 352K [0x00000000f5580000, 0x00000000faa80000, 0x0000000100000000)
  eden space 86016K, 0% used [0x00000000f5580000,0x00000000f5580000,0x00000000fa980000)
  from space 512K, 68% used [0x00000000fa980000,0x00000000fa9d8000,0x00000000faa00000)
  to   space 512K, 0% used [0x00000000faa00000,0x00000000faa00000,0x00000000faa80000)
 ParOldGen       total 208896K, used 133759K [0x00000000e0000000, 0x00000000ecc00000, 0x00000000f5580000)
  object space 208896K, 64% used [0x00000000e0000000,0x00000000e829fdb8,0x00000000ecc00000)
 Metaspace       used 56645K, capacity 59384K, committed 59796K, reserved 1101824K
  class space    used 7069K, capacity 7621K, committed 7680K, reserved 1048576K
}
Event: 4619894.452 GC heap before
{Heap before GC invocations=363 (full 3):
 PSYoungGen      total 86528K, used 86368K [0x00000000f5580000, 0x00000000faa80000, 0x0000000100000000)
  eden space 86016K, 100% used [0x00000000f5580000,0x00000000fa980000,0x00000000fa980000)
  from space 512K, 68% used [0x00000000fa980000,0x00000000fa9d8000,0x00000000faa00000)
  to   space 512K, 0% used [0x00000000faa00000,0x00000000faa00000,0x00000000faa80000)
 ParOldGen       total 208896K, used 133759K [0x00000000e0000000, 0x00000000ecc00000, 0x00000000f5580000)
  object space 208896K, 64% used [0x00000000e0000000,0x00000000e829fdb8,0x00000000ecc00000)
 Metaspace       used 56645K, capacity 59384K, committed 59796K, reserved 1101824K
  class space    used 7069K, capacity 7621K, committed 7680K, reserved 1048576K
Event: 4619894.460 GC heap after
Heap after GC invocations=363 (full 3):
 PSYoungGen      total 86528K, used 352K [0x00000000f5580000, 0x00000000faa80000, 0x0000000100000000)
  eden space 86016K, 0% used [0x00000000f5580000,0x00000000f5580000,0x00000000fa980000)
  from space 512K, 68% used [0x00000000faa00000,0x00000000faa58000,0x00000000faa80000)
  to   space 512K, 0% used [0x00000000fa980000,0x00000000fa980000,0x00000000faa00000)
 ParOldGen       total 208896K, used 133759K [0x00000000e0000000, 0x00000000ecc00000, 0x00000000f5580000)
  object space 208896K, 64% used [0x00000000e0000000,0x00000000e829fdb8,0x00000000ecc00000)
 Metaspace       used 56645K, capacity 59384K, committed 59796K, reserved 1101824K
  class space    used 7069K, capacity 7621K, committed 7680K, reserved 1048576K
}
Event: 4632274.061 GC heap before
{Heap before GC invocations=364 (full 3):
 PSYoungGen      total 86528K, used 86368K [0x00000000f5580000, 0x00000000faa80000, 0x0000000100000000)
  eden space 86016K, 100% used [0x00000000f5580000,0x00000000fa980000,0x00000000fa980000)
  from space 512K, 68% used [0x00000000faa00000,0x00000000faa58000,0x00000000faa80000)
  to   space 512K, 0% used [0x00000000fa980000,0x00000000fa980000,0x00000000faa00000)
 ParOldGen       total 208896K, used 133759K [0x00000000e0000000, 0x00000000ecc00000, 0x00000000f5580000)
  object space 208896K, 64% used [0x00000000e0000000,0x00000000e829fdb8,0x00000000ecc00000)
 Metaspace       used 56645K, capacity 59384K, committed 59796K, reserved 1101824K
  class space    used 7069K, capacity 7621K, committed 7680K, reserved 1048576K
Event: 4632274.765 GC heap after
Heap after GC invocations=364 (full 3):
 PSYoungGen      total 86528K, used 384K [0x00000000f5580000, 0x00000000faa80000, 0x0000000100000000)
  eden space 86016K, 0% used [0x00000000f5580000,0x00000000f5580000,0x00000000fa980000)
  from space 512K, 75% used [0x00000000fa980000,0x00000000fa9e0000,0x00000000faa00000)
  to   space 512K, 0% used [0x00000000faa00000,0x00000000faa00000,0x00000000faa80000)
 ParOldGen       total 208896K, used 133759K [0x00000000e0000000, 0x00000000ecc00000, 0x00000000f5580000)
  object space 208896K, 64% used [0x00000000e0000000,0x00000000e829fdb8,0x00000000ecc00000)
 Metaspace       used 56645K, capacity 59384K, committed 59796K, reserved 1101824K
  class space    used 7069K, capacity 7621K, committed 7680K, reserved 1048576K
}
Event: 4644571.546 GC heap before
{Heap before GC invocations=365 (full 3):
 PSYoungGen      total 86528K, used 86400K [0x00000000f5580000, 0x00000000faa80000, 0x0000000100000000)
  eden space 86016K, 100% used [0x00000000f5580000,0x00000000fa980000,0x00000000fa980000)
  from space 512K, 75% used [0x00000000fa980000,0x00000000fa9e0000,0x00000000faa00000)
  to   space 512K, 0% used [0x00000000faa00000,0x00000000faa00000,0x00000000faa80000)
 ParOldGen       total 208896K, used 133759K [0x00000000e0000000, 0x00000000ecc00000, 0x00000000f5580000)
  object space 208896K, 64% used [0x00000000e0000000,0x00000000e829fdb8,0x00000000ecc00000)
 Metaspace       used 56645K, capacity 59384K, committed 59796K, reserved 1101824K
  class space    used 7069K, capacity 7621K, committed 7680K, reserved 1048576K
Event: 4644571.583 GC heap after
Heap after GC invocations=365 (full 3):
 PSYoungGen      total 86528K, used 384K [0x00000000f5580000, 0x00000000faa80000, 0x0000000100000000)
  eden space 86016K, 0% used [0x00000000f5580000,0x00000000f5580000,0x00000000fa980000)
  from space 512K, 75% used [0x00000000faa00000,0x00000000faa60000,0x00000000faa80000)
  to   space 512K, 0% used [0x00000000fa980000,0x00000000fa980000,0x00000000faa00000)
 ParOldGen       total 208896K, used 133759K [0x00000000e0000000, 0x00000000ecc00000, 0x00000000f5580000)
  object space 208896K, 64% used [0x00000000e0000000,0x00000000e829fdb8,0x00000000ecc00000)
 Metaspace       used 56645K, capacity 59384K, committed 59796K, reserved 1101824K
  class space    used 7069K, capacity 7621K, committed 7680K, reserved 1048576K
}
Event: 4656905.339 GC heap before
{Heap before GC invocations=366 (full 3):
 PSYoungGen      total 86528K, used 86400K [0x00000000f5580000, 0x00000000faa80000, 0x0000000100000000)
  eden space 86016K, 100% used [0x00000000f5580000,0x00000000fa980000,0x00000000fa980000)
  from space 512K, 75% used [0x00000000faa00000,0x00000000faa60000,0x00000000faa80000)
  to   space 512K, 0% used [0x00000000fa980000,0x00000000fa980000,0x00000000faa00000)
 ParOldGen       total 208896K, used 133759K [0x00000000e0000000, 0x00000000ecc00000, 0x00000000f5580000)
  object space 208896K, 64% used [0x00000000e0000000,0x00000000e829fdb8,0x00000000ecc00000)
 Metaspace       used 56645K, capacity 59384K, committed 59796K, reserved 1101824K
  class space    used 7069K, capacity 7621K, committed 7680K, reserved 1048576K
Event: 4656906.122 GC heap after
Heap after GC invocations=366 (full 3):
 PSYoungGen      total 86528K, used 384K [0x00000000f5580000, 0x00000000faa80000, 0x0000000100000000)
  eden space 86016K, 0% used [0x00000000f5580000,0x00000000f5580000,0x00000000fa980000)
  from space 512K, 75% used [0x00000000fa980000,0x00000000fa9e0000,0x00000000faa00000)
  to   space 512K, 0% used [0x00000000faa00000,0x00000000faa00000,0x00000000faa80000)
 ParOldGen       total 208896K, used 133759K [0x00000000e0000000, 0x00000000ecc00000, 0x00000000f5580000)
  object space 208896K, 64% used [0x00000000e0000000,0x00000000e829fdb8,0x00000000ecc00000)
 Metaspace       used 56645K, capacity 59384K, committed 59796K, reserved 1101824K
  class space    used 7069K, capacity 7621K, committed 7680K, reserved 1048576K
}
Event: 4669288.323 GC heap before
{Heap before GC invocations=367 (full 3):
 PSYoungGen      total 86528K, used 86400K [0x00000000f5580000, 0x00000000faa80000, 0x0000000100000000)
  eden space 86016K, 100% used [0x00000000f5580000,0x00000000fa980000,0x00000000fa980000)
  from space 512K, 75% used [0x00000000fa980000,0x00000000fa9e0000,0x00000000faa00000)
  to   space 512K, 0% used [0x00000000faa00000,0x00000000faa00000,0x00000000faa80000)
 ParOldGen       total 208896K, used 133759K [0x00000000e0000000, 0x00000000ecc00000, 0x00000000f5580000)
  object space 208896K, 64% used [0x00000000e0000000,0x00000000e829fdb8,0x00000000ecc00000)
 Metaspace       used 56645K, capacity 59384K, committed 59796K, reserved 1101824K
  class space    used 7069K, capacity 7621K, committed 7680K, reserved 1048576K
Event: 4669289.361 GC heap after
Heap after GC invocations=367 (full 3):
 PSYoungGen      total 86528K, used 352K [0x00000000f5580000, 0x00000000faa80000, 0x0000000100000000)
  eden space 86016K, 0% used [0x00000000f5580000,0x00000000f5580000,0x00000000fa980000)
  from space 512K, 68% used [0x00000000faa00000,0x00000000faa58000,0x00000000faa80000)
  to   space 512K, 0% used [0x00000000fa980000,0x00000000fa980000,0x00000000faa00000)
 ParOldGen       total 208896K, used 133759K [0x00000000e0000000, 0x00000000ecc00000, 0x00000000f5580000)
  object space 208896K, 64% used [0x00000000e0000000,0x00000000e829fdb8,0x00000000ecc00000)
 Metaspace       used 56645K, capacity 59384K, committed 59796K, reserved 1101824K
  class space    used 7069K, capacity 7621K, committed 7680K, reserved 1048576K
}
Event: 4681664.033 GC heap before
{Heap before GC invocations=368 (full 3):
 PSYoungGen      total 86528K, used 86368K [0x00000000f5580000, 0x00000000faa80000, 0x0000000100000000)
  eden space 86016K, 100% used [0x00000000f5580000,0x00000000fa980000,0x00000000fa980000)
  from space 512K, 68% used [0x00000000faa00000,0x00000000faa58000,0x00000000faa80000)
  to   space 512K, 0% used [0x00000000fa980000,0x00000000fa980000,0x00000000faa00000)
 ParOldGen       total 208896K, used 133759K [0x00000000e0000000, 0x00000000ecc00000, 0x00000000f5580000)
  object space 208896K, 64% used [0x00000000e0000000,0x00000000e829fdb8,0x00000000ecc00000)
 Metaspace       used 56645K, capacity 59384K, committed 59796K, reserved 1101824K
  class space    used 7069K, capacity 7621K, committed 7680K, reserved 1048576K
Event: 4681664.769 GC heap after
Heap after GC invocations=368 (full 3):
 PSYoungGen      total 86528K, used 352K [0x00000000f5580000, 0x00000000faa80000, 0x0000000100000000)
  eden space 86016K, 0% used [0x00000000f5580000,0x00000000f5580000,0x00000000fa980000)
  from space 512K, 68% used [0x00000000fa980000,0x00000000fa9d8000,0x00000000faa00000)
  to   space 512K, 0% used [0x00000000faa00000,0x00000000faa00000,0x00000000faa80000)
 ParOldGen       total 208896K, used 133759K [0x00000000e0000000, 0x00000000ecc00000, 0x00000000f5580000)
  object space 208896K, 64% used [0x00000000e0000000,0x00000000e829fdb8,0x00000000ecc00000)
 Metaspace       used 56645K, capacity 59384K, committed 59796K, reserved 1101824K
  class space    used 7069K, capacity 7621K, committed 7680K, reserved 1048576K
}
Event: 4693963.271 GC heap before
{Heap before GC invocations=369 (full 3):
 PSYoungGen      total 86528K, used 86368K [0x00000000f5580000, 0x00000000faa80000, 0x0000000100000000)
  eden space 86016K, 100% used [0x00000000f5580000,0x00000000fa980000,0x00000000fa980000)
  from space 512K, 68% used [0x00000000fa980000,0x00000000fa9d8000,0x00000000faa00000)
  to   space 512K, 0% used [0x00000000faa00000,0x00000000faa00000,0x00000000faa80000)
 ParOldGen       total 208896K, used 133759K [0x00000000e0000000, 0x00000000ecc00000, 0x00000000f5580000)
  object space 208896K, 64% used [0x00000000e0000000,0x00000000e829fdb8,0x00000000ecc00000)
 Metaspace       used 56645K, capacity 59384K, committed 59796K, reserved 1101824K
  class space    used 7069K, capacity 7621K, committed 7680K, reserved 1048576K
Event: 4693963.785 GC heap after
Heap after GC invocations=369 (full 3):
 PSYoungGen      total 86528K, used 384K [0x00000000f5580000, 0x00000000faa80000, 0x0000000100000000)
  eden space 86016K, 0% used [0x00000000f5580000,0x00000000f5580000,0x00000000fa980000)
  from space 512K, 75% used [0x00000000faa00000,0x00000000faa60000,0x00000000faa80000)
  to   space 512K, 0% used [0x00000000fa980000,0x00000000fa980000,0x00000000faa00000)
 ParOldGen       total 208896K, used 133759K [0x00000000e0000000, 0x00000000ecc00000, 0x00000000f5580000)
  object space 208896K, 64% used [0x00000000e0000000,0x00000000e829fdb8,0x00000000ecc00000)
 Metaspace       used 56645K, capacity 59384K, committed 59796K, reserved 1101824K
  class space    used 7069K, capacity 7621K, committed 7680K, reserved 1048576K
}
Event: 4706334.012 GC heap before
{Heap before GC invocations=370 (full 3):
 PSYoungGen      total 86528K, used 86400K [0x00000000f5580000, 0x00000000faa80000, 0x0000000100000000)
  eden space 86016K, 100% used [0x00000000f5580000,0x00000000fa980000,0x00000000fa980000)
  from space 512K, 75% used [0x00000000faa00000,0x00000000faa60000,0x00000000faa80000)
  to   space 512K, 0% used [0x00000000fa980000,0x00000000fa980000,0x00000000faa00000)
 ParOldGen       total 208896K, used 133759K [0x00000000e0000000, 0x00000000ecc00000, 0x00000000f5580000)
  object space 208896K, 64% used [0x00000000e0000000,0x00000000e829fdb8,0x00000000ecc00000)
 Metaspace       used 56645K, capacity 59384K, committed 59796K, reserved 1101824K
  class space    used 7069K, capacity 7621K, committed 7680K, reserved 1048576K
Event: 4706334.343 GC heap after
Heap after GC invocations=370 (full 3):
 PSYoungGen      total 86528K, used 384K [0x00000000f5580000, 0x00000000faa80000, 0x0000000100000000)
  eden space 86016K, 0% used [0x00000000f5580000,0x00000000f5580000,0x00000000fa980000)
  from space 512K, 75% used [0x00000000fa980000,0x00000000fa9e0000,0x00000000faa00000)
  to   space 512K, 0% used [0x00000000faa00000,0x00000000faa00000,0x00000000faa80000)
 ParOldGen       total 208896K, used 133759K [0x00000000e0000000, 0x00000000ecc00000, 0x00000000f5580000)
  object space 208896K, 64% used [0x00000000e0000000,0x00000000e829fdb8,0x00000000ecc00000)
 Metaspace       used 56645K, capacity 59384K, committed 59796K, reserved 1101824K
  class space    used 7069K, capacity 7621K, committed 7680K, reserved 1048576K
}
Event: 4718701.545 GC heap before
{Heap before GC invocations=371 (full 3):
 PSYoungGen      total 86528K, used 86400K [0x00000000f5580000, 0x00000000faa80000, 0x0000000100000000)
  eden space 86016K, 100% used [0x00000000f5580000,0x00000000fa980000,0x00000000fa980000)
  from space 512K, 75% used [0x00000000fa980000,0x00000000fa9e0000,0x00000000faa00000)
  to   space 512K, 0% used [0x00000000faa00000,0x00000000faa00000,0x00000000faa80000)
 ParOldGen       total 208896K, used 133759K [0x00000000e0000000, 0x00000000ecc00000, 0x00000000f5580000)
  object space 208896K, 64% used [0x00000000e0000000,0x00000000e829fdb8,0x00000000ecc00000)
 Metaspace       used 56645K, capacity 59384K, committed 59796K, reserved 1101824K
  class space    used 7069K, capacity 7621K, committed 7680K, reserved 1048576K
Event: 4718701.568 GC heap after
Heap after GC invocations=371 (full 3):
 PSYoungGen      total 86528K, used 384K [0x00000000f5580000, 0x00000000faa80000, 0x0000000100000000)
  eden space 86016K, 0% used [0x00000000f5580000,0x00000000f5580000,0x00000000fa980000)
  from space 512K, 75% used [0x00000000faa00000,0x00000000faa60000,0x00000000faa80000)
  to   space 512K, 0% used [0x00000000fa980000,0x00000000fa980000,0x00000000faa00000)
 ParOldGen       total 208896K, used 133759K [0x00000000e0000000, 0x00000000ecc00000, 0x00000000f5580000)
  object space 208896K, 64% used [0x00000000e0000000,0x00000000e829fdb8,0x00000000ecc00000)
 Metaspace       used 56645K, capacity 59384K, committed 59796K, reserved 1101824K
  class space    used 7069K, capacity 7621K, committed 7680K, reserved 1048576K
}
Event: 4731056.225 GC heap before
{Heap before GC invocations=372 (full 3):
 PSYoungGen      total 86528K, used 86400K [0x00000000f5580000, 0x00000000faa80000, 0x0000000100000000)
  eden space 86016K, 100% used [0x00000000f5580000,0x00000000fa980000,0x00000000fa980000)
  from space 512K, 75% used [0x00000000faa00000,0x00000000faa60000,0x00000000faa80000)
  to   space 512K, 0% used [0x00000000fa980000,0x00000000fa980000,0x00000000faa00000)
 ParOldGen       total 208896K, used 133759K [0x00000000e0000000, 0x00000000ecc00000, 0x00000000f5580000)
  object space 208896K, 64% used [0x00000000e0000000,0x00000000e829fdb8,0x00000000ecc00000)
 Metaspace       used 56645K, capacity 59384K, committed 59796K, reserved 1101824K
  class space    used 7069K, capacity 7621K, committed 7680K, reserved 1048576K
Event: 4731056.326 GC heap after
Heap after GC invocations=372 (full 3):
 PSYoungGen      total 86528K, used 352K [0x00000000f5580000, 0x00000000faa80000, 0x0000000100000000)
  eden space 86016K, 0% used [0x00000000f5580000,0x00000000f5580000,0x00000000fa980000)
  from space 512K, 68% used [0x00000000fa980000,0x00000000fa9d8000,0x00000000faa00000)
  to   space 512K, 0% used [0x00000000faa00000,0x00000000faa00000,0x00000000faa80000)
 ParOldGen       total 208896K, used 133759K [0x00000000e0000000, 0x00000000ecc00000, 0x00000000f5580000)
  object space 208896K, 64% used [0x00000000e0000000,0x00000000e829fdb8,0x00000000ecc00000)
 Metaspace       used 56645K, capacity 59384K, committed 59796K, reserved 1101824K
  class space    used 7069K, capacity 7621K, committed 7680K, reserved 1048576K
}
Event: 4743372.315 GC heap before
{Heap before GC invocations=373 (full 3):
 PSYoungGen      total 86528K, used 86368K [0x00000000f5580000, 0x00000000faa80000, 0x0000000100000000)
  eden space 86016K, 100% used [0x00000000f5580000,0x00000000fa980000,0x00000000fa980000)
  from space 512K, 68% used [0x00000000fa980000,0x00000000fa9d8000,0x00000000faa00000)
  to   space 512K, 0% used [0x00000000faa00000,0x00000000faa00000,0x00000000faa80000)
 ParOldGen       total 208896K, used 133759K [0x00000000e0000000, 0x00000000ecc00000, 0x00000000f5580000)
  object space 208896K, 64% used [0x00000000e0000000,0x00000000e829fdb8,0x00000000ecc00000)
 Metaspace       used 56645K, capacity 59384K, committed 59796K, reserved 1101824K
  class space    used 7069K, capacity 7621K, committed 7680K, reserved 1048576K
Event: 4743373.549 GC heap after
Heap after GC invocations=373 (full 3):
 PSYoungGen      total 86528K, used 352K [0x00000000f5580000, 0x00000000faa80000, 0x0000000100000000)
  eden space 86016K, 0% used [0x00000000f5580000,0x00000000f5580000,0x00000000fa980000)
  from space 512K, 68% used [0x00000000faa00000,0x00000000faa58000,0x00000000faa80000)
  to   space 512K, 0% used [0x00000000fa980000,0x00000000fa980000,0x00000000faa00000)
 ParOldGen       total 208896K, used 133759K [0x00000000e0000000, 0x00000000ecc00000, 0x00000000f5580000)
  object space 208896K, 64% used [0x00000000e0000000,0x00000000e829fdb8,0x00000000ecc00000)
 Metaspace       used 56645K, capacity 59384K, committed 59796K, reserved 1101824K
  class space    used 7069K, capacity 7621K, committed 7680K, reserved 1048576K
}
Event: 4755734.084 GC heap before
{Heap before GC invocations=374 (full 3):
 PSYoungGen      total 86528K, used 86368K [0x00000000f5580000, 0x00000000faa80000, 0x0000000100000000)
  eden space 86016K, 100% used [0x00000000f5580000,0x00000000fa980000,0x00000000fa980000)
  from space 512K, 68% used [0x00000000faa00000,0x00000000faa58000,0x00000000faa80000)
  to   space 512K, 0% used [0x00000000fa980000,0x00000000fa980000,0x00000000faa00000)
 ParOldGen       total 208896K, used 133759K [0x00000000e0000000, 0x00000000ecc00000, 0x00000000f5580000)
  object space 208896K, 64% used [0x00000000e0000000,0x00000000e829fdb8,0x00000000ecc00000)
 Metaspace       used 56645K, capacity 59384K, committed 59796K, reserved 1101824K
  class space    used 7069K, capacity 7621K, committed 7680K, reserved 1048576K
Event: 4755735.030 GC heap after
Heap after GC invocations=374 (full 3):
 PSYoungGen      total 86528K, used 384K [0x00000000f5580000, 0x00000000faa80000, 0x0000000100000000)
  eden space 86016K, 0% used [0x00000000f5580000,0x00000000f5580000,0x00000000fa980000)
  from space 512K, 75% used [0x00000000fa980000,0x00000000fa9e0000,0x00000000faa00000)
  to   space 512K, 0% used [0x00000000faa00000,0x00000000faa00000,0x00000000faa80000)
 ParOldGen       total 208896K, used 133759K [0x00000000e0000000, 0x00000000ecc00000, 0x00000000f5580000)
  object space 208896K, 64% used [0x00000000e0000000,0x00000000e829fdb8,0x00000000ecc00000)
 Metaspace       used 56645K, capacity 59384K, committed 59796K, reserved 1101824K
  class space    used 7069K, capacity 7621K, committed 7680K, reserved 1048576K
}
Event: 4768134.703 GC heap before
{Heap before GC invocations=375 (full 3):
 PSYoungGen      total 86528K, used 86400K [0x00000000f5580000, 0x00000000faa80000, 0x0000000100000000)
  eden space 86016K, 100% used [0x00000000f5580000,0x00000000fa980000,0x00000000fa980000)
  from space 512K, 75% used [0x00000000fa980000,0x00000000fa9e0000,0x00000000faa00000)
  to   space 512K, 0% used [0x00000000faa00000,0x00000000faa00000,0x00000000faa80000)
 ParOldGen       total 208896K, used 133759K [0x00000000e0000000, 0x00000000ecc00000, 0x00000000f5580000)
  object space 208896K, 64% used [0x00000000e0000000,0x00000000e829fdb8,0x00000000ecc00000)
 Metaspace       used 56645K, capacity 59384K, committed 59796K, reserved 1101824K
  class space    used 7069K, capacity 7621K, committed 7680K, reserved 1048576K
Event: 4768135.466 GC heap after
Heap after GC invocations=375 (full 3):
 PSYoungGen      total 86528K, used 352K [0x00000000f5580000, 0x00000000faa80000, 0x0000000100000000)
  eden space 86016K, 0% used [0x00000000f5580000,0x00000000f5580000,0x00000000fa980000)
  from space 512K, 68% used [0x00000000faa00000,0x00000000faa58000,0x00000000faa80000)
  to   space 512K, 0% used [0x00000000fa980000,0x00000000fa980000,0x00000000faa00000)
 ParOldGen       total 208896K, used 133759K [0x00000000e0000000, 0x00000000ecc00000, 0x00000000f5580000)
  object space 208896K, 64% used [0x00000000e0000000,0x00000000e829fdb8,0x00000000ecc00000)
 Metaspace       used 56645K, capacity 59384K, committed 59796K, reserved 1101824K
  class space    used 7069K, capacity 7621K, committed 7680K, reserved 1048576K
}
Event: 4780513.996 GC heap before
{Heap before GC invocations=376 (full 3):
 PSYoungGen      total 86528K, used 86368K [0x00000000f5580000, 0x00000000faa80000, 0x0000000100000000)
  eden space 86016K, 100% used [0x00000000f5580000,0x00000000fa980000,0x00000000fa980000)
  from space 512K, 68% used [0x00000000faa00000,0x00000000faa58000,0x00000000faa80000)
  to   space 512K, 0% used [0x00000000fa980000,0x00000000fa980000,0x00000000faa00000)
 ParOldGen       total 208896K, used 133759K [0x00000000e0000000, 0x00000000ecc00000, 0x00000000f5580000)
  object space 208896K, 64% used [0x00000000e0000000,0x00000000e829fdb8,0x00000000ecc00000)
 Metaspace       used 56645K, capacity 59384K, committed 59796K, reserved 1101824K
  class space    used 7069K, capacity 7621K, committed 7680K, reserved 1048576K
Event: 4780514.020 GC heap after
Heap after GC invocations=376 (full 3):
 PSYoungGen      total 86528K, used 352K [0x00000000f5580000, 0x00000000faa80000, 0x0000000100000000)
  eden space 86016K, 0% used [0x00000000f5580000,0x00000000f5580000,0x00000000fa980000)
  from space 512K, 68% used [0x00000000fa980000,0x00000000fa9d8000,0x00000000faa00000)
  to   space 512K, 0% used [0x00000000faa00000,0x00000000faa00000,0x00000000faa80000)
 ParOldGen       total 208896K, used 133759K [0x00000000e0000000, 0x00000000ecc00000, 0x00000000f5580000)
  object space 208896K, 64% used [0x00000000e0000000,0x00000000e829fdb8,0x00000000ecc00000)
 Metaspace       used 56645K, capacity 59384K, committed 59796K, reserved 1101824K
  class space    used 7069K, capacity 7621K, committed 7680K, reserved 1048576K
}
Event: 4792791.543 GC heap before
{Heap before GC invocations=377 (full 3):
 PSYoungGen      total 86528K, used 86368K [0x00000000f5580000, 0x00000000faa80000, 0x0000000100000000)
  eden space 86016K, 100% used [0x00000000f5580000,0x00000000fa980000,0x00000000fa980000)
  from space 512K, 68% used [0x00000000fa980000,0x00000000fa9d8000,0x00000000faa00000)
  to   space 512K, 0% used [0x00000000faa00000,0x00000000faa00000,0x00000000faa80000)
 ParOldGen       total 208896K, used 133759K [0x00000000e0000000, 0x00000000ecc00000, 0x00000000f5580000)
  object space 208896K, 64% used [0x00000000e0000000,0x00000000e829fdb8,0x00000000ecc00000)
 Metaspace       used 56645K, capacity 59384K, committed 59796K, reserved 1101824K
  class space    used 7069K, capacity 7621K, committed 7680K, reserved 1048576K
Event: 4792791.552 GC heap after
Heap after GC invocations=377 (full 3):
 PSYoungGen      total 86528K, used 352K [0x00000000f5580000, 0x00000000faa80000, 0x0000000100000000)
  eden space 86016K, 0% used [0x00000000f5580000,0x00000000f5580000,0x00000000fa980000)
  from space 512K, 68% used [0x00000000faa00000,0x00000000faa58000,0x00000000faa80000)
  to   space 512K, 0% used [0x00000000fa980000,0x00000000fa980000,0x00000000faa00000)
 ParOldGen       total 208896K, used 133759K [0x00000000e0000000, 0x00000000ecc00000, 0x00000000f5580000)
  object space 208896K, 64% used [0x00000000e0000000,0x00000000e829fdb8,0x00000000ecc00000)
 Metaspace       used 56645K, capacity 59384K, committed 59796K, reserved 1101824K
  class space    used 7069K, capacity 7621K, committed 7680K, reserved 1048576K
}
Event: 4805121.311 GC heap before
{Heap before GC invocations=378 (full 3):
 PSYoungGen      total 86528K, used 86368K [0x00000000f5580000, 0x00000000faa80000, 0x0000000100000000)
  eden space 86016K, 100% used [0x00000000f5580000,0x00000000fa980000,0x00000000fa980000)
  from space 512K, 68% used [0x00000000faa00000,0x00000000faa58000,0x00000000faa80000)
  to   space 512K, 0% used [0x00000000fa980000,0x00000000fa980000,0x00000000faa00000)
 ParOldGen       total 208896K, used 133759K [0x00000000e0000000, 0x00000000ecc00000, 0x00000000f5580000)
  object space 208896K, 64% used [0x00000000e0000000,0x00000000e829fdb8,0x00000000ecc00000)
 Metaspace       used 56645K, capacity 59384K, committed 59796K, reserved 1101824K
  class space    used 7069K, capacity 7621K, committed 7680K, reserved 1048576K
Event: 4805122.076 GC heap after
Heap after GC invocations=378 (full 3):
 PSYoungGen      total 86528K, used 352K [0x00000000f5580000, 0x00000000faa80000, 0x0000000100000000)
  eden space 86016K, 0% used [0x00000000f5580000,0x00000000f5580000,0x00000000fa980000)
  from space 512K, 68% used [0x00000000fa980000,0x00000000fa9d8000,0x00000000faa00000)
  to   space 512K, 0% used [0x00000000faa00000,0x00000000faa00000,0x00000000faa80000)
 ParOldGen       total 208896K, used 133759K [0x00000000e0000000, 0x00000000ecc00000, 0x00000000f5580000)
  object space 208896K, 64% used [0x00000000e0000000,0x00000000e829fdb8,0x00000000ecc00000)
 Metaspace       used 56645K, capacity 59384K, committed 59796K, reserved 1101824K
  class space    used 7069K, capacity 7621K, committed 7680K, reserved 1048576K
}
Event: 4817452.604 GC heap before
{Heap before GC invocations=379 (full 3):
 PSYoungGen      total 86528K, used 86368K [0x00000000f5580000, 0x00000000faa80000, 0x0000000100000000)
  eden space 86016K, 100% used [0x00000000f5580000,0x00000000fa980000,0x00000000fa980000)
  from space 512K, 68% used [0x00000000fa980000,0x00000000fa9d8000,0x00000000faa00000)
  to   space 512K, 0% used [0x00000000faa00000,0x00000000faa00000,0x00000000faa80000)
 ParOldGen       total 208896K, used 133759K [0x00000000e0000000, 0x00000000ecc00000, 0x00000000f5580000)
  object space 208896K, 64% used [0x00000000e0000000,0x00000000e829fdb8,0x00000000ecc00000)
 Metaspace       used 56645K, capacity 59384K, committed 59796K, reserved 1101824K
  class space    used 7069K, capacity 7621K, committed 7680K, reserved 1048576K
Event: 4817452.807 GC heap after
Heap after GC invocations=379 (full 3):
 PSYoungGen      total 86528K, used 352K [0x00000000f5580000, 0x00000000faa80000, 0x0000000100000000)
  eden space 86016K, 0% used [0x00000000f5580000,0x00000000f5580000,0x00000000fa980000)
  from space 512K, 68% used [0x00000000faa00000,0x00000000faa58000,0x00000000faa80000)
  to   space 512K, 0% used [0x00000000fa980000,0x00000000fa980000,0x00000000faa00000)
 ParOldGen       total 208896K, used 133759K [0x00000000e0000000, 0x00000000ecc00000, 0x00000000f5580000)
  object space 208896K, 64% used [0x00000000e0000000,0x00000000e829fdb8,0x00000000ecc00000)
 Metaspace       used 56645K, capacity 59384K, committed 59796K, reserved 1101824K
  class space    used 7069K, capacity 7621K, committed 7680K, reserved 1048576K
}
Event: 4829830.132 GC heap before
{Heap before GC invocations=380 (full 3):
 PSYoungGen      total 86528K, used 86368K [0x00000000f5580000, 0x00000000faa80000, 0x0000000100000000)
  eden space 86016K, 100% used [0x00000000f5580000,0x00000000fa980000,0x00000000fa980000)
  from space 512K, 68% used [0x00000000faa00000,0x00000000faa58000,0x00000000faa80000)
  to   space 512K, 0% used [0x00000000fa980000,0x00000000fa980000,0x00000000faa00000)
 ParOldGen       total 208896K, used 133759K [0x00000000e0000000, 0x00000000ecc00000, 0x00000000f5580000)
  object space 208896K, 64% used [0x00000000e0000000,0x00000000e829fdb8,0x00000000ecc00000)
 Metaspace       used 56645K, capacity 59384K, committed 59796K, reserved 1101824K
  class space    used 7069K, capacity 7621K, committed 7680K, reserved 1048576K
Event: 4829830.795 GC heap after
Heap after GC invocations=380 (full 3):
 PSYoungGen      total 86528K, used 384K [0x00000000f5580000, 0x00000000faa80000, 0x0000000100000000)
  eden space 86016K, 0% used [0x00000000f5580000,0x00000000f5580000,0x00000000fa980000)
  from space 512K, 75% used [0x00000000fa980000,0x00000000fa9e0000,0x00000000faa00000)
  to   space 512K, 0% used [0x00000000faa00000,0x00000000faa00000,0x00000000faa80000)
 ParOldGen       total 208896K, used 133759K [0x00000000e0000000, 0x00000000ecc00000, 0x00000000f5580000)
  object space 208896K, 64% used [0x00000000e0000000,0x00000000e829fdb8,0x00000000ecc00000)
 Metaspace       used 56645K, capacity 59384K, committed 59796K, reserved 1101824K
  class space    used 7069K, capacity 7621K, committed 7680K, reserved 1048576K
}
Event: 4842205.269 GC heap before
{Heap before GC invocations=381 (full 3):
 PSYoungGen      total 86528K, used 86400K [0x00000000f5580000, 0x00000000faa80000, 0x0000000100000000)
  eden space 86016K, 100% used [0x00000000f5580000,0x00000000fa980000,0x00000000fa980000)
  from space 512K, 75% used [0x00000000fa980000,0x00000000fa9e0000,0x00000000faa00000)
  to   space 512K, 0% used [0x00000000faa00000,0x00000000faa00000,0x00000000faa80000)
 ParOldGen       total 208896K, used 133759K [0x00000000e0000000, 0x00000000ecc00000, 0x00000000f5580000)
  object space 208896K, 64% used [0x00000000e0000000,0x00000000e829fdb8,0x00000000ecc00000)
 Metaspace       used 56645K, capacity 59384K, committed 59796K, reserved 1101824K
  class space    used 7069K, capacity 7621K, committed 7680K, reserved 1048576K
Event: 4842205.390 GC heap after
Heap after GC invocations=381 (full 3):
 PSYoungGen      total 86528K, used 352K [0x00000000f5580000, 0x00000000faa80000, 0x0000000100000000)
  eden space 86016K, 0% used [0x00000000f5580000,0x00000000f5580000,0x00000000fa980000)
  from space 512K, 68% used [0x00000000faa00000,0x00000000faa58000,0x00000000faa80000)
  to   space 512K, 0% used [0x00000000fa980000,0x00000000fa980000,0x00000000faa00000)
 ParOldGen       total 208896K, used 133759K [0x00000000e0000000, 0x00000000ecc00000, 0x00000000f5580000)
  object space 208896K, 64% used [0x00000000e0000000,0x00000000e829fdb8,0x00000000ecc00000)
 Metaspace       used 56645K, capacity 59384K, committed 59796K, reserved 1101824K
  class space    used 7069K, capacity 7621K, committed 7680K, reserved 1048576K
}
Event: 4854568.538 GC heap before
{Heap before GC invocations=382 (full 3):
 PSYoungGen      total 86528K, used 86368K [0x00000000f5580000, 0x00000000faa80000, 0x0000000100000000)
  eden space 86016K, 100% used [0x00000000f5580000,0x00000000fa980000,0x00000000fa980000)
  from space 512K, 68% used [0x00000000faa00000,0x00000000faa58000,0x00000000faa80000)
  to   space 512K, 0% used [0x00000000fa980000,0x00000000fa980000,0x00000000faa00000)
 ParOldGen       total 208896K, used 133759K [0x00000000e0000000, 0x00000000ecc00000, 0x00000000f5580000)
  object space 208896K, 64% used [0x00000000e0000000,0x00000000e829fdb8,0x00000000ecc00000)
 Metaspace       used 56645K, capacity 59384K, committed 59796K, reserved 1101824K
  class space    used 7069K, capacity 7621K, committed 7680K, reserved 1048576K
Event: 4854570.102 GC heap after
Heap after GC invocations=382 (full 3):
 PSYoungGen      total 86528K, used 384K [0x00000000f5580000, 0x00000000faa80000, 0x0000000100000000)
  eden space 86016K, 0% used [0x00000000f5580000,0x00000000f5580000,0x00000000fa980000)
  from space 512K, 75% used [0x00000000fa980000,0x00000000fa9e0000,0x00000000faa00000)
  to   space 512K, 0% used [0x00000000faa00000,0x00000000faa00000,0x00000000faa80000)
 ParOldGen       total 208896K, used 133759K [0x00000000e0000000, 0x00000000ecc00000, 0x00000000f5580000)
  object space 208896K, 64% used [0x00000000e0000000,0x00000000e829fdb8,0x00000000ecc00000)
 Metaspace       used 56645K, capacity 59384K, committed 59796K, reserved 1101824K
  class space    used 7069K, capacity 7621K, committed 7680K, reserved 1048576K
}
Event: 4866866.583 GC heap before
{Heap before GC invocations=383 (full 3):
 PSYoungGen      total 86528K, used 86400K [0x00000000f5580000, 0x00000000faa80000, 0x0000000100000000)
  eden space 86016K, 100% used [0x00000000f5580000,0x00000000fa980000,0x00000000fa980000)
  from space 512K, 75% used [0x00000000fa980000,0x00000000fa9e0000,0x00000000faa00000)
  to   space 512K, 0% used [0x00000000faa00000,0x00000000faa00000,0x00000000faa80000)
 ParOldGen       total 208896K, used 133759K [0x00000000e0000000, 0x00000000ecc00000, 0x00000000f5580000)
  object space 208896K, 64% used [0x00000000e0000000,0x00000000e829fdb8,0x00000000ecc00000)
 Metaspace       used 56645K, capacity 59384K, committed 59796K, reserved 1101824K
  class space    used 7069K, capacity 7621K, committed 7680K, reserved 1048576K
Event: 4866867.969 GC heap after
Heap after GC invocations=383 (full 3):
 PSYoungGen      total 86528K, used 352K [0x00000000f5580000, 0x00000000faa80000, 0x0000000100000000)
  eden space 86016K, 0% used [0x00000000f5580000,0x00000000f5580000,0x00000000fa980000)
  from space 512K, 68% used [0x00000000faa00000,0x00000000faa58000,0x00000000faa80000)
  to   space 512K, 0% used [0x00000000fa980000,0x00000000fa980000,0x00000000faa00000)
 ParOldGen       total 208896K, used 133759K [0x00000000e0000000, 0x00000000ecc00000, 0x00000000f5580000)
  object space 208896K, 64% used [0x00000000e0000000,0x00000000e829fdb8,0x00000000ecc00000)
 Metaspace       used 56645K, capacity 59384K, committed 59796K, reserved 1101824K
  class space    used 7069K, capacity 7621K, committed 7680K, reserved 1048576K
}
Event: 4879167.246 GC heap before
{Heap before GC invocations=384 (full 3):
 PSYoungGen      total 86528K, used 86368K [0x00000000f5580000, 0x00000000faa80000, 0x0000000100000000)
  eden space 86016K, 100% used [0x00000000f5580000,0x00000000fa980000,0x00000000fa980000)
  from space 512K, 68% used [0x00000000faa00000,0x00000000faa58000,0x00000000faa80000)
  to   space 512K, 0% used [0x00000000fa980000,0x00000000fa980000,0x00000000faa00000)
 ParOldGen       total 208896K, used 133759K [0x00000000e0000000, 0x00000000ecc00000, 0x00000000f5580000)
  object space 208896K, 64% used [0x00000000e0000000,0x00000000e829fdb8,0x00000000ecc00000)
 Metaspace       used 56645K, capacity 59384K, committed 59796K, reserved 1101824K
  class space    used 7069K, capacity 7621K, committed 7680K, reserved 1048576K
Event: 4879167.765 GC heap after
Heap after GC invocations=384 (full 3):
 PSYoungGen      total 86528K, used 352K [0x00000000f5580000, 0x00000000faa80000, 0x0000000100000000)
  eden space 86016K, 0% used [0x00000000f5580000,0x00000000f5580000,0x00000000fa980000)
  from space 512K, 68% used [0x00000000fa980000,0x00000000fa9d8000,0x00000000faa00000)
  to   space 512K, 0% used [0x00000000faa00000,0x00000000faa00000,0x00000000faa80000)
 ParOldGen       total 208896K, used 133759K [0x00000000e0000000, 0x00000000ecc00000, 0x00000000f5580000)
  object space 208896K, 64% used [0x00000000e0000000,0x00000000e829fdb8,0x00000000ecc00000)
 Metaspace       used 56645K, capacity 59384K, committed 59796K, reserved 1101824K
  class space    used 7069K, capacity 7621K, committed 7680K, reserved 1048576K
}
Event: 4891498.835 GC heap before
{Heap before GC invocations=385 (full 3):
 PSYoungGen      total 86528K, used 86368K [0x00000000f5580000, 0x00000000faa80000, 0x0000000100000000)
  eden space 86016K, 100% used [0x00000000f5580000,0x00000000fa980000,0x00000000fa980000)
  from space 512K, 68% used [0x00000000fa980000,0x00000000fa9d8000,0x00000000faa00000)
  to   space 512K, 0% used [0x00000000faa00000,0x00000000faa00000,0x00000000faa80000)
 ParOldGen       total 208896K, used 133759K [0x00000000e0000000, 0x00000000ecc00000, 0x00000000f5580000)
  object space 208896K, 64% used [0x00000000e0000000,0x00000000e829fdb8,0x00000000ecc00000)
 Metaspace       used 56645K, capacity 59384K, committed 59796K, reserved 1101824K
  class space    used 7069K, capacity 7621K, committed 7680K, reserved 1048576K
Event: 4891499.257 GC heap after
Heap after GC invocations=385 (full 3):
 PSYoungGen      total 86528K, used 352K [0x00000000f5580000, 0x00000000faa80000, 0x0000000100000000)
  eden space 86016K, 0% used [0x00000000f5580000,0x00000000f5580000,0x00000000fa980000)
  from space 512K, 68% used [0x00000000faa00000,0x00000000faa58000,0x00000000faa80000)
  to   space 512K, 0% used [0x00000000fa980000,0x00000000fa980000,0x00000000faa00000)
 ParOldGen       total 208896K, used 133759K [0x00000000e0000000, 0x00000000ecc00000, 0x00000000f5580000)
  object space 208896K, 64% used [0x00000000e0000000,0x00000000e829fdb8,0x00000000ecc00000)
 Metaspace       used 56645K, capacity 59384K, committed 59796K, reserved 1101824K
  class space    used 7069K, capacity 7621K, committed 7680K, reserved 1048576K
}
Event: 4903851.567 GC heap before
{Heap before GC invocations=386 (full 3):
 PSYoungGen      total 86528K, used 86368K [0x00000000f5580000, 0x00000000faa80000, 0x0000000100000000)
  eden space 86016K, 100% used [0x00000000f5580000,0x00000000fa980000,0x00000000fa980000)
  from space 512K, 68% used [0x00000000faa00000,0x00000000faa58000,0x00000000faa80000)
  to   space 512K, 0% used [0x00000000fa980000,0x00000000fa980000,0x00000000faa00000)
 ParOldGen       total 208896K, used 133759K [0x00000000e0000000, 0x00000000ecc00000, 0x00000000f5580000)
  object space 208896K, 64% used [0x00000000e0000000,0x00000000e829fdb8,0x00000000ecc00000)
 Metaspace       used 56645K, capacity 59384K, committed 59796K, reserved 1101824K
  class space    used 7069K, capacity 7621K, committed 7680K, reserved 1048576K
Event: 4903852.018 GC heap after
Heap after GC invocations=386 (full 3):
 PSYoungGen      total 86528K, used 352K [0x00000000f5580000, 0x00000000faa80000, 0x0000000100000000)
  eden space 86016K, 0% used [0x00000000f5580000,0x00000000f5580000,0x00000000fa980000)
  from space 512K, 68% used [0x00000000fa980000,0x00000000fa9d8000,0x00000000faa00000)
  to   space 512K, 0% used [0x00000000faa00000,0x00000000faa00000,0x00000000faa80000)
 ParOldGen       total 208896K, used 133759K [0x00000000e0000000, 0x00000000ecc00000, 0x00000000f5580000)
  object space 208896K, 64% used [0x00000000e0000000,0x00000000e829fdb8,0x00000000ecc00000)
 Metaspace       used 56645K, capacity 59384K, committed 59796K, reserved 1101824K
  class space    used 7069K, capacity 7621K, committed 7680K, reserved 1048576K
}
Event: 4916196.152 GC heap before
{Heap before GC invocations=387 (full 3):
 PSYoungGen      total 86528K, used 86368K [0x00000000f5580000, 0x00000000faa80000, 0x0000000100000000)
  eden space 86016K, 100% used [0x00000000f5580000,0x00000000fa980000,0x00000000fa980000)
  from space 512K, 68% used [0x00000000fa980000,0x00000000fa9d8000,0x00000000faa00000)
  to   space 512K, 0% used [0x00000000faa00000,0x00000000faa00000,0x00000000faa80000)
 ParOldGen       total 208896K, used 133759K [0x00000000e0000000, 0x00000000ecc00000, 0x00000000f5580000)
  object space 208896K, 64% used [0x00000000e0000000,0x00000000e829fdb8,0x00000000ecc00000)
 Metaspace       used 56645K, capacity 59384K, committed 59796K, reserved 1101824K
  class space    used 7069K, capacity 7621K, committed 7680K, reserved 1048576K
Event: 4916196.810 GC heap after
Heap after GC invocations=387 (full 3):
 PSYoungGen      total 86528K, used 352K [0x00000000f5580000, 0x00000000faa80000, 0x0000000100000000)
  eden space 86016K, 0% used [0x00000000f5580000,0x00000000f5580000,0x00000000fa980000)
  from space 512K, 68% used [0x00000000faa00000,0x00000000faa58000,0x00000000faa80000)
  to   space 512K, 0% used [0x00000000fa980000,0x00000000fa980000,0x00000000faa00000)
 ParOldGen       total 208896K, used 133759K [0x00000000e0000000, 0x00000000ecc00000, 0x00000000f5580000)
  object space 208896K, 64% used [0x00000000e0000000,0x00000000e829fdb8,0x00000000ecc00000)
 Metaspace       used 56645K, capacity 59384K, committed 59796K, reserved 1101824K
  class space    used 7069K, capacity 7621K, committed 7680K, reserved 1048576K
}
Event: 4928574.060 GC heap before
{Heap before GC invocations=388 (full 3):
 PSYoungGen      total 86528K, used 86368K [0x00000000f5580000, 0x00000000faa80000, 0x0000000100000000)
  eden space 86016K, 100% used [0x00000000f5580000,0x00000000fa980000,0x00000000fa980000)
  from space 512K, 68% used [0x00000000faa00000,0x00000000faa58000,0x00000000faa80000)
  to   space 512K, 0% used [0x00000000fa980000,0x00000000fa980000,0x00000000faa00000)
 ParOldGen       total 208896K, used 133759K [0x00000000e0000000, 0x00000000ecc00000, 0x00000000f5580000)
  object space 208896K, 64% used [0x00000000e0000000,0x00000000e829fdb8,0x00000000ecc00000)
 Metaspace       used 56645K, capacity 59384K, committed 59796K, reserved 1101824K
  class space    used 7069K, capacity 7621K, committed 7680K, reserved 1048576K
Event: 4928574.786 GC heap after
Heap after GC invocations=388 (full 3):
 PSYoungGen      total 86528K, used 352K [0x00000000f5580000, 0x00000000faa80000, 0x0000000100000000)
  eden space 86016K, 0% used [0x00000000f5580000,0x00000000f5580000,0x00000000fa980000)
  from space 512K, 68% used [0x00000000fa980000,0x00000000fa9d8000,0x00000000faa00000)
  to   space 512K, 0% used [0x00000000faa00000,0x00000000faa00000,0x00000000faa80000)
 ParOldGen       total 208896K, used 133759K [0x00000000e0000000, 0x00000000ecc00000, 0x00000000f5580000)
  object space 208896K, 64% used [0x00000000e0000000,0x00000000e829fdb8,0x00000000ecc00000)
 Metaspace       used 56645K, capacity 59384K, committed 59796K, reserved 1101824K
  class space    used 7069K, capacity 7621K, committed 7680K, reserved 1048576K
}
Event: 4940931.584 GC heap before
{Heap before GC invocations=389 (full 3):
 PSYoungGen      total 86528K, used 86368K [0x00000000f5580000, 0x00000000faa80000, 0x0000000100000000)
  eden space 86016K, 100% used [0x00000000f5580000,0x00000000fa980000,0x00000000fa980000)
  from space 512K, 68% used [0x00000000fa980000,0x00000000fa9d8000,0x00000000faa00000)
  to   space 512K, 0% used [0x00000000faa00000,0x00000000faa00000,0x00000000faa80000)
 ParOldGen       total 208896K, used 133759K [0x00000000e0000000, 0x00000000ecc00000, 0x00000000f5580000)
  object space 208896K, 64% used [0x00000000e0000000,0x00000000e829fdb8,0x00000000ecc00000)
 Metaspace       used 56645K, capacity 59384K, committed 59796K, reserved 1101824K
  class space    used 7069K, capacity 7621K, committed 7680K, reserved 1048576K
Event: 4940932.114 GC heap after
Heap after GC invocations=389 (full 3):
 PSYoungGen      total 86528K, used 352K [0x00000000f5580000, 0x00000000faa80000, 0x0000000100000000)
  eden space 86016K, 0% used [0x00000000f5580000,0x00000000f5580000,0x00000000fa980000)
  from space 512K, 68% used [0x00000000faa00000,0x00000000faa58000,0x00000000faa80000)
  to   space 512K, 0% used [0x00000000fa980000,0x00000000fa980000,0x00000000faa00000)
 ParOldGen       total 208896K, used 133759K [0x00000000e0000000, 0x00000000ecc00000, 0x00000000f5580000)
  object space 208896K, 64% used [0x00000000e0000000,0x00000000e829fdb8,0x00000000ecc00000)
 Metaspace       used 56645K, capacity 59384K, committed 59796K, reserved 1101824K
  class space    used 7069K, capacity 7621K, committed 7680K, reserved 1048576K
}
Event: 4953248.253 GC heap before
{Heap before GC invocations=390 (full 3):
 PSYoungGen      total 86528K, used 86368K [0x00000000f5580000, 0x00000000faa80000, 0x0000000100000000)
  eden space 86016K, 100% used [0x00000000f5580000,0x00000000fa980000,0x00000000fa980000)
  from space 512K, 68% used [0x00000000faa00000,0x00000000faa58000,0x00000000faa80000)
  to   space 512K, 0% used [0x00000000fa980000,0x00000000fa980000,0x00000000faa00000)
 ParOldGen       total 208896K, used 133759K [0x00000000e0000000, 0x00000000ecc00000, 0x00000000f5580000)
  object space 208896K, 64% used [0x00000000e0000000,0x00000000e829fdb8,0x00000000ecc00000)
 Metaspace       used 56645K, capacity 59384K, committed 59796K, reserved 1101824K
  class space    used 7069K, capacity 7621K, committed 7680K, reserved 1048576K
Event: 4953249.056 GC heap after
Heap after GC invocations=390 (full 3):
 PSYoungGen      total 86528K, used 352K [0x00000000f5580000, 0x00000000faa80000, 0x0000000100000000)
  eden space 86016K, 0% used [0x00000000f5580000,0x00000000f5580000,0x00000000fa980000)
  from space 512K, 68% used [0x00000000fa980000,0x00000000fa9d8000,0x00000000faa00000)
  to   space 512K, 0% used [0x00000000faa00000,0x00000000faa00000,0x00000000faa80000)
 ParOldGen       total 208896K, used 133759K [0x00000000e0000000, 0x00000000ecc00000, 0x00000000f5580000)
  object space 208896K, 64% used [0x00000000e0000000,0x00000000e829fdb8,0x00000000ecc00000)
 Metaspace       used 56645K, capacity 59384K, committed 59796K, reserved 1101824K
  class space    used 7069K, capacity 7621K, committed 7680K, reserved 1048576K
}
Event: 4965618.742 GC heap before
{Heap before GC invocations=391 (full 3):
 PSYoungGen      total 86528K, used 86368K [0x00000000f5580000, 0x00000000faa80000, 0x0000000100000000)
  eden space 86016K, 100% used [0x00000000f5580000,0x00000000fa980000,0x00000000fa980000)
  from space 512K, 68% used [0x00000000fa980000,0x00000000fa9d8000,0x00000000faa00000)
  to   space 512K, 0% used [0x00000000faa00000,0x00000000faa00000,0x00000000faa80000)
 ParOldGen       total 208896K, used 133759K [0x00000000e0000000, 0x00000000ecc00000, 0x00000000f5580000)
  object space 208896K, 64% used [0x00000000e0000000,0x00000000e829fdb8,0x00000000ecc00000)
 Metaspace       used 56645K, capacity 59384K, committed 59796K, reserved 1101824K
  class space    used 7069K, capacity 7621K, committed 7680K, reserved 1048576K
Event: 4965619.369 GC heap after
Heap after GC invocations=391 (full 3):
 PSYoungGen      total 86528K, used 352K [0x00000000f5580000, 0x00000000faa80000, 0x0000000100000000)
  eden space 86016K, 0% used [0x00000000f5580000,0x00000000f5580000,0x00000000fa980000)
  from space 512K, 68% used [0x00000000faa00000,0x00000000faa58000,0x00000000faa80000)
  to   space 512K, 0% used [0x00000000fa980000,0x00000000fa980000,0x00000000faa00000)
 ParOldGen       total 208896K, used 133759K [0x00000000e0000000, 0x00000000ecc00000, 0x00000000f5580000)
  object space 208896K, 64% used [0x00000000e0000000,0x00000000e829fdb8,0x00000000ecc00000)
 Metaspace       used 56645K, capacity 59384K, committed 59796K, reserved 1101824K
  class space    used 7069K, capacity 7621K, committed 7680K, reserved 1048576K
}
Event: 4977931.282 GC heap before
{Heap before GC invocations=392 (full 3):
 PSYoungGen      total 86528K, used 86368K [0x00000000f5580000, 0x00000000faa80000, 0x0000000100000000)
  eden space 86016K, 100% used [0x00000000f5580000,0x00000000fa980000,0x00000000fa980000)
  from space 512K, 68% used [0x00000000faa00000,0x00000000faa58000,0x00000000faa80000)
  to   space 512K, 0% used [0x00000000fa980000,0x00000000fa980000,0x00000000faa00000)
 ParOldGen       total 208896K, used 133759K [0x00000000e0000000, 0x00000000ecc00000, 0x00000000f5580000)
  object space 208896K, 64% used [0x00000000e0000000,0x00000000e829fdb8,0x00000000ecc00000)
 Metaspace       used 56645K, capacity 59384K, committed 59796K, reserved 1101824K
  class space    used 7069K, capacity 7621K, committed 7680K, reserved 1048576K
Event: 4977931.928 GC heap after
Heap after GC invocations=392 (full 3):
 PSYoungGen      total 86528K, used 384K [0x00000000f5580000, 0x00000000faa80000, 0x0000000100000000)
  eden space 86016K, 0% used [0x00000000f5580000,0x00000000f5580000,0x00000000fa980000)
  from space 512K, 75% used [0x00000000fa980000,0x00000000fa9e0000,0x00000000faa00000)
  to   space 512K, 0% used [0x00000000faa00000,0x00000000faa00000,0x00000000faa80000)
 ParOldGen       total 208896K, used 133759K [0x00000000e0000000, 0x00000000ecc00000, 0x00000000f5580000)
  object space 208896K, 64% used [0x00000000e0000000,0x00000000e829fdb8,0x00000000ecc00000)
 Metaspace       used 56645K, capacity 59384K, committed 59796K, reserved 1101824K
  class space    used 7069K, capacity 7621K, committed 7680K, reserved 1048576K
}
Event: 4990231.547 GC heap before
{Heap before GC invocations=393 (full 3):
 PSYoungGen      total 86528K, used 86400K [0x00000000f5580000, 0x00000000faa80000, 0x0000000100000000)
  eden space 86016K, 100% used [0x00000000f5580000,0x00000000fa980000,0x00000000fa980000)
  from space 512K, 75% used [0x00000000fa980000,0x00000000fa9e0000,0x00000000faa00000)
  to   space 512K, 0% used [0x00000000faa00000,0x00000000faa00000,0x00000000faa80000)
 ParOldGen       total 208896K, used 133759K [0x00000000e0000000, 0x00000000ecc00000, 0x00000000f5580000)
  object space 208896K, 64% used [0x00000000e0000000,0x00000000e829fdb8,0x00000000ecc00000)
 Metaspace       used 56645K, capacity 59384K, committed 59796K, reserved 1101824K
  class space    used 7069K, capacity 7621K, committed 7680K, reserved 1048576K
Event: 4990231.701 GC heap after
Heap after GC invocations=393 (full 3):
 PSYoungGen      total 86528K, used 352K [0x00000000f5580000, 0x00000000faa80000, 0x0000000100000000)
  eden space 86016K, 0% used [0x00000000f5580000,0x00000000f5580000,0x00000000fa980000)
  from space 512K, 68% used [0x00000000faa00000,0x00000000faa58000,0x00000000faa80000)
  to   space 512K, 0% used [0x00000000fa980000,0x00000000fa980000,0x00000000faa00000)
 ParOldGen       total 208896K, used 133759K [0x00000000e0000000, 0x00000000ecc00000, 0x00000000f5580000)
  object space 208896K, 64% used [0x00000000e0000000,0x00000000e829fdb8,0x00000000ecc00000)
 Metaspace       used 56645K, capacity 59384K, committed 59796K, reserved 1101824K
  class space    used 7069K, capacity 7621K, committed 7680K, reserved 1048576K
}
Event: 5002582.029 GC heap before
{Heap before GC invocations=394 (full 3):
 PSYoungGen      total 86528K, used 86368K [0x00000000f5580000, 0x00000000faa80000, 0x0000000100000000)
  eden space 86016K, 100% used [0x00000000f5580000,0x00000000fa980000,0x00000000fa980000)
  from space 512K, 68% used [0x00000000faa00000,0x00000000faa58000,0x00000000faa80000)
  to   space 512K, 0% used [0x00000000fa980000,0x00000000fa980000,0x00000000faa00000)
 ParOldGen       total 208896K, used 133759K [0x00000000e0000000, 0x00000000ecc00000, 0x00000000f5580000)
  object space 208896K, 64% used [0x00000000e0000000,0x00000000e829fdb8,0x00000000ecc00000)
 Metaspace       used 56645K, capacity 59384K, committed 59796K, reserved 1101824K
  class space    used 7069K, capacity 7621K, committed 7680K, reserved 1048576K
Event: 5002582.820 GC heap after
Heap after GC invocations=394 (full 3):
 PSYoungGen      total 86528K, used 384K [0x00000000f5580000, 0x00000000faa80000, 0x0000000100000000)
  eden space 86016K, 0% used [0x00000000f5580000,0x00000000f5580000,0x00000000fa980000)
  from space 512K, 75% used [0x00000000fa980000,0x00000000fa9e0000,0x00000000faa00000)
  to   space 512K, 0% used [0x00000000faa00000,0x00000000faa00000,0x00000000faa80000)
 ParOldGen       total 208896K, used 133759K [0x00000000e0000000, 0x00000000ecc00000, 0x00000000f5580000)
  object space 208896K, 64% used [0x00000000e0000000,0x00000000e829fdb8,0x00000000ecc00000)
 Metaspace       used 56645K, capacity 59384K, committed 59796K, reserved 1101824K
  class space    used 7069K, capacity 7621K, committed 7680K, reserved 1048576K
}
Event: 5014951.519 GC heap before
{Heap before GC invocations=395 (full 3):
 PSYoungGen      total 86528K, used 86400K [0x00000000f5580000, 0x00000000faa80000, 0x0000000100000000)
  eden space 86016K, 100% used [0x00000000f5580000,0x00000000fa980000,0x00000000fa980000)
  from space 512K, 75% used [0x00000000fa980000,0x00000000fa9e0000,0x00000000faa00000)
  to   space 512K, 0% used [0x00000000faa00000,0x00000000faa00000,0x00000000faa80000)
 ParOldGen       total 208896K, used 133759K [0x00000000e0000000, 0x00000000ecc00000, 0x00000000f5580000)
  object space 208896K, 64% used [0x00000000e0000000,0x00000000e829fdb8,0x00000000ecc00000)
 Metaspace       used 56645K, capacity 59384K, committed 59796K, reserved 1101824K
  class space    used 7069K, capacity 7621K, committed 7680K, reserved 1048576K
Event: 5014952.031 GC heap after
Heap after GC invocations=395 (full 3):
 PSYoungGen      total 86528K, used 352K [0x00000000f5580000, 0x00000000faa80000, 0x0000000100000000)
  eden space 86016K, 0% used [0x00000000f5580000,0x00000000f5580000,0x00000000fa980000)
  from space 512K, 68% used [0x00000000faa00000,0x00000000faa58000,0x00000000faa80000)
  to   space 512K, 0% used [0x00000000fa980000,0x00000000fa980000,0x00000000faa00000)
 ParOldGen       total 208896K, used 133759K [0x00000000e0000000, 0x00000000ecc00000, 0x00000000f5580000)
  object space 208896K, 64% used [0x00000000e0000000,0x00000000e829fdb8,0x00000000ecc00000)
 Metaspace       used 56645K, capacity 59384K, committed 59796K, reserved 1101824K
  class space    used 7069K, capacity 7621K, committed 7680K, reserved 1048576K
}
Event: 5027311.587 GC heap before
{Heap before GC invocations=396 (full 3):
 PSYoungGen      total 86528K, used 86368K [0x00000000f5580000, 0x00000000faa80000, 0x0000000100000000)
  eden space 86016K, 100% used [0x00000000f5580000,0x00000000fa980000,0x00000000fa980000)
  from space 512K, 68% used [0x00000000faa00000,0x00000000faa58000,0x00000000faa80000)
  to   space 512K, 0% used [0x00000000fa980000,0x00000000fa980000,0x00000000faa00000)
 ParOldGen       total 208896K, used 133759K [0x00000000e0000000, 0x00000000ecc00000, 0x00000000f5580000)
  object space 208896K, 64% used [0x00000000e0000000,0x00000000e829fdb8,0x00000000ecc00000)
 Metaspace       used 56645K, capacity 59384K, committed 59796K, reserved 1101824K
  class space    used 7069K, capacity 7621K, committed 7680K, reserved 1048576K
Event: 5027312.113 GC heap after
Heap after GC invocations=396 (full 3):
 PSYoungGen      total 86528K, used 352K [0x00000000f5580000, 0x00000000faa80000, 0x0000000100000000)
  eden space 86016K, 0% used [0x00000000f5580000,0x00000000f5580000,0x00000000fa980000)
  from space 512K, 68% used [0x00000000fa980000,0x00000000fa9d8000,0x00000000faa00000)
  to   space 512K, 0% used [0x00000000faa00000,0x00000000faa00000,0x00000000faa80000)
 ParOldGen       total 208896K, used 133759K [0x00000000e0000000, 0x00000000ecc00000, 0x00000000f5580000)
  object space 208896K, 64% used [0x00000000e0000000,0x00000000e829fdb8,0x00000000ecc00000)
 Metaspace       used 56645K, capacity 59384K, committed 59796K, reserved 1101824K
  class space    used 7069K, capacity 7621K, committed 7680K, reserved 1048576K
}
Event: 5039603.242 GC heap before
{Heap before GC invocations=397 (full 3):
 PSYoungGen      total 86528K, used 86368K [0x00000000f5580000, 0x00000000faa80000, 0x0000000100000000)
  eden space 86016K, 100% used [0x00000000f5580000,0x00000000fa980000,0x00000000fa980000)
  from space 512K, 68% used [0x00000000fa980000,0x00000000fa9d8000,0x00000000faa00000)
  to   space 512K, 0% used [0x00000000faa00000,0x00000000faa00000,0x00000000faa80000)
 ParOldGen       total 208896K, used 133759K [0x00000000e0000000, 0x00000000ecc00000, 0x00000000f5580000)
  object space 208896K, 64% used [0x00000000e0000000,0x00000000e829fdb8,0x00000000ecc00000)
 Metaspace       used 56645K, capacity 59384K, committed 59796K, reserved 1101824K
  class space    used 7069K, capacity 7621K, committed 7680K, reserved 1048576K
Event: 5039603.497 GC heap after
Heap after GC invocations=397 (full 3):
 PSYoungGen      total 86528K, used 384K [0x00000000f5580000, 0x00000000faa80000, 0x0000000100000000)
  eden space 86016K, 0% used [0x00000000f5580000,0x00000000f5580000,0x00000000fa980000)
  from space 512K, 75% used [0x00000000faa00000,0x00000000faa60000,0x00000000faa80000)
  to   space 512K, 0% used [0x00000000fa980000,0x00000000fa980000,0x00000000faa00000)
 ParOldGen       total 208896K, used 133759K [0x00000000e0000000, 0x00000000ecc00000, 0x00000000f5580000)
  object space 208896K, 64% used [0x00000000e0000000,0x00000000e829fdb8,0x00000000ecc00000)
 Metaspace       used 56645K, capacity 59384K, committed 59796K, reserved 1101824K
  class space    used 7069K, capacity 7621K, committed 7680K, reserved 1048576K
}
Event: 5051973.996 GC heap before
{Heap before GC invocations=398 (full 3):
 PSYoungGen      total 86528K, used 86400K [0x00000000f5580000, 0x00000000faa80000, 0x0000000100000000)
  eden space 86016K, 100% used [0x00000000f5580000,0x00000000fa980000,0x00000000fa980000)
  from space 512K, 75% used [0x00000000faa00000,0x00000000faa60000,0x00000000faa80000)
  to   space 512K, 0% used [0x00000000fa980000,0x00000000fa980000,0x00000000faa00000)
 ParOldGen       total 208896K, used 133759K [0x00000000e0000000, 0x00000000ecc00000, 0x00000000f5580000)
  object space 208896K, 64% used [0x00000000e0000000,0x00000000e829fdb8,0x00000000ecc00000)
 Metaspace       used 56645K, capacity 59384K, committed 59796K, reserved 1101824K
  class space    used 7069K, capacity 7621K, committed 7680K, reserved 1048576K
Event: 5051974.314 GC heap after
Heap after GC invocations=398 (full 3):
 PSYoungGen      total 86528K, used 384K [0x00000000f5580000, 0x00000000faa80000, 0x0000000100000000)
  eden space 86016K, 0% used [0x00000000f5580000,0x00000000f5580000,0x00000000fa980000)
  from space 512K, 75% used [0x00000000fa980000,0x00000000fa9e0000,0x00000000faa00000)
  to   space 512K, 0% used [0x00000000faa00000,0x00000000faa00000,0x00000000faa80000)
 ParOldGen       total 208896K, used 133759K [0x00000000e0000000, 0x00000000ecc00000, 0x00000000f5580000)
  object space 208896K, 64% used [0x00000000e0000000,0x00000000e829fdb8,0x00000000ecc00000)
 Metaspace       used 56645K, capacity 59384K, committed 59796K, reserved 1101824K
  class space    used 7069K, capacity 7621K, committed 7680K, reserved 1048576K
}
Event: 5064359.756 GC heap before
{Heap before GC invocations=399 (full 3):
 PSYoungGen      total 86528K, used 86400K [0x00000000f5580000, 0x00000000faa80000, 0x0000000100000000)
  eden space 86016K, 100% used [0x00000000f5580000,0x00000000fa980000,0x00000000fa980000)
  from space 512K, 75% used [0x00000000fa980000,0x00000000fa9e0000,0x00000000faa00000)
  to   space 512K, 0% used [0x00000000faa00000,0x00000000faa00000,0x00000000faa80000)
 ParOldGen       total 208896K, used 133759K [0x00000000e0000000, 0x00000000ecc00000, 0x00000000f5580000)
  object space 208896K, 64% used [0x00000000e0000000,0x00000000e829fdb8,0x00000000ecc00000)
 Metaspace       used 56645K, capacity 59384K, committed 59796K, reserved 1101824K
  class space    used 7069K, capacity 7621K, committed 7680K, reserved 1048576K
Event: 5064360.071 GC heap after
Heap after GC invocations=399 (full 3):
 PSYoungGen      total 86528K, used 352K [0x00000000f5580000, 0x00000000faa80000, 0x0000000100000000)
  eden space 86016K, 0% used [0x00000000f5580000,0x00000000f5580000,0x00000000fa980000)
  from space 512K, 68% used [0x00000000faa00000,0x00000000faa58000,0x00000000faa80000)
  to   space 512K, 0% used [0x00000000fa980000,0x00000000fa980000,0x00000000faa00000)
 ParOldGen       total 208896K, used 133759K [0x00000000e0000000, 0x00000000ecc00000, 0x00000000f5580000)
  object space 208896K, 64% used [0x00000000e0000000,0x00000000e829fdb8,0x00000000ecc00000)
 Metaspace       used 56645K, capacity 59384K, committed 59796K, reserved 1101824K
  class space    used 7069K, capacity 7621K, committed 7680K, reserved 1048576K
}
Event: 5076735.272 GC heap before
{Heap before GC invocations=400 (full 3):
 PSYoungGen      total 86528K, used 86368K [0x00000000f5580000, 0x00000000faa80000, 0x0000000100000000)
  eden space 86016K, 100% used [0x00000000f5580000,0x00000000fa980000,0x00000000fa980000)
  from space 512K, 68% used [0x00000000faa00000,0x00000000faa58000,0x00000000faa80000)
  to   space 512K, 0% used [0x00000000fa980000,0x00000000fa980000,0x00000000faa00000)
 ParOldGen       total 208896K, used 133759K [0x00000000e0000000, 0x00000000ecc00000, 0x00000000f5580000)
  object space 208896K, 64% used [0x00000000e0000000,0x00000000e829fdb8,0x00000000ecc00000)
 Metaspace       used 56645K, capacity 59384K, committed 59796K, reserved 1101824K
  class space    used 7069K, capacity 7621K, committed 7680K, reserved 1048576K
Event: 5076735.816 GC heap after
Heap after GC invocations=400 (full 3):
 PSYoungGen      total 86528K, used 352K [0x00000000f5580000, 0x00000000faa80000, 0x0000000100000000)
  eden space 86016K, 0% used [0x00000000f5580000,0x00000000f5580000,0x00000000fa980000)
  from space 512K, 68% used [0x00000000fa980000,0x00000000fa9d8000,0x00000000faa00000)
  to   space 512K, 0% used [0x00000000faa00000,0x00000000faa00000,0x00000000faa80000)
 ParOldGen       total 208896K, used 133759K [0x00000000e0000000, 0x00000000ecc00000, 0x00000000f5580000)
  object space 208896K, 64% used [0x00000000e0000000,0x00000000e829fdb8,0x00000000ecc00000)
 Metaspace       used 56645K, capacity 59384K, committed 59796K, reserved 1101824K
  class space    used 7069K, capacity 7621K, committed 7680K, reserved 1048576K
}
Event: 5089036.611 GC heap before
{Heap before GC invocations=401 (full 3):
 PSYoungGen      total 86528K, used 86368K [0x00000000f5580000, 0x00000000faa80000, 0x0000000100000000)
  eden space 86016K, 100% used [0x00000000f5580000,0x00000000fa980000,0x00000000fa980000)
  from space 512K, 68% used [0x00000000fa980000,0x00000000fa9d8000,0x00000000faa00000)
  to   space 512K, 0% used [0x00000000faa00000,0x00000000faa00000,0x00000000faa80000)
 ParOldGen       total 208896K, used 133759K [0x00000000e0000000, 0x00000000ecc00000, 0x00000000f5580000)
  object space 208896K, 64% used [0x00000000e0000000,0x00000000e829fdb8,0x00000000ecc00000)
 Metaspace       used 56645K, capacity 59384K, committed 59796K, reserved 1101824K
  class space    used 7069K, capacity 7621K, committed 7680K, reserved 1048576K
Event: 5089037.464 GC heap after
Heap after GC invocations=401 (full 3):
 PSYoungGen      total 86528K, used 352K [0x00000000f5580000, 0x00000000faa80000, 0x0000000100000000)
  eden space 86016K, 0% used [0x00000000f5580000,0x00000000f5580000,0x00000000fa980000)
  from space 512K, 68% used [0x00000000faa00000,0x00000000faa58000,0x00000000faa80000)
  to   space 512K, 0% used [0x00000000fa980000,0x00000000fa980000,0x00000000faa00000)
 ParOldGen       total 208896K, used 133759K [0x00000000e0000000, 0x00000000ecc00000, 0x00000000f5580000)
  object space 208896K, 64% used [0x00000000e0000000,0x00000000e829fdb8,0x00000000ecc00000)
 Metaspace       used 56645K, capacity 59384K, committed 59796K, reserved 1101824K
  class space    used 7069K, capacity 7621K, committed 7680K, reserved 1048576K
}
Event: 5101413.616 GC heap before
{Heap before GC invocations=402 (full 3):
 PSYoungGen      total 86528K, used 86368K [0x00000000f5580000, 0x00000000faa80000, 0x0000000100000000)
  eden space 86016K, 100% used [0x00000000f5580000,0x00000000fa980000,0x00000000fa980000)
  from space 512K, 68% used [0x00000000faa00000,0x00000000faa58000,0x00000000faa80000)
  to   space 512K, 0% used [0x00000000fa980000,0x00000000fa980000,0x00000000faa00000)
 ParOldGen       total 208896K, used 133759K [0x00000000e0000000, 0x00000000ecc00000, 0x00000000f5580000)
  object space 208896K, 64% used [0x00000000e0000000,0x00000000e829fdb8,0x00000000ecc00000)
 Metaspace       used 56645K, capacity 59384K, committed 59796K, reserved 1101824K
  class space    used 7069K, capacity 7621K, committed 7680K, reserved 1048576K
Event: 5101414.262 GC heap after
Heap after GC invocations=402 (full 3):
 PSYoungGen      total 86528K, used 352K [0x00000000f5580000, 0x00000000faa80000, 0x0000000100000000)
  eden space 86016K, 0% used [0x00000000f5580000,0x00000000f5580000,0x00000000fa980000)
  from space 512K, 68% used [0x00000000fa980000,0x00000000fa9d8000,0x00000000faa00000)
  to   space 512K, 0% used [0x00000000faa00000,0x00000000faa00000,0x00000000faa80000)
 ParOldGen       total 208896K, used 133759K [0x00000000e0000000, 0x00000000ecc00000, 0x00000000f5580000)
  object space 208896K, 64% used [0x00000000e0000000,0x00000000e829fdb8,0x00000000ecc00000)
 Metaspace       used 56645K, capacity 59384K, committed 59796K, reserved 1101824K
  class space    used 7069K, capacity 7621K, committed 7680K, reserved 1048576K
}
Event: 5113784.255 GC heap before
{Heap before GC invocations=403 (full 3):
 PSYoungGen      total 86528K, used 86368K [0x00000000f5580000, 0x00000000faa80000, 0x0000000100000000)
  eden space 86016K, 100% used [0x00000000f5580000,0x00000000fa980000,0x00000000fa980000)
  from space 512K, 68% used [0x00000000fa980000,0x00000000fa9d8000,0x00000000faa00000)
  to   space 512K, 0% used [0x00000000faa00000,0x00000000faa00000,0x00000000faa80000)
 ParOldGen       total 208896K, used 133759K [0x00000000e0000000, 0x00000000ecc00000, 0x00000000f5580000)
  object space 208896K, 64% used [0x00000000e0000000,0x00000000e829fdb8,0x00000000ecc00000)
 Metaspace       used 56645K, capacity 59384K, committed 59796K, reserved 1101824K
  class space    used 7069K, capacity 7621K, committed 7680K, reserved 1048576K
Event: 5113784.974 GC heap after
Heap after GC invocations=403 (full 3):
 PSYoungGen      total 86528K, used 352K [0x00000000f5580000, 0x00000000faa80000, 0x0000000100000000)
  eden space 86016K, 0% used [0x00000000f5580000,0x00000000f5580000,0x00000000fa980000)
  from space 512K, 68% used [0x00000000faa00000,0x00000000faa58000,0x00000000faa80000)
  to   space 512K, 0% used [0x00000000fa980000,0x00000000fa980000,0x00000000faa00000)
 ParOldGen       total 208896K, used 133759K [0x00000000e0000000, 0x00000000ecc00000, 0x00000000f5580000)
  object space 208896K, 64% used [0x00000000e0000000,0x00000000e829fdb8,0x00000000ecc00000)
 Metaspace       used 56645K, capacity 59384K, committed 59796K, reserved 1101824K
  class space    used 7069K, capacity 7621K, committed 7680K, reserved 1048576K
}
Event: 5126095.836 GC heap before
{Heap before GC invocations=404 (full 3):
 PSYoungGen      total 86528K, used 86368K [0x00000000f5580000, 0x00000000faa80000, 0x0000000100000000)
  eden space 86016K, 100% used [0x00000000f5580000,0x00000000fa980000,0x00000000fa980000)
  from space 512K, 68% used [0x00000000faa00000,0x00000000faa58000,0x00000000faa80000)
  to   space 512K, 0% used [0x00000000fa980000,0x00000000fa980000,0x00000000faa00000)
 ParOldGen       total 208896K, used 133759K [0x00000000e0000000, 0x00000000ecc00000, 0x00000000f5580000)
  object space 208896K, 64% used [0x00000000e0000000,0x00000000e829fdb8,0x00000000ecc00000)
 Metaspace       used 56645K, capacity 59384K, committed 59796K, reserved 1101824K
  class space    used 7069K, capacity 7621K, committed 7680K, reserved 1048576K
Event: 5126096.552 GC heap after
Heap after GC invocations=404 (full 3):
 PSYoungGen      total 86528K, used 352K [0x00000000f5580000, 0x00000000faa80000, 0x0000000100000000)
  eden space 86016K, 0% used [0x00000000f5580000,0x00000000f5580000,0x00000000fa980000)
  from space 512K, 68% used [0x00000000fa980000,0x00000000fa9d8000,0x00000000faa00000)
  to   space 512K, 0% used [0x00000000faa00000,0x00000000faa00000,0x00000000faa80000)
 ParOldGen       total 208896K, used 133759K [0x00000000e0000000, 0x00000000ecc00000, 0x00000000f5580000)
  object space 208896K, 64% used [0x00000000e0000000,0x00000000e829fdb8,0x00000000ecc00000)
 Metaspace       used 56645K, capacity 59384K, committed 59796K, reserved 1101824K
  class space    used 7069K, capacity 7621K, committed 7680K, reserved 1048576K
}
Event: 5138474.041 GC heap before
{Heap before GC invocations=405 (full 3):
 PSYoungGen      total 86528K, used 86368K [0x00000000f5580000, 0x00000000faa80000, 0x0000000100000000)
  eden space 86016K, 100% used [0x00000000f5580000,0x00000000fa980000,0x00000000fa980000)
  from space 512K, 68% used [0x00000000fa980000,0x00000000fa9d8000,0x00000000faa00000)
  to   space 512K, 0% used [0x00000000faa00000,0x00000000faa00000,0x00000000faa80000)
 ParOldGen       total 208896K, used 133759K [0x00000000e0000000, 0x00000000ecc00000, 0x00000000f5580000)
  object space 208896K, 64% used [0x00000000e0000000,0x00000000e829fdb8,0x00000000ecc00000)
 Metaspace       used 56645K, capacity 59384K, committed 59796K, reserved 1101824K
  class space    used 7069K, capacity 7621K, committed 7680K, reserved 1048576K
Event: 5138474.536 GC heap after
Heap after GC invocations=405 (full 3):
 PSYoungGen      total 86528K, used 384K [0x00000000f5580000, 0x00000000faa80000, 0x0000000100000000)
  eden space 86016K, 0% used [0x00000000f5580000,0x00000000f5580000,0x00000000fa980000)
  from space 512K, 75% used [0x00000000faa00000,0x00000000faa60000,0x00000000faa80000)
  to   space 512K, 0% used [0x00000000fa980000,0x00000000fa980000,0x00000000faa00000)
 ParOldGen       total 208896K, used 133759K [0x00000000e0000000, 0x00000000ecc00000, 0x00000000f5580000)
  object space 208896K, 64% used [0x00000000e0000000,0x00000000e829fdb8,0x00000000ecc00000)
 Metaspace       used 56645K, capacity 59384K, committed 59796K, reserved 1101824K
  class space    used 7069K, capacity 7621K, committed 7680K, reserved 1048576K
}
Event: 5150800.194 GC heap before
{Heap before GC invocations=406 (full 3):
 PSYoungGen      total 86528K, used 86400K [0x00000000f5580000, 0x00000000faa80000, 0x0000000100000000)
  eden space 86016K, 100% used [0x00000000f5580000,0x00000000fa980000,0x00000000fa980000)
  from space 512K, 75% used [0x00000000faa00000,0x00000000faa60000,0x00000000faa80000)
  to   space 512K, 0% used [0x00000000fa980000,0x00000000fa980000,0x00000000faa00000)
 ParOldGen       total 208896K, used 133759K [0x00000000e0000000, 0x00000000ecc00000, 0x00000000f5580000)
  object space 208896K, 64% used [0x00000000e0000000,0x00000000e829fdb8,0x00000000ecc00000)
 Metaspace       used 56645K, capacity 59384K, committed 59796K, reserved 1101824K
  class space    used 7069K, capacity 7621K, committed 7680K, reserved 1048576K
Event: 5150800.804 GC heap after
Heap after GC invocations=406 (full 3):
 PSYoungGen      total 86528K, used 352K [0x00000000f5580000, 0x00000000faa80000, 0x0000000100000000)
  eden space 86016K, 0% used [0x00000000f5580000,0x00000000f5580000,0x00000000fa980000)
  from space 512K, 68% used [0x00000000fa980000,0x00000000fa9d8000,0x00000000faa00000)
  to   space 512K, 0% used [0x00000000faa00000,0x00000000faa00000,0x00000000faa80000)
 ParOldGen       total 208896K, used 133759K [0x00000000e0000000, 0x00000000ecc00000, 0x00000000f5580000)
  object space 208896K, 64% used [0x00000000e0000000,0x00000000e829fdb8,0x00000000ecc00000)
 Metaspace       used 56645K, capacity 59384K, committed 59796K, reserved 1101824K
  class space    used 7069K, capacity 7621K, committed 7680K, reserved 1048576K
}
Event: 5163174.106 GC heap before
{Heap before GC invocations=407 (full 3):
 PSYoungGen      total 86528K, used 86368K [0x00000000f5580000, 0x00000000faa80000, 0x0000000100000000)
  eden space 86016K, 100% used [0x00000000f5580000,0x00000000fa980000,0x00000000fa980000)
  from space 512K, 68% used [0x00000000fa980000,0x00000000fa9d8000,0x00000000faa00000)
  to   space 512K, 0% used [0x00000000faa00000,0x00000000faa00000,0x00000000faa80000)
 ParOldGen       total 208896K, used 133759K [0x00000000e0000000, 0x00000000ecc00000, 0x00000000f5580000)
  object space 208896K, 64% used [0x00000000e0000000,0x00000000e829fdb8,0x00000000ecc00000)
 Metaspace       used 56645K, capacity 59384K, committed 59796K, reserved 1101824K
  class space    used 7069K, capacity 7621K, committed 7680K, reserved 1048576K
Event: 5163175.390 GC heap after
Heap after GC invocations=407 (full 3):
 PSYoungGen      total 86528K, used 384K [0x00000000f5580000, 0x00000000faa80000, 0x0000000100000000)
  eden space 86016K, 0% used [0x00000000f5580000,0x00000000f5580000,0x00000000fa980000)
  from space 512K, 75% used [0x00000000faa00000,0x00000000faa60000,0x00000000faa80000)
  to   space 512K, 0% used [0x00000000fa980000,0x00000000fa980000,0x00000000faa00000)
 ParOldGen       total 208896K, used 133759K [0x00000000e0000000, 0x00000000ecc00000, 0x00000000f5580000)
  object space 208896K, 64% used [0x00000000e0000000,0x00000000e829fdb8,0x00000000ecc00000)
 Metaspace       used 56645K, capacity 59384K, committed 59796K, reserved 1101824K
  class space    used 7069K, capacity 7621K, committed 7680K, reserved 1048576K
}
Event: 5175549.255 GC heap before
{Heap before GC invocations=408 (full 3):
 PSYoungGen      total 86528K, used 86400K [0x00000000f5580000, 0x00000000faa80000, 0x0000000100000000)
  eden space 86016K, 100% used [0x00000000f5580000,0x00000000fa980000,0x00000000fa980000)
  from space 512K, 75% used [0x00000000faa00000,0x00000000faa60000,0x00000000faa80000)
  to   space 512K, 0% used [0x00000000fa980000,0x00000000fa980000,0x00000000faa00000)
 ParOldGen       total 208896K, used 133759K [0x00000000e0000000, 0x00000000ecc00000, 0x00000000f5580000)
  object space 208896K, 64% used [0x00000000e0000000,0x00000000e829fdb8,0x00000000ecc00000)
 Metaspace       used 56645K, capacity 59384K, committed 59796K, reserved 1101824K
  class space    used 7069K, capacity 7621K, committed 7680K, reserved 1048576K
Event: 5175550.143 GC heap after
Heap after GC invocations=408 (full 3):
 PSYoungGen      total 86528K, used 352K [0x00000000f5580000, 0x00000000faa80000, 0x0000000100000000)
  eden space 86016K, 0% used [0x00000000f5580000,0x00000000f5580000,0x00000000fa980000)
  from space 512K, 68% used [0x00000000fa980000,0x00000000fa9d8000,0x00000000faa00000)
  to   space 512K, 0% used [0x00000000faa00000,0x00000000faa00000,0x00000000faa80000)
 ParOldGen       total 208896K, used 133759K [0x00000000e0000000, 0x00000000ecc00000, 0x00000000f5580000)
  object space 208896K, 64% used [0x00000000e0000000,0x00000000e829fdb8,0x00000000ecc00000)
 Metaspace       used 56645K, capacity 59384K, committed 59796K, reserved 1101824K
  class space    used 7069K, capacity 7621K, committed 7680K, reserved 1048576K
}
Event: 5187944.068 GC heap before
{Heap before GC invocations=409 (full 3):
 PSYoungGen      total 86528K, used 86368K [0x00000000f5580000, 0x00000000faa80000, 0x0000000100000000)
  eden space 86016K, 100% used [0x00000000f5580000,0x00000000fa980000,0x00000000fa980000)
  from space 512K, 68% used [0x00000000fa980000,0x00000000fa9d8000,0x00000000faa00000)
  to   space 512K, 0% used [0x00000000faa00000,0x00000000faa00000,0x00000000faa80000)
 ParOldGen       total 208896K, used 133759K [0x00000000e0000000, 0x00000000ecc00000, 0x00000000f5580000)
  object space 208896K, 64% used [0x00000000e0000000,0x00000000e829fdb8,0x00000000ecc00000)
 Metaspace       used 56645K, capacity 59384K, committed 59796K, reserved 1101824K
  class space    used 7069K, capacity 7621K, committed 7680K, reserved 1048576K
Event: 5187944.915 GC heap after
Heap after GC invocations=409 (full 3):
 PSYoungGen      total 86528K, used 352K [0x00000000f5580000, 0x00000000faa80000, 0x0000000100000000)
  eden space 86016K, 0% used [0x00000000f5580000,0x00000000f5580000,0x00000000fa980000)
  from space 512K, 68% used [0x00000000faa00000,0x00000000faa58000,0x00000000faa80000)
  to   space 512K, 0% used [0x00000000fa980000,0x00000000fa980000,0x00000000faa00000)
 ParOldGen       total 208896K, used 133759K [0x00000000e0000000, 0x00000000ecc00000, 0x00000000f5580000)
  object space 208896K, 64% used [0x00000000e0000000,0x00000000e829fdb8,0x00000000ecc00000)
 Metaspace       used 56645K, capacity 59384K, committed 59796K, reserved 1101824K
  class space    used 7069K, capacity 7621K, committed 7680K, reserved 1048576K
}
Event: 5200256.249 GC heap before
{Heap before GC invocations=410 (full 3):
 PSYoungGen      total 86528K, used 86368K [0x00000000f5580000, 0x00000000faa80000, 0x0000000100000000)
  eden space 86016K, 100% used [0x00000000f5580000,0x00000000fa980000,0x00000000fa980000)
  from space 512K, 68% used [0x00000000faa00000,0x00000000faa58000,0x00000000faa80000)
  to   space 512K, 0% used [0x00000000fa980000,0x00000000fa980000,0x00000000faa00000)
 ParOldGen       total 208896K, used 133759K [0x00000000e0000000, 0x00000000ecc00000, 0x00000000f5580000)
  object space 208896K, 64% used [0x00000000e0000000,0x00000000e829fdb8,0x00000000ecc00000)
 Metaspace       used 56645K, capacity 59384K, committed 59796K, reserved 1101824K
  class space    used 7069K, capacity 7621K, committed 7680K, reserved 1048576K
Event: 5200256.541 GC heap after
Heap after GC invocations=410 (full 3):
 PSYoungGen      total 86528K, used 352K [0x00000000f5580000, 0x00000000faa80000, 0x0000000100000000)
  eden space 86016K, 0% used [0x00000000f5580000,0x00000000f5580000,0x00000000fa980000)
  from space 512K, 68% used [0x00000000fa980000,0x00000000fa9d8000,0x00000000faa00000)
  to   space 512K, 0% used [0x00000000faa00000,0x00000000faa00000,0x00000000faa80000)
 ParOldGen       total 208896K, used 133759K [0x00000000e0000000, 0x00000000ecc00000, 0x00000000f5580000)
  object space 208896K, 64% used [0x00000000e0000000,0x00000000e829fdb8,0x00000000ecc00000)
 Metaspace       used 56645K, capacity 59384K, committed 59796K, reserved 1101824K
  class space    used 7069K, capacity 7621K, committed 7680K, reserved 1048576K
}
Event: 5212596.558 GC heap before
{Heap before GC invocations=411 (full 3):
 PSYoungGen      total 86528K, used 86368K [0x00000000f5580000, 0x00000000faa80000, 0x0000000100000000)
  eden space 86016K, 100% used [0x00000000f5580000,0x00000000fa980000,0x00000000fa980000)
  from space 512K, 68% used [0x00000000fa980000,0x00000000fa9d8000,0x00000000faa00000)
  to   space 512K, 0% used [0x00000000faa00000,0x00000000faa00000,0x00000000faa80000)
 ParOldGen       total 208896K, used 133759K [0x00000000e0000000, 0x00000000ecc00000, 0x00000000f5580000)
  object space 208896K, 64% used [0x00000000e0000000,0x00000000e829fdb8,0x00000000ecc00000)
 Metaspace       used 56645K, capacity 59384K, committed 59796K, reserved 1101824K
  class space    used 7069K, capacity 7621K, committed 7680K, reserved 1048576K
Event: 5212597.011 GC heap after
Heap after GC invocations=411 (full 3):
 PSYoungGen      total 86528K, used 352K [0x00000000f5580000, 0x00000000faa80000, 0x0000000100000000)
  eden space 86016K, 0% used [0x00000000f5580000,0x00000000f5580000,0x00000000fa980000)
  from space 512K, 68% used [0x00000000faa00000,0x00000000faa58000,0x00000000faa80000)
  to   space 512K, 0% used [0x00000000fa980000,0x00000000fa980000,0x00000000faa00000)
 ParOldGen       total 208896K, used 133759K [0x00000000e0000000, 0x00000000ecc00000, 0x00000000f5580000)
  object space 208896K, 64% used [0x00000000e0000000,0x00000000e829fdb8,0x00000000ecc00000)
 Metaspace       used 56645K, capacity 59384K, committed 59796K, reserved 1101824K
  class space    used 7069K, capacity 7621K, committed 7680K, reserved 1048576K
}
Event: 5224984.894 GC heap before
{Heap before GC invocations=412 (full 3):
 PSYoungGen      total 86528K, used 86368K [0x00000000f5580000, 0x00000000faa80000, 0x0000000100000000)
  eden space 86016K, 100% used [0x00000000f5580000,0x00000000fa980000,0x00000000fa980000)
  from space 512K, 68% used [0x00000000faa00000,0x00000000faa58000,0x00000000faa80000)
  to   space 512K, 0% used [0x00000000fa980000,0x00000000fa980000,0x00000000faa00000)
 ParOldGen       total 208896K, used 133759K [0x00000000e0000000, 0x00000000ecc00000, 0x00000000f5580000)
  object space 208896K, 64% used [0x00000000e0000000,0x00000000e829fdb8,0x00000000ecc00000)
 Metaspace       used 56645K, capacity 59384K, committed 59796K, reserved 1101824K
  class space    used 7069K, capacity 7621K, committed 7680K, reserved 1048576K
Event: 5224985.290 GC heap after
Heap after GC invocations=412 (full 3):
 PSYoungGen      total 86528K, used 384K [0x00000000f5580000, 0x00000000faa80000, 0x0000000100000000)
  eden space 86016K, 0% used [0x00000000f5580000,0x00000000f5580000,0x00000000fa980000)
  from space 512K, 75% used [0x00000000fa980000,0x00000000fa9e0000,0x00000000faa00000)
  to   space 512K, 0% used [0x00000000faa00000,0x00000000faa00000,0x00000000faa80000)
 ParOldGen       total 208896K, used 133759K [0x00000000e0000000, 0x00000000ecc00000, 0x00000000f5580000)
  object space 208896K, 64% used [0x00000000e0000000,0x00000000e829fdb8,0x00000000ecc00000)
 Metaspace       used 56645K, capacity 59384K, committed 59796K, reserved 1101824K
  class space    used 7069K, capacity 7621K, committed 7680K, reserved 1048576K
}
Event: 5237296.544 GC heap before
{Heap before GC invocations=413 (full 3):
 PSYoungGen      total 86528K, used 86400K [0x00000000f5580000, 0x00000000faa80000, 0x0000000100000000)
  eden space 86016K, 100% used [0x00000000f5580000,0x00000000fa980000,0x00000000fa980000)
  from space 512K, 75% used [0x00000000fa980000,0x00000000fa9e0000,0x00000000faa00000)
  to   space 512K, 0% used [0x00000000faa00000,0x00000000faa00000,0x00000000faa80000)
 ParOldGen       total 208896K, used 133759K [0x00000000e0000000, 0x00000000ecc00000, 0x00000000f5580000)
  object space 208896K, 64% used [0x00000000e0000000,0x00000000e829fdb8,0x00000000ecc00000)
 Metaspace       used 56645K, capacity 59384K, committed 59796K, reserved 1101824K
  class space    used 7069K, capacity 7621K, committed 7680K, reserved 1048576K
Event: 5237296.843 GC heap after
Heap after GC invocations=413 (full 3):
 PSYoungGen      total 86528K, used 384K [0x00000000f5580000, 0x00000000faa80000, 0x0000000100000000)
  eden space 86016K, 0% used [0x00000000f5580000,0x00000000f5580000,0x00000000fa980000)
  from space 512K, 75% used [0x00000000faa00000,0x00000000faa60000,0x00000000faa80000)
  to   space 512K, 0% used [0x00000000fa980000,0x00000000fa980000,0x00000000faa00000)
 ParOldGen       total 208896K, used 133759K [0x00000000e0000000, 0x00000000ecc00000, 0x00000000f5580000)
  object space 208896K, 64% used [0x00000000e0000000,0x00000000e829fdb8,0x00000000ecc00000)
 Metaspace       used 56645K, capacity 59384K, committed 59796K, reserved 1101824K
  class space    used 7069K, capacity 7621K, committed 7680K, reserved 1048576K
}
Event: 5249613.240 GC heap before
{Heap before GC invocations=414 (full 3):
 PSYoungGen      total 86528K, used 86400K [0x00000000f5580000, 0x00000000faa80000, 0x0000000100000000)
  eden space 86016K, 100% used [0x00000000f5580000,0x00000000fa980000,0x00000000fa980000)
  from space 512K, 75% used [0x00000000faa00000,0x00000000faa60000,0x00000000faa80000)
  to   space 512K, 0% used [0x00000000fa980000,0x00000000fa980000,0x00000000faa00000)
 ParOldGen       total 208896K, used 133759K [0x00000000e0000000, 0x00000000ecc00000, 0x00000000f5580000)
  object space 208896K, 64% used [0x00000000e0000000,0x00000000e829fdb8,0x00000000ecc00000)
 Metaspace       used 56645K, capacity 59384K, committed 59796K, reserved 1101824K
  class space    used 7069K, capacity 7621K, committed 7680K, reserved 1048576K
Event: 5249613.271 GC heap after
Heap after GC invocations=414 (full 3):
 PSYoungGen      total 86528K, used 384K [0x00000000f5580000, 0x00000000faa80000, 0x0000000100000000)
  eden space 86016K, 0% used [0x00000000f5580000,0x00000000f5580000,0x00000000fa980000)
  from space 512K, 75% used [0x00000000fa980000,0x00000000fa9e0000,0x00000000faa00000)
  to   space 512K, 0% used [0x00000000faa00000,0x00000000faa00000,0x00000000faa80000)
 ParOldGen       total 208896K, used 133759K [0x00000000e0000000, 0x00000000ecc00000, 0x00000000f5580000)
  object space 208896K, 64% used [0x00000000e0000000,0x00000000e829fdb8,0x00000000ecc00000)
 Metaspace       used 56645K, capacity 59384K, committed 59796K, reserved 1101824K
  class space    used 7069K, capacity 7621K, committed 7680K, reserved 1048576K
}
Event: 5261993.267 GC heap before
{Heap before GC invocations=415 (full 3):
 PSYoungGen      total 86528K, used 86400K [0x00000000f5580000, 0x00000000faa80000, 0x0000000100000000)
  eden space 86016K, 100% used [0x00000000f5580000,0x00000000fa980000,0x00000000fa980000)
  from space 512K, 75% used [0x00000000fa980000,0x00000000fa9e0000,0x00000000faa00000)
  to   space 512K, 0% used [0x00000000faa00000,0x00000000faa00000,0x00000000faa80000)
 ParOldGen       total 208896K, used 133759K [0x00000000e0000000, 0x00000000ecc00000, 0x00000000f5580000)
  object space 208896K, 64% used [0x00000000e0000000,0x00000000e829fdb8,0x00000000ecc00000)
 Metaspace       used 56645K, capacity 59384K, committed 59796K, reserved 1101824K
  class space    used 7069K, capacity 7621K, committed 7680K, reserved 1048576K
Event: 5261993.848 GC heap after
Heap after GC invocations=415 (full 3):
 PSYoungGen      total 86528K, used 384K [0x00000000f5580000, 0x00000000faa80000, 0x0000000100000000)
  eden space 86016K, 0% used [0x00000000f5580000,0x00000000f5580000,0x00000000fa980000)
  from space 512K, 75% used [0x00000000faa00000,0x00000000faa60000,0x00000000faa80000)
  to   space 512K, 0% used [0x00000000fa980000,0x00000000fa980000,0x00000000faa00000)
 ParOldGen       total 208896K, used 133759K [0x00000000e0000000, 0x00000000ecc00000, 0x00000000f5580000)
  object space 208896K, 64% used [0x00000000e0000000,0x00000000e829fdb8,0x00000000ecc00000)
 Metaspace       used 56645K, capacity 59384K, committed 59796K, reserved 1101824K
  class space    used 7069K, capacity 7621K, committed 7680K, reserved 1048576K
}
Event: 5274361.543 GC heap before
{Heap before GC invocations=416 (full 3):
 PSYoungGen      total 86528K, used 86400K [0x00000000f5580000, 0x00000000faa80000, 0x0000000100000000)
  eden space 86016K, 100% used [0x00000000f5580000,0x00000000fa980000,0x00000000fa980000)
  from space 512K, 75% used [0x00000000faa00000,0x00000000faa60000,0x00000000faa80000)
  to   space 512K, 0% used [0x00000000fa980000,0x00000000fa980000,0x00000000faa00000)
 ParOldGen       total 208896K, used 133759K [0x00000000e0000000, 0x00000000ecc00000, 0x00000000f5580000)
  object space 208896K, 64% used [0x00000000e0000000,0x00000000e829fdb8,0x00000000ecc00000)
 Metaspace       used 56645K, capacity 59384K, committed 59796K, reserved 1101824K
  class space    used 7069K, capacity 7621K, committed 7680K, reserved 1048576K
Event: 5274361.555 GC heap after
Heap after GC invocations=416 (full 3):
 PSYoungGen      total 86528K, used 384K [0x00000000f5580000, 0x00000000faa80000, 0x0000000100000000)
  eden space 86016K, 0% used [0x00000000f5580000,0x00000000f5580000,0x00000000fa980000)
  from space 512K, 75% used [0x00000000fa980000,0x00000000fa9e0000,0x00000000faa00000)
  to   space 512K, 0% used [0x00000000faa00000,0x00000000faa00000,0x00000000faa80000)
 ParOldGen       total 208896K, used 133759K [0x00000000e0000000, 0x00000000ecc00000, 0x00000000f5580000)
  object space 208896K, 64% used [0x00000000e0000000,0x00000000e829fdb8,0x00000000ecc00000)
 Metaspace       used 56645K, capacity 59384K, committed 59796K, reserved 1101824K
  class space    used 7069K, capacity 7621K, committed 7680K, reserved 1048576K
}
Event: 5286756.617 GC heap before
{Heap before GC invocations=417 (full 3):
 PSYoungGen      total 86528K, used 86400K [0x00000000f5580000, 0x00000000faa80000, 0x0000000100000000)
  eden space 86016K, 100% used [0x00000000f5580000,0x00000000fa980000,0x00000000fa980000)
  from space 512K, 75% used [0x00000000fa980000,0x00000000fa9e0000,0x00000000faa00000)
  to   space 512K, 0% used [0x00000000faa00000,0x00000000faa00000,0x00000000faa80000)
 ParOldGen       total 208896K, used 133759K [0x00000000e0000000, 0x00000000ecc00000, 0x00000000f5580000)
  object space 208896K, 64% used [0x00000000e0000000,0x00000000e829fdb8,0x00000000ecc00000)
 Metaspace       used 56645K, capacity 59384K, committed 59796K, reserved 1101824K
  class space    used 7069K, capacity 7621K, committed 7680K, reserved 1048576K
Event: 5286757.642 GC heap after
Heap after GC invocations=417 (full 3):
 PSYoungGen      total 86528K, used 352K [0x00000000f5580000, 0x00000000faa80000, 0x0000000100000000)
  eden space 86016K, 0% used [0x00000000f5580000,0x00000000f5580000,0x00000000fa980000)
  from space 512K, 68% used [0x00000000faa00000,0x00000000faa58000,0x00000000faa80000)
  to   space 512K, 0% used [0x00000000fa980000,0x00000000fa980000,0x00000000faa00000)
 ParOldGen       total 208896K, used 133759K [0x00000000e0000000, 0x00000000ecc00000, 0x00000000f5580000)
  object space 208896K, 64% used [0x00000000e0000000,0x00000000e829fdb8,0x00000000ecc00000)
 Metaspace       used 56645K, capacity 59384K, committed 59796K, reserved 1101824K
  class space    used 7069K, capacity 7621K, committed 7680K, reserved 1048576K
}
Event: 5299096.176 GC heap before
{Heap before GC invocations=418 (full 3):
 PSYoungGen      total 86528K, used 86368K [0x00000000f5580000, 0x00000000faa80000, 0x0000000100000000)
  eden space 86016K, 100% used [0x00000000f5580000,0x00000000fa980000,0x00000000fa980000)
  from space 512K, 68% used [0x00000000faa00000,0x00000000faa58000,0x00000000faa80000)
  to   space 512K, 0% used [0x00000000fa980000,0x00000000fa980000,0x00000000faa00000)
 ParOldGen       total 208896K, used 133759K [0x00000000e0000000, 0x00000000ecc00000, 0x00000000f5580000)
  object space 208896K, 64% used [0x00000000e0000000,0x00000000e829fdb8,0x00000000ecc00000)
 Metaspace       used 56645K, capacity 59384K, committed 59796K, reserved 1101824K
  class space    used 7069K, capacity 7621K, committed 7680K, reserved 1048576K
Event: 5299096.439 GC heap after
Heap after GC invocations=418 (full 3):
 PSYoungGen      total 86528K, used 384K [0x00000000f5580000, 0x00000000faa80000, 0x0000000100000000)
  eden space 86016K, 0% used [0x00000000f5580000,0x00000000f5580000,0x00000000fa980000)
  from space 512K, 75% used [0x00000000fa980000,0x00000000fa9e0000,0x00000000faa00000)
  to   space 512K, 0% used [0x00000000faa00000,0x00000000faa00000,0x00000000faa80000)
 ParOldGen       total 208896K, used 133759K [0x00000000e0000000, 0x00000000ecc00000, 0x00000000f5580000)
  object space 208896K, 64% used [0x00000000e0000000,0x00000000e829fdb8,0x00000000ecc00000)
 Metaspace       used 56645K, capacity 59384K, committed 59796K, reserved 1101824K
  class space    used 7069K, capacity 7621K, committed 7680K, reserved 1048576K
}
Event: 5311493.994 GC heap before
{Heap before GC invocations=419 (full 3):
 PSYoungGen      total 86528K, used 86400K [0x00000000f5580000, 0x00000000faa80000, 0x0000000100000000)
  eden space 86016K, 100% used [0x00000000f5580000,0x00000000fa980000,0x00000000fa980000)
  from space 512K, 75% used [0x00000000fa980000,0x00000000fa9e0000,0x00000000faa00000)
  to   space 512K, 0% used [0x00000000faa00000,0x00000000faa00000,0x00000000faa80000)
 ParOldGen       total 208896K, used 133759K [0x00000000e0000000, 0x00000000ecc00000, 0x00000000f5580000)
  object space 208896K, 64% used [0x00000000e0000000,0x00000000e829fdb8,0x00000000ecc00000)
 Metaspace       used 56645K, capacity 59384K, committed 59796K, reserved 1101824K
  class space    used 7069K, capacity 7621K, committed 7680K, reserved 1048576K
Event: 5311494.019 GC heap after
Heap after GC invocations=419 (full 3):
 PSYoungGen      total 86528K, used 352K [0x00000000f5580000, 0x00000000faa80000, 0x0000000100000000)
  eden space 86016K, 0% used [0x00000000f5580000,0x00000000f5580000,0x00000000fa980000)
  from space 512K, 68% used [0x00000000faa00000,0x00000000faa58000,0x00000000faa80000)
  to   space 512K, 0% used [0x00000000fa980000,0x00000000fa980000,0x00000000faa00000)
 ParOldGen       total 208896K, used 133759K [0x00000000e0000000, 0x00000000ecc00000, 0x00000000f5580000)
  object space 208896K, 64% used [0x00000000e0000000,0x00000000e829fdb8,0x00000000ecc00000)
 Metaspace       used 56645K, capacity 59384K, committed 59796K, reserved 1101824K
  class space    used 7069K, capacity 7621K, committed 7680K, reserved 1048576K
}
Event: 5323835.337 GC heap before
{Heap before GC invocations=420 (full 3):
 PSYoungGen      total 86528K, used 86368K [0x00000000f5580000, 0x00000000faa80000, 0x0000000100000000)
  eden space 86016K, 100% used [0x00000000f5580000,0x00000000fa980000,0x00000000fa980000)
  from space 512K, 68% used [0x00000000faa00000,0x00000000faa58000,0x00000000faa80000)
  to   space 512K, 0% used [0x00000000fa980000,0x00000000fa980000,0x00000000faa00000)
 ParOldGen       total 208896K, used 133759K [0x00000000e0000000, 0x00000000ecc00000, 0x00000000f5580000)
  object space 208896K, 64% used [0x00000000e0000000,0x00000000e829fdb8,0x00000000ecc00000)
 Metaspace       used 56645K, capacity 59384K, committed 59796K, reserved 1101824K
  class space    used 7069K, capacity 7621K, committed 7680K, reserved 1048576K
Event: 5323835.755 GC heap after
Heap after GC invocations=420 (full 3):
 PSYoungGen      total 86528K, used 352K [0x00000000f5580000, 0x00000000faa80000, 0x0000000100000000)
  eden space 86016K, 0% used [0x00000000f5580000,0x00000000f5580000,0x00000000fa980000)
  from space 512K, 68% used [0x00000000fa980000,0x00000000fa9d8000,0x00000000faa00000)
  to   space 512K, 0% used [0x00000000faa00000,0x00000000faa00000,0x00000000faa80000)
 ParOldGen       total 208896K, used 133759K [0x00000000e0000000, 0x00000000ecc00000, 0x00000000f5580000)
  object space 208896K, 64% used [0x00000000e0000000,0x00000000e829fdb8,0x00000000ecc00000)
 Metaspace       used 56645K, capacity 59384K, committed 59796K, reserved 1101824K
  class space    used 7069K, capacity 7621K, committed 7680K, reserved 1048576K
}
Event: 5336226.521 GC heap before
{Heap before GC invocations=421 (full 3):
 PSYoungGen      total 86528K, used 86368K [0x00000000f5580000, 0x00000000faa80000, 0x0000000100000000)
  eden space 86016K, 100% used [0x00000000f5580000,0x00000000fa980000,0x00000000fa980000)
  from space 512K, 68% used [0x00000000fa980000,0x00000000fa9d8000,0x00000000faa00000)
  to   space 512K, 0% used [0x00000000faa00000,0x00000000faa00000,0x00000000faa80000)
 ParOldGen       total 208896K, used 133759K [0x00000000e0000000, 0x00000000ecc00000, 0x00000000f5580000)
  object space 208896K, 64% used [0x00000000e0000000,0x00000000e829fdb8,0x00000000ecc00000)
 Metaspace       used 56645K, capacity 59384K, committed 59796K, reserved 1101824K
  class space    used 7069K, capacity 7621K, committed 7680K, reserved 1048576K
Event: 5336226.540 GC heap after
Heap after GC invocations=421 (full 3):
 PSYoungGen      total 86528K, used 352K [0x00000000f5580000, 0x00000000faa80000, 0x0000000100000000)
  eden space 86016K, 0% used [0x00000000f5580000,0x00000000f5580000,0x00000000fa980000)
  from space 512K, 68% used [0x00000000faa00000,0x00000000faa58000,0x00000000faa80000)
  to   space 512K, 0% used [0x00000000fa980000,0x00000000fa980000,0x00000000faa00000)
 ParOldGen       total 208896K, used 133759K [0x00000000e0000000, 0x00000000ecc00000, 0x00000000f5580000)
  object space 208896K, 64% used [0x00000000e0000000,0x00000000e829fdb8,0x00000000ecc00000)
 Metaspace       used 56645K, capacity 59384K, committed 59796K, reserved 1101824K
  class space    used 7069K, capacity 7621K, committed 7680K, reserved 1048576K
}
Event: 5348621.596 GC heap before
{Heap before GC invocations=422 (full 3):
 PSYoungGen      total 86528K, used 86368K [0x00000000f5580000, 0x00000000faa80000, 0x0000000100000000)
  eden space 86016K, 100% used [0x00000000f5580000,0x00000000fa980000,0x00000000fa980000)
  from space 512K, 68% used [0x00000000faa00000,0x00000000faa58000,0x00000000faa80000)
  to   space 512K, 0% used [0x00000000fa980000,0x00000000fa980000,0x00000000faa00000)
 ParOldGen       total 208896K, used 133759K [0x00000000e0000000, 0x00000000ecc00000, 0x00000000f5580000)
  object space 208896K, 64% used [0x00000000e0000000,0x00000000e829fdb8,0x00000000ecc00000)
 Metaspace       used 56645K, capacity 59384K, committed 59796K, reserved 1101824K
  class space    used 7069K, capacity 7621K, committed 7680K, reserved 1048576K
Event: 5348622.337 GC heap after
Heap after GC invocations=422 (full 3):
 PSYoungGen      total 86528K, used 352K [0x00000000f5580000, 0x00000000faa80000, 0x0000000100000000)
  eden space 86016K, 0% used [0x00000000f5580000,0x00000000f5580000,0x00000000fa980000)
  from space 512K, 68% used [0x00000000fa980000,0x00000000fa9d8000,0x00000000faa00000)
  to   space 512K, 0% used [0x00000000faa00000,0x00000000faa00000,0x00000000faa80000)
 ParOldGen       total 208896K, used 133759K [0x00000000e0000000, 0x00000000ecc00000, 0x00000000f5580000)
  object space 208896K, 64% used [0x00000000e0000000,0x00000000e829fdb8,0x00000000ecc00000)
 Metaspace       used 56645K, capacity 59384K, committed 59796K, reserved 1101824K
  class space    used 7069K, capacity 7621K, committed 7680K, reserved 1048576K
}
Event: 5360993.995 GC heap before
{Heap before GC invocations=423 (full 3):
 PSYoungGen      total 86528K, used 86368K [0x00000000f5580000, 0x00000000faa80000, 0x0000000100000000)
  eden space 86016K, 100% used [0x00000000f5580000,0x00000000fa980000,0x00000000fa980000)
  from space 512K, 68% used [0x00000000fa980000,0x00000000fa9d8000,0x00000000faa00000)
  to   space 512K, 0% used [0x00000000faa00000,0x00000000faa00000,0x00000000faa80000)
 ParOldGen       total 208896K, used 133759K [0x00000000e0000000, 0x00000000ecc00000, 0x00000000f5580000)
  object space 208896K, 64% used [0x00000000e0000000,0x00000000e829fdb8,0x00000000ecc00000)
 Metaspace       used 56645K, capacity 59384K, committed 59796K, reserved 1101824K
  class space    used 7069K, capacity 7621K, committed 7680K, reserved 1048576K
Event: 5360994.049 GC heap after
Heap after GC invocations=423 (full 3):
 PSYoungGen      total 86528K, used 352K [0x00000000f5580000, 0x00000000faa80000, 0x0000000100000000)
  eden space 86016K, 0% used [0x00000000f5580000,0x00000000f5580000,0x00000000fa980000)
  from space 512K, 68% used [0x00000000faa00000,0x00000000faa58000,0x00000000faa80000)
  to   space 512K, 0% used [0x00000000fa980000,0x00000000fa980000,0x00000000faa00000)
 ParOldGen       total 208896K, used 133759K [0x00000000e0000000, 0x00000000ecc00000, 0x00000000f5580000)
  object space 208896K, 64% used [0x00000000e0000000,0x00000000e829fdb8,0x00000000ecc00000)
 Metaspace       used 56645K, capacity 59384K, committed 59796K, reserved 1101824K
  class space    used 7069K, capacity 7621K, committed 7680K, reserved 1048576K
}
Event: 5373326.629 GC heap before
{Heap before GC invocations=424 (full 3):
 PSYoungGen      total 86528K, used 86368K [0x00000000f5580000, 0x00000000faa80000, 0x0000000100000000)
  eden space 86016K, 100% used [0x00000000f5580000,0x00000000fa980000,0x00000000fa980000)
  from space 512K, 68% used [0x00000000faa00000,0x00000000faa58000,0x00000000faa80000)
  to   space 512K, 0% used [0x00000000fa980000,0x00000000fa980000,0x00000000faa00000)
 ParOldGen       total 208896K, used 133759K [0x00000000e0000000, 0x00000000ecc00000, 0x00000000f5580000)
  object space 208896K, 64% used [0x00000000e0000000,0x00000000e829fdb8,0x00000000ecc00000)
 Metaspace       used 56645K, capacity 59384K, committed 59796K, reserved 1101824K
  class space    used 7069K, capacity 7621K, committed 7680K, reserved 1048576K
Event: 5373327.885 GC heap after
Heap after GC invocations=424 (full 3):
 PSYoungGen      total 86528K, used 352K [0x00000000f5580000, 0x00000000faa80000, 0x0000000100000000)
  eden space 86016K, 0% used [0x00000000f5580000,0x00000000f5580000,0x00000000fa980000)
  from space 512K, 68% used [0x00000000fa980000,0x00000000fa9d8000,0x00000000faa00000)
  to   space 512K, 0% used [0x00000000faa00000,0x00000000faa00000,0x00000000faa80000)
 ParOldGen       total 208896K, used 133759K [0x00000000e0000000, 0x00000000ecc00000, 0x00000000f5580000)
  object space 208896K, 64% used [0x00000000e0000000,0x00000000e829fdb8,0x00000000ecc00000)
 Metaspace       used 56645K, capacity 59384K, committed 59796K, reserved 1101824K
  class space    used 7069K, capacity 7621K, committed 7680K, reserved 1048576K
}
Event: 5385676.240 GC heap before
{Heap before GC invocations=425 (full 3):
 PSYoungGen      total 86528K, used 86368K [0x00000000f5580000, 0x00000000faa80000, 0x0000000100000000)
  eden space 86016K, 100% used [0x00000000f5580000,0x00000000fa980000,0x00000000fa980000)
  from space 512K, 68% used [0x00000000fa980000,0x00000000fa9d8000,0x00000000faa00000)
  to   space 512K, 0% used [0x00000000faa00000,0x00000000faa00000,0x00000000faa80000)
 ParOldGen       total 208896K, used 133759K [0x00000000e0000000, 0x00000000ecc00000, 0x00000000f5580000)
  object space 208896K, 64% used [0x00000000e0000000,0x00000000e829fdb8,0x00000000ecc00000)
 Metaspace       used 56645K, capacity 59384K, committed 59796K, reserved 1101824K
  class space    used 7069K, capacity 7621K, committed 7680K, reserved 1048576K
Event: 5385676.267 GC heap after
Heap after GC invocations=425 (full 3):
 PSYoungGen      total 86528K, used 352K [0x00000000f5580000, 0x00000000faa80000, 0x0000000100000000)
  eden space 86016K, 0% used [0x00000000f5580000,0x00000000f5580000,0x00000000fa980000)
  from space 512K, 68% used [0x00000000faa00000,0x00000000faa58000,0x00000000faa80000)
  to   space 512K, 0% used [0x00000000fa980000,0x00000000fa980000,0x00000000faa00000)
 ParOldGen       total 208896K, used 133759K [0x00000000e0000000, 0x00000000ecc00000, 0x00000000f5580000)
  object space 208896K, 64% used [0x00000000e0000000,0x00000000e829fdb8,0x00000000ecc00000)
 Metaspace       used 56645K, capacity 59384K, committed 59796K, reserved 1101824K
  class space    used 7069K, capacity 7621K, committed 7680K, reserved 1048576K
}
Event: 5398063.354 GC heap before
{Heap before GC invocations=426 (full 3):
 PSYoungGen      total 86528K, used 86368K [0x00000000f5580000, 0x00000000faa80000, 0x0000000100000000)
  eden space 86016K, 100% used [0x00000000f5580000,0x00000000fa980000,0x00000000fa980000)
  from space 512K, 68% used [0x00000000faa00000,0x00000000faa58000,0x00000000faa80000)
  to   space 512K, 0% used [0x00000000fa980000,0x00000000fa980000,0x00000000faa00000)
 ParOldGen       total 208896K, used 133759K [0x00000000e0000000, 0x00000000ecc00000, 0x00000000f5580000)
  object space 208896K, 64% used [0x00000000e0000000,0x00000000e829fdb8,0x00000000ecc00000)
 Metaspace       used 56645K, capacity 59384K, committed 59796K, reserved 1101824K
  class space    used 7069K, capacity 7621K, committed 7680K, reserved 1048576K
Event: 5398064.167 GC heap after
Heap after GC invocations=426 (full 3):
 PSYoungGen      total 86528K, used 384K [0x00000000f5580000, 0x00000000faa80000, 0x0000000100000000)
  eden space 86016K, 0% used [0x00000000f5580000,0x00000000f5580000,0x00000000fa980000)
  from space 512K, 75% used [0x00000000fa980000,0x00000000fa9e0000,0x00000000faa00000)
  to   space 512K, 0% used [0x00000000faa00000,0x00000000faa00000,0x00000000faa80000)
 ParOldGen       total 208896K, used 133759K [0x00000000e0000000, 0x00000000ecc00000, 0x00000000f5580000)
  object space 208896K, 64% used [0x00000000e0000000,0x00000000e829fdb8,0x00000000ecc00000)
 Metaspace       used 56645K, capacity 59384K, committed 59796K, reserved 1101824K
  class space    used 7069K, capacity 7621K, committed 7680K, reserved 1048576K
}
Event: 5410380.241 GC heap before
{Heap before GC invocations=427 (full 3):
 PSYoungGen      total 86528K, used 86400K [0x00000000f5580000, 0x00000000faa80000, 0x0000000100000000)
  eden space 86016K, 100% used [0x00000000f5580000,0x00000000fa980000,0x00000000fa980000)
  from space 512K, 75% used [0x00000000fa980000,0x00000000fa9e0000,0x00000000faa00000)
  to   space 512K, 0% used [0x00000000faa00000,0x00000000faa00000,0x00000000faa80000)
 ParOldGen       total 208896K, used 133759K [0x00000000e0000000, 0x00000000ecc00000, 0x00000000f5580000)
  object space 208896K, 64% used [0x00000000e0000000,0x00000000e829fdb8,0x00000000ecc00000)
 Metaspace       used 56645K, capacity 59384K, committed 59796K, reserved 1101824K
  class space    used 7069K, capacity 7621K, committed 7680K, reserved 1048576K
Event: 5410380.250 GC heap after
Heap after GC invocations=427 (full 3):
 PSYoungGen      total 86528K, used 352K [0x00000000f5580000, 0x00000000faa80000, 0x0000000100000000)
  eden space 86016K, 0% used [0x00000000f5580000,0x00000000f5580000,0x00000000fa980000)
  from space 512K, 68% used [0x00000000faa00000,0x00000000faa58000,0x00000000faa80000)
  to   space 512K, 0% used [0x00000000fa980000,0x00000000fa980000,0x00000000faa00000)
 ParOldGen       total 208896K, used 133759K [0x00000000e0000000, 0x00000000ecc00000, 0x00000000f5580000)
  object space 208896K, 64% used [0x00000000e0000000,0x00000000e829fdb8,0x00000000ecc00000)
 Metaspace       used 56645K, capacity 59384K, committed 59796K, reserved 1101824K
  class space    used 7069K, capacity 7621K, committed 7680K, reserved 1048576K
}

